{"numTotalTestSuites":452,"numPassedTestSuites":452,"numFailedTestSuites":0,"numPendingTestSuites":0,"numTotalTests":558,"numPassedTests":558,"numFailedTests":0,"numPendingTests":0,"numTodoTests":0,"snapshot":{"added":0,"failure":false,"filesAdded":0,"filesRemoved":0,"filesRemovedList":[],"filesUnmatched":0,"filesUpdated":0,"matched":0,"total":0,"unchecked":0,"uncheckedKeysByFile":[],"unmatched":0,"updated":0,"didUpdate":false},"startTime":1774820234013,"success":true,"testResults":[{"assertionResults":[{"ancestorTitles":["RootLayout local fonts"],"fullName":"RootLayout local fonts applies local font variables to the html element","status":"passed","title":"applies local font variables to the html element","duration":14.84059999999954,"failureMessages":[],"meta":{},"tags":[]},{"ancestorTitles":["RootLayout local fonts"],"fullName":"RootLayout local fonts includes required local font files for next/font/local","status":"passed","title":"includes required local font files for next/font/local","duration":3.522399999999834,"failureMessages":[],"meta":{},"tags":[]}],"startTime":1774820528268,"endTime":1774820528286.5225,"status":"passed","message":"","name":"C:/Users/esus_/Documents/AI/ZTWQ/c2pro/apps/web/app/layout.test.tsx"},{"assertionResults":[{"ancestorTitles":["RootPage"],"fullName":"RootPage redirects authenticated users with null role to default dashboard","status":"passed","title":"redirects authenticated users with null role to default dashboard","duration":164.7482,"failureMessages":[],"meta":{},"tags":[]},{"ancestorTitles":["RootPage"],"fullName":"RootPage shows landing page when user is not authenticated","status":"passed","title":"shows landing page when user is not authenticated","duration":143.17849999999999,"failureMessages":[],"meta":{},"tags":[]}],"startTime":1774820446816,"endTime":1774820447124.1785,"status":"passed","message":"","name":"C:/Users/esus_/Documents/AI/ZTWQ/c2pro/apps/web/app/page.test.tsx"},{"assertionResults":[{"ancestorTitles":["Providers demo boot boundary"],"fullName":"Providers demo boot boundary does not boot MSW on normal routes during demo-enabled developer runs","status":"passed","title":"does not boot MSW on normal routes during demo-enabled developer runs","duration":199.20449999999983,"failureMessages":[],"meta":{},"tags":[]},{"ancestorTitles":["Providers demo boot boundary"],"fullName":"Providers demo boot boundary keeps protected production routes off the demo worker and renders app content directly","status":"passed","title":"keeps protected production routes off the demo worker and renders app content directly","duration":34.03279999999904,"failureMessages":[],"meta":{},"tags":[]},{"ancestorTitles":["Providers demo boot boundary"],"fullName":"Providers demo boot boundary boots MSW only for explicit /demo routes when demo env is enabled","status":"passed","title":"boots MSW only for explicit /demo routes when demo env is enabled","duration":94.20559999999932,"failureMessages":[],"meta":{},"tags":[]}],"startTime":1774820403368,"endTime":1774820403696.2056,"status":"passed","message":"","name":"C:/Users/esus_/Documents/AI/ZTWQ/c2pro/apps/web/app/providers.test.tsx"},{"assertionResults":[{"ancestorTitles":["AuthContext (Clerk-backed)"],"fullName":"AuthContext (Clerk-backed) exposes auth state derived from Clerk","status":"passed","title":"exposes auth state derived from Clerk","duration":216.04730000000018,"failureMessages":[],"meta":{},"tags":[]},{"ancestorTitles":["AuthContext (Clerk-backed)"],"fullName":"AuthContext (Clerk-backed) keeps auth in loading state until a signed-in Clerk session has a synced access token","status":"passed","title":"keeps auth in loading state until a signed-in Clerk session has a synced access token","duration":46.47080000000096,"failureMessages":[],"meta":{},"tags":[]},{"ancestorTitles":["AuthContext (Clerk-backed)"],"fullName":"AuthContext (Clerk-backed) falls back to a free live workspace when organization metadata is absent or invalid","status":"passed","title":"falls back to a free live workspace when organization metadata is absent or invalid","duration":42.814000000000306,"failureMessages":[],"meta":{},"tags":[]},{"ancestorTitles":["AuthContext (Clerk-backed)"],"fullName":"AuthContext (Clerk-backed) exposes signed-out state when Clerk has no active session","status":"passed","title":"exposes signed-out state when Clerk has no active session","duration":21.175900000000183,"failureMessages":[],"meta":{},"tags":[]},{"ancestorTitles":["AuthContext (Clerk-backed)"],"fullName":"AuthContext (Clerk-backed) delegates logout to Clerk signOut","status":"passed","title":"delegates logout to Clerk signOut","duration":766.0630000000001,"failureMessages":[],"meta":{},"tags":[]},{"ancestorTitles":["AuthContext (Clerk-backed)"],"fullName":"AuthContext (Clerk-backed) rejects direct login and register calls in favor of Clerk components","status":"passed","title":"rejects direct login and register calls in favor of Clerk components","duration":31.317199999999502,"failureMessages":[],"meta":{},"tags":[]}],"startTime":1774820357701,"endTime":1774820358826.3171,"status":"passed","message":"","name":"C:/Users/esus_/Documents/AI/ZTWQ/c2pro/apps/web/contexts/AuthContext.test.tsx"},{"assertionResults":[{"ancestorTitles":["web API environment config"],"fullName":"web API environment config derives backend origin from NEXT_PUBLIC_API_URL","status":"passed","title":"derives backend origin from NEXT_PUBLIC_API_URL","duration":13.747300000000905,"failureMessages":[],"meta":{},"tags":[]},{"ancestorTitles":["web API environment config"],"fullName":"web API environment config keeps relative API base urls aligned for browser-side direct calls","status":"passed","title":"keeps relative API base urls aligned for browser-side direct calls","duration":3.030299999998533,"failureMessages":[],"meta":{},"tags":[]}],"startTime":1774820554719,"endTime":1774820554736.0303,"status":"passed","message":"","name":"C:/Users/esus_/Documents/AI/ZTWQ/c2pro/apps/web/config/env.test.ts"},{"assertionResults":[{"ancestorTitles":["useCountUp"],"fullName":"useCountUp counts up to the target value","status":"passed","title":"counts up to the target value","duration":188.52719999999863,"failureMessages":[],"meta":{},"tags":[]}],"startTime":1774820476117,"endTime":1774820476305.527,"status":"passed","message":"","name":"C:/Users/esus_/Documents/AI/ZTWQ/c2pro/apps/web/hooks/useCountUp.test.tsx"},{"assertionResults":[{"ancestorTitles":["useProject contract alignment"],"fullName":"useProject contract alignment fetches the requested project by id","status":"passed","title":"fetches the requested project by id","duration":285.8873999999996,"failureMessages":[],"meta":{},"tags":[]},{"ancestorTitles":["useProject contract alignment"],"fullName":"useProject contract alignment stays idle when no project id is provided","status":"passed","title":"stays idle when no project id is provided","duration":36.42530000000079,"failureMessages":[],"meta":{},"tags":[]}],"startTime":1774820421922,"endTime":1774820422245.4253,"status":"passed","message":"","name":"C:/Users/esus_/Documents/AI/ZTWQ/c2pro/apps/web/hooks/useProject.test.ts"},{"assertionResults":[{"ancestorTitles":["useProjectAlerts project mapping"],"fullName":"useProjectAlerts project mapping returns an empty state when the project id is null","status":"passed","title":"returns an empty state when the project id is null","duration":55.077800000000934,"failureMessages":[],"meta":{},"tags":[]},{"ancestorTitles":["useProjectAlerts project mapping"],"fullName":"useProjectAlerts project mapping maps unknown severities and statuses to safe defaults","status":"passed","title":"maps unknown severities and statuses to safe defaults","duration":87.40189999999893,"failureMessages":[],"meta":{},"tags":[]},{"ancestorTitles":["useProjectAlerts project mapping"],"fullName":"useProjectAlerts project mapping maps known categories and statuses to review ownership semantics","status":"passed","title":"maps known categories and statuses to review ownership semantics","duration":96.86919999999918,"failureMessages":[],"meta":{},"tags":[]},{"ancestorTitles":["useProjectAlerts project mapping"],"fullName":"useProjectAlerts project mapping surfaces backend request failures","status":"passed","title":"surfaces backend request failures","duration":87.96699999999873,"failureMessages":[],"meta":{},"tags":[]},{"ancestorTitles":["useProjectAlerts project mapping"],"fullName":"useProjectAlerts project mapping clears existing alerts when the project id becomes null","status":"passed","title":"clears existing alerts when the project id becomes null","duration":97.83610000000044,"failureMessages":[],"meta":{},"tags":[]},{"ancestorTitles":["useProjectAlerts project mapping"],"fullName":"useProjectAlerts project mapping refetch reloads alert state for the project","status":"passed","title":"refetch reloads alert state for the project","duration":153.7417000000005,"failureMessages":[],"meta":{},"tags":[]}],"startTime":1774820397331,"endTime":1774820397911.7417,"status":"passed","message":"","name":"C:/Users/esus_/Documents/AI/ZTWQ/c2pro/apps/web/hooks/useProjectAlerts.contract.test.ts"},{"assertionResults":[{"ancestorTitles":["useProjectDocuments"],"fullName":"useProjectDocuments returns an empty stable state when project id is missing","status":"passed","title":"returns an empty stable state when project id is missing","duration":116.33359999999993,"failureMessages":[],"meta":{},"tags":[]},{"ancestorTitles":["useProjectDocuments"],"fullName":"useProjectDocuments transforms backend documents into document info records","status":"passed","title":"transforms backend documents into document info records","duration":103.28719999999885,"failureMessages":[],"meta":{},"tags":[]},{"ancestorTitles":["useProjectDocuments"],"fullName":"useProjectDocuments falls back unknown types and extensions to safe defaults","status":"passed","title":"falls back unknown types and extensions to safe defaults","duration":86.08140000000094,"failureMessages":[],"meta":{},"tags":[]},{"ancestorTitles":["useProjectDocuments"],"fullName":"useProjectDocuments surfaces fetch failures","status":"passed","title":"surfaces fetch failures","duration":79.9339,"failureMessages":[],"meta":{},"tags":[]},{"ancestorTitles":["useProjectDocuments"],"fullName":"useProjectDocuments refetch reloads the project documents","status":"passed","title":"refetch reloads the project documents","duration":156.40639999999985,"failureMessages":[],"meta":{},"tags":[]}],"startTime":1774820397464,"endTime":1774820398008.4065,"status":"passed","message":"","name":"C:/Users/esus_/Documents/AI/ZTWQ/c2pro/apps/web/hooks/useProjectDocuments.test.ts"},{"assertionResults":[{"ancestorTitles":["useProjectOverview"],"fullName":"useProjectOverview loads dashboard and alert data into overview stats","status":"passed","title":"loads dashboard and alert data into overview stats","duration":136.33439999999973,"failureMessages":[],"meta":{},"tags":[]},{"ancestorTitles":["useProjectOverview"],"fullName":"useProjectOverview caps recent alerts to the first three open entries","status":"passed","title":"caps recent alerts to the first three open entries","duration":88.01640000000043,"failureMessages":[],"meta":{},"tags":[]},{"ancestorTitles":["useProjectOverview"],"fullName":"useProjectOverview surfaces request failures as stable errors","status":"passed","title":"surfaces request failures as stable errors","duration":85.3780999999999,"failureMessages":[],"meta":{},"tags":[]},{"ancestorTitles":["useProjectOverview"],"fullName":"useProjectOverview uses a zero budget fallback when the dashboard omits BUDGET scoring","status":"passed","title":"uses a zero budget fallback when the dashboard omits BUDGET scoring","duration":76.66749999999956,"failureMessages":[],"meta":{},"tags":[]},{"ancestorTitles":["useProjectOverview"],"fullName":"useProjectOverview normalizes non-Error failures to a stable overview error","status":"passed","title":"normalizes non-Error failures to a stable overview error","duration":76.22270000000026,"failureMessages":[],"meta":{},"tags":[]},{"ancestorTitles":["useProjectOverview"],"fullName":"useProjectOverview ignores late responses after unmount","status":"passed","title":"ignores late responses after unmount","duration":14.605199999999968,"failureMessages":[],"meta":{},"tags":[]}],"startTime":1774820407469,"endTime":1774820407947.6052,"status":"passed","message":"","name":"C:/Users/esus_/Documents/AI/ZTWQ/c2pro/apps/web/hooks/useProjectOverview.test.ts"},{"assertionResults":[{"ancestorTitles":["useProjects contract alignment"],"fullName":"useProjects contract alignment fetches projects from the dashboard service when enabled","status":"passed","title":"fetches projects from the dashboard service when enabled","duration":293.34450000000106,"failureMessages":[],"meta":{},"tags":[]},{"ancestorTitles":["useProjects contract alignment"],"fullName":"useProjects contract alignment does not fetch when disabled","status":"passed","title":"does not fetch when disabled","duration":39.14719999999943,"failureMessages":[],"meta":{},"tags":[]}],"startTime":1774820423436,"endTime":1774820423769.1472,"status":"passed","message":"","name":"C:/Users/esus_/Documents/AI/ZTWQ/c2pro/apps/web/hooks/useProjects.test.ts"},{"assertionResults":[{"ancestorTitles":["clerk-tenant helpers"],"fullName":"clerk-tenant helpers extracts tenant ids only from non-empty string metadata","status":"passed","title":"extracts tenant ids only from non-empty string metadata","duration":6.791099999998551,"failureMessages":[],"meta":{},"tags":[]},{"ancestorTitles":["clerk-tenant helpers"],"fullName":"clerk-tenant helpers detects demo organizations from Clerk metadata","status":"passed","title":"detects demo organizations from Clerk metadata","duration":1.6370000000024447,"failureMessages":[],"meta":{},"tags":[]}],"startTime":1774820559201,"endTime":1774820559209.637,"status":"passed","message":"","name":"C:/Users/esus_/Documents/AI/ZTWQ/c2pro/apps/web/lib/clerk-tenant.test.ts"},{"assertionResults":[{"ancestorTitles":["useAppModeStore"],"fullName":"useAppModeStore defaults to prod even when NEXT_PUBLIC_APP_MODE=demo","status":"passed","title":"defaults to prod even when NEXT_PUBLIC_APP_MODE=demo","duration":178.99789999999848,"failureMessages":[],"meta":{},"tags":[]},{"ancestorTitles":["useAppModeStore"],"fullName":"useAppModeStore allows switching modes","status":"passed","title":"allows switching modes","duration":17.079600000000937,"failureMessages":[],"meta":{},"tags":[]},{"ancestorTitles":["useAppModeStore"],"fullName":"useAppModeStore selectIsDemoMode returns true only in demo mode","status":"passed","title":"selectIsDemoMode returns true only in demo mode","duration":12.268299999999726,"failureMessages":[],"meta":{},"tags":[]},{"ancestorTitles":["useAppModeStore"],"fullName":"useAppModeStore activates demo mode only for explicit /demo routes when demo env is enabled","status":"passed","title":"activates demo mode only for explicit /demo routes when demo env is enabled","duration":5.6851000000006024,"failureMessages":[],"meta":{},"tags":[]},{"ancestorTitles":["useAppModeStore"],"fullName":"useAppModeStore never activates demo mode for /demo routes when demo env is disabled","status":"passed","title":"never activates demo mode for /demo routes when demo env is disabled","duration":2.4331999999994878,"failureMessages":[],"meta":{},"tags":[]},{"ancestorTitles":["useAppModeStore"],"fullName":"useAppModeStore isExplicitDemoRoute only matches the dedicated demo workspace","status":"passed","title":"isExplicitDemoRoute only matches the dedicated demo workspace","duration":4.952000000001135,"failureMessages":[],"meta":{},"tags":[]}],"startTime":1774820488578,"endTime":1774820488799.952,"status":"passed","message":"","name":"C:/Users/esus_/Documents/AI/ZTWQ/c2pro/apps/web/stores/app-mode.test.ts"},{"assertionResults":[{"ancestorTitles":["useAuthStore"],"fullName":"useAuthStore defaults to null token and tenant","status":"passed","title":"defaults to null token and tenant","duration":9.607199999998556,"failureMessages":[],"meta":{},"tags":[]},{"ancestorTitles":["useAuthStore"],"fullName":"useAuthStore updates token and tenant via setAuth and clears state","status":"passed","title":"updates token and tenant via setAuth and clears state","duration":2.791400000000067,"failureMessages":[],"meta":{},"tags":[]},{"ancestorTitles":["useAuthStore"],"fullName":"useAuthStore overwrites prior credentials when a new auth payload arrives","status":"passed","title":"overwrites prior credentials when a new auth payload arrives","duration":1.8463000000010652,"failureMessages":[],"meta":{},"tags":[]},{"ancestorTitles":["useAuthStore"],"fullName":"useAuthStore supports clearing credentials by setting null auth values","status":"passed","title":"supports clearing credentials by setting null auth values","duration":1.4076999999997497,"failureMessages":[],"meta":{},"tags":[]}],"startTime":1774820517083,"endTime":1774820517098.4077,"status":"passed","message":"","name":"C:/Users/esus_/Documents/AI/ZTWQ/c2pro/apps/web/stores/auth.test.ts"},{"assertionResults":[{"ancestorTitles":["useFilterStore"],"fullName":"useFilterStore toggles severities and categories","status":"passed","title":"toggles severities and categories","duration":32.494200000001,"failureMessages":[],"meta":{},"tags":[]},{"ancestorTitles":["useFilterStore"],"fullName":"useFilterStore updates search and clears filters","status":"passed","title":"updates search and clears filters","duration":5.160499999999956,"failureMessages":[],"meta":{},"tags":[]}],"startTime":1774820578361,"endTime":1774820578399.1604,"status":"passed","message":"","name":"C:/Users/esus_/Documents/AI/ZTWQ/c2pro/apps/web/stores/filters.test.ts"},{"assertionResults":[{"ancestorTitles":["processing store"],"fullName":"processing store clears a project job","status":"passed","title":"clears a project job","duration":10.055399999999281,"failureMessages":[],"meta":{},"tags":[]},{"ancestorTitles":["processing store"],"fullName":"processing store updates processing stages per project","status":"passed","title":"updates processing stages per project","duration":4.712600000000748,"failureMessages":[],"meta":{},"tags":[]},{"ancestorTitles":["processing store"],"fullName":"processing store marks a job as complete when the complete stage arrives","status":"passed","title":"marks a job as complete when the complete stage arrives","duration":1.4862999999986641,"failureMessages":[],"meta":{},"tags":[]}],"startTime":1774820501642,"endTime":1774820501658.4863,"status":"passed","message":"","name":"C:/Users/esus_/Documents/AI/ZTWQ/c2pro/apps/web/stores/processing.test.ts"},{"assertionResults":[{"ancestorTitles":["useSidebarStore"],"fullName":"useSidebarStore toggles collapsed state","status":"passed","title":"toggles collapsed state","duration":13.067399999999907,"failureMessages":[],"meta":{},"tags":[]},{"ancestorTitles":["useSidebarStore"],"fullName":"useSidebarStore updates width","status":"passed","title":"updates width","duration":3.6177000000006956,"failureMessages":[],"meta":{},"tags":[]}],"startTime":1774820503578,"endTime":1774820503595.6177,"status":"passed","message":"","name":"C:/Users/esus_/Documents/AI/ZTWQ/c2pro/apps/web/stores/sidebar.test.ts"},{"assertionResults":[{"ancestorTitles":["DashboardPage"],"fullName":"DashboardPage waits for the auth token before loading dashboard data","status":"passed","title":"waits for the auth token before loading dashboard data","duration":187.39469999999892,"failureMessages":[],"meta":{},"tags":[]},{"ancestorTitles":["DashboardPage"],"fullName":"DashboardPage loads projects and coherence summary after auth is ready","status":"passed","title":"loads projects and coherence summary after auth is ready","duration":82.16009999999915,"failureMessages":[],"meta":{},"tags":[]},{"ancestorTitles":["DashboardPage"],"fullName":"DashboardPage shows an empty-project error when no projects are available","status":"passed","title":"shows an empty-project error when no projects are available","duration":70.34749999999985,"failureMessages":[],"meta":{},"tags":[]},{"ancestorTitles":["DashboardPage"],"fullName":"DashboardPage shows the backend error message when dashboard loading fails","status":"passed","title":"shows the backend error message when dashboard loading fails","duration":34.6890999999996,"failureMessages":[],"meta":{},"tags":[]},{"ancestorTitles":["DashboardPage"],"fullName":"DashboardPage falls back to a stable message for non-Error load failures","status":"passed","title":"falls back to a stable message for non-Error load failures","duration":47.44030000000021,"failureMessages":[],"meta":{},"tags":[]},{"ancestorTitles":["DashboardPage"],"fullName":"DashboardPage clears the dashboard when auth is removed after a successful load","status":"passed","title":"clears the dashboard when auth is removed after a successful load","duration":74.6177000000007,"failureMessages":[],"meta":{},"tags":[]}],"startTime":1774820397911,"endTime":1774820398408.6177,"status":"passed","message":"","name":"C:/Users/esus_/Documents/AI/ZTWQ/c2pro/apps/web/app/(app)/page.test.tsx"},{"assertionResults":[{"ancestorTitles":["Demo page labeling"],"fullName":"Demo page labeling keeps explicit demo/sample wording on every reviewed demo screen","status":"passed","title":"keeps explicit demo/sample wording on every reviewed demo screen","duration":1170.8805999999986,"failureMessages":[],"meta":{},"tags":[]}],"startTime":1774820297635,"endTime":1774820298805.8806,"status":"passed","message":"","name":"C:/Users/esus_/Documents/AI/ZTWQ/c2pro/apps/web/app/demo/demo-pages-labeling.test.tsx"},{"assertionResults":[{"ancestorTitles":["DemoLayout"],"fullName":"DemoLayout renders explicit demo route labeling around child content","status":"passed","title":"renders explicit demo route labeling around child content","duration":806.6211000000003,"failureMessages":[],"meta":{},"tags":[]}],"startTime":1774820362715,"endTime":1774820363521.621,"status":"passed","message":"","name":"C:/Users/esus_/Documents/AI/ZTWQ/c2pro/apps/web/app/demo/layout.test.tsx"},{"assertionResults":[{"ancestorTitles":["ProtectedRoute"],"fullName":"ProtectedRoute renders a loading state while auth is loading","status":"passed","title":"renders a loading state while auth is loading","duration":645.1882000000005,"failureMessages":[],"meta":{},"tags":[]},{"ancestorTitles":["ProtectedRoute"],"fullName":"ProtectedRoute redirects to sign-in when unauthenticated","status":"passed","title":"redirects to sign-in when unauthenticated","duration":41.992599999999584,"failureMessages":[],"meta":{},"tags":[]},{"ancestorTitles":["ProtectedRoute"],"fullName":"ProtectedRoute does not render protected children while redirecting an unauthenticated user","status":"passed","title":"does not render protected children while redirecting an unauthenticated user","duration":38.58300000000054,"failureMessages":[],"meta":{},"tags":[]},{"ancestorTitles":["ProtectedRoute"],"fullName":"ProtectedRoute does not redirect while auth is still resolving after a token loss","status":"passed","title":"does not redirect while auth is still resolving after a token loss","duration":29.3716000000004,"failureMessages":[],"meta":{},"tags":[]},{"ancestorTitles":["ProtectedRoute"],"fullName":"ProtectedRoute renders children when authenticated","status":"passed","title":"renders children when authenticated","duration":29.689800000000105,"failureMessages":[],"meta":{},"tags":[]},{"ancestorTitles":["ProtectedRoute"],"fullName":"ProtectedRoute does not redirect authenticated users","status":"passed","title":"does not redirect authenticated users","duration":41.08469999999943,"failureMessages":[],"meta":{},"tags":[]}],"startTime":1774820378745,"endTime":1774820379571.0847,"status":"passed","message":"","name":"C:/Users/esus_/Documents/AI/ZTWQ/c2pro/apps/web/components/auth/ProtectedRoute.test.tsx"},{"assertionResults":[{"ancestorTitles":["DashboardClient"],"fullName":"DashboardClient renders the breakdown view by default with project context","status":"passed","title":"renders the breakdown view by default with project context","duration":375.45809999999983,"failureMessages":[],"meta":{},"tags":[]},{"ancestorTitles":["DashboardClient"],"fullName":"DashboardClient switches to the radar view when selected","status":"passed","title":"switches to the radar view when selected","duration":903.2653999999984,"failureMessages":[],"meta":{},"tags":[]},{"ancestorTitles":["DashboardClient"],"fullName":"DashboardClient switches to the alerts view and passes the alert count","status":"passed","title":"switches to the alerts view and passes the alert count","duration":321.0095000000001,"failureMessages":[],"meta":{},"tags":[]},{"ancestorTitles":["DashboardClient"],"fullName":"DashboardClient supports switching between dashboard layout presets","status":"passed","title":"supports switching between dashboard layout presets","duration":214.35750000000007,"failureMessages":[],"meta":{},"tags":[]},{"ancestorTitles":["DashboardClient"],"fullName":"DashboardClient applies dashboard templates that combine layout and view intent","status":"passed","title":"applies dashboard templates that combine layout and view intent","duration":351.1241000000009,"failureMessages":[],"meta":{},"tags":[]},{"ancestorTitles":["DashboardClient"],"fullName":"DashboardClient opens and closes category detail panels from score cards","status":"passed","title":"opens and closes category detail panels from score cards","duration":609.8109000000004,"failureMessages":[],"meta":{},"tags":[]},{"ancestorTitles":["DashboardClient"],"fullName":"DashboardClient exports the dashboard summary to PDF and Excel","status":"passed","title":"exports the dashboard summary to PDF and Excel","duration":275.91380000000026,"failureMessages":[],"meta":{},"tags":[]}],"startTime":1774820264662,"endTime":1774820267712.9138,"status":"passed","message":"","name":"C:/Users/esus_/Documents/AI/ZTWQ/c2pro/apps/web/components/coherence/DashboardClient.test.tsx"},{"assertionResults":[{"ancestorTitles":["AuthSync"],"fullName":"AuthSync syncs Clerk token and internal tenant UUID into Zustand","status":"passed","title":"syncs Clerk token and internal tenant UUID into Zustand","duration":262.0812999999998,"failureMessages":[],"meta":{},"tags":[]},{"ancestorTitles":["AuthSync"],"fullName":"AuthSync clears the query cache on org switch","status":"passed","title":"clears the query cache on org switch","duration":50.61030000000028,"failureMessages":[],"meta":{},"tags":[]},{"ancestorTitles":["AuthSync"],"fullName":"AuthSync treats missing Clerk tokens as auth failures instead of leaving protected views ambiguous","status":"passed","title":"treats missing Clerk tokens as auth failures instead of leaving protected views ambiguous","duration":93.41990000000078,"failureMessages":[],"meta":{},"tags":[]},{"ancestorTitles":["AuthSync"],"fullName":"AuthSync clears local auth state immediately when Clerk reports the user is signed out","status":"passed","title":"clears local auth state immediately when Clerk reports the user is signed out","duration":17.539700000001176,"failureMessages":[],"meta":{},"tags":[]},{"ancestorTitles":["AuthSync"],"fullName":"AuthSync does not clear the query cache when the tenant remains unchanged","status":"passed","title":"does not clear the query cache when the tenant remains unchanged","duration":93.09649999999965,"failureMessages":[],"meta":{},"tags":[]},{"ancestorTitles":["AuthSync"],"fullName":"AuthSync treats token retrieval exceptions as auth failures","status":"passed","title":"treats token retrieval exceptions as auth failures","duration":78.73110000000088,"failureMessages":[],"meta":{},"tags":[]}],"startTime":1774820394911,"endTime":1774820395510.7312,"status":"passed","message":"","name":"C:/Users/esus_/Documents/AI/ZTWQ/c2pro/apps/web/components/providers/AuthSync.test.tsx"},{"assertionResults":[{"ancestorTitles":["SentryInit"],"fullName":"SentryInit initializes Sentry without Replay integration in Sprint 1","status":"passed","title":"initializes Sentry without Replay integration in Sprint 1","duration":163.04960000000028,"failureMessages":[],"meta":{},"tags":[]},{"ancestorTitles":["SentryInit"],"fullName":"SentryInit rejects invalid DSN project ids","status":"passed","title":"rejects invalid DSN project ids","duration":2.1622999999999593,"failureMessages":[],"meta":{},"tags":[]}],"startTime":1774820489825,"endTime":1774820489990.1624,"status":"passed","message":"","name":"C:/Users/esus_/Documents/AI/ZTWQ/c2pro/apps/web/components/providers/SentryInit.test.tsx"},{"assertionResults":[{"ancestorTitles":["AppHeader"],"fullName":"AppHeader renders the header banner and default title","status":"passed","title":"renders the header banner and default title","duration":1589.5758000000005,"failureMessages":[],"meta":{},"tags":[]},{"ancestorTitles":["AppHeader"],"fullName":"AppHeader renders breadcrumb navigation when provided","status":"passed","title":"renders breadcrumb navigation when provided","duration":244.97249999999985,"failureMessages":[],"meta":{},"tags":[]},{"ancestorTitles":["AppHeader"],"fullName":"AppHeader exposes accessible controls for search, notifications, and user menu","status":"passed","title":"exposes accessible controls for search, notifications, and user menu","duration":1588.2693999999992,"failureMessages":[],"meta":{},"tags":[]},{"ancestorTitles":["AppHeader"],"fullName":"AppHeader shows explicit demo badges on demo routes","status":"passed","title":"shows explicit demo badges on demo routes","duration":73.66190000000097,"failureMessages":[],"meta":{},"tags":[]}],"startTime":1774820247326,"endTime":1774820250825.6619,"status":"passed","message":"","name":"C:/Users/esus_/Documents/AI/ZTWQ/c2pro/apps/web/components/layout/AppHeader.test.tsx"},{"assertionResults":[{"ancestorTitles":["AppSidebar"],"fullName":"AppSidebar renders primary navigation with active link state","status":"passed","title":"renders primary navigation with active link state","duration":1278.9033,"failureMessages":[],"meta":{},"tags":[]},{"ancestorTitles":["AppSidebar"],"fullName":"AppSidebar toggles collapsed state via the control button","status":"passed","title":"toggles collapsed state via the control button","duration":463.60709999999926,"failureMessages":[],"meta":{},"tags":[]},{"ancestorTitles":["AppSidebar"],"fullName":"AppSidebar keeps real workspace navigation out of the /demo route space","status":"passed","title":"keeps real workspace navigation out of the /demo route space","duration":256.0407000000014,"failureMessages":[],"meta":{},"tags":[]},{"ancestorTitles":["AppSidebar"],"fullName":"AppSidebar marks demo route context as sample data only","status":"passed","title":"marks demo route context as sample data only","duration":298.3777000000009,"failureMessages":[],"meta":{},"tags":[]}],"startTime":1774820263710,"endTime":1774820266007.3777,"status":"passed","message":"","name":"C:/Users/esus_/Documents/AI/ZTWQ/c2pro/apps/web/components/layout/AppSidebar.test.tsx"},{"assertionResults":[{"ancestorTitles":["DemoBanner"],"fullName":"DemoBanner renders demo status messaging with the provided project name","status":"passed","title":"renders demo status messaging with the provided project name","duration":807.4361000000008,"failureMessages":[],"meta":{},"tags":[]},{"ancestorTitles":["DemoBanner"],"fullName":"DemoBanner fires the dismiss callback when clicked","status":"passed","title":"fires the dismiss callback when clicked","duration":185.65070000000014,"failureMessages":[],"meta":{},"tags":[]}],"startTime":1774820323171,"endTime":1774820324164.6506,"status":"passed","message":"","name":"C:/Users/esus_/Documents/AI/ZTWQ/c2pro/apps/web/components/layout/DemoBanner.test.tsx"},{"assertionResults":[{"ancestorTitles":["ProjectTabs"],"fullName":"ProjectTabs renders the 7 project detail tabs with correct links","status":"passed","title":"renders the 7 project detail tabs with correct links","duration":1484.4622999999992,"failureMessages":[],"meta":{},"tags":[]}],"startTime":1774820298191,"endTime":1774820299675.4624,"status":"passed","message":"","name":"C:/Users/esus_/Documents/AI/ZTWQ/c2pro/apps/web/components/layout/ProjectTabs.test.tsx"},{"assertionResults":[{"ancestorTitles":["ThemeToggle"],"fullName":"ThemeToggle toggles from light to dark when activated","status":"passed","title":"toggles from light to dark when activated","duration":1317.181199999999,"failureMessages":[],"meta":{},"tags":[]},{"ancestorTitles":["ThemeToggle"],"fullName":"ThemeToggle toggles from dark to light when activated","status":"passed","title":"toggles from dark to light when activated","duration":243.6864000000005,"failureMessages":[],"meta":{},"tags":[]}],"startTime":1774820310737,"endTime":1774820312297.6863,"status":"passed","message":"","name":"C:/Users/esus_/Documents/AI/ZTWQ/c2pro/apps/web/components/layout/ThemeToggle.test.tsx"},{"assertionResults":[{"ancestorTitles":["StakeholderMatrix drag-and-drop"],"fullName":"StakeholderMatrix drag-and-drop updates the stakeholder quadrant when a card is dropped into a different zone","status":"passed","title":"updates the stakeholder quadrant when a card is dropped into a different zone","duration":473.77870000000075,"failureMessages":[],"meta":{},"tags":[]}],"startTime":1774820436633,"endTime":1774820437106.7788,"status":"passed","message":"","name":"C:/Users/esus_/Documents/AI/ZTWQ/c2pro/apps/web/components/stakeholders/StakeholderMatrix.test.tsx"},{"assertionResults":[{"ancestorTitles":["Accordion"],"fullName":"Accordion expands content when trigger is clicked","status":"passed","title":"expands content when trigger is clicked","duration":2069.550199999998,"failureMessages":[],"meta":{},"tags":[]}],"startTime":1774820341110,"endTime":1774820343179.5503,"status":"passed","message":"","name":"C:/Users/esus_/Documents/AI/ZTWQ/c2pro/apps/web/components/ui/accordion.test.tsx"},{"assertionResults":[{"ancestorTitles":["AlertDialog"],"fullName":"AlertDialog opens and shows confirm/cancel actions","status":"passed","title":"opens and shows confirm/cancel actions","duration":1381.2335999999996,"failureMessages":[],"meta":{},"tags":[]}],"startTime":1774820324345,"endTime":1774820325726.2336,"status":"passed","message":"","name":"C:/Users/esus_/Documents/AI/ZTWQ/c2pro/apps/web/components/ui/alert-dialog.test.tsx"},{"assertionResults":[{"ancestorTitles":["Alert"],"fullName":"Alert renders alert title and description","status":"passed","title":"renders alert title and description","duration":865.6605999999992,"failureMessages":[],"meta":{},"tags":[]}],"startTime":1774820375964,"endTime":1774820376829.6606,"status":"passed","message":"","name":"C:/Users/esus_/Documents/AI/ZTWQ/c2pro/apps/web/components/ui/alert.test.tsx"},{"assertionResults":[{"ancestorTitles":["Avatar"],"fullName":"Avatar renders fallback content when provided","status":"passed","title":"renders fallback content when provided","duration":259.65240000000085,"failureMessages":[],"meta":{},"tags":[]}],"startTime":1774820420322,"endTime":1774820420581.6523,"status":"passed","message":"","name":"C:/Users/esus_/Documents/AI/ZTWQ/c2pro/apps/web/components/ui/avatar.test.tsx"},{"assertionResults":[{"ancestorTitles":["Badge"],"fullName":"Badge renders with default variant styles","status":"passed","title":"renders with default variant styles","duration":235.4320000000007,"failureMessages":[],"meta":{},"tags":[]},{"ancestorTitles":["Badge"],"fullName":"Badge supports success variant styles","status":"passed","title":"supports success variant styles","duration":30.68580000000111,"failureMessages":[],"meta":{},"tags":[]}],"startTime":1774820420862,"endTime":1774820421127.6858,"status":"passed","message":"","name":"C:/Users/esus_/Documents/AI/ZTWQ/c2pro/apps/web/components/ui/badge.test.tsx"},{"assertionResults":[{"ancestorTitles":["Button"],"fullName":"Button renders a button with default variant classes","status":"passed","title":"renders a button with default variant classes","duration":678.2484999999997,"failureMessages":[],"meta":{},"tags":[]},{"ancestorTitles":["Button"],"fullName":"Button supports rendering as a child element","status":"passed","title":"supports rendering as a child element","duration":111.08640000000014,"failureMessages":[],"meta":{},"tags":[]}],"startTime":1774820385516,"endTime":1774820386306.0864,"status":"passed","message":"","name":"C:/Users/esus_/Documents/AI/ZTWQ/c2pro/apps/web/components/ui/button.test.tsx"},{"assertionResults":[{"ancestorTitles":["Card"],"fullName":"Card renders the card subcomponents with content","status":"passed","title":"renders the card subcomponents with content","duration":275.53150000000096,"failureMessages":[],"meta":{},"tags":[]}],"startTime":1774820436325,"endTime":1774820436600.5315,"status":"passed","message":"","name":"C:/Users/esus_/Documents/AI/ZTWQ/c2pro/apps/web/components/ui/card.test.tsx"},{"assertionResults":[{"ancestorTitles":["Checkbox"],"fullName":"Checkbox renders an unchecked checkbox","status":"passed","title":"renders an unchecked checkbox","duration":1316.4134000000013,"failureMessages":[],"meta":{},"tags":[]},{"ancestorTitles":["Checkbox"],"fullName":"Checkbox renders a checked checkbox","status":"passed","title":"renders a checked checkbox","duration":197.34790000000066,"failureMessages":[],"meta":{},"tags":[]}],"startTime":1774820368496,"endTime":1774820370009.348,"status":"passed","message":"","name":"C:/Users/esus_/Documents/AI/ZTWQ/c2pro/apps/web/components/ui/checkbox.test.tsx"},{"assertionResults":[{"ancestorTitles":["Dialog"],"fullName":"Dialog opens and shows content","status":"passed","title":"opens and shows content","duration":1958.8396000000012,"failureMessages":[],"meta":{},"tags":[]}],"startTime":1774820284250,"endTime":1774820286208.8396,"status":"passed","message":"","name":"C:/Users/esus_/Documents/AI/ZTWQ/c2pro/apps/web/components/ui/dialog.test.tsx"},{"assertionResults":[{"ancestorTitles":["DropdownMenu"],"fullName":"DropdownMenu opens and renders menu items","status":"passed","title":"opens and renders menu items","duration":1571.2724999999991,"failureMessages":[],"meta":{},"tags":[]}],"startTime":1774820297578,"endTime":1774820299149.2725,"status":"passed","message":"","name":"C:/Users/esus_/Documents/AI/ZTWQ/c2pro/apps/web/components/ui/dropdown-menu.test.tsx"},{"assertionResults":[{"ancestorTitles":["Input"],"fullName":"Input renders an input with provided placeholder","status":"passed","title":"renders an input with provided placeholder","duration":175.09250000000065,"failureMessages":[],"meta":{},"tags":[]},{"ancestorTitles":["Input"],"fullName":"Input supports disabled state","status":"passed","title":"supports disabled state","duration":23.397100000000137,"failureMessages":[],"meta":{},"tags":[]}],"startTime":1774820459160,"endTime":1774820459358.3972,"status":"passed","message":"","name":"C:/Users/esus_/Documents/AI/ZTWQ/c2pro/apps/web/components/ui/input.test.tsx"},{"assertionResults":[{"ancestorTitles":["Label"],"fullName":"Label associates with a form control","status":"passed","title":"associates with a form control","duration":228.47170000000006,"failureMessages":[],"meta":{},"tags":[]}],"startTime":1774820421289,"endTime":1774820421517.4717,"status":"passed","message":"","name":"C:/Users/esus_/Documents/AI/ZTWQ/c2pro/apps/web/components/ui/label.test.tsx"},{"assertionResults":[{"ancestorTitles":["Progress"],"fullName":"Progress renders indicator with translated width","status":"passed","title":"renders indicator with translated width","duration":689.9921000000013,"failureMessages":[],"meta":{},"tags":[]}],"startTime":1774820382872,"endTime":1774820383561.9922,"status":"passed","message":"","name":"C:/Users/esus_/Documents/AI/ZTWQ/c2pro/apps/web/components/ui/progress.test.tsx"},{"assertionResults":[{"ancestorTitles":["ScrollArea"],"fullName":"ScrollArea renders content inside the scroll area viewport","status":"passed","title":"renders content inside the scroll area viewport","duration":488.4801000000007,"failureMessages":[],"meta":{},"tags":[]}],"startTime":1774820410551,"endTime":1774820411039.48,"status":"passed","message":"","name":"C:/Users/esus_/Documents/AI/ZTWQ/c2pro/apps/web/components/ui/scroll-area.test.tsx"},{"assertionResults":[{"ancestorTitles":["Select"],"fullName":"Select opens and allows selecting an option","status":"passed","title":"opens and allows selecting an option","duration":2561.601200000001,"failureMessages":[],"meta":{},"tags":[]}],"startTime":1774820280904,"endTime":1774820283465.6013,"status":"passed","message":"","name":"C:/Users/esus_/Documents/AI/ZTWQ/c2pro/apps/web/components/ui/select.test.tsx"},{"assertionResults":[{"ancestorTitles":["Separator"],"fullName":"Separator renders a horizontal separator by default","status":"passed","title":"renders a horizontal separator by default","duration":161.2530000000006,"failureMessages":[],"meta":{},"tags":[]},{"ancestorTitles":["Separator"],"fullName":"Separator renders a vertical separator when orientation is vertical","status":"passed","title":"renders a vertical separator when orientation is vertical","duration":29.842599999999948,"failureMessages":[],"meta":{},"tags":[]}],"startTime":1774820448588,"endTime":1774820448779.8425,"status":"passed","message":"","name":"C:/Users/esus_/Documents/AI/ZTWQ/c2pro/apps/web/components/ui/separator.test.tsx"},{"assertionResults":[{"ancestorTitles":["Sheet"],"fullName":"Sheet opens and renders sheet content","status":"passed","title":"opens and renders sheet content","duration":1109.7669999999998,"failureMessages":[],"meta":{},"tags":[]}],"startTime":1774820296831,"endTime":1774820297940.767,"status":"passed","message":"","name":"C:/Users/esus_/Documents/AI/ZTWQ/c2pro/apps/web/components/ui/sheet.test.tsx"},{"assertionResults":[{"ancestorTitles":["Skeleton"],"fullName":"Skeleton renders with default skeleton styles","status":"passed","title":"renders with default skeleton styles","duration":445.47069999999985,"failureMessages":[],"meta":{},"tags":[]}],"startTime":1774820462616,"endTime":1774820463061.4707,"status":"passed","message":"","name":"C:/Users/esus_/Documents/AI/ZTWQ/c2pro/apps/web/components/ui/skeleton.test.tsx"},{"assertionResults":[{"ancestorTitles":["Toaster"],"fullName":"Toaster renders without crashing","status":"passed","title":"renders without crashing","duration":420.17379999999866,"failureMessages":[],"meta":{},"tags":[]}],"startTime":1774820388263,"endTime":1774820388683.1738,"status":"passed","message":"","name":"C:/Users/esus_/Documents/AI/ZTWQ/c2pro/apps/web/components/ui/sonner.test.tsx"},{"assertionResults":[{"ancestorTitles":["Switch"],"fullName":"Switch toggles the checked state","status":"passed","title":"toggles the checked state","duration":927.9395999999997,"failureMessages":[],"meta":{},"tags":[]}],"startTime":1774820358011,"endTime":1774820358938.9397,"status":"passed","message":"","name":"C:/Users/esus_/Documents/AI/ZTWQ/c2pro/apps/web/components/ui/switch.test.tsx"},{"assertionResults":[{"ancestorTitles":["Table"],"fullName":"Table renders table structure with headers and cells","status":"passed","title":"renders table structure with headers and cells","duration":348.40759999999864,"failureMessages":[],"meta":{},"tags":[]}],"startTime":1774820422629,"endTime":1774820422977.4077,"status":"passed","message":"","name":"C:/Users/esus_/Documents/AI/ZTWQ/c2pro/apps/web/components/ui/table.test.tsx"},{"assertionResults":[{"ancestorTitles":["Tabs"],"fullName":"Tabs switches active tab content","status":"passed","title":"switches active tab content","duration":1238.2981,"failureMessages":[],"meta":{},"tags":[]}],"startTime":1774820354421,"endTime":1774820355659.298,"status":"passed","message":"","name":"C:/Users/esus_/Documents/AI/ZTWQ/c2pro/apps/web/components/ui/tabs.test.tsx"},{"assertionResults":[{"ancestorTitles":["Textarea"],"fullName":"Textarea renders a textarea with placeholder","status":"passed","title":"renders a textarea with placeholder","duration":238.28189999999995,"failureMessages":[],"meta":{},"tags":[]},{"ancestorTitles":["Textarea"],"fullName":"Textarea supports disabled state","status":"passed","title":"supports disabled state","duration":32.23189999999886,"failureMessages":[],"meta":{},"tags":[]}],"startTime":1774820460555,"endTime":1774820460826.232,"status":"passed","message":"","name":"C:/Users/esus_/Documents/AI/ZTWQ/c2pro/apps/web/components/ui/textarea.test.tsx"},{"assertionResults":[{"ancestorTitles":["Toast"],"fullName":"Toast renders title and description","status":"passed","title":"renders title and description","duration":1691.3530999999984,"failureMessages":[],"meta":{},"tags":[]}],"startTime":1774820340003,"endTime":1774820341694.353,"status":"passed","message":"","name":"C:/Users/esus_/Documents/AI/ZTWQ/c2pro/apps/web/components/ui/toast.test.tsx"},{"assertionResults":[{"ancestorTitles":["Toaster"],"fullName":"Toaster renders toast content from the store","status":"passed","title":"renders toast content from the store","duration":983.1045999999988,"failureMessages":[],"meta":{},"tags":[]}],"startTime":1774820325235,"endTime":1774820326218.1045,"status":"passed","message":"","name":"C:/Users/esus_/Documents/AI/ZTWQ/c2pro/apps/web/components/ui/toaster.test.tsx"},{"assertionResults":[{"ancestorTitles":["Tooltip"],"fullName":"Tooltip shows content on hover","status":"passed","title":"shows content on hover","duration":1998.8010999999988,"failureMessages":[],"meta":{},"tags":[]}],"startTime":1774820293776,"endTime":1774820295774.801,"status":"passed","message":"","name":"C:/Users/esus_/Documents/AI/ZTWQ/c2pro/apps/web/components/ui/tooltip.test.tsx"},{"assertionResults":[{"ancestorTitles":["alerts hooks contract alignment"],"fullName":"alerts hooks contract alignment useProjectAlerts unwraps backend list response items","status":"passed","title":"useProjectAlerts unwraps backend list response items","duration":135.54129999999896,"failureMessages":[],"meta":{},"tags":[]},{"ancestorTitles":["alerts hooks contract alignment"],"fullName":"alerts hooks contract alignment useAlerts consumes canonical alert list wrapper","status":"passed","title":"useAlerts consumes canonical alert list wrapper","duration":84.4421999999995,"failureMessages":[],"meta":{},"tags":[]}],"startTime":1774820446802,"endTime":1774820447022.4421,"status":"passed","message":"","name":"C:/Users/esus_/Documents/AI/ZTWQ/c2pro/apps/web/hooks/__tests__/useAlerts.test.ts"},{"assertionResults":[{"ancestorTitles":["useDocumentEntities"],"fullName":"useDocumentEntities fetches backend entities and derives highlights","status":"passed","title":"fetches backend entities and derives highlights","duration":489.03869999999915,"failureMessages":[],"meta":{},"tags":[]}],"startTime":1774820486616,"endTime":1774820487105.0388,"status":"passed","message":"","name":"C:/Users/esus_/Documents/AI/ZTWQ/c2pro/apps/web/hooks/__tests__/useDocumentEntities.test.ts"},{"assertionResults":[{"ancestorTitles":["useStakeholders contract alignment"],"fullName":"useStakeholders contract alignment fetches stakeholders from the backend project route","status":"passed","title":"fetches stakeholders from the backend project route","duration":214.7604999999985,"failureMessages":[],"meta":{},"tags":[]},{"ancestorTitles":["useStakeholders contract alignment"],"fullName":"useStakeholders contract alignment returns an empty list when no project id is provided","status":"passed","title":"returns an empty list when no project id is provided","duration":106.80060000000049,"failureMessages":[],"meta":{},"tags":[]}],"startTime":1774820415842,"endTime":1774820416164.8005,"status":"passed","message":"","name":"C:/Users/esus_/Documents/AI/ZTWQ/c2pro/apps/web/hooks/__tests__/useStakeholders.test.ts"},{"assertionResults":[{"ancestorTitles":["useWbsFilter (TS-UAD-WBS-FILTER-001)","Filter by Completion Status"],"fullName":"useWbsFilter (TS-UAD-WBS-FILTER-001) Filter by Completion Status should filter not-started items (completion = 0%)","status":"passed","title":"should filter not-started items (completion = 0%)","duration":116.31049999999959,"failureMessages":[],"meta":{},"tags":[]},{"ancestorTitles":["useWbsFilter (TS-UAD-WBS-FILTER-001)","Filter by Completion Status"],"fullName":"useWbsFilter (TS-UAD-WBS-FILTER-001) Filter by Completion Status should filter in-progress items (completion = 1-99%)","status":"passed","title":"should filter in-progress items (completion = 1-99%)","duration":15.01339999999982,"failureMessages":[],"meta":{},"tags":[]},{"ancestorTitles":["useWbsFilter (TS-UAD-WBS-FILTER-001)","Filter by Completion Status"],"fullName":"useWbsFilter (TS-UAD-WBS-FILTER-001) Filter by Completion Status should filter complete items (completion = 100%)","status":"passed","title":"should filter complete items (completion = 100%)","duration":16.511500000000524,"failureMessages":[],"meta":{},"tags":[]},{"ancestorTitles":["useWbsFilter (TS-UAD-WBS-FILTER-001)","URL Query Parameter Synchronization"],"fullName":"useWbsFilter (TS-UAD-WBS-FILTER-001) URL Query Parameter Synchronization should update URL query params when filter changes","status":"passed","title":"should update URL query params when filter changes","duration":17.825800000000527,"failureMessages":[],"meta":{},"tags":[]},{"ancestorTitles":["useWbsFilter (TS-UAD-WBS-FILTER-001)","URL Query Parameter Synchronization"],"fullName":"useWbsFilter (TS-UAD-WBS-FILTER-001) URL Query Parameter Synchronization should read filter from URL on mount","status":"passed","title":"should read filter from URL on mount","duration":10.116299999999683,"failureMessages":[],"meta":{},"tags":[]},{"ancestorTitles":["useWbsFilter (TS-UAD-WBS-FILTER-001)","localStorage Persistence"],"fullName":"useWbsFilter (TS-UAD-WBS-FILTER-001) localStorage Persistence should persist filter in localStorage","status":"passed","title":"should persist filter in localStorage","duration":6.877300000000105,"failureMessages":[],"meta":{},"tags":[]},{"ancestorTitles":["useWbsFilter (TS-UAD-WBS-FILTER-001)","localStorage Persistence"],"fullName":"useWbsFilter (TS-UAD-WBS-FILTER-001) localStorage Persistence should restore filter from localStorage on mount when no URL param","status":"passed","title":"should restore filter from localStorage on mount when no URL param","duration":8.578700000000026,"failureMessages":[],"meta":{},"tags":[]},{"ancestorTitles":["useWbsFilter (TS-UAD-WBS-FILTER-001)","Filter Operations"],"fullName":"useWbsFilter (TS-UAD-WBS-FILTER-001) Filter Operations should combine multiple filters","status":"passed","title":"should combine multiple filters","duration":12.573599999999715,"failureMessages":[],"meta":{},"tags":[]},{"ancestorTitles":["useWbsFilter (TS-UAD-WBS-FILTER-001)","Filter Operations"],"fullName":"useWbsFilter (TS-UAD-WBS-FILTER-001) Filter Operations should clear filter and show all items","status":"passed","title":"should clear filter and show all items","duration":13.640400000000227,"failureMessages":[],"meta":{},"tags":[]},{"ancestorTitles":["useWbsFilter (TS-UAD-WBS-FILTER-001)","Filter Operations"],"fullName":"useWbsFilter (TS-UAD-WBS-FILTER-001) Filter Operations should return all items when no filter is set","status":"passed","title":"should return all items when no filter is set","duration":8.746999999999389,"failureMessages":[],"meta":{},"tags":[]},{"ancestorTitles":["useWbsFilter (TS-UAD-WBS-FILTER-001)","Filter Operations"],"fullName":"useWbsFilter (TS-UAD-WBS-FILTER-001) Filter Operations should handle empty items array","status":"passed","title":"should handle empty items array","duration":9.596299999999246,"failureMessages":[],"meta":{},"tags":[]}],"startTime":1774820448903,"endTime":1774820449141.5962,"status":"passed","message":"","name":"C:/Users/esus_/Documents/AI/ZTWQ/c2pro/apps/web/hooks/__tests__/useWbsFilter.test.ts"},{"assertionResults":[{"ancestorTitles":["apiClient auth interceptor"],"fullName":"apiClient auth interceptor attaches auth token and tenant id from auth store","status":"passed","title":"attaches auth token and tenant id from auth store","duration":8.29570000000058,"failureMessages":[],"meta":{},"tags":[]},{"ancestorTitles":["apiClient auth interceptor"],"fullName":"apiClient auth interceptor exports a callable Orval mutator that delegates through the shared axios client","status":"passed","title":"exports a callable Orval mutator that delegates through the shared axios client","duration":13.150799999999435,"failureMessages":[],"meta":{},"tags":[]},{"ancestorTitles":["apiClient auth interceptor"],"fullName":"apiClient auth interceptor clears auth state and redirects to the canonical sign-in route on 401","status":"passed","title":"clears auth state and redirects to the canonical sign-in route on 401","duration":4.087600000000748,"failureMessages":[],"meta":{},"tags":[]},{"ancestorTitles":["apiClient auth interceptor"],"fullName":"apiClient auth interceptor still redirects real workspace requests even when the demo environment is enabled","status":"passed","title":"still redirects real workspace requests even when the demo environment is enabled","duration":2.4962000000014086,"failureMessages":[],"meta":{},"tags":[]},{"ancestorTitles":["apiClient auth interceptor"],"fullName":"apiClient auth interceptor does not redirect explicit demo routes on 401","status":"passed","title":"does not redirect explicit demo routes on 401","duration":2.5439000000005763,"failureMessages":[],"meta":{},"tags":[]},{"ancestorTitles":["apiClient auth interceptor"],"fullName":"apiClient auth interceptor suppresses duplicate toasts and redirects when multiple 401s land together","status":"passed","title":"suppresses duplicate toasts and redirects when multiple 401s land together","duration":2.26890000000094,"failureMessages":[],"meta":{},"tags":[]},{"ancestorTitles":["apiClient auth interceptor"],"fullName":"apiClient auth interceptor treats legacy auth aliases as auth pages and avoids redirect loops","status":"passed","title":"treats legacy auth aliases as auth pages and avoids redirect loops","duration":1.8276999999998225,"failureMessages":[],"meta":{},"tags":[]}],"startTime":1774820511926,"endTime":1774820511961.8276,"status":"passed","message":"","name":"C:/Users/esus_/Documents/AI/ZTWQ/c2pro/apps/web/lib/api/client.test.ts"},{"assertionResults":[{"ancestorTitles":["Highlight Mapping API Utilities","createHighlightsFromAlerts"],"fullName":"Highlight Mapping API Utilities createHighlightsFromAlerts should map alerts with evidence location to highlights","status":"passed","title":"should map alerts with evidence location to highlights","duration":12.023299999998926,"failureMessages":[],"meta":{},"tags":[]},{"ancestorTitles":["Highlight Mapping API Utilities","createHighlightsFromAlerts"],"fullName":"Highlight Mapping API Utilities createHighlightsFromAlerts should return empty array if no evidence location is present","status":"passed","title":"should return empty array if no evidence location is present","duration":1.4207000000005792,"failureMessages":[],"meta":{},"tags":[]},{"ancestorTitles":["Highlight Mapping API Utilities","createHighlightsFromEntities"],"fullName":"Highlight Mapping API Utilities createHighlightsFromEntities should map entities with metadata evidence to highlights","status":"passed","title":"should map entities with metadata evidence to highlights","duration":2.3420999999998457,"failureMessages":[],"meta":{},"tags":[]},{"ancestorTitles":["Highlight Mapping API Utilities","createHighlightsFromEntities"],"fullName":"Highlight Mapping API Utilities createHighlightsFromEntities should use default color if confidence is low","status":"passed","title":"should use default color if confidence is low","duration":1.1558999999997468,"failureMessages":[],"meta":{},"tags":[]},{"ancestorTitles":["Highlight Mapping API Utilities","Highlight Search (C-13)"],"fullName":"Highlight Mapping API Utilities Highlight Search (C-13) should find highlights by text content","status":"passed","title":"should find highlights by text content","duration":1.3202999999994063,"failureMessages":[],"meta":{},"tags":[]}],"startTime":1774820523580,"endTime":1774820523600.3203,"status":"passed","message":"","name":"C:/Users/esus_/Documents/AI/ZTWQ/c2pro/apps/web/lib/api/highlight-mapping.test.ts"},{"assertionResults":[{"ancestorTitles":["uploadDocument"],"fullName":"uploadDocument uses the real documents endpoint instead of the mock chunk-upload workflow","status":"passed","title":"uses the real documents endpoint instead of the mock chunk-upload workflow","duration":73.7536,"failureMessages":[],"meta":{},"tags":[]},{"ancestorTitles":["uploadDocument"],"fullName":"uploadDocument routes 401 upload failures through shared auth handling","status":"passed","title":"routes 401 upload failures through shared auth handling","duration":11.925300000000789,"failureMessages":[],"meta":{},"tags":[]}],"startTime":1774820515331,"endTime":1774820515416.9253,"status":"passed","message":"","name":"C:/Users/esus_/Documents/AI/ZTWQ/c2pro/apps/web/lib/api/uploadDocument.test.ts"},{"assertionResults":[{"ancestorTitles":["mock handler boundaries"],"fullName":"mock handler boundaries keeps synthetic upload handlers out of browser-loaded demo handlers","status":"passed","title":"keeps synthetic upload handlers out of browser-loaded demo handlers","duration":10.232100000001083,"failureMessages":[],"meta":{},"tags":[]},{"ancestorTitles":["mock handler boundaries"],"fullName":"mock handler boundaries retains synthetic upload handlers for node-based test coverage","status":"passed","title":"retains synthetic upload handlers for node-based test coverage","duration":2.2006000000001222,"failureMessages":[],"meta":{},"tags":[]},{"ancestorTitles":["mock handler boundaries"],"fullName":"mock handler boundaries keeps synthetic onboarding sample-project handlers out of browser-loaded demo handlers","status":"passed","title":"keeps synthetic onboarding sample-project handlers out of browser-loaded demo handlers","duration":2.316100000000006,"failureMessages":[],"meta":{},"tags":[]},{"ancestorTitles":["mock handler boundaries"],"fullName":"mock handler boundaries retains synthetic onboarding sample-project handlers for node-based test coverage","status":"passed","title":"retains synthetic onboarding sample-project handlers for node-based test coverage","duration":1.6574000000000524,"failureMessages":[],"meta":{},"tags":[]},{"ancestorTitles":["mock handler boundaries"],"fullName":"mock handler boundaries keeps synthetic document viewer handlers out of browser-loaded demo handlers","status":"passed","title":"keeps synthetic document viewer handlers out of browser-loaded demo handlers","duration":1.2796999999991385,"failureMessages":[],"meta":{},"tags":[]},{"ancestorTitles":["mock handler boundaries"],"fullName":"mock handler boundaries retains synthetic document viewer handlers for node-based test coverage","status":"passed","title":"retains synthetic document viewer handlers for node-based test coverage","duration":0.9682000000011612,"failureMessages":[],"meta":{},"tags":[]}],"startTime":1774820528412,"endTime":1774820528431.9683,"status":"passed","message":"","name":"C:/Users/esus_/Documents/AI/ZTWQ/c2pro/apps/web/mocks/handlers/index.test.ts"},{"assertionResults":[{"ancestorTitles":["frontend test utilities"],"fullName":"frontend test utilities creates a query client configured for deterministic tests","status":"passed","title":"creates a query client configured for deterministic tests","duration":8.845600000000559,"failureMessages":[],"meta":{},"tags":[]},{"ancestorTitles":["frontend test utilities"],"fullName":"frontend test utilities creates reusable search params with stable getters","status":"passed","title":"creates reusable search params with stable getters","duration":2.893099999999322,"failureMessages":[],"meta":{},"tags":[]},{"ancestorTitles":["frontend test utilities"],"fullName":"frontend test utilities provides a shared react-query wrapper for hook tests","status":"passed","title":"provides a shared react-query wrapper for hook tests","duration":222.16409999999996,"failureMessages":[],"meta":{},"tags":[]}],"startTime":1774820474046,"endTime":1774820474280.164,"status":"passed","message":"","name":"C:/Users/esus_/Documents/AI/ZTWQ/c2pro/apps/web/src/tests/test-utils.test.tsx"},{"assertionResults":[{"ancestorTitles":["TS-INT-NAV-001: Cross-Module Navigation","WBS-Procurement Integration"],"fullName":"TS-INT-NAV-001: Cross-Module Navigation WBS-Procurement Integration should display linked procurement items in WBS detail [TEST-01]","status":"passed","title":"should display linked procurement items in WBS detail [TEST-01]","duration":548.904199999999,"failureMessages":[],"meta":{},"tags":[]},{"ancestorTitles":["TS-INT-NAV-001: Cross-Module Navigation","WBS-Procurement Integration"],"fullName":"TS-INT-NAV-001: Cross-Module Navigation WBS-Procurement Integration should navigate to procurement tab when procurement link clicked [TEST-02]","status":"passed","title":"should navigate to procurement tab when procurement link clicked [TEST-02]","duration":105.9349000000002,"failureMessages":[],"meta":{},"tags":[]},{"ancestorTitles":["TS-INT-NAV-001: Cross-Module Navigation","Alert-Entity Integration"],"fullName":"TS-INT-NAV-001: Cross-Module Navigation Alert-Entity Integration should display affected entities in alert detail [TEST-03]","status":"passed","title":"should display affected entities in alert detail [TEST-03]","duration":295.2635999999984,"failureMessages":[],"meta":{},"tags":[]},{"ancestorTitles":["TS-INT-NAV-001: Cross-Module Navigation","Alert-Entity Integration"],"fullName":"TS-INT-NAV-001: Cross-Module Navigation Alert-Entity Integration should navigate to entity when clicked in alert detail [TEST-04]","status":"passed","title":"should navigate to entity when clicked in alert detail [TEST-04]","duration":94.74959999999919,"failureMessages":[],"meta":{},"tags":[]},{"ancestorTitles":["TS-INT-NAV-001: Cross-Module Navigation","Coherence Score Navigation"],"fullName":"TS-INT-NAV-001: Cross-Module Navigation Coherence Score Navigation should navigate to category detail when coherence score clicked [TEST-05]","status":"passed","title":"should navigate to category detail when coherence score clicked [TEST-05]","duration":54.70169999999962,"failureMessages":[],"meta":{},"tags":[]},{"ancestorTitles":["TS-INT-NAV-001: Cross-Module Navigation","Global Search"],"fullName":"TS-INT-NAV-001: Cross-Module Navigation Global Search should search across all modules [TEST-06]","status":"passed","title":"should search across all modules [TEST-06]","duration":164.78230000000076,"failureMessages":[],"meta":{},"tags":[]}],"startTime":1774820324294,"endTime":1774820325561.7822,"status":"passed","message":"","name":"C:/Users/esus_/Documents/AI/ZTWQ/c2pro/apps/web/tests/integration/navigation.contract.test.tsx"},{"assertionResults":[{"ancestorTitles":["TS-MOB-WBS-001: WBS Mobile Contract Tests","Touch Target Accessibility [TEST-01]"],"fullName":"TS-MOB-WBS-001: WBS Mobile Contract Tests Touch Target Accessibility [TEST-01] should have touch targets minimum 44px","status":"passed","title":"should have touch targets minimum 44px","duration":2031.9292000000005,"failureMessages":[],"meta":{},"tags":[]},{"ancestorTitles":["TS-MOB-WBS-001: WBS Mobile Contract Tests","Touch Target Accessibility [TEST-01]"],"fullName":"TS-MOB-WBS-001: WBS Mobile Contract Tests Touch Target Accessibility [TEST-01] should apply touch-friendly padding to list items","status":"passed","title":"should apply touch-friendly padding to list items","duration":395.8195999999989,"failureMessages":[],"meta":{},"tags":[]},{"ancestorTitles":["TS-MOB-WBS-001: WBS Mobile Contract Tests","Swipe Gestures [TEST-02]"],"fullName":"TS-MOB-WBS-001: WBS Mobile Contract Tests Swipe Gestures [TEST-02] should support swipe right to mark complete","status":"passed","title":"should support swipe right to mark complete","duration":378.3646000000008,"failureMessages":[],"meta":{},"tags":[]},{"ancestorTitles":["TS-MOB-WBS-001: WBS Mobile Contract Tests","Swipe Gestures [TEST-02]"],"fullName":"TS-MOB-WBS-001: WBS Mobile Contract Tests Swipe Gestures [TEST-02] should show haptic feedback on swipe completion","status":"passed","title":"should show haptic feedback on swipe completion","duration":155.72770000000128,"failureMessages":[],"meta":{},"tags":[]},{"ancestorTitles":["TS-MOB-WBS-001: WBS Mobile Contract Tests","Bottom Sheet Pattern [TEST-03]"],"fullName":"TS-MOB-WBS-001: WBS Mobile Contract Tests Bottom Sheet Pattern [TEST-03] should use bottom sheet for detail view on mobile","status":"passed","title":"should use bottom sheet for detail view on mobile","duration":295.4945000000007,"failureMessages":[],"meta":{},"tags":[]},{"ancestorTitles":["TS-MOB-WBS-001: WBS Mobile Contract Tests","Bottom Sheet Pattern [TEST-03]"],"fullName":"TS-MOB-WBS-001: WBS Mobile Contract Tests Bottom Sheet Pattern [TEST-03] should support drag to dismiss bottom sheet","status":"passed","title":"should support drag to dismiss bottom sheet","duration":576.1507000000001,"failureMessages":[],"meta":{},"tags":[]},{"ancestorTitles":["TS-MOB-WBS-001: WBS Mobile Contract Tests","Bottom Sheet Pattern [TEST-03]"],"fullName":"TS-MOB-WBS-001: WBS Mobile Contract Tests Bottom Sheet Pattern [TEST-03] should close bottom sheet on backdrop tap","status":"passed","title":"should close bottom sheet on backdrop tap","duration":514.1347999999998,"failureMessages":[],"meta":{},"tags":[]},{"ancestorTitles":["TS-MOB-WBS-001: WBS Mobile Contract Tests","Pinch to Zoom [TEST-04]"],"fullName":"TS-MOB-WBS-001: WBS Mobile Contract Tests Pinch to Zoom [TEST-04] should support pinch to zoom on Gantt","status":"passed","title":"should support pinch to zoom on Gantt","duration":58.89429999999993,"failureMessages":[],"meta":{},"tags":[]},{"ancestorTitles":["TS-MOB-WBS-001: WBS Mobile Contract Tests","Pinch to Zoom [TEST-04]"],"fullName":"TS-MOB-WBS-001: WBS Mobile Contract Tests Pinch to Zoom [TEST-04] should maintain zoom level across interactions","status":"passed","title":"should maintain zoom level across interactions","duration":74.53170000000136,"failureMessages":[],"meta":{},"tags":[]},{"ancestorTitles":["TS-MOB-WBS-001: WBS Mobile Contract Tests","Pinch to Zoom [TEST-04]"],"fullName":"TS-MOB-WBS-001: WBS Mobile Contract Tests Pinch to Zoom [TEST-04] should have zoom controls as fallback","status":"passed","title":"should have zoom controls as fallback","duration":29.25170000000071,"failureMessages":[],"meta":{},"tags":[]},{"ancestorTitles":["TS-MOB-WBS-001: WBS Mobile Contract Tests","Offline Data Caching [TEST-05]"],"fullName":"TS-MOB-WBS-001: WBS Mobile Contract Tests Offline Data Caching [TEST-05] should cache data for offline mode","status":"passed","title":"should cache data for offline mode","duration":163.20290000000023,"failureMessages":[],"meta":{},"tags":[]},{"ancestorTitles":["TS-MOB-WBS-001: WBS Mobile Contract Tests","Offline Data Caching [TEST-05]"],"fullName":"TS-MOB-WBS-001: WBS Mobile Contract Tests Offline Data Caching [TEST-05] should load from cache when offline","status":"passed","title":"should load from cache when offline","duration":117.13960000000043,"failureMessages":[],"meta":{},"tags":[]},{"ancestorTitles":["TS-MOB-WBS-001: WBS Mobile Contract Tests","Offline Data Caching [TEST-05]"],"fullName":"TS-MOB-WBS-001: WBS Mobile Contract Tests Offline Data Caching [TEST-05] should sync when coming back online","status":"passed","title":"should sync when coming back online","duration":174.8908999999985,"failureMessages":[],"meta":{},"tags":[]},{"ancestorTitles":["TS-MOB-WBS-001: WBS Mobile Contract Tests","Offline Action Queueing [TEST-06]"],"fullName":"TS-MOB-WBS-001: WBS Mobile Contract Tests Offline Action Queueing [TEST-06] should queue actions when offline","status":"passed","title":"should queue actions when offline","duration":36.72999999999956,"failureMessages":[],"meta":{},"tags":[]},{"ancestorTitles":["TS-MOB-WBS-001: WBS Mobile Contract Tests","Offline Action Queueing [TEST-06]"],"fullName":"TS-MOB-WBS-001: WBS Mobile Contract Tests Offline Action Queueing [TEST-06] should execute queued actions when coming online","status":"passed","title":"should execute queued actions when coming online","duration":110.59409999999843,"failureMessages":[],"meta":{},"tags":[]},{"ancestorTitles":["TS-MOB-WBS-001: WBS Mobile Contract Tests","Offline Action Queueing [TEST-06]"],"fullName":"TS-MOB-WBS-001: WBS Mobile Contract Tests Offline Action Queueing [TEST-06] should persist action queue across sessions","status":"passed","title":"should persist action queue across sessions","duration":27.16110000000117,"failureMessages":[],"meta":{},"tags":[]},{"ancestorTitles":["TS-MOB-WBS-001: WBS Mobile Contract Tests","Offline Action Queueing [TEST-06]"],"fullName":"TS-MOB-WBS-001: WBS Mobile Contract Tests Offline Action Queueing [TEST-06] should handle action execution errors gracefully","status":"passed","title":"should handle action execution errors gracefully","duration":29.7970000000023,"failureMessages":[],"meta":{},"tags":[]},{"ancestorTitles":["TS-MOB-WBS-001: WBS Mobile Contract Tests","Mobile Viewport Detection"],"fullName":"TS-MOB-WBS-001: WBS Mobile Contract Tests Mobile Viewport Detection should detect mobile viewport","status":"passed","title":"should detect mobile viewport","duration":137.5661,"failureMessages":[],"meta":{},"tags":[]}],"startTime":1774820245972,"endTime":1774820251289.5662,"status":"passed","message":"","name":"C:/Users/esus_/Documents/AI/ZTWQ/c2pro/apps/web/tests/mobile/wbs-mobile.contract.test.tsx"},{"assertionResults":[{"ancestorTitles":["AlertsPage analytics dashboard"],"fullName":"AlertsPage analytics dashboard renders severity and status analytics summaries from alert data","status":"passed","title":"renders severity and status analytics summaries from alert data","duration":1108.9218999999994,"failureMessages":[],"meta":{},"tags":[]},{"ancestorTitles":["AlertsPage analytics dashboard"],"fullName":"AlertsPage analytics dashboard opens alert templates and previews the selected workflow","status":"passed","title":"opens alert templates and previews the selected workflow","duration":2224.133899999999,"failureMessages":[],"meta":{},"tags":[]}],"startTime":1774820267637,"endTime":1774820270970.1338,"status":"passed","message":"","name":"C:/Users/esus_/Documents/AI/ZTWQ/c2pro/apps/web/app/(app)/alerts/page.test.tsx"},{"assertionResults":[{"ancestorTitles":["DocumentsPage backend aggregation"],"fullName":"DocumentsPage backend aggregation aggregates project document groups through generated backend clients","status":"passed","title":"aggregates project document groups through generated backend clients","duration":239.0072,"failureMessages":[],"meta":{},"tags":[]},{"ancestorTitles":["DocumentsPage backend aggregation"],"fullName":"DocumentsPage backend aggregation shows the backend error banner when project aggregation fails","status":"passed","title":"shows the backend error banner when project aggregation fails","duration":39.305200000000696,"failureMessages":[],"meta":{},"tags":[]}],"startTime":1774820435861,"endTime":1774820436140.3052,"status":"passed","message":"","name":"C:/Users/esus_/Documents/AI/ZTWQ/c2pro/apps/web/app/(app)/documents/page.test.tsx"},{"assertionResults":[{"ancestorTitles":["EvidencePage"],"fullName":"EvidencePage loads projects from the backend and routes to project evidence","status":"passed","title":"loads projects from the backend and routes to project evidence","duration":1956.0028000000002,"failureMessages":[],"meta":{},"tags":[]}],"startTime":1774820307949,"endTime":1774820309905.0027,"status":"passed","message":"","name":"C:/Users/esus_/Documents/AI/ZTWQ/c2pro/apps/web/app/(app)/evidence/page.test.tsx"},{"assertionResults":[{"ancestorTitles":["ObservabilityPage real-data boundary"],"fullName":"ObservabilityPage real-data boundary renders observability data through generated API hooks","status":"passed","title":"renders observability data through generated API hooks","duration":466.6834999999992,"failureMessages":[],"meta":{},"tags":[]}],"startTime":1774820432584,"endTime":1774820433050.6836,"status":"passed","message":"","name":"C:/Users/esus_/Documents/AI/ZTWQ/c2pro/apps/web/app/(app)/observability/page.test.tsx"},{"assertionResults":[{"ancestorTitles":["ProjectsPage real-data boundary"],"fullName":"ProjectsPage real-data boundary shows the auth gate while the token is missing","status":"passed","title":"shows the auth gate while the token is missing","duration":230.03999999999905,"failureMessages":[],"meta":{},"tags":[]},{"ancestorTitles":["ProjectsPage real-data boundary"],"fullName":"ProjectsPage real-data boundary renders the real empty state instead of seeded demo records","status":"passed","title":"renders the real empty state instead of seeded demo records","duration":960.8037000000004,"failureMessages":[],"meta":{},"tags":[]},{"ancestorTitles":["ProjectsPage real-data boundary"],"fullName":"ProjectsPage real-data boundary shows the loading state while project data is still being fetched","status":"passed","title":"shows the loading state while project data is still being fetched","duration":260.08170000000064,"failureMessages":[],"meta":{},"tags":[]},{"ancestorTitles":["ProjectsPage real-data boundary"],"fullName":"ProjectsPage real-data boundary renders project rows returned by the backend and exposes the create link","status":"passed","title":"renders project rows returned by the backend and exposes the create link","duration":483.59280000000035,"failureMessages":[],"meta":{},"tags":[]},{"ancestorTitles":["ProjectsPage real-data boundary"],"fullName":"ProjectsPage real-data boundary opens a batch import dialog and previews parsed project rows","status":"passed","title":"opens a batch import dialog and previews parsed project rows","duration":653.3503000000001,"failureMessages":[],"meta":{},"tags":[]},{"ancestorTitles":["ProjectsPage real-data boundary"],"fullName":"ProjectsPage real-data boundary opens project templates and previews the selected template structure","status":"passed","title":"opens project templates and previews the selected template structure","duration":540.1477999999988,"failureMessages":[],"meta":{},"tags":[]},{"ancestorTitles":["ProjectsPage real-data boundary"],"fullName":"ProjectsPage real-data boundary exports the current projects list to PDF, Excel, and JSON","status":"passed","title":"exports the current projects list to PDF, Excel, and JSON","duration":258.28559999999925,"failureMessages":[],"meta":{},"tags":[]},{"ancestorTitles":["ProjectsPage real-data boundary"],"fullName":"ProjectsPage real-data boundary surfaces the backend error instead of rendering demo-backed project rows","status":"passed","title":"surfaces the backend error instead of rendering demo-backed project rows","duration":31.63010000000031,"failureMessages":[],"meta":{},"tags":[]}],"startTime":1774820247089,"endTime":1774820250510.6301,"status":"passed","message":"","name":"C:/Users/esus_/Documents/AI/ZTWQ/c2pro/apps/web/app/(app)/projects/page.test.tsx"},{"assertionResults":[{"ancestorTitles":["RaciPage backend project integration"],"fullName":"RaciPage backend project integration loads project filter options from the backend and refetches the matrix for the selected project","status":"passed","title":"loads project filter options from the backend and refetches the matrix for the selected project","duration":1202.8703000000005,"failureMessages":[],"meta":{},"tags":[]},{"ancestorTitles":["RaciPage backend project integration"],"fullName":"RaciPage backend project integration opens project-type templates and previews the selected RACI setup","status":"passed","title":"opens project-type templates and previews the selected RACI setup","duration":1524.6323999999986,"failureMessages":[],"meta":{},"tags":[]}],"startTime":1774820279447,"endTime":1774820282175.6323,"status":"passed","message":"","name":"C:/Users/esus_/Documents/AI/ZTWQ/c2pro/apps/web/app/(app)/raci/page.test.tsx"},{"assertionResults":[{"ancestorTitles":["SettingsPage"],"fullName":"SettingsPage loads the current user profile from the backend and saves profile updates","status":"passed","title":"loads the current user profile from the backend and saves profile updates","duration":2494.7793999999994,"failureMessages":[],"meta":{},"tags":[]},{"ancestorTitles":["SettingsPage"],"fullName":"SettingsPage blocks profile save when the first name is blank after editing","status":"passed","title":"blocks profile save when the first name is blank after editing","duration":849.9375000000018,"failureMessages":[],"meta":{},"tags":[]},{"ancestorTitles":["SettingsPage"],"fullName":"SettingsPage blocks profile save when the phone number format is invalid","status":"passed","title":"blocks profile save when the phone number format is invalid","duration":778.518500000002,"failureMessages":[],"meta":{},"tags":[]}],"startTime":1774820247693,"endTime":1774820251819.5186,"status":"passed","message":"","name":"C:/Users/esus_/Documents/AI/ZTWQ/c2pro/apps/web/app/(app)/settings/page.test.tsx"},{"assertionResults":[{"ancestorTitles":["StakeholdersPage backend project integration"],"fullName":"StakeholdersPage backend project integration loads project options from the backend and routes the selected project into the matrix","status":"passed","title":"loads project options from the backend and routes the selected project into the matrix","duration":1154.6003999999994,"failureMessages":[],"meta":{},"tags":[]}],"startTime":1774820310947,"endTime":1774820312101.6003,"status":"passed","message":"","name":"C:/Users/esus_/Documents/AI/ZTWQ/c2pro/apps/web/app/(app)/stakeholders/page.test.tsx"},{"assertionResults":[{"ancestorTitles":["API proxy coherence routing"],"fullName":"API proxy coherence routing routes coherence paths to canonical backend namespace","status":"passed","title":"routes coherence paths to canonical backend namespace","duration":23.01720000000023,"failureMessages":[],"meta":{},"tags":[]},{"ancestorTitles":["API proxy coherence routing"],"fullName":"API proxy coherence routing routes /api/coherence/... paths (Orval legacy) to canonical backend namespace","status":"passed","title":"routes /api/coherence/... paths (Orval legacy) to canonical backend namespace","duration":3.946799999999712,"failureMessages":[],"meta":{},"tags":[]},{"ancestorTitles":["API proxy coherence routing"],"fullName":"API proxy coherence routing keeps regular API paths on the standard v1 namespace","status":"passed","title":"keeps regular API paths on the standard v1 namespace","duration":2.1556000000000495,"failureMessages":[],"meta":{},"tags":[]},{"ancestorTitles":["API proxy coherence routing"],"fullName":"API proxy coherence routing preserves backend 401 responses for the frontend auth handler","status":"passed","title":"preserves backend 401 responses for the frontend auth handler","duration":40.86080000000038,"failureMessages":[],"meta":{},"tags":[]}],"startTime":1774820516086,"endTime":1774820516156.8608,"status":"passed","message":"","name":"C:/Users/esus_/Documents/AI/ZTWQ/c2pro/apps/web/app/api/[...proxy]/route.test.ts"},{"assertionResults":[{"ancestorTitles":["AnalysisProgressTracker"],"fullName":"AnalysisProgressTracker turns stream auth loss into a session-expired state","status":"passed","title":"turns stream auth loss into a session-expired state","duration":340.8815000000013,"failureMessages":[],"meta":{},"tags":[]}],"startTime":1774820408252,"endTime":1774820408592.8816,"status":"passed","message":"","name":"C:/Users/esus_/Documents/AI/ZTWQ/c2pro/apps/web/components/features/analysis/AnalysisProgressTracker.test.tsx"},{"assertionResults":[{"ancestorTitles":["S3-06 RED - alert undo manager"],"fullName":"S3-06 RED - alert undo manager [S3-06-RED-UNIT-01] restores last mutation within TTL window","status":"passed","title":"[S3-06-RE
[...]
lName":"S2-12 integration scaffold 04 asserts stage ordering invariants 04","status":"passed","title":"asserts stage ordering invariants 04","duration":12.186500000001615,"failureMessages":[],"meta":{},"tags":[]}],"startTime":1774820538850,"endTime":1774820538862.1865,"status":"passed","message":"","name":"C:/Users/esus_/Documents/AI/ZTWQ/c2pro/apps/web/src/tests/integration/s2-12/s2-12-integration-04.test.ts"},{"assertionResults":[{"ancestorTitles":["S2-12 integration scaffold 05"],"fullName":"S2-12 integration scaffold 05 asserts stage ordering invariants 05","status":"passed","title":"asserts stage ordering invariants 05","duration":5.742199999998775,"failureMessages":[],"meta":{},"tags":[]}],"startTime":1774820515997,"endTime":1774820516002.7422,"status":"passed","message":"","name":"C:/Users/esus_/Documents/AI/ZTWQ/c2pro/apps/web/src/tests/integration/s2-12/s2-12-integration-05.test.ts"},{"assertionResults":[{"ancestorTitles":["S2-12 integration scaffold 06"],"fullName":"S2-12 integration scaffold 06 asserts stage ordering invariants 06","status":"passed","title":"asserts stage ordering invariants 06","duration":5.951499999999214,"failureMessages":[],"meta":{},"tags":[]}],"startTime":1774820633074,"endTime":1774820633079.9514,"status":"passed","message":"","name":"C:/Users/esus_/Documents/AI/ZTWQ/c2pro/apps/web/src/tests/integration/s2-12/s2-12-integration-06.test.ts"},{"assertionResults":[{"ancestorTitles":["S2-12 integration scaffold 07"],"fullName":"S2-12 integration scaffold 07 asserts stage ordering invariants 07","status":"passed","title":"asserts stage ordering invariants 07","duration":7.417999999999665,"failureMessages":[],"meta":{},"tags":[]}],"startTime":1774820539551,"endTime":1774820539558.418,"status":"passed","message":"","name":"C:/Users/esus_/Documents/AI/ZTWQ/c2pro/apps/web/src/tests/integration/s2-12/s2-12-integration-07.test.ts"},{"assertionResults":[{"ancestorTitles":["S2-12 integration scaffold 08"],"fullName":"S2-12 integration scaffold 08 asserts stage ordering invariants 08","status":"passed","title":"asserts stage ordering invariants 08","duration":19.653000000000247,"failureMessages":[],"meta":{},"tags":[]}],"startTime":1774820553698,"endTime":1774820553717.653,"status":"passed","message":"","name":"C:/Users/esus_/Documents/AI/ZTWQ/c2pro/apps/web/src/tests/integration/s2-12/s2-12-integration-08.test.ts"},{"assertionResults":[{"ancestorTitles":["S2-12 integration scaffold 09"],"fullName":"S2-12 integration scaffold 09 asserts stage ordering invariants 09","status":"passed","title":"asserts stage ordering invariants 09","duration":5.737299999998868,"failureMessages":[],"meta":{},"tags":[]}],"startTime":1774820602498,"endTime":1774820602503.7373,"status":"passed","message":"","name":"C:/Users/esus_/Documents/AI/ZTWQ/c2pro/apps/web/src/tests/integration/s2-12/s2-12-integration-09.test.ts"},{"assertionResults":[{"ancestorTitles":["S2-12 integration scaffold 10"],"fullName":"S2-12 integration scaffold 10 asserts stage ordering invariants 10","status":"passed","title":"asserts stage ordering invariants 10","duration":16.56500000000051,"failureMessages":[],"meta":{},"tags":[]}],"startTime":1774820601426,"endTime":1774820601442.565,"status":"passed","message":"","name":"C:/Users/esus_/Documents/AI/ZTWQ/c2pro/apps/web/src/tests/integration/s2-12/s2-12-integration-10.test.ts"},{"assertionResults":[{"ancestorTitles":["S2-12 integration scaffold 11"],"fullName":"S2-12 integration scaffold 11 asserts stage ordering invariants 11","status":"passed","title":"asserts stage ordering invariants 11","duration":8.28269999999975,"failureMessages":[],"meta":{},"tags":[]}],"startTime":1774820625337,"endTime":1774820625345.2827,"status":"passed","message":"","name":"C:/Users/esus_/Documents/AI/ZTWQ/c2pro/apps/web/src/tests/integration/s2-12/s2-12-integration-11.test.ts"},{"assertionResults":[{"ancestorTitles":["S3-10 RED - session filter persistence integration"],"fullName":"S3-10 RED - session filter persistence integration [S3-10-RED-INT-01] restores filters after remount refresh","status":"passed","title":"[S3-10-RED-INT-01] restores filters after remount refresh","duration":1067.599400000001,"failureMessages":[],"meta":{},"tags":[]},{"ancestorTitles":["S3-10 RED - session filter persistence integration"],"fullName":"S3-10 RED - session filter persistence integration [S3-10-RED-INT-02] project namespace isolation keeps filters separate","status":"passed","title":"[S3-10-RED-INT-02] project namespace isolation keeps filters separate","duration":107.08440000000155,"failureMessages":[],"meta":{},"tags":[]},{"ancestorTitles":["S3-10 RED - session filter persistence integration"],"fullName":"S3-10 RED - session filter persistence integration [S3-10-RED-INT-03] malformed payload falls back to defaults with non-blocking warning","status":"passed","title":"[S3-10-RED-INT-03] malformed payload falls back to defaults with non-blocking warning","duration":62.04789999999957,"failureMessages":[],"meta":{},"tags":[]},{"ancestorTitles":["S3-10 RED - session filter persistence integration"],"fullName":"S3-10 RED - session filter persistence integration [S3-10-RED-INT-04] hydrated filters trigger immediate refetch contract","status":"passed","title":"[S3-10-RED-INT-04] hydrated filters trigger immediate refetch contract","duration":18.586100000000442,"failureMessages":[],"meta":{},"tags":[]}],"startTime":1774820338319,"endTime":1774820339574.5862,"status":"passed","message":"","name":"C:/Users/esus_/Documents/AI/ZTWQ/c2pro/apps/web/src/tests/integration/filters/S3-10-session-filter-persistence.integration.test.tsx"},{"assertionResults":[{"ancestorTitles":["S3-11 RED - onboarding sample project integration"],"fullName":"S3-11 RED - onboarding sample project integration [S3-11-RED-INT-01] start CTA provisions sample project and routes to workspace","status":"passed","title":"[S3-11-RED-INT-01] start CTA provisions sample project and routes to workspace","duration":151.7428,"failureMessages":[],"meta":{},"tags":[]},{"ancestorTitles":["S3-11 RED - onboarding sample project integration"],"fullName":"S3-11 RED - onboarding sample project integration [S3-11-RED-INT-02] existing sample project is reused idempotently","status":"passed","title":"[S3-11-RED-INT-02] existing sample project is reused idempotently","duration":43.62339999999858,"failureMessages":[],"meta":{},"tags":[]},{"ancestorTitles":["S3-11 RED - onboarding sample project integration"],"fullName":"S3-11 RED - onboarding sample project integration [S3-11-RED-INT-03] ready workspace hydrates core widgets for time-to-value","status":"passed","title":"[S3-11-RED-INT-03] ready workspace hydrates core widgets for time-to-value","duration":27.96099999999933,"failureMessages":[],"meta":{},"tags":[]},{"ancestorTitles":["S3-11 RED - onboarding sample project integration"],"fullName":"S3-11 RED - onboarding sample project integration [S3-11-RED-INT-04] failure/retry recovers while preserving onboarding context","status":"passed","title":"[S3-11-RED-INT-04] failure/retry recovers while preserving onboarding context","duration":42.75280000000021,"failureMessages":[],"meta":{},"tags":[]},{"ancestorTitles":["S3-11 RED - onboarding sample project integration"],"fullName":"S3-11 RED - onboarding sample project integration [S3-11-RED-INT-05] emits time-to-value telemetry sequence","status":"passed","title":"[S3-11-RED-INT-05] emits time-to-value telemetry sequence","duration":23.051400000000285,"failureMessages":[],"meta":{},"tags":[]}],"startTime":1774820398730,"endTime":1774820399020.0515,"status":"passed","message":"","name":"C:/Users/esus_/Documents/AI/ZTWQ/c2pro/apps/web/src/tests/integration/onboarding/S3-11-sample-project.integration.test.tsx"},{"assertionResults":[{"ancestorTitles":["S3-07 RED - severity/map/raci integration"],"fullName":"S3-07 RED - severity/map/raci integration [S3-07-RED-INT-01] alert row severity badge links to stakeholder node highlight","status":"passed","title":"[S3-07-RED-INT-01] alert row severity badge links to stakeholder node highlight","duration":973.2654999999995,"failureMessages":[],"meta":{},"tags":[]},{"ancestorTitles":["S3-07 RED - severity/map/raci integration"],"fullName":"S3-07 RED - severity/map/raci integration [S3-07-RED-INT-02] selecting stakeholder node syncs RACI row focus and alert filtering","status":"passed","title":"[S3-07-RED-INT-02] selecting stakeholder node syncs RACI row focus and alert filtering","duration":33.54899999999907,"failureMessages":[],"meta":{},"tags":[]},{"ancestorTitles":["S3-07 RED - severity/map/raci integration"],"fullName":"S3-07 RED - severity/map/raci integration [S3-07-RED-INT-03] RACI edit recomputes map overlays consistently","status":"passed","title":"[S3-07-RED-INT-03] RACI edit recomputes map overlays consistently","duration":129.84490000000005,"failureMessages":[],"meta":{},"tags":[]},{"ancestorTitles":["S3-07 RED - severity/map/raci integration"],"fullName":"S3-07 RED - severity/map/raci integration [S3-07-RED-INT-04] blocks save when multiple Accountable are assigned","status":"passed","title":"[S3-07-RED-INT-04] blocks save when multiple Accountable are assigned","duration":615.313900000001,"failureMessages":[],"meta":{},"tags":[]}],"startTime":1774820306916,"endTime":1774820308668.314,"status":"passed","message":"","name":"C:/Users/esus_/Documents/AI/ZTWQ/c2pro/apps/web/src/tests/integration/stakeholders/S3-07-severity-raci.integration.test.tsx"},{"assertionResults":[{"ancestorTitles":["S2-09 RED - chunk upload integration"],"fullName":"S2-09 RED - chunk upload integration [S2-09-RED-05] sends required upload metadata contract on each chunk","status":"passed","title":"[S2-09-RED-05] sends required upload metadata contract on each chunk","duration":208.7546000000002,"failureMessages":[],"meta":{},"tags":[]},{"ancestorTitles":["S2-09 RED - chunk upload integration"],"fullName":"S2-09 RED - chunk upload integration [S2-09-RED-06] retries only failed chunk and then completes upload","status":"passed","title":"[S2-09-RED-06] retries only failed chunk and then completes upload","duration":55.590799999999945,"failureMessages":[],"meta":{},"tags":[]}],"startTime":1774820409148,"endTime":1774820409413.5908,"status":"passed","message":"","name":"C:/Users/esus_/Documents/AI/ZTWQ/c2pro/apps/web/src/tests/integration/uploads/S2-09-chunk-upload.integration.test.ts"},{"assertionResults":[{"ancestorTitles":["S2-09 RED - upload auth and tenant boundaries"],"fullName":"S2-09 RED - upload auth and tenant boundaries [S2-09-RED-07] rejects upload start when auth context is missing","status":"passed","title":"[S2-09-RED-07] rejects upload start when auth context is missing","duration":136.62840000000142,"failureMessages":[],"meta":{},"tags":[]},{"ancestorTitles":["S2-09 RED - upload auth and tenant boundaries"],"fullName":"S2-09 RED - upload auth and tenant boundaries [S2-09-RED-08] rejects cross-tenant upload attempt","status":"passed","title":"[S2-09-RED-08] rejects cross-tenant upload attempt","duration":35.975399999999354,"failureMessages":[],"meta":{},"tags":[]}],"startTime":1774820458883,"endTime":1774820459055.9753,"status":"passed","message":"","name":"C:/Users/esus_/Documents/AI/ZTWQ/c2pro/apps/web/src/tests/integration/uploads/S2-09-upload-auth.integration.test.tsx"},{"assertionResults":[{"ancestorTitles":["Project alerts route"],"fullName":"Project alerts route loads project alerts through the generated backend query","status":"passed","title":"loads project alerts through the generated backend query","duration":183.79219999999987,"failureMessages":[],"meta":{},"tags":[]}],"startTime":1774820476190,"endTime":1774820476373.7922,"status":"passed","message":"","name":"C:/Users/esus_/Documents/AI/ZTWQ/c2pro/apps/web/app/(app)/projects/[id]/alerts/page.test.tsx"},{"assertionResults":[{"ancestorTitles":["ProjectCoherencePage"],"fullName":"ProjectCoherencePage loads coherence data through the generated backend client","status":"passed","title":"loads coherence data through the generated backend client","duration":235.58909999999923,"failureMessages":[],"meta":{},"tags":[]},{"ancestorTitles":["ProjectCoherencePage"],"fullName":"ProjectCoherencePage shows the backend error banner when coherence loading fails","status":"passed","title":"shows the backend error banner when coherence loading fails","duration":33.794200000000274,"failureMessages":[],"meta":{},"tags":[]}],"startTime":1774820461936,"endTime":1774820462205.7942,"status":"passed","message":"","name":"C:/Users/esus_/Documents/AI/ZTWQ/c2pro/apps/web/app/(app)/projects/[id]/coherence/page.test.tsx"},{"assertionResults":[{"ancestorTitles":["Project analysis page real-data boundary"],"fullName":"Project analysis page real-data boundary renders backend-backed analysis metrics instead of the placeholder card","status":"passed","title":"renders backend-backed analysis metrics instead of the placeholder card","duration":1887.357,"failureMessages":[],"meta":{},"tags":[]}],"startTime":1774820340964,"endTime":1774820342851.357,"status":"passed","message":"","name":"C:/Users/esus_/Documents/AI/ZTWQ/c2pro/apps/web/app/(app)/projects/[id]/analysis/page.test.tsx"},{"assertionResults":[{"ancestorTitles":["ProjectDocumentsPage"],"fullName":"ProjectDocumentsPage shows an empty state when the backend returns no documents","status":"passed","title":"shows an empty state when the backend returns no documents","duration":1179.1387999999988,"failureMessages":[],"meta":{},"tags":[]},{"ancestorTitles":["ProjectDocumentsPage"],"fullName":"ProjectDocumentsPage does not show the empty-project state when filters hide real backend documents","status":"passed","title":"does not show the empty-project state when filters hide real backend documents","duration":386.22849999999926,"failureMessages":[],"meta":{},"tags":[]},{"ancestorTitles":["ProjectDocumentsPage"],"fullName":"ProjectDocumentsPage shows uploaded documents returned by the backend","status":"passed","title":"shows uploaded documents returned by the backend","duration":449.0727999999999,"failureMessages":[],"meta":{},"tags":[]},{"ancestorTitles":["ProjectDocumentsPage"],"fullName":"ProjectDocumentsPage renders summary counters from backend document statuses","status":"passed","title":"renders summary counters from backend document statuses","duration":442.3562000000002,"failureMessages":[],"meta":{},"tags":[]},{"ancestorTitles":["ProjectDocumentsPage"],"fullName":"ProjectDocumentsPage links each document row to the project evidence view with the selected document id","status":"passed","title":"links each document row to the project evidence view with the selected document id","duration":952.5595999999987,"failureMessages":[],"meta":{},"tags":[]},{"ancestorTitles":["ProjectDocumentsPage"],"fullName":"ProjectDocumentsPage shows the backend error state when documents fail to load","status":"passed","title":"shows the backend error state when documents fail to load","duration":121.27069999999912,"failureMessages":[],"meta":{},"tags":[]},{"ancestorTitles":["ProjectDocumentsPage"],"fullName":"ProjectDocumentsPage shows the loading state while documents are being fetched","status":"passed","title":"shows the loading state while documents are being fetched","duration":165.76880000000165,"failureMessages":[],"meta":{},"tags":[]},{"ancestorTitles":["ProjectDocumentsPage"],"fullName":"ProjectDocumentsPage navigates back to the project overview","status":"passed","title":"navigates back to the project overview","duration":242.85609999999724,"failureMessages":[],"meta":{},"tags":[]},{"ancestorTitles":["ProjectDocumentsPage"],"fullName":"ProjectDocumentsPage opens the upload dialog and refetches after a completed upload","status":"passed","title":"opens the upload dialog and refetches after a completed upload","duration":1190.200499999999,"failureMessages":[],"meta":{},"tags":[]},{"ancestorTitles":["ProjectDocumentsPage"],"fullName":"ProjectDocumentsPage opens the delete confirmation dialog for a selected document","status":"passed","title":"opens the delete confirmation dialog for a selected document","duration":799.1542000000009,"failureMessages":[],"meta":{},"tags":[]},{"ancestorTitles":["ProjectDocumentsPage"],"fullName":"ProjectDocumentsPage closes the delete confirmation dialog without deleting when cancel is pressed","status":"passed","title":"closes the delete confirmation dialog without deleting when cancel is pressed","duration":801.5762000000032,"failureMessages":[],"meta":{},"tags":[]},{"ancestorTitles":["ProjectDocumentsPage"],"fullName":"ProjectDocumentsPage deletes the document and refetches the list after confirmation","status":"passed","title":"deletes the document and refetches the list after confirmation","duration":903.706299999998,"failureMessages":[],"meta":{},"tags":[]},{"ancestorTitles":["ProjectDocumentsPage"],"fullName":"ProjectDocumentsPage keeps the delete dialog open and skips refetch when deletion fails","status":"passed","title":"keeps the delete dialog open and skips refetch when deletion fails","duration":733.0867999999973,"failureMessages":[],"meta":{},"tags":[]}],"startTime":1774820247349,"endTime":1774820255718.087,"status":"passed","message":"","name":"C:/Users/esus_/Documents/AI/ZTWQ/c2pro/apps/web/app/(app)/projects/[id]/documents/page.test.tsx"},{"assertionResults":[{"ancestorTitles":["EvidencePage highlight mapping"],"fullName":"EvidencePage highlight mapping maps entity selection to the generated highlight id","status":"passed","title":"maps entity selection to the generated highlight id","duration":2558.6597,"failureMessages":[],"meta":{},"tags":[]},{"ancestorTitles":["EvidencePage highlight mapping"],"fullName":"EvidencePage highlight mapping maps viewer highlight clicks back to the entity id","status":"passed","title":"maps viewer highlight clicks back to the entity id","duration":603.3499999999985,"failureMessages":[],"meta":{},"tags":[]},{"ancestorTitles":["EvidencePage highlight mapping"],"fullName":"EvidencePage highlight mapping wires entity approval to the backend approval endpoint","status":"passed","title":"wires entity approval to the backend approval endpoint","duration":532.3007999999991,"failureMessages":[],"meta":{},"tags":[]},{"ancestorTitles":["EvidencePage highlight mapping"],"fullName":"EvidencePage highlight mapping wires alert resolution actions to backend endpoints","status":"passed","title":"wires alert resolution actions to backend endpoints","duration":658.1574,"failureMessages":[],"meta":{},"tags":[]},{"ancestorTitles":["EvidencePage highlight mapping"],"fullName":"EvidencePage highlight mapping searches highlights and focuses the selected match","status":"passed","title":"searches highlights and focuses the selected match","duration":915.2295000000013,"failureMessages":[],"meta":{},"tags":[]},{"ancestorTitles":["EvidencePage highlight mapping"],"fullName":"EvidencePage highlight mapping renders an interactive relationship graph and focuses linked evidence from graph nodes","status":"passed","title":"renders an interactive relationship graph and focuses linked evidence from graph nodes","duration":917.9321999999993,"failureMessages":[],"meta":{},"tags":[]},{"ancestorTitles":["EvidencePage highlight mapping"],"fullName":"EvidencePage highlight mapping opens evidence templates and previews the selected review template","status":"passed","title":"opens evidence templates and previews the selected review template","duration":1474.9052999999985,"failureMessages":[],"meta":{},"tags":[]},{"ancestorTitles":["EvidencePage highlight mapping"],"fullName":"EvidencePage highlight mapping exports the active evidence view to JSON, CSV, and PDF","status":"passed","title":"exports the active evidence view to JSON, CSV, and PDF","duration":975.3654999999999,"failureMessages":[],"meta":{},"tags":[]}],"startTime":1774820247077,"endTime":1774820255714.3655,"status":"passed","message":"","name":"C:/Users/esus_/Documents/AI/ZTWQ/c2pro/apps/web/app/(app)/projects/[id]/evidence/page.test.tsx"}]}