{"numTotalTestSuites":371,"numPassedTestSuites":354,"numFailedTestSuites":17,"numPendingTestSuites":0,"numTotalTests":373,"numPassedTests":351,"numFailedTests":22,"numPendingTests":0,"numTodoTests":0,"snapshot":{"added":0,"failure":false,"filesAdded":0,"filesRemoved":0,"filesRemovedList":[],"filesUnmatched":0,"filesUpdated":0,"matched":0,"total":0,"unchecked":0,"uncheckedKeysByFile":[],"unmatched":0,"updated":0,"didUpdate":false},"startTime":1772955079943,"success":false,"testResults":[{"assertionResults":[{"ancestorTitles":["RootLayout local fonts"],"fullName":"RootLayout local fonts applies local font variables to the html element","status":"passed","title":"applies local font variables to the html element","duration":18.026399999995192,"failureMessages":[],"meta":{}},{"ancestorTitles":["RootLayout local fonts"],"fullName":"RootLayout local fonts includes required local font files for next/font/local","status":"passed","title":"includes required local font files for next/font/local","duration":4.537500000005821,"failureMessages":[],"meta":{}}],"startTime":1772955492976,"endTime":1772955492999.5376,"status":"passed","message":"","name":"C:/Users/esus_/Documents/AI/ZTWQ/c2pro/apps/web/app/layout.test.tsx"},{"assertionResults":[{"ancestorTitles":["RootPage"],"fullName":"RootPage redirects authenticated users with null role to default dashboard","status":"passed","title":"redirects authenticated users with null role to default dashboard","duration":210.91890000000058,"failureMessages":[],"meta":{}},{"ancestorTitles":["RootPage"],"fullName":"RootPage shows landing page when user is not authenticated","status":"passed","title":"shows landing page when user is not authenticated","duration":118.22620000000097,"failureMessages":[],"meta":{}}],"startTime":1772955369619,"endTime":1772955369949.2263,"status":"passed","message":"","name":"C:/Users/esus_/Documents/AI/ZTWQ/c2pro/apps/web/app/page.test.tsx"},{"assertionResults":[{"ancestorTitles":["AuthContext (Clerk-backed)"],"fullName":"AuthContext (Clerk-backed) exposes auth state derived from Clerk","status":"passed","title":"exposes auth state derived from Clerk","duration":267.6784000000007,"failureMessages":[],"meta":{}}],"startTime":1772955393601,"endTime":1772955393868.6785,"status":"passed","message":"","name":"C:/Users/esus_/Documents/AI/ZTWQ/c2pro/apps/web/contexts/AuthContext.test.tsx"},{"assertionResults":[{"ancestorTitles":["useCountUp"],"fullName":"useCountUp counts up to the target value","status":"passed","title":"counts up to the target value","duration":248.33850000000166,"failureMessages":[],"meta":{}}],"startTime":1772955396246,"endTime":1772955396494.3384,"status":"passed","message":"","name":"C:/Users/esus_/Documents/AI/ZTWQ/c2pro/apps/web/hooks/useCountUp.test.tsx"},{"assertionResults":[{"ancestorTitles":["useAppModeStore"],"fullName":"useAppModeStore defaults to demo when NEXT_PUBLIC_APP_MODE=demo","status":"passed","title":"defaults to demo when NEXT_PUBLIC_APP_MODE=demo","duration":483.1094000000012,"failureMessages":[],"meta":{}},{"ancestorTitles":["useAppModeStore"],"fullName":"useAppModeStore allows switching modes","status":"passed","title":"allows switching modes","duration":29.59570000000531,"failureMessages":[],"meta":{}},{"ancestorTitles":["useAppModeStore"],"fullName":"useAppModeStore selectIsDemoMode returns true only in demo mode","status":"passed","title":"selectIsDemoMode returns true only in demo mode","duration":68.60780000000523,"failureMessages":[],"meta":{}}],"startTime":1772955447836,"endTime":1772955448417.608,"status":"passed","message":"","name":"C:/Users/esus_/Documents/AI/ZTWQ/c2pro/apps/web/stores/app-mode.test.ts"},{"assertionResults":[{"ancestorTitles":["useAuthStore"],"fullName":"useAuthStore defaults to null token and tenant","status":"passed","title":"defaults to null token and tenant","duration":32.39130000000296,"failureMessages":[],"meta":{}},{"ancestorTitles":["useAuthStore"],"fullName":"useAuthStore updates token and tenant via setAuth and clears state","status":"passed","title":"updates token and tenant via setAuth and clears state","duration":11.757499999992433,"failureMessages":[],"meta":{}}],"startTime":1772955730046,"endTime":1772955730090.7576,"status":"passed","message":"","name":"C:/Users/esus_/Documents/AI/ZTWQ/c2pro/apps/web/stores/auth.test.ts"},{"assertionResults":[{"ancestorTitles":["useFilterStore"],"fullName":"useFilterStore toggles severities and categories","status":"passed","title":"toggles severities and categories","duration":69.95620000000054,"failureMessages":[],"meta":{}},{"ancestorTitles":["useFilterStore"],"fullName":"useFilterStore updates search and clears filters","status":"passed","title":"updates search and clears filters","duration":61.87860000001092,"failureMessages":[],"meta":{}}],"startTime":1772955766297,"endTime":1772955766429.8787,"status":"passed","message":"","name":"C:/Users/esus_/Documents/AI/ZTWQ/c2pro/apps/web/stores/filters.test.ts"},{"assertionResults":[{"ancestorTitles":["processing store"],"fullName":"processing store clears a project job","status":"passed","title":"clears a project job","duration":91.02069999999367,"failureMessages":[],"meta":{}},{"ancestorTitles":["processing store"],"fullName":"processing store updates processing stages per project","status":"passed","title":"updates processing stages per project","duration":83.00400000000081,"failureMessages":[],"meta":{}},{"ancestorTitles":["processing store"],"fullName":"processing store marks a job as complete when the complete stage arrives","status":"passed","title":"marks a job as complete when the complete stage arrives","duration":1.308499999999185,"failureMessages":[],"meta":{}}],"startTime":1772955738758,"endTime":1772955738980.3086,"status":"passed","message":"","name":"C:/Users/esus_/Documents/AI/ZTWQ/c2pro/apps/web/stores/processing.test.ts"},{"assertionResults":[{"ancestorTitles":["useSidebarStore"],"fullName":"useSidebarStore toggles collapsed state","status":"passed","title":"toggles collapsed state","duration":5.004200000003038,"failureMessages":[],"meta":{}},{"ancestorTitles":["useSidebarStore"],"fullName":"useSidebarStore updates width","status":"passed","title":"updates width","duration":0.8343000000022585,"failureMessages":[],"meta":{}}],"startTime":1772955572866,"endTime":1772955572871.8342,"status":"passed","message":"","name":"C:/Users/esus_/Documents/AI/ZTWQ/c2pro/apps/web/stores/sidebar.test.ts"},{"assertionResults":[{"ancestorTitles":["ProtectedRoute"],"fullName":"ProtectedRoute renders a loading state while auth is loading","status":"passed","title":"renders a loading state while auth is loading","duration":408.9997000000003,"failureMessages":[],"meta":{}},{"ancestorTitles":["ProtectedRoute"],"fullName":"ProtectedRoute redirects to login when unauthenticated","status":"passed","title":"redirects to login when unauthenticated","duration":22.79149999999936,"failureMessages":[],"meta":{}},{"ancestorTitles":["ProtectedRoute"],"fullName":"ProtectedRoute renders children when authenticated","status":"passed","title":"renders children when authenticated","duration":29.07220000000234,"failureMessages":[],"meta":{}}],"startTime":1772955270595,"endTime":1772955271057.0723,"status":"passed","message":"","name":"C:/Users/esus_/Documents/AI/ZTWQ/c2pro/apps/web/components/auth/ProtectedRoute.test.tsx"},{"assertionResults":[{"ancestorTitles":["AppHeader"],"fullName":"AppHeader renders the header banner and default title","status":"passed","title":"renders the header banner and default title","duration":583.0378999999994,"failureMessages":[],"meta":{}},{"ancestorTitles":["AppHeader"],"fullName":"AppHeader renders breadcrumb navigation when provided","status":"passed","title":"renders breadcrumb navigation when provided","duration":162.52999999999884,"failureMessages":[],"meta":{}},{"ancestorTitles":["AppHeader"],"fullName":"AppHeader exposes accessible controls for search, notifications, and user menu","status":"passed","title":"exposes accessible controls for search, notifications, and user menu","duration":2048.4234000000033,"failureMessages":[],"meta":{}}],"startTime":1772955112205,"endTime":1772955114999.4233,"status":"passed","message":"","name":"C:/Users/esus_/Documents/AI/ZTWQ/c2pro/apps/web/components/layout/AppHeader.test.tsx"},{"assertionResults":[{"ancestorTitles":["AppSidebar"],"fullName":"AppSidebar renders primary navigation with active link state","status":"passed","title":"renders primary navigation with active link state","duration":730.1386999999995,"failureMessages":[],"meta":{}},{"ancestorTitles":["AppSidebar"],"fullName":"AppSidebar toggles collapsed state via the control button","status":"passed","title":"toggles collapsed state via the control button","duration":470.09440000000177,"failureMessages":[],"meta":{}}],"startTime":1772955169966,"endTime":1772955171166.0945,"status":"passed","message":"","name":"C:/Users/esus_/Documents/AI/ZTWQ/c2pro/apps/web/components/layout/AppSidebar.test.tsx"},{"assertionResults":[{"ancestorTitles":["DemoBanner"],"fullName":"DemoBanner renders demo status messaging with the provided project name","status":"passed","title":"renders demo status messaging with the provided project name","duration":527.1157999999996,"failureMessages":[],"meta":{}},{"ancestorTitles":["DemoBanner"],"fullName":"DemoBanner fires the dismiss callback when clicked","status":"passed","title":"fires the dismiss callback when clicked","duration":216.53340000000026,"failureMessages":[],"meta":{}}],"startTime":1772955184570,"endTime":1772955185315.5334,"status":"passed","message":"","name":"C:/Users/esus_/Documents/AI/ZTWQ/c2pro/apps/web/components/layout/DemoBanner.test.tsx"},{"assertionResults":[{"ancestorTitles":["ProjectTabs"],"fullName":"ProjectTabs renders the 7 project detail tabs with correct links","status":"passed","title":"renders the 7 project detail tabs with correct links","duration":579.7246999999988,"failureMessages":[],"meta":{}}],"startTime":1772955243419,"endTime":1772955243998.7246,"status":"passed","message":"","name":"C:/Users/esus_/Documents/AI/ZTWQ/c2pro/apps/web/components/layout/ProjectTabs.test.tsx"},{"assertionResults":[{"ancestorTitles":["ThemeToggle"],"fullName":"ThemeToggle toggles from light to dark when activated","status":"passed","title":"toggles from light to dark when activated","duration":531.5872999999992,"failureMessages":[],"meta":{}},{"ancestorTitles":["ThemeToggle"],"fullName":"ThemeToggle toggles from dark to light when activated","status":"passed","title":"toggles from dark to light when activated","duration":142.4971000000005,"failureMessages":[],"meta":{}}],"startTime":1772955185829,"endTime":1772955186504.497,"status":"passed","message":"","name":"C:/Users/esus_/Documents/AI/ZTWQ/c2pro/apps/web/components/layout/ThemeToggle.test.tsx"},{"assertionResults":[{"ancestorTitles":["AuthSync"],"fullName":"AuthSync syncs Clerk token and tenant id into Zustand","status":"passed","title":"syncs Clerk token and tenant id into Zustand","duration":495.6977999999981,"failureMessages":[],"meta":{}},{"ancestorTitles":["AuthSync"],"fullName":"AuthSync clears the query cache on org switch","status":"passed","title":"clears the query cache on org switch","duration":129.39519999999902,"failureMessages":[],"meta":{}}],"startTime":1772955317839,"endTime":1772955318465.3953,"status":"passed","message":"","name":"C:/Users/esus_/Documents/AI/ZTWQ/c2pro/apps/web/components/providers/AuthSync.test.tsx"},{"assertionResults":[{"ancestorTitles":["SentryInit"],"fullName":"SentryInit initializes Sentry without Replay integration in Sprint 1","status":"passed","title":"initializes Sentry without Replay integration in Sprint 1","duration":154.53489999999874,"failureMessages":[],"meta":{}},{"ancestorTitles":["SentryInit"],"fullName":"SentryInit rejects invalid DSN project ids","status":"passed","title":"rejects invalid DSN project ids","duration":4.944999999999709,"failureMessages":[],"meta":{}}],"startTime":1772955412752,"endTime":1772955412911.945,"status":"passed","message":"","name":"C:/Users/esus_/Documents/AI/ZTWQ/c2pro/apps/web/components/providers/SentryInit.test.tsx"},{"assertionResults":[{"ancestorTitles":["Accordion"],"fullName":"Accordion expands content when trigger is clicked","status":"passed","title":"expands content when trigger is clicked","duration":1237.5820000000022,"failureMessages":[],"meta":{}}],"startTime":1772955223720,"endTime":1772955224957.582,"status":"passed","message":"","name":"C:/Users/esus_/Documents/AI/ZTWQ/c2pro/apps/web/components/ui/accordion.test.tsx"},{"assertionResults":[{"ancestorTitles":["AlertDialog"],"fullName":"AlertDialog opens and shows confirm/cancel actions","status":"passed","title":"opens and shows confirm/cancel actions","duration":3545.541300000001,"failureMessages":[],"meta":{}}],"startTime":1772955219630,"endTime":1772955223175.5413,"status":"passed","message":"","name":"C:/Users/esus_/Documents/AI/ZTWQ/c2pro/apps/web/components/ui/alert-dialog.test.tsx"},{"assertionResults":[{"ancestorTitles":["Alert"],"fullName":"Alert renders alert title and description","status":"passed","title":"renders alert title and description","duration":507.93429999999717,"failureMessages":[],"meta":{}}],"startTime":1772955292984,"endTime":1772955293491.9343,"status":"passed","message":"","name":"C:/Users/esus_/Documents/AI/ZTWQ/c2pro/apps/web/components/ui/alert.test.tsx"},{"assertionResults":[{"ancestorTitles":["Avatar"],"fullName":"Avatar renders fallback content when provided","status":"passed","title":"renders fallback content when provided","duration":478.27820000000065,"failureMessages":[],"meta":{}}],"startTime":1772955374301,"endTime":1772955374779.2783,"status":"passed","message":"","name":"C:/Users/esus_/Documents/AI/ZTWQ/c2pro/apps/web/components/ui/avatar.test.tsx"},{"assertionResults":[{"ancestorTitles":["Badge"],"fullName":"Badge renders with default variant styles","status":"passed","title":"renders with default variant styles","duration":184.72559999999794,"failureMessages":[],"meta":{}},{"ancestorTitles":["Badge"],"fullName":"Badge supports success variant styles","status":"passed","title":"supports success variant styles","duration":23.007700000001932,"failureMessages":[],"meta":{}}],"startTime":1772955345094,"endTime":1772955345302.0078,"status":"passed","message":"","name":"C:/Users/esus_/Documents/AI/ZTWQ/c2pro/apps/web/components/ui/badge.test.tsx"},{"assertionResults":[{"ancestorTitles":["Button"],"fullName":"Button renders a button with default variant classes","status":"passed","title":"renders a button with default variant classes","duration":528.5004000000008,"failureMessages":[],"meta":{}},{"ancestorTitles":["Button"],"fullName":"Button supports rendering as a child element","status":"passed","title":"supports rendering as a child element","duration":42.43119999999908,"failureMessages":[],"meta":{}}],"startTime":1772955261603,"endTime":1772955262173.4312,"status":"passed","message":"","name":"C:/Users/esus_/Documents/AI/ZTWQ/c2pro/apps/web/components/ui/button.test.tsx"},{"assertionResults":[{"ancestorTitles":["Card"],"fullName":"Card renders the card subcomponents with content","status":"passed","title":"renders the card subcomponents with content","duration":273.2577999999994,"failureMessages":[],"meta":{}}],"startTime":1772955348438,"endTime":1772955348711.2578,"status":"passed","message":"","name":"C:/Users/esus_/Documents/AI/ZTWQ/c2pro/apps/web/components/ui/card.test.tsx"},{"assertionResults":[{"ancestorTitles":["Checkbox"],"fullName":"Checkbox renders an unchecked checkbox","status":"passed","title":"renders an unchecked checkbox","duration":465.9205000000002,"failureMessages":[],"meta":{}},{"ancestorTitles":["Checkbox"],"fullName":"Checkbox renders a checked checkbox","status":"passed","title":"renders a checked checkbox","duration":151.98890000000029,"failureMessages":[],"meta":{}}],"startTime":1772955236660,"endTime":1772955237277.989,"status":"passed","message":"","name":"C:/Users/esus_/Documents/AI/ZTWQ/c2pro/apps/web/components/ui/checkbox.test.tsx"},{"assertionResults":[{"ancestorTitles":["Dialog"],"fullName":"Dialog opens and shows content","status":"passed","title":"opens and shows content","duration":1113.2760999999991,"failureMessages":[],"meta":{}}],"startTime":1772955166868,"endTime":1772955167981.2761,"status":"passed","message":"","name":"C:/Users/esus_/Documents/AI/ZTWQ/c2pro/apps/web/components/ui/dialog.test.tsx"},{"assertionResults":[{"ancestorTitles":["DropdownMenu"],"fullName":"DropdownMenu opens and renders menu items","status":"passed","title":"opens and renders menu items","duration":1296.677499999998,"failureMessages":[],"meta":{}}],"startTime":1772955163019,"endTime":1772955164315.6775,"status":"passed","message":"","name":"C:/Users/esus_/Documents/AI/ZTWQ/c2pro/apps/web/components/ui/dropdown-menu.test.tsx"},{"assertionResults":[{"ancestorTitles":["Input"],"fullName":"Input renders an input with provided placeholder","status":"passed","title":"renders an input with provided placeholder","duration":205.08539999999994,"failureMessages":[],"meta":{}},{"ancestorTitles":["Input"],"fullName":"Input supports disabled state","status":"passed","title":"supports disabled state","duration":43.73189999999886,"failureMessages":[],"meta":{}}],"startTime":1772955360702,"endTime":1772955360951.732,"status":"passed","message":"","name":"C:/Users/esus_/Documents/AI/ZTWQ/c2pro/apps/web/components/ui/input.test.tsx"},{"assertionResults":[{"ancestorTitles":["Label"],"fullName":"Label associates with a form control","status":"passed","title":"associates with a form control","duration":450.15959999999905,"failureMessages":[],"meta":{}}],"startTime":1772955386925,"endTime":1772955387375.1597,"status":"passed","message":"","name":"C:/Users/esus_/Documents/AI/ZTWQ/c2pro/apps/web/components/ui/label.test.tsx"},{"assertionResults":[{"ancestorTitles":["Progress"],"fullName":"Progress renders indicator with translated width","status":"passed","title":"renders indicator with translated width","duration":414.33959999999934,"failureMessages":[],"meta":{}}],"startTime":1772955303877,"endTime":1772955304291.3396,"status":"passed","message":"","name":"C:/Users/esus_/Documents/AI/ZTWQ/c2pro/apps/web/components/ui/progress.test.tsx"},{"assertionResults":[{"ancestorTitles":["ScrollArea"],"fullName":"ScrollArea renders content inside the scroll area viewport","status":"passed","title":"renders content inside the scroll area viewport","duration":870.1916999999994,"failureMessages":[],"meta":{}}],"startTime":1772955371118,"endTime":1772955371988.1917,"status":"passed","message":"","name":"C:/Users/esus_/Documents/AI/ZTWQ/c2pro/apps/web/components/ui/scroll-area.test.tsx"},{"assertionResults":[{"ancestorTitles":["Select"],"fullName":"Select opens and allows selecting an option","status":"passed","title":"opens and allows selecting an option","duration":1498.583900000005,"failureMessages":[],"meta":{}}],"startTime":1772955143124,"endTime":1772955144622.584,"status":"passed","message":"","name":"C:/Users/esus_/Documents/AI/ZTWQ/c2pro/apps/web/components/ui/select.test.tsx"},{"assertionResults":[{"ancestorTitles":["Separator"],"fullName":"Separator renders a horizontal separator by default","status":"passed","title":"renders a horizontal separator by default","duration":198.0485000000008,"failureMessages":[],"meta":{}},{"ancestorTitles":["Separator"],"fullName":"Separator renders a vertical separator when orientation is vertical","status":"passed","title":"renders a vertical separator when orientation is vertical","duration":28.186400000002322,"failureMessages":[],"meta":{}}],"startTime":1772955367972,"endTime":1772955368198.1863,"status":"passed","message":"","name":"C:/Users/esus_/Documents/AI/ZTWQ/c2pro/apps/web/components/ui/separator.test.tsx"},{"assertionResults":[{"ancestorTitles":["Sheet"],"fullName":"Sheet opens and renders sheet content","status":"passed","title":"opens and renders sheet content","duration":825.4029999999984,"failureMessages":[],"meta":{}}],"startTime":1772955226958,"endTime":1772955227783.403,"status":"passed","message":"","name":"C:/Users/esus_/Documents/AI/ZTWQ/c2pro/apps/web/components/ui/sheet.test.tsx"},{"assertionResults":[{"ancestorTitles":["Skeleton"],"fullName":"Skeleton renders with default skeleton styles","status":"passed","title":"renders with default skeleton styles","duration":397.3050000000003,"failureMessages":[],"meta":{}}],"startTime":1772955411822,"endTime":1772955412219.305,"status":"passed","message":"","name":"C:/Users/esus_/Documents/AI/ZTWQ/c2pro/apps/web/components/ui/skeleton.test.tsx"},{"assertionResults":[{"ancestorTitles":["Toaster"],"fullName":"Toaster renders without crashing","status":"passed","title":"renders without crashing","duration":397.5737000000008,"failureMessages":[],"meta":{}}],"startTime":1772955309959,"endTime":1772955310356.5737,"status":"passed","message":"","name":"C:/Users/esus_/Documents/AI/ZTWQ/c2pro/apps/web/components/ui/sonner.test.tsx"},{"assertionResults":[{"ancestorTitles":["Switch"],"fullName":"Switch toggles the checked state","status":"passed","title":"toggles the checked state","duration":1106.387999999999,"failureMessages":[],"meta":{}}],"startTime":1772955252120,"endTime":1772955253226.388,"status":"passed","message":"","name":"C:/Users/esus_/Documents/AI/ZTWQ/c2pro/apps/web/components/ui/switch.test.tsx"},{"assertionResults":[{"ancestorTitles":["Table"],"fullName":"Table renders table structure with headers and cells","status":"passed","title":"renders table structure with headers and cells","duration":380.79489999999714,"failureMessages":[],"meta":{}}],"startTime":1772955331953,"endTime":1772955332333.795,"status":"passed","message":"","name":"C:/Users/esus_/Documents/AI/ZTWQ/c2pro/apps/web/components/ui/table.test.tsx"},{"assertionResults":[{"ancestorTitles":["Tabs"],"fullName":"Tabs switches active tab content","status":"passed","title":"switches active tab content","duration":1029.5059,"failureMessages":[],"meta":{}}],"startTime":1772955208011,"endTime":1772955209040.5059,"status":"passed","message":"","name":"C:/Users/esus_/Documents/AI/ZTWQ/c2pro/apps/web/components/ui/tabs.test.tsx"},{"assertionResults":[{"ancestorTitles":["Textarea"],"fullName":"Textarea renders a textarea with placeholder","status":"passed","title":"renders a textarea with placeholder","duration":223.23559999999998,"failureMessages":[],"meta":{}},{"ancestorTitles":["Textarea"],"fullName":"Textarea supports disabled state","status":"passed","title":"supports disabled state","duration":19.27889999999752,"failureMessages":[],"meta":{}}],"startTime":1772955346791,"endTime":1772955347033.2788,"status":"passed","message":"","name":"C:/Users/esus_/Documents/AI/ZTWQ/c2pro/apps/web/components/ui/textarea.test.tsx"},{"assertionResults":[{"ancestorTitles":["Toast"],"fullName":"Toast renders title and description","status":"passed","title":"renders title and description","duration":576.3725999999988,"failureMessages":[],"meta":{}}],"startTime":1772955233685,"endTime":1772955234261.3726,"status":"passed","message":"","name":"C:/Users/esus_/Documents/AI/ZTWQ/c2pro/apps/web/components/ui/toast.test.tsx"},{"assertionResults":[{"ancestorTitles":["Toaster"],"fullName":"Toaster renders toast content from the store","status":"passed","title":"renders toast content from the store","duration":547.7219000000005,"failureMessages":[],"meta":{}}],"startTime":1772955247619,"endTime":1772955248166.722,"status":"passed","message":"","name":"C:/Users/esus_/Documents/AI/ZTWQ/c2pro/apps/web/components/ui/toaster.test.tsx"},{"assertionResults":[{"ancestorTitles":["Tooltip"],"fullName":"Tooltip shows content on hover","status":"passed","title":"shows content on hover","duration":1640.061099999999,"failureMessages":[],"meta":{}}],"startTime":1772955104983,"endTime":1772955106623.061,"status":"passed","message":"","name":"C:/Users/esus_/Documents/AI/ZTWQ/c2pro/apps/web/components/ui/tooltip.test.tsx"},{"assertionResults":[{"ancestorTitles":["useWbsFilter (TS-UAD-WBS-FILTER-001)","Filter by Completion Status"],"fullName":"useWbsFilter (TS-UAD-WBS-FILTER-001) Filter by Completion Status should filter not-started items (completion = 0%)","status":"passed","title":"should filter not-started items (completion = 0%)","duration":243.41860000000088,"failureMessages":[],"meta":{}},{"ancestorTitles":["useWbsFilter (TS-UAD-WBS-FILTER-001)","Filter by Completion Status"],"fullName":"useWbsFilter (TS-UAD-WBS-FILTER-001) Filter by Completion Status should filter in-progress items (completion = 1-99%)","status":"passed","title":"should filter in-progress items (completion = 1-99%)","duration":19.59140000000116,"failureMessages":[],"meta":{}},{"ancestorTitles":["useWbsFilter (TS-UAD-WBS-FILTER-001)","Filter by Completion Status"],"fullName":"useWbsFilter (TS-UAD-WBS-FILTER-001) Filter by Completion Status should filter complete items (completion = 100%)","status":"passed","title":"should filter complete items (completion = 100%)","duration":40.255700000001525,"failureMessages":[],"meta":{}},{"ancestorTitles":["useWbsFilter (TS-UAD-WBS-FILTER-001)","URL Query Parameter Synchronization"],"fullName":"useWbsFilter (TS-UAD-WBS-FILTER-001) URL Query Parameter Synchronization should update URL query params when filter changes","status":"passed","title":"should update URL query params when filter changes","duration":83.61049999999886,"failureMessages":[],"meta":{}},{"ancestorTitles":["useWbsFilter (TS-UAD-WBS-FILTER-001)","URL Query Parameter Synchronization"],"fullName":"useWbsFilter (TS-UAD-WBS-FILTER-001) URL Query Parameter Synchronization should read filter from URL on mount","status":"passed","title":"should read filter from URL on mount","duration":19.63539999999921,"failureMessages":[],"meta":{}},{"ancestorTitles":["useWbsFilter (TS-UAD-WBS-FILTER-001)","localStorage Persistence"],"fullName":"useWbsFilter (TS-UAD-WBS-FILTER-001) localStorage Persistence should persist filter in localStorage","status":"passed","title":"should persist filter in localStorage","duration":26.50239999999758,"failureMessages":[],"meta":{}},{"ancestorTitles":["useWbsFilter (TS-UAD-WBS-FILTER-001)","localStorage Persistence"],"fullName":"useWbsFilter (TS-UAD-WBS-FILTER-001) localStorage Persistence should restore filter from localStorage on mount when no URL param","status":"passed","title":"should restore filter from localStorage on mount when no URL param","duration":21.88039999999819,"failureMessages":[],"meta":{}},{"ancestorTitles":["useWbsFilter (TS-UAD-WBS-FILTER-001)","Filter Operations"],"fullName":"useWbsFilter (TS-UAD-WBS-FILTER-001) Filter Operations should combine multiple filters","status":"passed","title":"should combine multiple filters","duration":62.20600000000195,"failureMessages":[],"meta":{}},{"ancestorTitles":["useWbsFilter (TS-UAD-WBS-FILTER-001)","Filter Operations"],"fullName":"useWbsFilter (TS-UAD-WBS-FILTER-001) Filter Operations should clear filter and show all items","status":"passed","title":"should clear filter and show all items","duration":65.59179999999833,"failureMessages":[],"meta":{}},{"ancestorTitles":["useWbsFilter (TS-UAD-WBS-FILTER-001)","Filter Operations"],"fullName":"useWbsFilter (TS-UAD-WBS-FILTER-001) Filter Operations should return all items when no filter is set","status":"passed","title":"should return all items when no filter is set","duration":12.909500000001572,"failureMessages":[],"meta":{}},{"ancestorTitles":["useWbsFilter (TS-UAD-WBS-FILTER-001)","Filter Operations"],"fullName":"useWbsFilter (TS-UAD-WBS-FILTER-001) Filter Operations should handle empty items array","status":"passed","title":"should handle empty items array","duration":21.841699999997218,"failureMessages":[],"meta":{}}],"startTime":1772955385160,"endTime":1772955385780.8418,"status":"passed","message":"","name":"C:/Users/esus_/Documents/AI/ZTWQ/c2pro/apps/web/hooks/__tests__/useWbsFilter.test.ts"},{"assertionResults":[{"ancestorTitles":["apiClient auth interceptor"],"fullName":"apiClient auth interceptor attaches auth token and tenant id from auth store","status":"passed","title":"attaches auth token and tenant id from auth store","duration":15.715599999995902,"failureMessages":[],"meta":{}}],"startTime":1772955775178,"endTime":1772955775193.7156,"status":"passed","message":"","name":"C:/Users/esus_/Documents/AI/ZTWQ/c2pro/apps/web/lib/api/client.test.ts"},{"assertionResults":[{"ancestorTitles":["TS-INT-NAV-001: Cross-Module Navigation","WBS-Procurement Integration"],"fullName":"TS-INT-NAV-001: Cross-Module Navigation WBS-Procurement Integration should display linked procurement items in WBS detail [TEST-01]","status":"failed","title":"should display linked procurement items in WBS detail [TEST-01]","duration":83.72660000000178,"failureMessages":["Error: WBSDetailWithLinks component not implemented. This is expected during RED phase (TS-INT-NAV-001).\n    at WBSDetailWithLinks (C:\\Users\\esus_\\Documents\\AI\\ZTWQ\\c2pro\\apps\\web\\components\\wbs\\WBSDetailWithLinks.tsx:30:9)\n    at Object.react_stack_bottom_frame (C:\\Users\\esus_\\Documents\\AI\\ZTWQ\\c2pro\\apps\\web\\node_modules\\react-dom\\cjs\\react-dom-client.development.js:23863:20)\n    at renderWithHooks (C:\\Users\\esus_\\Documents\\AI\\ZTWQ\\c2pro\\apps\\web\\node_modules\\react-dom\\cjs\\react-dom-client.development.js:5529:22)\n    at updateFunctionComponent (C:\\Users\\esus_\\Documents\\AI\\ZTWQ\\c2pro\\apps\\web\\node_modules\\react-dom\\cjs\\react-dom-client.development.js:8897:19)\n    at beginWork (C:\\Users\\esus_\\Documents\\AI\\ZTWQ\\c2pro\\apps\\web\\node_modules\\react-dom\\cjs\\react-dom-client.development.js:10522:18)\n    at runWithFiberInDEV (C:\\Users\\esus_\\Documents\\AI\\ZTWQ\\c2pro\\apps\\web\\node_modules\\react-dom\\cjs\\react-dom-client.development.js:1522:13)\n    at performUnitOfWork (C:\\Users\\esus_\\Documents\\AI\\ZTWQ\\c2pro\\apps\\web\\node_modules\\react-dom\\cjs\\react-dom-client.development.js:15140:22)\n    at workLoopSync (C:\\Users\\esus_\\Documents\\AI\\ZTWQ\\c2pro\\apps\\web\\node_modules\\react-dom\\cjs\\react-dom-client.development.js:14956:41)\n    at renderRootSync (C:\\Users\\esus_\\Documents\\AI\\ZTWQ\\c2pro\\apps\\web\\node_modules\\react-dom\\cjs\\react-dom-client.development.js:14936:11)\n    at performWorkOnRoot (C:\\Users\\esus_\\Documents\\AI\\ZTWQ\\c2pro\\apps\\web\\node_modules\\react-dom\\cjs\\react-dom-client.development.js:14462:44)"],"meta":{}},{"ancestorTitles":["TS-INT-NAV-001: Cross-Module Navigation","WBS-Procurement Integration"],"fullName":"TS-INT-NAV-001: Cross-Module Navigation WBS-Procurement Integration should navigate to procurement tab when procurement link clicked [TEST-02]","status":"failed","title":"should navigate to procurement tab when procurement link clicked [TEST-02]","duration":11.139200000001438,"failureMessages":["Error: WBSDetailWithLinks component not implemented. This is expected during RED phase (TS-INT-NAV-001).\n    at WBSDetailWithLinks (C:\\Users\\esus_\\Documents\\AI\\ZTWQ\\c2pro\\apps\\web\\components\\wbs\\WBSDetailWithLinks.tsx:30:9)\n    at Object.react_stack_bottom_frame (C:\\Users\\esus_\\Documents\\AI\\ZTWQ\\c2pro\\apps\\web\\node_modules\\react-dom\\cjs\\react-dom-client.development.js:23863:20)\n    at renderWithHooks (C:\\Users\\esus_\\Documents\\AI\\ZTWQ\\c2pro\\apps\\web\\node_modules\\react-dom\\cjs\\react-dom-client.development.js:5529:22)\n    at updateFunctionComponent (C:\\Users\\esus_\\Documents\\AI\\ZTWQ\\c2pro\\apps\\web\\node_modules\\react-dom\\cjs\\react-dom-client.development.js:8897:19)\n    at beginWork (C:\\Users\\esus_\\Documents\\AI\\ZTWQ\\c2pro\\apps\\web\\node_modules\\react-dom\\cjs\\react-dom-client.development.js:10522:18)\n    at runWithFiberInDEV (C:\\Users\\esus_\\Documents\\AI\\ZTWQ\\c2pro\\apps\\web\\node_modules\\react-dom\\cjs\\react-dom-client.development.js:1522:13)\n    at performUnitOfWork (C:\\Users\\esus_\\Documents\\AI\\ZTWQ\\c2pro\\apps\\web\\node_modules\\react-dom\\cjs\\react-dom-client.development.js:15140:22)\n    at workLoopSync (C:\\Users\\esus_\\Documents\\AI\\ZTWQ\\c2pro\\apps\\web\\node_modules\\react-dom\\cjs\\react-dom-client.development.js:14956:41)\n    at renderRootSync (C:\\Users\\esus_\\Documents\\AI\\ZTWQ\\c2pro\\apps\\web\\node_modules\\react-dom\\cjs\\react-dom-client.development.js:14936:11)\n    at performWorkOnRoot (C:\\Users\\esus_\\Documents\\AI\\ZTWQ\\c2pro\\apps\\web\\node_modules\\react-dom\\cjs\\react-dom-client.development.js:14462:44)"],"meta":{}},{"ancestorTitles":["TS-INT-NAV-001: Cross-Module Navigation","Alert-Entity Integration"],"fullName":"TS-INT-NAV-001: Cross-Module Navigation Alert-Entity Integration should display affected entities in alert detail [TEST-03]","status":"failed","title":"should display affected entities in alert detail [TEST-03]","duration":10.86710000000312,"failureMessages":["Error: AlertDetailWithLinks component not implemented. This is expected during RED phase (TS-INT-NAV-001).\n    at AlertDetailWithLinks (C:\\Users\\esus_\\Documents\\AI\\ZTWQ\\c2pro\\apps\\web\\components\\alerts\\AlertDetailWithLinks.tsx:29:9)\n    at Object.react_stack_bottom_frame (C:\\Users\\esus_\\Documents\\AI\\ZTWQ\\c2pro\\apps\\web\\node_modules\\react-dom\\cjs\\react-dom-client.development.js:23863:20)\n    at renderWithHooks (C:\\Users\\esus_\\Documents\\AI\\ZTWQ\\c2pro\\apps\\web\\node_modules\\react-dom\\cjs\\react-dom-client.development.js:5529:22)\n    at updateFunctionComponent (C:\\Users\\esus_\\Documents\\AI\\ZTWQ\\c2pro\\apps\\web\\node_modules\\react-dom\\cjs\\react-dom-client.development.js:8897:19)\n    at beginWork (C:\\Users\\esus_\\Documents\\AI\\ZTWQ\\c2pro\\apps\\web\\node_modules\\react-dom\\cjs\\react-dom-client.development.js:10522:18)\n    at runWithFiberInDEV (C:\\Users\\esus_\\Documents\\AI\\ZTWQ\\c2pro\\apps\\web\\node_modules\\react-dom\\cjs\\react-dom-client.development.js:1522:13)\n    at performUnitOfWork (C:\\Users\\esus_\\Documents\\AI\\ZTWQ\\c2pro\\apps\\web\\node_modules\\react-dom\\cjs\\react-dom-client.development.js:15140:22)\n    at workLoopSync (C:\\Users\\esus_\\Documents\\AI\\ZTWQ\\c2pro\\apps\\web\\node_modules\\react-dom\\cjs\\react-dom-client.development.js:14956:41)\n    at renderRootSync (C:\\Users\\esus_\\Documents\\AI\\ZTWQ\\c2pro\\apps\\web\\node_modules\\react-dom\\cjs\\react-dom-client.development.js:14936:11)\n    at performWorkOnRoot (C:\\Users\\esus_\\Documents\\AI\\ZTWQ\\c2pro\\apps\\web\\node_modules\\react-dom\\cjs\\react-dom-client.development.js:14462:44)"],"meta":{}},{"ancestorTitles":["TS-INT-NAV-001: Cross-Module Navigation","Alert-Entity Integration"],"fullName":"TS-INT-NAV-001: Cross-Module Navigation Alert-Entity Integration should navigate to entity when clicked in alert detail [TEST-04]","status":"failed","title":"should navigate to entity when clicked in alert detail [TEST-04]","duration":36.19120000000112,"failureMessages":["Error: AlertDetailWithLinks component not implemented. This is expected during RED phase (TS-INT-NAV-001).\n    at AlertDetailWithLinks (C:\\Users\\esus_\\Documents\\AI\\ZTWQ\\c2pro\\apps\\web\\components\\alerts\\AlertDetailWithLinks.tsx:29:9)\n    at Object.react_stack_bottom_frame (C:\\Users\\esus_\\Documents\\AI\\ZTWQ\\c2pro\\apps\\web\\node_modules\\react-dom\\cjs\\react-dom-client.development.js:23863:20)\n    at renderWithHooks (C:\\Users\\esus_\\Documents\\AI\\ZTWQ\\c2pro\\apps\\web\\node_modules\\react-dom\\cjs\\react-dom-client.development.js:5529:22)\n    at updateFunctionComponent (C:\\Users\\esus_\\Documents\\AI\\ZTWQ\\c2pro\\apps\\web\\node_modules\\react-dom\\cjs\\react-dom-client.development.js:8897:19)\n    at beginWork (C:\\Users\\esus_\\Documents\\AI\\ZTWQ\\c2pro\\apps\\web\\node_modules\\react-dom\\cjs\\react-dom-client.development.js:10522:18)\n    at runWithFiberInDEV (C:\\Users\\esus_\\Documents\\AI\\ZTWQ\\c2pro\\apps\\web\\node_modules\\react-dom\\cjs\\react-dom-client.development.js:1522:13)\n    at performUnitOfWork (C:\\Users\\esus_\\Documents\\AI\\ZTWQ\\c2pro\\apps\\web\\node_modules\\react-dom\\cjs\\react-dom-client.development.js:15140:22)\n    at workLoopSync (C:\\Users\\esus_\\Documents\\AI\\ZTWQ\\c2pro\\apps\\web\\node_modules\\react-dom\\cjs\\react-dom-client.development.js:14956:41)\n    at renderRootSync (C:\\Users\\esus_\\Documents\\AI\\ZTWQ\\c2pro\\apps\\web\\node_modules\\react-dom\\cjs\\react-dom-client.development.js:14936:11)\n    at performWorkOnRoot (C:\\Users\\esus_\\Documents\\AI\\ZTWQ\\c2pro\\apps\\web\\node_modules\\react-dom\\cjs\\react-dom-client.development.js:14462:44)"],"meta":{}},{"ancestorTitles":["TS-INT-NAV-001: Cross-Module Navigation","Coherence Score Navigation"],"fullName":"TS-INT-NAV-001: Cross-Module Navigation Coherence Score Navigation should navigate to category detail when coherence score clicked [TEST-05]","status":"failed","title":"should navigate to category detail when coherence score clicked [TEST-05]","duration":12.850899999997637,"failureMessages":["Error: CrossModuleNavigator component not implemented. This is expected during RED phase (TS-INT-NAV-001).\n    at CrossModuleNavigator (C:\\Users\\esus_\\Documents\\AI\\ZTWQ\\c2pro\\apps\\web\\components\\navigation\\CrossModuleNavigator.tsx:20:9)\n    at Object.react_stack_bottom_frame (C:\\Users\\esus_\\Documents\\AI\\ZTWQ\\c2pro\\apps\\web\\node_modules\\react-dom\\cjs\\react-dom-client.development.js:23863:20)\n    at renderWithHooks (C:\\Users\\esus_\\Documents\\AI\\ZTWQ\\c2pro\\apps\\web\\node_modules\\react-dom\\cjs\\react-dom-client.development.js:5529:22)\n    at updateFunctionComponent (C:\\Users\\esus_\\Documents\\AI\\ZTWQ\\c2pro\\apps\\web\\node_modules\\react-dom\\cjs\\react-dom-client.development.js:8897:19)\n    at beginWork (C:\\Users\\esus_\\Documents\\AI\\ZTWQ\\c2pro\\apps\\web\\node_modules\\react-dom\\cjs\\react-dom-client.development.js:10522:18)\n    at runWithFiberInDEV (C:\\Users\\esus_\\Documents\\AI\\ZTWQ\\c2pro\\apps\\web\\node_modules\\react-dom\\cjs\\react-dom-client.development.js:1522:13)\n    at performUnitOfWork (C:\\Users\\esus_\\Documents\\AI\\ZTWQ\\c2pro\\apps\\web\\node_modules\\react-dom\\cjs\\react-dom-client.development.js:15140:22)\n    at workLoopSync (C:\\Users\\esus_\\Documents\\AI\\ZTWQ\\c2pro\\apps\\web\\node_modules\\react-dom\\cjs\\react-dom-client.development.js:14956:41)\n    at renderRootSync (C:\\Users\\esus_\\Documents\\AI\\ZTWQ\\c2pro\\apps\\web\\node_modules\\react-dom\\cjs\\react-dom-client.development.js:14936:11)\n    at performWorkOnRoot (C:\\Users\\esus_\\Documents\\AI\\ZTWQ\\c2pro\\apps\\web\\node_modules\\react-dom\\cjs\\react-dom-client.development.js:14462:44)"],"meta":{}},{"ancestorTitles":["TS-INT-NAV-001: Cross-Module Navigation","Global Search"],"fullName":"TS-INT-NAV-001: Cross-Module Navigation Global Search should search across all modules [TEST-06]","status":"failed","title":"should search across all modules [TEST-06]","duration":9.027999999998428,"failureMessages":["Error: GlobalSearch component not implemented. This is expected during RED phase (TS-INT-NAV-001).\n    at GlobalSearch (C:\\Users\\esus_\\Documents\\AI\\ZTWQ\\c2pro\\apps\\web\\components\\search\\GlobalSearch.tsx:24:9)\n    at Object.react_stack_bottom_frame (C:\\Users\\esus_\\Documents\\AI\\ZTWQ\\c2pro\\apps\\web\\node_modules\\react-dom\\cjs\\react-dom-client.development.js:23863:20)\n    at renderWithHooks (C:\\Users\\esus_\\Documents\\AI\\ZTWQ\\c2pro\\apps\\web\\node_modules\\react-dom\\cjs\\react-dom-client.development.js:5529:22)\n    at updateFunctionComponent (C:\\Users\\esus_\\Documents\\AI\\ZTWQ\\c2pro\\apps\\web\\node_modules\\react-dom\\cjs\\react-dom-client.development.js:8897:19)\n    at beginWork (C:\\Users\\esus_\\Documents\\AI\\ZTWQ\\c2pro\\apps\\web\\node_modules\\react-dom\\cjs\\react-dom-client.development.js:10522:18)\n    at runWithFiberInDEV (C:\\Users\\esus_\\Documents\\AI\\ZTWQ\\c2pro\\apps\\web\\node_modules\\react-dom\\cjs\\react-dom-client.development.js:1522:13)\n    at performUnitOfWork (C:\\Users\\esus_\\Documents\\AI\\ZTWQ\\c2pro\\apps\\web\\node_modules\\react-dom\\cjs\\react-dom-client.development.js:15140:22)\n    at workLoopSync (C:\\Users\\esus_\\Documents\\AI\\ZTWQ\\c2pro\\apps\\web\\node_modules\\react-dom\\cjs\\react-dom-client.development.js:14956:41)\n    at renderRootSync (C:\\Users\\esus_\\Documents\\AI\\ZTWQ\\c2pro\\apps\\web\\node_modules\\react-dom\\cjs\\react-dom-client.development.js:14936:11)\n    at performWorkOnRoot (C:\\Users\\esus_\\Documents\\AI\\ZTWQ\\c2pro\\apps\\web\\node_modules\\react-dom\\cjs\\react-dom-client.development.js:14462:44)"],"meta":{}}],"startTime":1772955104969,"endTime":1772955105135.028,"status":"failed","message":"","name":"C:/Users/esus_/Documents/AI/ZTWQ/c2pro/apps/web/tests/integration/navigation.contract.test.tsx"},{"assertionResults":[{"ancestorTitles":["TS-MOB-WBS-001: WBS Mobile Contract Tests","Touch Target Accessibility [TEST-01]"],"fullName":"TS-MOB-WBS-001: WBS Mobile Contract Tests Touch Target Accessibility [TEST-01] should have touch targets minimum 44px","status":"failed","title":"should have touch targets minimum 44px","duration":732.612000000001,"failureMessages":["AssertionError: expected 0 to be greater than or equal to 44\n    at C:\\Users\\esus_\\Documents\\AI\\ZTWQ\\c2pro\\apps\\web\\tests\\mobile\\wbs-mobile.contract.test.tsx:284:29\n    at Array.forEach (<anonymous>)\n    at C:\\Users\\esus_\\Documents\\AI\\ZTWQ\\c2pro\\apps\\web\\tests\\mobile\\wbs-mobile.contract.test.tsx:277:22\n    at file:///C:/Users/esus_/Documents/AI/ZTWQ/c2pro/apps/web/node_modules/@vitest/runner/dist/chunk-hooks.js:155:11\n    at file:///C:/Users/esus_/Documents/AI/ZTWQ/c2pro/apps/web/node_modules/@vitest/runner/dist/chunk-hooks.js:752:26\n    at file:///C:/Users/esus_/Documents/AI/ZTWQ/c2pro/apps/web/node_modules/@vitest/runner/dist/chunk-hooks.js:1897:20\n    at new Promise (<anonymous>)\n    at runWithTimeout (file:///C:/Users/esus_/Documents/AI/ZTWQ/c2pro/apps/web/node_modules/@vitest/runner/dist/chunk-hooks.js:1863:10)\n    at runTest (file:///C:/Users/esus_/Documents/AI/ZTWQ/c2pro/apps/web/node_modules/@vitest/runner/dist/chunk-hooks.js:1574:12)\n    at processTicksAndRejections (node:internal/process/task_queues:105:5)"],"meta":{}},{"ancestorTitles":["TS-MOB-WBS-001: WBS Mobile Contract Tests","Touch Target Accessibility [TEST-01]"],"fullName":"TS-MOB-WBS-001: WBS Mobile Contract Tests Touch Target Accessibility [TEST-01] should apply touch-friendly padding to list items","status":"failed","title":"should apply touch-friendly padding to list items","duration":451.04799999999886,"failureMessages":["TestingLibraryElementError: Unable to find an accessible element with the role \"listitem\"\n\nHere are the accessible roles:\n\n  list:\n\n  Name \"WBS Items\":\n  \u001b[36m<div\u001b[39m\n    \u001b[33maria-label\u001b[39m=\u001b[32m\"WBS Items\"\u001b[39m\n    \u001b[33mrole\u001b[39m=\u001b[32m\"list\"\u001b[39m\n  \u001b[36m/>\u001b[39m\n\n  --------------------------------------------------\n  button:\n\n  Name \"Mark complete\":\n  \u001b[36m<button\u001b[39m\n    \u001b[33maria-label\u001b[39m=\u001b[32m\"Mark complete\"\u001b[39m\n    \u001b[33mdata-testid\u001b[39m=\u001b[32m\"mark-complete-btn\"\u001b[39m\n    \u001b[33mstyle\u001b[39m=\u001b[32m\"width: 44px; height: 44px; min-width: 44px; min-height: 44px; border-radius: 50%; border: 2px solid; border-color: rgb(204, 204, 204); background-color: transparent; color: rgb(102, 102, 102); display: flex; align-items: center; justify-content: center; font-size: 20px; cursor: pointer; flex-shrink: 0;\"\u001b[39m\n  \u001b[36m/>\u001b[39m\n\n  Name \"View details\":\n  \u001b[36m<button\u001b[39m\n    \u001b[33maria-label\u001b[39m=\u001b[32m\"View details\"\u001b[39m\n    \u001b[33mdata-testid\u001b[39m=\u001b[32m\"view-details-btn\"\u001b[39m\n    \u001b[33mstyle\u001b[39m=\u001b[32m\"width: 44px; height: 44px; min-width: 44px; min-height: 44px; border-radius: 8px; background-color: rgb(245, 245, 245); cursor: pointer; display: flex; align-items: center; justify-content: center; font-size: 20px;\"\u001b[39m\n  \u001b[36m/>\u001b[39m\n\n  Name \"Mark complete\":\n  \u001b[36m<button\u001b[39m\n    \u001b[33maria-label\u001b[39m=\u001b[32m\"Mark complete\"\u001b[39m\n    \u001b[33mdata-testid\u001b[39m=\u001b[32m\"mark-complete-btn\"\u001b[39m\n    \u001b[33mstyle\u001b[39m=\u001b[32m\"width: 44px; height: 44px; min-width: 44px; min-height: 44px; border-radius: 50%; border: 2px solid; border-color: rgb(204, 204, 204); background-color: transparent; color: rgb(102, 102, 102); display: flex; align-items: center; justify-content: center; font-size: 20px; cursor: pointer; flex-shrink: 0;\"\u001b[39m\n  \u001b[36m/>\u001b[39m\n\n  Name \"View details\":\n  \u001b[36m<button\u001b[39m\n    \u001b[33maria-label\u001b[39m=\u001b[32m\"View details\"\u001b[39m\n    \u001b[33mdata-testid\u001b[39m=\u001b[32m\"view-details-btn\"\u001b[39m\n    \u001b[33mstyle\u001b[39m=\u001b[32m\"width: 44px; height: 44px; min-width: 44px; min-height: 44px; border-radius: 8px; background-color: rgb(245, 245, 245); cursor: pointer; display: flex; align-items: center; justify-content: center; font-size: 20px;\"\u001b[39m\n  \u001b[36m/>\u001b[39m\n\n  --------------------------------------------------\n\nIgnored nodes: comments, script, style\n\u001b[36m<body>\u001b[39m\n  \u001b[36m<div>\u001b[39m\n    \u001b[36m<div\u001b[39m\n      \u001b[33mdata-testid\u001b[39m=\u001b[32m\"wbs-mobile\"\u001b[39m\n      \u001b[33mstyle\u001b[39m=\u001b[32m\"padding: 16px; background-color: rgb(245, 245, 245); min-height: 100vh;\"\u001b[39m\n    \u001b[36m>\u001b[39m\n      \u001b[36m<div\u001b[39m\n        \u001b[33maria-label\u001b[39m=\u001b[32m\"WBS Items\"\u001b[39m\n        \u001b[33mrole\u001b[39m=\u001b[32m\"list\"\u001b[39m\n      \u001b[36m>\u001b[39m\n        \u001b[36m<div\u001b[39m\n          \u001b[33mdata-completion\u001b[39m=\u001b[32m\"in-progress\"\u001b[39m\n          \u001b[33mdata-item-id\u001b[39m=\u001b[32m\"1\"\u001b[39m\n          \u001b[33mdata-testid\u001b[39m=\u001b[32m\"wbs-item-card\"\u001b[39m\n          \u001b[33mstyle\u001b[39m=\u001b[32m\"padding: 16px; margin-bottom: 8px; background-color: rgb(255, 255, 255); border-radius: 8px; box-shadow: 0 1px 3px rgba(0,0,0,0.1); transition: transform 0.2s, background-color 0.2s; transform: translateX(0); min-height: 44px;\"\u001b[39m\n        \u001b[36m>\u001b[39m\n          \u001b[36m<div\u001b[39m\n            \u001b[33mstyle\u001b[39m=\u001b[32m\"display: flex; align-items: center; gap: 12px;\"\u001b[39m\n          \u001b[36m>\u001b[39m\n            \u001b[36m<button\u001b[39m\n              \u001b[33maria-label\u001b[39m=\u001b[32m\"Mark complete\"\u001b[39m\n              \u001b[33mdata-testid\u001b[39m=\u001b[32m\"mark-complete-btn\"\u001b[39m\n              \u001b[33mstyle\u001b[39m=\u001b[32m\"width: 44px; height: 44px; min-width: 44px; min-height: 44px; border-radius: 50%; border: 2px solid; border-color: rgb(204, 204, 204); background-color: transparent; color: rgb(102, 102, 102); display: flex; align-items: center; justify-content: center; font-size: 20px; cursor: pointer; flex-shrink: 0;\"\u001b[39m\n            \u001b[36m/>\u001b[39m\n            \u001b[36m<div\u001b[39m\n              \u001b[33mstyle\u001b[39m=\u001b[32m\"flex: 1 1 0%;\"\u001b[39m\n            \u001b[36m>\u001b[39m\n              \u001b[36m<div\u001b[39m\n                \u001b[33mstyle\u001b[39m=\u001b[32m\"font-weight: 600; font-size: 16px;\"\u001b[39m\n              \u001b[36m>\u001b[39m\n                \u001b[0m1\u001b[0m\n                \u001b[0m - \u001b[0m\n                \u001b[0mProject Foundation\u001b[0m\n              \u001b[36m</div>\u001b[39m\n              \u001b[36m<div\u001b[39m\n                \u001b[33mstyle\u001b[39m=\u001b[32m\"font-size: 14px; color: rgb(102, 102, 102); margin-top: 4px;\"\u001b[39m\n              \u001b[36m>\u001b[39m\n                \u001b[0mFoundation work for construction project\u001b[0m\n              \u001b[36m</div>\u001b[39m\n              \u001b[36m<div\u001b[39m\n                \u001b[33mstyle\u001b[39m=\u001b[32m\"font-size: 12px; color: rgb(153, 153, 153); margin-top: 4px;\"\u001b[39m\n              \u001b[36m>\u001b[39m\n                \u001b[0m75\u001b[0m\n                \u001b[0m% complete\u001b[0m\n              \u001b[36m</div>\u001b[39m\n            \u001b[36m</div>\u001b[39m\n            \u001b[36m<button\u001b[39m\n              \u001b[33maria-label\u001b[39m=\u001b[32m\"View details\"\u001b[39m\n              \u001b[33mdata-testid\u001b[39m=\u001b[32m\"view-details-btn\"\u001b[39m\n              \u001b[33mstyle\u001b[39m=\u001b[32m\"width: 44px; height: 44px; min-width: 44px; min-height: 44px; border-radius: 8px; background-color: rgb(245, 245, 245); cursor: pointer; display: flex; align-items: center; justify-content: center; font-size: 20px;\"\u001b[39m\n            \u001b[36m>\u001b[39m\n              \u001b[0m→\u001b[0m\n            \u001b[36m</button>\u001b[39m\n          \u001b[36m</div>\u001b[39m\n          \u001b[36m<div\u001b[39m\n            \u001b[33mstyle\u001b[39m=\u001b[32m\"font-size: 12px; color: rgb(102, 102, 102); margin-top: 8px; font-style: italic;\"\u001b[39m\n          \u001b[36m>\u001b[39m\n            \u001b[0mSwipe right to mark complete\u001b[0m\n          \u001b[36m</div>\u001b[39m\n        \u001b[36m</div>\u001b[39m\n        \u001b[36m<div\u001b[39m\n          \u001b[33mdata-completion\u001b[39m=\u001b[32m\"in-progress\"\u001b[39m\n          \u001b[33mdata-item-id\u001b[39m=\u001b[32m\"2\"\u001b[39m\n          \u001b[33mdata-testid\u001b[39m=\u001b[32m\"wbs-item-card\"\u001b[39m\n          \u001b[33mstyle\u001b[39m=\u001b[32m\"padding: 16px; margin-bottom: 8px; background-color: rgb(255, 255, 255); border-radius: 8px; box-shadow: 0 1px 3px rgba(0,0,0,0.1); transition: transform 0.2s, background-color 0.2s; transform: translateX(0); min-height: 44px;\"\u001b[39m\n        \u001b[36m>\u001b[39m\n          \u001b[36m<div\u001b[39m\n            \u001b[33mstyle\u001b[39m=\u001b[32m\"display: flex; align-items: center; gap: 12px;\"\u001b[39m\n          \u001b[36m>\u001b[39m\n            \u001b[36m<button\u001b[39m\n              \u001b[33maria-label\u001b[39m=\u001b[32m\"Mark complete\"\u001b[39m\n              \u001b[33mdata-testid\u001b[39m=\u001b[32m\"mark-complete-btn\"\u001b[39m\n              \u001b[33mstyle\u001b[39m=\u001b[32m\"width: 44px; height: 44px; min-width: 44px; min-height: 44px; border-radius: 50%; border: 2px solid; border-color: rgb(204, 204, 204); background-color: transparent; color: rgb(102, 102, 102); display: flex; align-items: center; justify-content: center; font-size: 20px; cursor: pointer; flex-shrink: 0;\"\u001b[39m\n            \u001b[36m/>\u001b[39m\n            \u001b[36m<div\u001b[39m\n              \u001b[33mstyle\u001b[39m=\u001b[32m\"flex: 1 1 0%;\"\u001b[39m\n            \u001b[36m>\u001b[39m\n              \u001b[36m<div\u001b[39m\n                \u001b[33mstyle\u001b[39m=\u001b[32m\"font-weight: 600; font-size: 16px;\"\u001b[39m\n              \u001b[36m>\u001b[39m\n                \u001b[0m2\u001b[0m\n                \u001b[0m - \u001b[0m\n                \u001b[0mStructural Work\u001b[0m\n              \u001b[36m</div>\u001b[39m\n              \u001b[36m<div\u001b[39m\n                \u001b[33mstyle\u001b[39m=\u001b[32m\"font-size: 14px; color: rgb(102, 102, 102); margin-top: 4px;\"\u001b[39m\n              \u001b[36m>\u001b[39m\n                \u001b[0mMain structural elements\u001b[0m\n              \u001b[36m</div>\u001b[39m\n              \u001b[36m<div\u001b[39m\n                \u001b[33mstyle\u001b[39m=\u001b[32m\"font-size: 12px; color: rgb(153, 153, 153); margin-top: 4px;\"\u001b[39m\n              \u001b[36m>\u001b[39m\n                \u001b[0m0\u001b[0m\n                \u001b[0m% complete\u001b[0m\n              \u001b[36m</div>\u001b[39m\n            \u001b[36m</div>\u001b[39m\n            \u001b[36m<button\u001b[39m\n              \u001b[33maria-label\u001b[39m=\u001b[32m\"View details\"\u001b[39m\n              \u001b[33mdata-testid\u001b[39m=\u001b[32m\"view-details-btn\"\u001b[39m\n              \u001b[33mstyle\u001b[39m=\u001b[32m\"width: 44px; height: 44px; min-width: 44px; min-height: 44px; border-radius: 8px; background-color: rgb(245, 245, 245); cursor: pointer; display: flex; align-items: center; justify-content: center; font-size: 20px;\"\u001b[39m\n            \u001b[36m>\u001b[39m\n              \u001b[0m→\u001b[0m\n            \u001b[36m</button>\u001b[39m\n          \u001b[36m</div>\u001b[39m\n          \u001b[36m<div\u001b[39m\n            \u001b[33mstyle\u001b[39m=\u001b[32m\"font-size: 12px; color: rgb(102, 102, 102); margin-top: 8px; font-style: italic;\"\u001b[39m\n          \u001b[36m>\u001b[39m\n            \u001b[0mSwipe right to mark complete\u001b[0m\n          \u001b[36m</div>\u001b[39m\n        \u001b[36m</div>\u001b[39m\n      \u001b[36m</div>\u001b[39m\n    \u001b[36m</div>\u001b[39m\n  \u001b[36m</div>\u001b[39m\n\u001b[36m</body>\u001b[39m\n    at Object.getElementError (C:\\Users\\esus_\\Documents\\AI\\ZTWQ\\c2pro\\apps\\web\\node_modules\\@testing-library\\dom\\dist\\config.js:37:19)\n    at C:\\Users\\esus_\\Documents\\AI\\ZTWQ\\c2pro\\apps\\web\\node_modules\\@testing-library\\dom\\dist\\query-helpers.js:76:38\n    at C:\\Users\\esus_\\Documents\\AI\\ZTWQ\\c2pro\\apps\\web\\node_modules\\@testing-library\\dom\\dist\\query-helpers.js:109:15\n    at C:\\Users\\esus_\\Documents\\AI\\ZTWQ\\c2pro\\apps\\web\\tests\\mobile\\wbs-mobile.contract.test.tsx:315:32\n    at file:///C:/Users/esus_/Documents/AI/ZTWQ/c2pro/apps/web/node_modules/@vitest/runner/dist/chunk-hooks.js:155:11\n    at file:///C:/Users/esus_/Documents/AI/ZTWQ/c2pro/apps/web/node_modules/@vitest/runner/dist/chunk-hooks.js:752:26\n    at file:///C:/Users/esus_/Documents/AI/ZTWQ/c2pro/apps/web/node_modules/@vitest/runner/dist/chunk-hooks.js:1897:20\n    at new Promise (<anonymous>)\n    at runWithTimeout (file:///C:/Users/esus_/Documents/AI/ZTWQ/c2pro/apps/web/node_modules/@vitest/runner/dist/chunk-hooks.js:1863:10)\n    at runTest (file:///C:/Users/esus_/Documents/AI/ZTWQ/c2pro/apps/web/node_modules/@vitest/runner/dist/chunk-hooks.js:1574:12)"],"meta":{}},{"ancestorTitles":["TS-MOB-WBS-001: WBS Mobile Contract Tests","Swipe Gestures [TEST-02]"],"fullName":"TS-MOB-WBS-001: WBS Mobile Contract Tests Swipe Gestures [TEST-02] should support swipe right to mark complete","status":"failed","title":"should support swipe right to mark complete","duration":84.47500000000218,"failureMessages":["TestingLibraryElementError: Unable to find an element with the text: Concrete Pouring. This could be because the text is broken up by multiple elements. In this case, you can provide a function for your text matcher to make your matcher more flexible.\n\nIgnored nodes: comments, script, style\n\u001b[36m<body>\u001b[39m\n  \u001b[36m<div>\u001b[39m\n    \u001b[36m<div\u001b[39m\n      \u001b[33mdata-testid\u001b[39m=\u001b[32m\"wbs-mobile\"\u001b[39m\n      \u001b[33mstyle\u001b[39m=\u001b[32m\"padding: 16px; background-color: rgb(245, 245, 245); min-height: 100vh;\"\u001b[39m\n    \u001b[36m>\u001b[39m\n      \u001b[36m<div\u001b[39m\n        \u001b[33maria-label\u001b[39m=\u001b[32m\"WBS Items\"\u001b[39m\n        \u001b[33mrole\u001b[39m=\u001b[32m\"list\"\u001b[39m\n      \u001b[36m>\u001b[39m\n        \u001b[36m<div\u001b[39m\n          \u001b[33mdata-completion\u001b[39m=\u001b[32m\"in-progress\"\u001b[39m\n          \u001b[33mdata-item-id\u001b[39m=\u001b[32m\"1\"\u001b[39m\n          \u001b[33mdata-testid\u001b[39m=\u001b[32m\"wbs-item-card\"\u001b[39m\n          \u001b[33mstyle\u001b[39m=\u001b[32m\"padding: 16px; margin-bottom: 8px; background-color: rgb(255, 255, 255); border-radius: 8px; box-shadow: 0 1px 3px rgba(0,0,0,0.1); transition: transform 0.2s, background-color 0.2s; transform: translateX(0); min-height: 44px;\"\u001b[39m\n        \u001b[36m>\u001b[39m\n          \u001b[36m<div\u001b[39m\n            \u001b[33mstyle\u001b[39m=\u001b[32m\"display: flex; align-items: center; gap: 12px;\"\u001b[39m\n          \u001b[36m>\u001b[39m\n            \u001b[36m<button\u001b[39m\n              \u001b[33maria-label\u001b[39m=\u001b[32m\"Mark complete\"\u001b[39m\n              \u001b[33mdata-testid\u001b[39m=\u001b[32m\"mark-complete-btn\"\u001b[39m\n              \u001b[33mstyle\u001b[39m=\u001b[32m\"width: 44px; height: 44px; min-width: 44px; min-height: 44px; border-radius: 50%; border: 2px solid; border-color: rgb(204, 204, 204); background-color: transparent; color: rgb(102, 102, 102); display: flex; align-items: center; justify-content: center; font-size: 20px; cursor: pointer; flex-shrink: 0;\"\u001b[39m\n            \u001b[36m/>\u001b[39m\n            \u001b[36m<div\u001b[39m\n              \u001b[33mstyle\u001b[39m=\u001b[32m\"flex: 1 1 0%;\"\u001b[39m\n            \u001b[36m>\u001b[39m\n              \u001b[36m<div\u001b[39m\n                \u001b[33mstyle\u001b[39m=\u001b[32m\"font-weight: 600; font-size: 16px;\"\u001b[39m\n              \u001b[36m>\u001b[39m\n                \u001b[0m1\u001b[0m\n                \u001b[0m - \u001b[0m\n                \u001b[0mProject Foundation\u001b[0m\n              \u001b[36m</div>\u001b[39m\n              \u001b[36m<div\u001b[39m\n                \u001b[33mstyle\u001b[39m=\u001b[32m\"font-size: 14px; color: rgb(102, 102, 102); margin-top: 4px;\"\u001b[39m\n              \u001b[36m>\u001b[39m\n                \u001b[0mFoundation work for construction project\u001b[0m\n              \u001b[36m</div>\u001b[39m\n              \u001b[36m<div\u001b[39m\n                \u001b[33mstyle\u001b[39m=\u001b[32m\"font-size: 12px; color: rgb(153, 153, 153); margin-top: 4px;\"\u001b[39m\n              \u001b[36m>\u001b[39m\n                \u001b[0m75\u001b[0m\n                \u001b[0m% complete\u001b[0m\n              \u001b[36m</div>\u001b[39m\n            \u001b[36m</div>\u001b[39m\n            \u001b[36m<button\u001b[39m\n              \u001b[33maria-label\u001b[39m=\u001b[32m\"View details\"\u001b[39m\n              \u001b[33mdata-testid\u001b[39m=\u001b[32m\"view-details-btn\"\u001b[39m\n              \u001b[33mstyle\u001b[39m=\u001b[32m\"width: 44px; height: 44px; min-width: 44px; min-height: 44px; border-radius: 8px; background-color: rgb(245, 245, 245); cursor: pointer; display: flex; align-items: center; justify-content: center; font-size: 20px;\"\u001b[39m\n            \u001b[36m>\u001b[39m\n              \u001b[0m→\u001b[0m\n            \u001b[36m</button>\u001b[39m\n          \u001b[36m</div>\u001b[39m\n          \u001b[36m<div\u001b[39m\n            \u001b[33mstyle\u001b[39m=\u001b[32m\"font-size: 12px; color: rgb(102, 102, 102); margin-top: 8px; font-style: italic;\"\u001b[39m\n          \u001b[36m>\u001b[39m\n            \u001b[0mSwipe right to mark complete\u001b[0m\n          \u001b[36m</div>\u001b[39m\n        \u001b[36m</div>\u001b[39m\n        \u001b[36m<div\u001b[39m\n          \u001b[33mdata-completion\u001b[39m=\u001b[32m\"in-progress\"\u001b[39m\n          \u001b[33mdata-item-id\u001b[39m=\u001b[32m\"2\"\u001b[39m\n          \u001b[33mdata-testid\u001b[39m=\u001b[32m\"wbs-item-card\"\u001b[39m\n          \u001b[33mstyle\u001b[39m=\u001b[32m\"padding: 16px; margin-bottom: 8px; background-color: rgb(255, 255, 255); border-radius: 8px; box-shadow: 0 1px 3px rgba(0,0,0,0.1); transition: transform 0.2s, background-color 0.2s; transform: translateX(0); min-height: 44px;\"\u001b[39m\n        \u001b[36m>\u001b[39m\n          \u001b[36m<div\u001b[39m\n            \u001b[33mstyle\u001b[39m=\u001b[32m\"display: flex; align-items: center; gap: 12px;\"\u001b[39m\n          \u001b[36m>\u001b[39m\n            \u001b[36m<button\u001b[39m\n              \u001b[33maria-label\u001b[39m=\u001b[32m\"Mark complete\"\u001b[39m\n              \u001b[33mdata-testid\u001b[39m=\u001b[32m\"mark-complete-btn\"\u001b[39m\n              \u001b[33mstyle\u001b[39m=\u001b[32m\"width: 44px; height: 44px; min-width: 44px; min-height: 44px; border-radius: 50%; border: 2px solid; border-color: rgb(204, 204, 204); background-color: transparent; color: rgb(102, 102, 102); display: flex; align-items: center; justify-content: center; font-size: 20px; cursor: pointer; flex-shrink: 0;\"\u001b[39m\n            \u001b[36m/>\u001b[39m\n            \u001b[36m<div\u001b[39m\n              \u001b[33mstyle\u001b[39m=\u001b[32m\"flex: 1 1 0%;\"\u001b[39m\n            \u001b[36m>\u001b[39m\n              \u001b[36m<div\u001b[39m\n                \u001b[33mstyle\u001b[39m=\u001b[32m\"font-weight: 600; font-size: 16px;\"\u001b[39m\n              \u001b[36m>\u001b[39m\n                \u001b[0m2\u001b[0m\n                \u001b[0m - \u001b[0m\n                \u001b[0mStructural Work\u001b[0m\n              \u001b[36m</div>\u001b[39m\n              \u001b[36m<div\u001b[39m\n                \u001b[33mstyle\u001b[39m=\u001b[32m\"font-size: 14px; color: rgb(102, 102, 102); margin-top: 4px;\"\u001b[39m\n              \u001b[36m>\u001b[39m\n                \u001b[0mMain structural elements\u001b[0m\n              \u001b[36m</div>\u001b[39m\n              \u001b[36m<div\u001b[39m\n                \u001b[33mstyle\u001b[39m=\u001b[32m\"font-size: 12px; color: rgb(153, 153, 153); margin-top: 4px;\"\u001b[39m\n              \u001b[36m>\u001b[39m\n                \u001b[0m0\u001b[0m\n                \u001b[0m% complete\u001b[0m\n              \u001b[36m</div>\u001b[39m\n            \u001b[36m</div>\u001b[39m\n            \u001b[36m<button\u001b[39m\n              \u001b[33maria-label\u001b[39m=\u001b[32m\"View details\"\u001b[39m\n              \u001b[33mdata-testid\u001b[39m=\u001b[32m\"view-details-btn\"\u001b[39m\n              \u001b[33mstyle\u001b[39m=\u001b[32m\"width: 44px; height: 44px; min-width: 44px; min-height: 44px; border-radius: 8px; background-color: rgb(245, 245, 245); cursor: pointer; display: flex; align-items: center; justify-content: center; font-size: 20px;\"\u001b[39m\n            \u001b[36m>\u001b[39m\n              \u001b[0m→\u001b[0m\n            \u001b[36m</button>\u001b[39m\n          \u001b[36m</div>\u001b[39m\n          \u001b[36m<div\u001b[39m\n            \u001b[33mstyle\u001b[39m=\u001b[32m\"font-size: 12px; color: rgb(102, 102, 102); margin-top: 8px; font-style: italic;\"\u001b[39m\n          \u001b[36m>\u001b[39m\n            \u001b[0mSwipe right to mark complete\u001b[0m\n          \u001b[36m</div>\u001b[39m\n        \u001b[36m</div>\u001b[39m\n      \u001b[36m</div>\u001b[39m\n    \u001b[36m</div>\u001b[39m\n  \u001b[36m</div>\u001b[39m\n\u001b[36m</body>\u001b[39m\n    at Object.getElementError (C:\\Users\\esus_\\Documents\\AI\\ZTWQ\\c2pro\\apps\\web\\node_modules\\@testing-library\\dom\\dist\\config.js:37:19)\n    at C:\\Users\\esus_\\Documents\\AI\\ZTWQ\\c2pro\\apps\\web\\node_modules\\@testing-library\\dom\\dist\\query-helpers.js:76:38\n    at C:\\Users\\esus_\\Documents\\AI\\ZTWQ\\c2pro\\apps\\web\\node_modules\\@testing-library\\dom\\dist\\query-helpers.js:52:17\n    at C:\\Users\\esus_\\Documents\\AI\\ZTWQ\\c2pro\\apps\\web\\node_modules\\@testing-library\\dom\\dist\\query-helpers.js:95:19\n    at C:\\Users\\esus_\\Documents\\AI\\ZTWQ\\c2pro\\apps\\web\\tests\\mobile\\wbs-mobile.contract.test.tsx:350:10\n    at file:///C:/Users/esus_/Documents/AI/ZTWQ/c2pro/apps/web/node_modules/@vitest/runner/dist/chunk-hooks.js:155:11\n    at file:///C:/Users/esus_/Documents/AI/ZTWQ/c2pro/apps/web/node_modules/@vitest/runner/dist/chunk-hooks.js:752:26\n    at file:///C:/Users/esus_/Documents/AI/ZTWQ/c2pro/apps/web/node_modules/@vitest/runner/dist/chunk-hooks.js:1897:20\n    at new Promise (<anonymous>)\n    at runWithTimeout (file:///C:/Users/esus_/Documents/AI/ZTWQ/c2pro/apps/web/node_modules/@vitest/runner/dist/chunk-hooks.js:1863:10)"],"meta":{}},{"ancestorTitles":["TS-MOB-WBS-001: WBS Mobile Contract Tests","Swipe Gestures [TEST-02]"],"fullName":"TS-MOB-WBS-001: WBS Mobile Contract Tests Swipe Gestures [TEST-02] should show haptic feedback on swipe completion","status":"failed","title":"should show haptic feedback on swipe completion","duration":103.65220000000045,"failureMessages":["TestingLibraryElementError: Unable to find an element with the text: Concrete Pouring. This could be because the text is broken up by multiple elements. In this case, you can provide a function for your text matcher to make your matcher more flexible.\n\nIgnored nodes: comments, script, style\n\u001b[36m<body>\u001b[39m\n  \u001b[36m<div>\u001b[39m\n    \u001b[36m<div\u001b[39m\n      \u001b[33mdata-testid\u001b[39m=\u001b[32m\"wbs-mobile\"\u001b[39m\n      \u001b[33mstyle\u001b[39m=\u001b[32m\"padding: 16px; background-color: rgb(245, 245, 245); min-height: 100vh;\"\u001b[39m\n    \u001b[36m>\u001b[39m\n      \u001b[36m<div\u001b[39m\n        \u001b[33maria-label\u001b[39m=\u001b[32m\"WBS Items\"\u001b[39m\n        \u001b[33mrole\u001b[39m=\u001b[32m\"list\"\u001b[39m\n      \u001b[36m>\u001b[39m\n        \u001b[36m<div\u001b[39m\n          \u001b[33mdata-completion\u001b[39m=\u001b[32m\"in-progress\"\u001b[39m\n          \u001b[33mdata-item-id\u001b[39m=\u001b[32m\"1\"\u001b[39m\n          \u001b[33mdata-testid\u001b[39m=\u001b[32m\"wbs-item-card\"\u001b[39m\n          \u001b[33mstyle\u001b[39m=\u001b[32m\"padding: 16px; margin-bottom: 8px; background-color: rgb(255, 255, 255); border-radius: 8px; box-shadow: 0 1px 3px rgba(0,0,0,0.1); transition: transform 0.2s, background-color 0.2s; transform: translateX(0); min-height: 44px;\"\u001b[39m\n        \u001b[36m>\u001b[39m\n          \u001b[36m<div\u001b[39m\n            \u001b[33mstyle\u001b[39m=\u001b[32m\"display: flex; align-items: center; gap: 12px;\"\u001b[39m\n          \u001b[36m>\u001b[39m\n            \u001b[36m<button\u001b[39m\n              \u001b[33maria-label\u001b[39m=\u001b[32m\"Mark complete\"\u001b[39m\n              \u001b[33mdata-testid\u001b[39m=\u001b[32m\"mark-complete-btn\"\u001b[39m\n              \u001b[33mstyle\u001b[39m=\u001b[32m\"width: 44px; height: 44px; min-width: 44px; min-height: 44px; border-radius: 50%; border: 2px solid; border-color: rgb(204, 204, 204); background-color: transparent; color: rgb(102, 102, 102); display: flex; align-items: center; justify-content: center; font-size: 20px; cursor: pointer; flex-shrink: 0;\"\u001b[39m\n            \u001b[36m/>\u001b[39m\n            \u001b[36m<div\u001b[39m\n              \u001b[33mstyle\u001b[39m=\u001b[32m\"flex: 1 1 0%;\"\u001b[39m\n            \u001b[36m>\u001b[39m\n              \u001b[36m<div\u001b[39m\n                \u001b[33mstyle\u001b[39m=\u001b[32m\"font-weight: 600; font-size: 16px;\"\u001b[39m\n              \u001b[36m>\u001b[39m\n                \u001b[0m1\u001b[0m\n                \u001b[0m - \u001b[0m\n                \u001b[0mProject Foundation\u001b[0m\n              \u001b[36m</div>\u001b[39m\n              \u001b[36m<div\u001b[39m\n                \u001b[33mstyle\u001b[39m=\u001b[32m\"font-size: 14px; color: rgb(102, 102, 102); margin-top: 4px;\"\u001b[39m\n              \u001b[36m>\u001b[39m\n                \u001b[0mFoundation work for construction project\u001b[0m\n              \u001b[36m</div>\u001b[39m\n              \u001b[36m<div\u001b[39m\n                \u001b[33mstyle\u001b[39m=\u001b[32m\"font-size: 12px; color: rgb(153, 153, 153); margin-top: 4px;\"\u001b[39m\n              \u001b[36m>\u001b[39m\n                \u001b[0m75\u001b[0m\n                \u001b[0m% complete\u001b[0m\n              \u001b[36m</div>\u001b[39m\n            \u001b[36m</div>\u001b[39m\n            \u001b[36m<button\u001b[39m\n              \u001b[33maria-label\u001b[39m=\u001b[32m\"View details\"\u001b[39m\n              \u001b[33mdata-testid\u001b[39m=\u001b[32m\"view-details-btn\"\u001b[39m\n              \u001b[33mstyle\u001b[39m=\u001b[32m\"width: 44px; height: 44px; min-width: 44px; min-height: 44px; border-radius: 8px; background-color: rgb(245, 245, 245); cursor: pointer; display: flex; align-items: center; justify-content: center; font-size: 20px;\"\u001b[39m\n            \u001b[36m>\u001b[39m\n              \u001b[0m→\u001b[0m\n            \u001b[36m</button>\u001b[39m\n          \u001b[36m</div>\u001b[39m\n          \u001b[36m<div\u001b[39m\n            \u001b[33mstyle\u001b[39m=\u001b[32m\"font-size: 12px; color: rgb(102, 102, 102); margin-top: 8px; font-style: italic;\"\u001b[39m\n          \u001b[36m>\u001b[39m\n            \u001b[0mSwipe right to mark complete\u001b[0m\n          \u001b[36m</div>\u001b[39m\n        \u001b[36m</div>\u001b[39m\n        \u001b[36m<div\u001b[39m\n          \u001b[33mdata-completion\u001b[39m=\u001b[32m\"in-progress\"\u001b[39m\n          \u001b[33mdata-item-id\u001b[39m=\u001b[32m\"2\"\u001b[39m\n          \u001b[33mdata-testid\u001b[39m=\u001b[32m\"wbs-item-card\"\u001b[39m\n          \u001b[33mstyle\u001b[39m=\u001b[32m\"padding: 16px; margin-bottom: 8px; background-color: rgb(255, 255, 255); border-radius: 8px; box-shadow: 0 1px 3px rgba(0,0,0,0.1); transition: transform 0.2s, background-color 0.2s; transform: translateX(0); min-height: 44px;\"\u001b[39m\n        \u001b[36m>\u001b[39m\n          \u001b[36m<div\u001b[39m\n            \u001b[33mstyle\u001b[39m=\u001b[32m\"display: flex; align-items: center; gap: 12px;\"\u001b[39m\n          \u001b[36m>\u001b[39m\n            \u001b[36m<button\u001b[39m\n              \u001b[33maria-label\u001b[39m=\u001b[32m\"Mark complete\"\u001b[39m\n              \u001b[33mdata-testid\u001b[39m=\u001b[32m\"mark-complete-btn\"\u001b[39m\n              \u001b[33mstyle\u001b[39m=\u001b[32m\"width: 44px; height: 44px; min-width: 44px; min-height: 44px; border-radius: 50%; border: 2px solid; border-color: rgb(204, 204, 204); background-color: transparent; color: rgb(102, 102, 102); display: flex; align-items: center; justify-content: center; font-size: 20px; cursor: pointer; flex-shrink: 0;\"\u001b[39m\n            \u001b[36m/>\u001b[39m\n            \u001b[36m<div\u001b[39m\n              \u001b[33mstyle\u001b[39m=\u001b[32m\"flex: 1 1 0%;\"\u001b[39m\n            \u001b[36m>\u001b[39m\n              \u001b[36m<div\u001b[39m\n                \u001b[33mstyle\u001b[39m=\u001b[32m\"font-weight: 600; font-size: 16px;\"\u001b[39m\n              \u001b[36m>\u001b[39m\n                \u001b[0m2\u001b[0m\n                \u001b[0m - \u001b[0m\n                \u001b[0mStructural Work\u001b[0m\n              \u001b[36m</div>\u001b[39m\n              \u001b[36m<div\u001b[39m\n                \u001b[33mstyle\u001b[39m=\u001b[32m\"font-size: 14px; color: rgb(102, 102, 102); margin-top: 4px;\"\u001b[39m\n              \u001b[36m>\u001b[39m\n                \u001b[0mMain structural elements\u001b[0m\n              \u001b[36m</div>\u001b[39m\n              \u001b[36m<div\u001b[39m\n                \u001b[33mstyle\u001b[39m=\u001b[32m\"font-size: 12px; color: rgb(153, 153, 153); margin-top: 4px;\"\u001b[39m\n              \u001b[36m>\u001b[39m\n                \u001b[0m0\u001b[0m\n                \u001b[0m% complete\u001b[0m\n              \u001b[36m</div>\u001b[39m\n            \u001b[36m</div>\u001b[39m\n            \u001b[36m<button\u001b[39m\n              \u001b[33maria-label\u001b[39m=\u001b[32m\"View details\"\u001b[39m\n              \u001b[33mdata-testid\u001b[39m=\u001b[32m\"view-details-btn\"\u001b[39m\n              \u001b[33mstyle\u001b[39m=\u001b[32m\"width: 44px; height: 44px; min-width: 44px; min-height: 44px; border-radius: 8px; background-color: rgb(245, 245, 245); cursor: pointer; display: flex; align-items: center; justify-content: center; font-size: 20px;\"\u001b[39m\n            \u001b[36m>\u001b[39m\n              \u001b[0m→\u001b[0m\n            \u001b[36m</button>\u001b[39m\n          \u001b[36m</div>\u001b[39m\n          \u001b[36m<div\u001b[39m\n            \u001b[33mstyle\u001b[39m=\u001b[32m\"font-size: 12px; color: rgb(102, 102, 102); margin-top: 8px; font-style: italic;\"\u001b[39m\n          \u001b[36m>\u001b[39m\n            \u001b[0mSwipe right to mark complete\u001b[0m\n          \u001b[36m</div>\u001b[39m\n        \u001b[36m</div>\u001b[39m\n      \u001b[36m</div>\u001b[39m\n    \u001b[36m</div>\u001b[39m\n  \u001b[36m</div>\u001b[39m\n\u001b[36m</body>\u001b[39m\n    at Object.getElementError (C:\\Users\\esus_\\Documents\\AI\\ZTWQ\\c2pro\\apps\\web\\node_modules\\@testing-library\\dom\\dist\\config.js:37:19)\n    at C:\\Users\\esus_\\Documents\\AI\\ZTWQ\\c2pro\\apps\\web\\node_modules\\@testing-library\\dom\\dist\\query-helpers.js:76:38\n    at C:\\Users\\esus_\\Documents\\AI\\ZTWQ\\c2pro\\apps\\web\\node_modules\\@testing-library\\dom\\dist\\query-helpers.js:52:17\n    at C:\\Users\\esus_\\Documents\\AI\\ZTWQ\\c2pro\\apps\\web\\node_modules\\@testing-library\\dom\\dist\\query-helpers.js:95:19\n    at C:\\Users\\esus_\\Documents\\AI\\ZTWQ\\c2pro\\apps\\web\\tests\\mobile\\wbs-mobile.contract.test.tsx:397:10\n    at file:///C:/Users/esus_/Documents/AI/ZTWQ/c2pro/apps/web/node_modules/@vitest/runner/dist/chunk-hooks.js:155:11\n    at file:///C:/Users/esus_/Documents/AI/ZTWQ/c2pro/apps/web/node_modules/@vitest/runner/dist/chunk-hooks.js:752:26\n    at file:///C:/Users/esus_/Documents/AI/ZTWQ/c2pro/apps/web/node_modules/@vitest/runner/dist/chunk-hooks.js:1897:20\n    at new Promise (<anonymous>)\n    at runWithTimeout (file:///C:/Users/esus_/Documents/AI/ZTWQ/c2pro/apps/web/node_modules/@vitest/runner/dist/chunk-hooks.js:1863:10)"],"meta":{}},{"ancestorTitles":["TS-MOB-WBS-001: WBS Mobile Contract Tests","Bottom Sheet Pattern [TEST-03]"],"fullName":"TS-MOB-WBS-001: WBS Mobile Contract Tests Bottom Sheet Pattern [TEST-03] should use bottom sheet for detail view on mobile","status":"failed","title":"should use bottom sheet for detail view on mobile","duration":115.92029999999795,"failureMessages":["TestingLibraryElementError: Unable to find an element with the text: Project Foundation. This could be because the text is broken up by multiple elements. In this case, you can provide a function for your text matcher to make your matcher more flexible.\n\nIgnored nodes: comments, script, style\n\u001b[36m<body>\u001b[39m\n  \u001b[36m<div>\u001b[39m\n    \u001b[36m<div\u001b[39m\n      \u001b[33mdata-testid\u001b[39m=\u001b[32m\"wbs-mobile\"\u001b[39m\n      \u001b[33mstyle\u001b[39m=\u001b[32m\"padding: 16px; background-color: rgb(245, 245, 245); min-height: 100vh;\"\u001b[39m\n    \u001b[36m>\u001b[39m\n      \u001b[36m<div\u001b[39m\n        \u001b[33maria-label\u001b[39m=\u001b[32m\"WBS Items\"\u001b[39m\n        \u001b[33mrole\u001b[39m=\u001b[32m\"list\"\u001b[39m\n      \u001b[36m>\u001b[39m\n        \u001b[36m<div\u001b[39m\n          \u001b[33mdata-completion\u001b[39m=\u001b[32m\"in-progress\"\u001b[39m\n          \u001b[33mdata-item-id\u001b[39m=\u001b[32m\"1\"\u001b[39m\n          \u001b[33mdata-testid\u001b[39m=\u001b[32m\"wbs-item-card\"\u001b[39m\n          \u001b[33mstyle\u001b[39m=\u001b[32m\"padding: 16px; margin-bottom: 8px; background-color: rgb(255, 255, 255); border-radius: 8px; box-shadow: 0 1px 3px rgba(0,0,0,0.1); transition: transform 0.2s, background-color 0.2s; transform: translateX(0); min-height: 44px;\"\u001b[39m\n        \u001b[36m>\u001b[39m\n          \u001b[36m<div\u001b[39m\n            \u001b[33mstyle\u001b[39m=\u001b[32m\"display: flex; align-items: center; gap: 12px;\"\u001b[39m\n          \u001b[36m>\u001b[39m\n            \u001b[36m<button\u001b[39m\n              \u001b[33maria-label\u001b[39m=\u001b[32m\"Mark complete\"\u001b[39m\n              \u001b[33mdata-testid\u001b[39m=\u001b[32m\"mark-complete-btn\"\u001b[39m\n              \u001b[33mstyle\u001b[39m=\u001b[32m\"width: 44px; height: 44px; min-width: 44px; min-height: 44px; border-radius: 50%; border: 2px solid; border-color: rgb(204, 204, 204); background-color: transparent; color: rgb(102, 102, 102); display: flex; align-items: center; justify-content: center; font-size: 20px; cursor: pointer; flex-shrink: 0;\"\u001b[39m\n            \u001b[36m/>\u001b[39m\n            \u001b[36m<div\u001b[39m\n              \u001b[33mstyle\u001b[39m=\u001b[32m\"flex: 1 1 0%;\"\u001b[39m\n            \u001b[36m>\u001b[39m\n              \u001b[36m<div\u001b[39m\n                \u001b[33mstyle\u001b[39m=\u001b[32m\"font-weight: 600; font-size: 16px;\"\u001b[39m\n              \u001b[36m>\u001b[39m\n                \u001b[0m1\u001b[0m\n                \u001b[0m - \u001b[0m\n                \u001b[0mProject Foundation\u001b[0m\n              \u001b[36m</div>\u001b[39m\n              \u001b[36m<div\u001b[39m\n                \u001b[33mstyle\u001b[39m=\u001b[32m\"font-size: 14px; color: rgb(102, 102, 102); margin-top: 4px;\"\u001b[39m\n              \u001b[36m>\u001b[39m\n                \u001b[0mFoundation work for construction project\u001b[0m\n              \u001b[36m</div>\u001b[39m\n              \u001b[36m<div\u001b[39m\n                \u001b[33mstyle\u001b[39m=\u001b[32m\"font-size: 12px; color: rgb(153, 153, 153); margin-top: 4px;\"\u001b[39m\n              \u001b[36m>\u001b[39m\n                \u001b[0m75\u001b[0m\n                \u001b[0m% complete\u001b[0m\n              \u001b[36m</div>\u001b[39m\n            \u001b[36m</div>\u001b[39m\n            \u001b[36m<button\u001b[39m\n              \u001b[33maria-label\u001b[39m=\u001b[32m\"View details\"\u001b[39m\n              \u001b[33mdata-testid\u001b[39m=\u001b[32m\"view-details-btn\"\u001b[39m\n              \u001b[33mstyle\u001b[39m=\u001b[32m\"width: 44px; height: 44px; min-width: 44px; min-height: 44px; border-radius: 8px; background-color: rgb(245, 245, 245); cursor: pointer; display: flex; align-items: center; justify-content: center; font-size: 20px;\"\u001b[39m\n            \u001b[36m>\u001b[39m\n              \u001b[0m→\u001b[0m\n            \u001b[36m</button>\u001b[39m\n          \u001b[36m</div>\u001b[39m\n          \u001b[36m<div\u001b[39m\n            \u001b[33mstyle\u001b[39m=\u001b[32m\"font-size: 12px; color: rgb(102, 102, 102); margin-top: 8px; font-style: italic;\"\u001b[39m\n          \u001b[36m>\u001b[39m\n            \u001b[0mSwipe right to mark complete\u001b[0m\n          \u001b[36m</div>\u001b[39m\n        \u001b[36m</div>\u001b[39m\n        \u001b[36m<div\u001b[39m\n          \u001b[33mdata-completion\u001b[39m=\u001b[32m\"in-progress\"\u001b[39m\n          \u001b[33mdata-item-id\u001b[39m=\u001b[32m\"2\"\u001b[39m\n          \u001b[33mdata-testid\u001b[39m=\u001b[32m\"wbs-item-card\"\u001b[39m\n          \u001b[33mstyle\u001b[39m=\u001b[32m\"padding: 16px; margin-bottom: 8px; background-color: rgb(255, 255, 255); border-radius: 8px; box-shadow: 0 1px 3px rgba(0,0,0,0.1); transition: transform 0.2s, background-color 0.2s; transform: translateX(0); min-height: 44px;\"\u001b[39m\n        \u001b[36m>\u001b[39m\n          \u001b[36m<div\u001b[39m\n            \u001b[33mstyle\u001b[39m=\u001b[32m\"display: flex; align-items: center; gap: 12px;\"\u001b[39m\n          \u001b[36m>\u001b[39m\n            \u001b[36m<button\u001b[39m\n              \u001b[33maria-label\u001b[39m=\u001b[32m\"Mark complete\"\u001b[39m\n              \u001b[33mdata-testid\u001b[39m=\u001b[32m\"mark-complete-btn\"\u001b[39m\n              \u001b[33mstyle\u001b[39m=\u001b[32m\"width: 44px; height: 44px; min-width: 44px; min-height: 44px; border-radius: 50%; border: 2px solid; border-color: rgb(204, 204, 204); background-color: transparent; color: rgb(102, 102, 102); display: flex; align-items: center; justify-content: center; font-size: 20px; cursor: pointer; flex-shrink: 0;\"\u001b[39m\n            \u001b[36m/>\u001b[39m\n            \u001b[36m<div\u001b[39m\n              \u001b[33mstyle\u001b[39m=\u001b[32m\"flex: 1 1 0%;\"\u001b[39m\n            \u001b[36m>\u001b[39m\n              \u001b[36m<div\u001b[39m\n                \u001b[33mstyle\u001b[39m=\u001b[32m\"font-weight: 600; font-size: 16px;\"\u001b[39m\n              \u001b[36m>\u001b[39m\n                \u001b[0m2\u001b[0m\n                \u001b[0m - \u0
[...]
eferences persist via sessionStorage after remount","status":"passed","title":"[S3-05-RED-INT-04] shortcut preferences persist via sessionStorage after remount","duration":37.6237000000001,"failureMessages":[],"meta":{}}],"startTime":1772955233942,"endTime":1772955234643.6238,"status":"passed","message":"","name":"C:/Users/esus_/Documents/AI/ZTWQ/c2pro/apps/web/src/tests/integration/shortcuts/S3-05-focus-shortcuts.integration.test.tsx"},{"assertionResults":[{"ancestorTitles":["S3-07 RED - severity/map/raci integration"],"fullName":"S3-07 RED - severity/map/raci integration [S3-07-RED-INT-01] alert row severity badge links to stakeholder node highlight","status":"passed","title":"[S3-07-RED-INT-01] alert row severity badge links to stakeholder node highlight","duration":771.9344999999994,"failureMessages":[],"meta":{}},{"ancestorTitles":["S3-07 RED - severity/map/raci integration"],"fullName":"S3-07 RED - severity/map/raci integration [S3-07-RED-INT-02] selecting stakeholder node syncs RACI row focus and alert filtering","status":"passed","title":"[S3-07-RED-INT-02] selecting stakeholder node syncs RACI row focus and alert filtering","duration":67.07630000000063,"failureMessages":[],"meta":{}},{"ancestorTitles":["S3-07 RED - severity/map/raci integration"],"fullName":"S3-07 RED - severity/map/raci integration [S3-07-RED-INT-03] RACI edit recomputes map overlays consistently","status":"passed","title":"[S3-07-RED-INT-03] RACI edit recomputes map overlays consistently","duration":112.40399999999863,"failureMessages":[],"meta":{}},{"ancestorTitles":["S3-07 RED - severity/map/raci integration"],"fullName":"S3-07 RED - severity/map/raci integration [S3-07-RED-INT-04] blocks save when multiple Accountable are assigned","status":"passed","title":"[S3-07-RED-INT-04] blocks save when multiple Accountable are assigned","duration":316.52080000000205,"failureMessages":[],"meta":{}}],"startTime":1772955165648,"endTime":1772955166916.5208,"status":"passed","message":"","name":"C:/Users/esus_/Documents/AI/ZTWQ/c2pro/apps/web/src/tests/integration/stakeholders/S3-07-severity-raci.integration.test.tsx"},{"assertionResults":[{"ancestorTitles":["S2-09 RED - chunk upload integration"],"fullName":"S2-09 RED - chunk upload integration [S2-09-RED-05] sends required upload metadata contract on each chunk","status":"passed","title":"[S2-09-RED-05] sends required upload metadata contract on each chunk","duration":308.9769000000015,"failureMessages":[],"meta":{}},{"ancestorTitles":["S2-09 RED - chunk upload integration"],"fullName":"S2-09 RED - chunk upload integration [S2-09-RED-06] retries only failed chunk and then completes upload","status":"passed","title":"[S2-09-RED-06] retries only failed chunk and then completes upload","duration":306.28859999999986,"failureMessages":[],"meta":{}}],"startTime":1772955307755,"endTime":1772955308370.2886,"status":"passed","message":"","name":"C:/Users/esus_/Documents/AI/ZTWQ/c2pro/apps/web/src/tests/integration/uploads/S2-09-chunk-upload.integration.test.ts"},{"assertionResults":[{"ancestorTitles":["S2-09 RED - upload auth and tenant boundaries"],"fullName":"S2-09 RED - upload auth and tenant boundaries [S2-09-RED-07] rejects upload start when auth context is missing","status":"passed","title":"[S2-09-RED-07] rejects upload start when auth context is missing","duration":215.32540000000154,"failureMessages":[],"meta":{}},{"ancestorTitles":["S2-09 RED - upload auth and tenant boundaries"],"fullName":"S2-09 RED - upload auth and tenant boundaries [S2-09-RED-08] rejects cross-tenant upload attempt","status":"passed","title":"[S2-09-RED-08] rejects cross-tenant upload attempt","duration":133.7586999999985,"failureMessages":[],"meta":{}}],"startTime":1772955295078,"endTime":1772955295427.7588,"status":"passed","message":"","name":"C:/Users/esus_/Documents/AI/ZTWQ/c2pro/apps/web/src/tests/integration/uploads/S2-09-upload-auth.integration.test.tsx"},{"assertionResults":[{"ancestorTitles":["S2-12 unit scaffold 01"],"fullName":"S2-12 unit scaffold 01 tracks processing contract token set 01","status":"passed","title":"tracks processing contract token set 01","duration":16.538300000000163,"failureMessages":[],"meta":{}}],"startTime":1772955502417,"endTime":1772955502433.5383,"status":"passed","message":"","name":"C:/Users/esus_/Documents/AI/ZTWQ/c2pro/apps/web/src/tests/unit/s2-12/s2-12-unit-01.test.ts"},{"assertionResults":[{"ancestorTitles":["S2-12 unit scaffold 02"],"fullName":"S2-12 unit scaffold 02 tracks processing contract token set 02","status":"passed","title":"tracks processing contract token set 02","duration":57.7841999999946,"failureMessages":[],"meta":{}}],"startTime":1772955691432,"endTime":1772955691489.7842,"status":"passed","message":"","name":"C:/Users/esus_/Documents/AI/ZTWQ/c2pro/apps/web/src/tests/unit/s2-12/s2-12-unit-02.test.ts"},{"assertionResults":[{"ancestorTitles":["S2-12 unit scaffold 03"],"fullName":"S2-12 unit scaffold 03 tracks processing contract token set 03","status":"passed","title":"tracks processing contract token set 03","duration":12.390500000001339,"failureMessages":[],"meta":{}}],"startTime":1772955521982,"endTime":1772955521994.3904,"status":"passed","message":"","name":"C:/Users/esus_/Documents/AI/ZTWQ/c2pro/apps/web/src/tests/unit/s2-12/s2-12-unit-03.test.ts"},{"assertionResults":[{"ancestorTitles":["S2-12 unit scaffold 04"],"fullName":"S2-12 unit scaffold 04 tracks processing contract token set 04","status":"passed","title":"tracks processing contract token set 04","duration":16.63430000000153,"failureMessages":[],"meta":{}}],"startTime":1772955458885,"endTime":1772955458901.6343,"status":"passed","message":"","name":"C:/Users/esus_/Documents/AI/ZTWQ/c2pro/apps/web/src/tests/unit/s2-12/s2-12-unit-04.test.ts"},{"assertionResults":[{"ancestorTitles":["S2-12 unit scaffold 05"],"fullName":"S2-12 unit scaffold 05 tracks processing contract token set 05","status":"passed","title":"tracks processing contract token set 05","duration":217.2844999999943,"failureMessages":[],"meta":{}}],"startTime":1772955732089,"endTime":1772955732306.2844,"status":"passed","message":"","name":"C:/Users/esus_/Documents/AI/ZTWQ/c2pro/apps/web/src/tests/unit/s2-12/s2-12-unit-05.test.ts"},{"assertionResults":[{"ancestorTitles":["S2-12 unit scaffold 06"],"fullName":"S2-12 unit scaffold 06 tracks processing contract token set 06","status":"passed","title":"tracks processing contract token set 06","duration":5.764900000001944,"failureMessages":[],"meta":{}}],"startTime":1772955864883,"endTime":1772955864888.765,"status":"passed","message":"","name":"C:/Users/esus_/Documents/AI/ZTWQ/c2pro/apps/web/src/tests/unit/s2-12/s2-12-unit-06.test.ts"},{"assertionResults":[{"ancestorTitles":["S2-12 unit scaffold 07"],"fullName":"S2-12 unit scaffold 07 tracks processing contract token set 07","status":"passed","title":"tracks processing contract token set 07","duration":54.29780000000028,"failureMessages":[],"meta":{}}],"startTime":1772955664618,"endTime":1772955664672.2979,"status":"passed","message":"","name":"C:/Users/esus_/Documents/AI/ZTWQ/c2pro/apps/web/src/tests/unit/s2-12/s2-12-unit-07.test.ts"},{"assertionResults":[{"ancestorTitles":["S2-12 unit scaffold 08"],"fullName":"S2-12 unit scaffold 08 tracks processing contract token set 08","status":"passed","title":"tracks processing contract token set 08","duration":59.42519999999786,"failureMessages":[],"meta":{}}],"startTime":1772955662454,"endTime":1772955662513.4253,"status":"passed","message":"","name":"C:/Users/esus_/Documents/AI/ZTWQ/c2pro/apps/web/src/tests/unit/s2-12/s2-12-unit-08.test.ts"},{"assertionResults":[{"ancestorTitles":["S2-12 unit scaffold 09"],"fullName":"S2-12 unit scaffold 09 tracks processing contract token set 09","status":"passed","title":"tracks processing contract token set 09","duration":8.516199999998207,"failureMessages":[],"meta":{}}],"startTime":1772955454047,"endTime":1772955454055.516,"status":"passed","message":"","name":"C:/Users/esus_/Documents/AI/ZTWQ/c2pro/apps/web/src/tests/unit/s2-12/s2-12-unit-09.test.ts"},{"assertionResults":[{"ancestorTitles":["S2-12 unit scaffold 10"],"fullName":"S2-12 unit scaffold 10 tracks processing contract token set 10","status":"passed","title":"tracks processing contract token set 10","duration":26.30859999999666,"failureMessages":[],"meta":{}}],"startTime":1772955796907,"endTime":1772955796933.3086,"status":"passed","message":"","name":"C:/Users/esus_/Documents/AI/ZTWQ/c2pro/apps/web/src/tests/unit/s2-12/s2-12-unit-10.test.ts"},{"assertionResults":[{"ancestorTitles":["S2-12 unit scaffold 11"],"fullName":"S2-12 unit scaffold 11 tracks processing contract token set 11","status":"passed","title":"tracks processing contract token set 11","duration":13.930099999997765,"failureMessages":[],"meta":{}}],"startTime":1772955511009,"endTime":1772955511022.9302,"status":"passed","message":"","name":"C:/Users/esus_/Documents/AI/ZTWQ/c2pro/apps/web/src/tests/unit/s2-12/s2-12-unit-11.test.ts"},{"assertionResults":[{"ancestorTitles":["S2-12 unit scaffold 12"],"fullName":"S2-12 unit scaffold 12 tracks processing contract token set 12","status":"passed","title":"tracks processing contract token set 12","duration":57.108500000002095,"failureMessages":[],"meta":{}}],"startTime":1772955554851,"endTime":1772955554908.1084,"status":"passed","message":"","name":"C:/Users/esus_/Documents/AI/ZTWQ/c2pro/apps/web/src/tests/unit/s2-12/s2-12-unit-12.test.ts"},{"assertionResults":[{"ancestorTitles":["S2-12 unit scaffold 13"],"fullName":"S2-12 unit scaffold 13 tracks processing contract token set 13","status":"passed","title":"tracks processing contract token set 13","duration":17.942800000000716,"failureMessages":[],"meta":{}}],"startTime":1772955528658,"endTime":1772955528675.9429,"status":"passed","message":"","name":"C:/Users/esus_/Documents/AI/ZTWQ/c2pro/apps/web/src/tests/unit/s2-12/s2-12-unit-13.test.ts"},{"assertionResults":[{"ancestorTitles":["S2-12 unit scaffold 14"],"fullName":"S2-12 unit scaffold 14 tracks processing contract token set 14","status":"passed","title":"tracks processing contract token set 14","duration":45.22500000000582,"failureMessages":[],"meta":{}}],"startTime":1772955801997,"endTime":1772955802042.225,"status":"passed","message":"","name":"C:/Users/esus_/Documents/AI/ZTWQ/c2pro/apps/web/src/tests/unit/s2-12/s2-12-unit-14.test.ts"},{"assertionResults":[{"ancestorTitles":["S2-12 unit scaffold 15"],"fullName":"S2-12 unit scaffold 15 tracks processing contract token set 15","status":"passed","title":"tracks processing contract token set 15","duration":25.912799999998242,"failureMessages":[],"meta":{}}],"startTime":1772955474821,"endTime":1772955474846.9128,"status":"passed","message":"","name":"C:/Users/esus_/Documents/AI/ZTWQ/c2pro/apps/web/src/tests/unit/s2-12/s2-12-unit-15.test.ts"},{"assertionResults":[{"ancestorTitles":["S2-12 unit scaffold 16"],"fullName":"S2-12 unit scaffold 16 tracks processing contract token set 16","status":"passed","title":"tracks processing contract token set 16","duration":5.831600000001345,"failureMessages":[],"meta":{}}],"startTime":1772955882028,"endTime":1772955882033.8315,"status":"passed","message":"","name":"C:/Users/esus_/Documents/AI/ZTWQ/c2pro/apps/web/src/tests/unit/s2-12/s2-12-unit-16.test.ts"},{"assertionResults":[{"ancestorTitles":["S2-12 unit scaffold 17"],"fullName":"S2-12 unit scaffold 17 tracks processing contract token set 17","status":"passed","title":"tracks processing contract token set 17","duration":36.138300000002346,"failureMessages":[],"meta":{}}],"startTime":1772955807444,"endTime":1772955807480.1382,"status":"passed","message":"","name":"C:/Users/esus_/Documents/AI/ZTWQ/c2pro/apps/web/src/tests/unit/s2-12/s2-12-unit-17.test.ts"},{"assertionResults":[{"ancestorTitles":["S2-12 unit scaffold 18"],"fullName":"S2-12 unit scaffold 18 tracks processing contract token set 18","status":"passed","title":"tracks processing contract token set 18","duration":29.02139999999781,"failureMessages":[],"meta":{}}],"startTime":1772955802111,"endTime":1772955802140.0215,"status":"passed","message":"","name":"C:/Users/esus_/Documents/AI/ZTWQ/c2pro/apps/web/src/tests/unit/s2-12/s2-12-unit-18.test.ts"},{"assertionResults":[{"ancestorTitles":["S2-12 unit scaffold 19"],"fullName":"S2-12 unit scaffold 19 tracks processing contract token set 19","status":"passed","title":"tracks processing contract token set 19","duration":5.859599999999773,"failureMessages":[],"meta":{}}],"startTime":1772955865920,"endTime":1772955865925.8596,"status":"passed","message":"","name":"C:/Users/esus_/Documents/AI/ZTWQ/c2pro/apps/web/src/tests/unit/s2-12/s2-12-unit-19.test.ts"},{"assertionResults":[{"ancestorTitles":["S2-12 unit scaffold 20"],"fullName":"S2-12 unit scaffold 20 tracks processing contract token set 20","status":"passed","title":"tracks processing contract token set 20","duration":10.739399999998568,"failureMessages":[],"meta":{}}],"startTime":1772955563412,"endTime":1772955563422.7395,"status":"passed","message":"","name":"C:/Users/esus_/Documents/AI/ZTWQ/c2pro/apps/web/src/tests/unit/s2-12/s2-12-unit-20.test.ts"},{"assertionResults":[{"ancestorTitles":["S2-12 unit scaffold 21"],"fullName":"S2-12 unit scaffold 21 tracks processing contract token set 21","status":"passed","title":"tracks processing contract token set 21","duration":23.521700000001147,"failureMessages":[],"meta":{}}],"startTime":1772955496421,"endTime":1772955496444.5217,"status":"passed","message":"","name":"C:/Users/esus_/Documents/AI/ZTWQ/c2pro/apps/web/src/tests/unit/s2-12/s2-12-unit-21.test.ts"},{"assertionResults":[{"ancestorTitles":["S2-12 unit scaffold 22"],"fullName":"S2-12 unit scaffold 22 tracks processing contract token set 22","status":"passed","title":"tracks processing contract token set 22","duration":28.137399999999616,"failureMessages":[],"meta":{}}],"startTime":1772955802064,"endTime":1772955802092.1375,"status":"passed","message":"","name":"C:/Users/esus_/Documents/AI/ZTWQ/c2pro/apps/web/src/tests/unit/s2-12/s2-12-unit-22.test.ts"},{"assertionResults":[{"ancestorTitles":["S2-12 unit scaffold 23"],"fullName":"S2-12 unit scaffold 23 tracks processing contract token set 23","status":"passed","title":"tracks processing contract token set 23","duration":7.040500000002794,"failureMessages":[],"meta":{}}],"startTime":1772955865729,"endTime":1772955865736.0405,"status":"passed","message":"","name":"C:/Users/esus_/Documents/AI/ZTWQ/c2pro/apps/web/src/tests/unit/s2-12/s2-12-unit-23.test.ts"},{"assertionResults":[{"ancestorTitles":["S2-12 unit scaffold 24"],"fullName":"S2-12 unit scaffold 24 tracks processing contract token set 24","status":"passed","title":"tracks processing contract token set 24","duration":30.653699999995297,"failureMessages":[],"meta":{}}],"startTime":1772955843983,"endTime":1772955844013.6538,"status":"passed","message":"","name":"C:/Users/esus_/Documents/AI/ZTWQ/c2pro/apps/web/src/tests/unit/s2-12/s2-12-unit-24.test.ts"},{"assertionResults":[{"ancestorTitles":["S2-12 unit scaffold 25"],"fullName":"S2-12 unit scaffold 25 tracks processing contract token set 25","status":"passed","title":"tracks processing contract token set 25","duration":6.041100000002189,"failureMessages":[],"meta":{}}],"startTime":1772955882657,"endTime":1772955882663.041,"status":"passed","message":"","name":"C:/Users/esus_/Documents/AI/ZTWQ/c2pro/apps/web/src/tests/unit/s2-12/s2-12-unit-25.test.ts"},{"assertionResults":[{"ancestorTitles":["S2-12 unit scaffold 26"],"fullName":"S2-12 unit scaffold 26 tracks processing contract token set 26","status":"passed","title":"tracks processing contract token set 26","duration":22.87460000000283,"failureMessages":[],"meta":{}}],"startTime":1772955802039,"endTime":1772955802061.8745,"status":"passed","message":"","name":"C:/Users/esus_/Documents/AI/ZTWQ/c2pro/apps/web/src/tests/unit/s2-12/s2-12-unit-26.test.ts"},{"assertionResults":[{"ancestorTitles":["S2-12 unit scaffold 27"],"fullName":"S2-12 unit scaffold 27 tracks processing contract token set 27","status":"passed","title":"tracks processing contract token set 27","duration":43.71950000000652,"failureMessages":[],"meta":{}}],"startTime":1772955651249,"endTime":1772955651292.7195,"status":"passed","message":"","name":"C:/Users/esus_/Documents/AI/ZTWQ/c2pro/apps/web/src/tests/unit/s2-12/s2-12-unit-27.test.ts"},{"assertionResults":[{"ancestorTitles":["S2-12 unit scaffold 28"],"fullName":"S2-12 unit scaffold 28 tracks processing contract token set 28","status":"passed","title":"tracks processing contract token set 28","duration":36.490499999999884,"failureMessages":[],"meta":{}}],"startTime":1772955573878,"endTime":1772955573914.4905,"status":"passed","message":"","name":"C:/Users/esus_/Documents/AI/ZTWQ/c2pro/apps/web/src/tests/unit/s2-12/s2-12-unit-28.test.ts"},{"assertionResults":[{"ancestorTitles":["S2-12 unit scaffold 29"],"fullName":"S2-12 unit scaffold 29 tracks processing contract token set 29","status":"passed","title":"tracks processing contract token set 29","duration":59.833999999995285,"failureMessages":[],"meta":{}}],"startTime":1772955838930,"endTime":1772955838989.834,"status":"passed","message":"","name":"C:/Users/esus_/Documents/AI/ZTWQ/c2pro/apps/web/src/tests/unit/s2-12/s2-12-unit-29.test.ts"},{"assertionResults":[{"ancestorTitles":["S2-12 unit scaffold 30"],"fullName":"S2-12 unit scaffold 30 tracks processing contract token set 30","status":"passed","title":"tracks processing contract token set 30","duration":20.295600000001286,"failureMessages":[],"meta":{}}],"startTime":1772955527501,"endTime":1772955527521.2957,"status":"passed","message":"","name":"C:/Users/esus_/Documents/AI/ZTWQ/c2pro/apps/web/src/tests/unit/s2-12/s2-12-unit-30.test.ts"},{"assertionResults":[{"ancestorTitles":["S2-12 unit scaffold 31"],"fullName":"S2-12 unit scaffold 31 tracks processing contract token set 31","status":"passed","title":"tracks processing contract token set 31","duration":7.863899999996647,"failureMessages":[],"meta":{}}],"startTime":1772955460450,"endTime":1772955460457.864,"status":"passed","message":"","name":"C:/Users/esus_/Documents/AI/ZTWQ/c2pro/apps/web/src/tests/unit/s2-12/s2-12-unit-31.test.ts"},{"assertionResults":[{"ancestorTitles":["S2-12 unit scaffold 32"],"fullName":"S2-12 unit scaffold 32 tracks processing contract token set 32","status":"passed","title":"tracks processing contract token set 32","duration":29.070800000001327,"failureMessages":[],"meta":{}}],"startTime":1772955471560,"endTime":1772955471589.0708,"status":"passed","message":"","name":"C:/Users/esus_/Documents/AI/ZTWQ/c2pro/apps/web/src/tests/unit/s2-12/s2-12-unit-32.test.ts"},{"assertionResults":[{"ancestorTitles":["S2-12 unit scaffold 33"],"fullName":"S2-12 unit scaffold 33 tracks processing contract token set 33","status":"passed","title":"tracks processing contract token set 33","duration":20.952499999999418,"failureMessages":[],"meta":{}}],"startTime":1772955518755,"endTime":1772955518775.9524,"status":"passed","message":"","name":"C:/Users/esus_/Documents/AI/ZTWQ/c2pro/apps/web/src/tests/unit/s2-12/s2-12-unit-33.test.ts"},{"assertionResults":[{"ancestorTitles":["S2-12 unit scaffold 34"],"fullName":"S2-12 unit scaffold 34 tracks processing contract token set 34","status":"passed","title":"tracks processing contract token set 34","duration":11.41990000000078,"failureMessages":[],"meta":{}}],"startTime":1772955475072,"endTime":1772955475083.42,"status":"passed","message":"","name":"C:/Users/esus_/Documents/AI/ZTWQ/c2pro/apps/web/src/tests/unit/s2-12/s2-12-unit-34.test.ts"},{"assertionResults":[{"ancestorTitles":["S2-12 unit scaffold 35"],"fullName":"S2-12 unit scaffold 35 tracks processing contract token set 35","status":"passed","title":"tracks processing contract token set 35","duration":40.81510000000708,"failureMessages":[],"meta":{}}],"startTime":1772955745623,"endTime":1772955745663.8152,"status":"passed","message":"","name":"C:/Users/esus_/Documents/AI/ZTWQ/c2pro/apps/web/src/tests/unit/s2-12/s2-12-unit-35.test.ts"}]}