{"total": {"lines":{"total":3423,"covered":2813,"skipped":0,"pct":82.17},"statements":{"total":3661,"covered":2972,"skipped":0,"pct":81.18},"functions":{"total":1103,"covered":911,"skipped":0,"pct":82.59},"branches":{"total":2318,"covered":1572,"skipped":0,"pct":67.81},"branchesTrue":{"total":0,"covered":0,"skipped":0,"pct":100}}
,"C:\\Users\\esus_\\Documents\\AI\\ZTWQ\\c2pro\\apps\\web\\app\\globals.css": {"lines":{"total":0,"covered":0,"skipped":0,"pct":100},"functions":{"total":0,"covered":0,"skipped":0,"pct":100},"statements":{"total":0,"covered":0,"skipped":0,"pct":100},"branches":{"total":0,"covered":0,"skipped":0,"pct":100}}
,"C:\\Users\\esus_\\Documents\\AI\\ZTWQ\\c2pro\\apps\\web\\app\\layout.tsx": {"lines":{"total":5,"covered":5,"skipped":0,"pct":100},"functions":{"total":1,"covered":1,"skipped":0,"pct":100},"statements":{"total":5,"covered":5,"skipped":0,"pct":100},"branches":{"total":0,"covered":0,"skipped":0,"pct":100}}
,"C:\\Users\\esus_\\Documents\\AI\\ZTWQ\\c2pro\\apps\\web\\app\\page.tsx": {"lines":{"total":18,"covered":15,"skipped":0,"pct":83.33},"functions":{"total":2,"covered":2,"skipped":0,"pct":100},"statements":{"total":19,"covered":15,"skipped":0,"pct":78.94},"branches":{"total":12,"covered":8,"skipped":0,"pct":66.66}}
,"C:\\Users\\esus_\\Documents\\AI\\ZTWQ\\c2pro\\apps\\web\\app\\providers.tsx": {"lines":{"total":21,"covered":21,"skipped":0,"pct":100},"functions":{"total":7,"covered":7,"skipped":0,"pct":100},"statements":{"total":23,"covered":23,"skipped":0,"pct":100},"branches":{"total":6,"covered":6,"skipped":0,"pct":100}}
,"C:\\Users\\esus_\\Documents\\AI\\ZTWQ\\c2pro\\apps\\web\\app\\(app)\\page.tsx": {"lines":{"total":51,"covered":48,"skipped":0,"pct":94.11},"functions":{"total":7,"covered":7,"skipped":0,"pct":100},"statements":{"total":52,"covered":49,"skipped":0,"pct":94.23},"branches":{"total":49,"covered":37,"skipped":0,"pct":75.51}}
,"C:\\Users\\esus_\\Documents\\AI\\ZTWQ\\c2pro\\apps\\web\\app\\(app)\\alerts\\page.tsx": {"lines":{"total":53,"covered":46,"skipped":0,"pct":86.79},"functions":{"total":19,"covered":16,"skipped":0,"pct":84.21},"statements":{"total":54,"covered":47,"skipped":0,"pct":87.03},"branches":{"total":47,"covered":37,"skipped":0,"pct":78.72}}
,"C:\\Users\\esus_\\Documents\\AI\\ZTWQ\\c2pro\\apps\\web\\app\\(app)\\documents\\page.tsx": {"lines":{"total":15,"covered":15,"skipped":0,"pct":100},"functions":{"total":6,"covered":6,"skipped":0,"pct":100},"statements":{"total":15,"covered":15,"skipped":0,"pct":100},"branches":{"total":8,"covered":5,"skipped":0,"pct":62.5}}
,"C:\\Users\\esus_\\Documents\\AI\\ZTWQ\\c2pro\\apps\\web\\app\\(app)\\evidence\\page.tsx": {"lines":{"total":8,"covered":6,"skipped":0,"pct":75},"functions":{"total":5,"covered":3,"skipped":0,"pct":60},"statements":{"total":8,"covered":6,"skipped":0,"pct":75},"branches":{"total":14,"covered":6,"skipped":0,"pct":42.85}}
,"C:\\Users\\esus_\\Documents\\AI\\ZTWQ\\c2pro\\apps\\web\\app\\(app)\\observability\\page.tsx": {"lines":{"total":11,"covered":9,"skipped":0,"pct":81.81},"functions":{"total":2,"covered":2,"skipped":0,"pct":100},"statements":{"total":11,"covered":9,"skipped":0,"pct":81.81},"branches":{"total":24,"covered":13,"skipped":0,"pct":54.16}}
,"C:\\Users\\esus_\\Documents\\AI\\ZTWQ\\c2pro\\apps\\web\\app\\(app)\\projects\\page.tsx": {"lines":{"total":62,"covered":56,"skipped":0,"pct":90.32},"functions":{"total":28,"covered":26,"skipped":0,"pct":92.85},"statements":{"total":64,"covered":58,"skipped":0,"pct":90.62},"branches":{"total":55,"covered":42,"skipped":0,"pct":76.36}}
,"C:\\Users\\esus_\\Documents\\AI\\ZTWQ\\c2pro\\apps\\web\\app\\(app)\\projects\\[id]\\page.tsx": {"lines":{"total":17,"covered":17,"skipped":0,"pct":100},"functions":{"total":5,"covered":5,"skipped":0,"pct":100},"statements":{"total":19,"covered":19,"skipped":0,"pct":100},"branches":{"total":28,"covered":21,"skipped":0,"pct":75}}
,"C:\\Users\\esus_\\Documents\\AI\\ZTWQ\\c2pro\\apps\\web\\app\\(app)\\projects\\[id]\\alerts\\page.tsx": {"lines":{"total":13,"covered":11,"skipped":0,"pct":84.61},"functions":{"total":2,"covered":2,"skipped":0,"pct":100},"statements":{"total":13,"covered":11,"skipped":0,"pct":84.61},"branches":{"total":14,"covered":6,"skipped":0,"pct":42.85}}
,"C:\\Users\\esus_\\Documents\\AI\\ZTWQ\\c2pro\\apps\\web\\app\\(app)\\projects\\[id]\\analysis\\page.tsx": {"lines":{"total":17,"covered":15,"skipped":0,"pct":88.23},"functions":{"total":5,"covered":5,"skipped":0,"pct":100},"statements":{"total":19,"covered":17,"skipped":0,"pct":89.47},"branches":{"total":20,"covered":10,"skipped":0,"pct":50}}
,"C:\\Users\\esus_\\Documents\\AI\\ZTWQ\\c2pro\\apps\\web\\app\\(app)\\projects\\[id]\\coherence\\page.tsx": {"lines":{"total":12,"covered":11,"skipped":0,"pct":91.66},"functions":{"total":3,"covered":3,"skipped":0,"pct":100},"statements":{"total":12,"covered":11,"skipped":0,"pct":91.66},"branches":{"total":35,"covered":21,"skipped":0,"pct":60}}
,"C:\\Users\\esus_\\Documents\\AI\\ZTWQ\\c2pro\\apps\\web\\app\\(app)\\projects\\[id]\\documents\\page.tsx": {"lines":{"total":72,"covered":66,"skipped":0,"pct":91.66},"functions":{"total":25,"covered":24,"skipped":0,"pct":96},"statements":{"total":79,"covered":71,"skipped":0,"pct":89.87},"branches":{"total":42,"covered":29,"skipped":0,"pct":69.04}}
,"C:\\Users\\esus_\\Documents\\AI\\ZTWQ\\c2pro\\apps\\web\\app\\(app)\\projects\\[id]\\evidence\\page.tsx": {"lines":{"total":196,"covered":154,"skipped":0,"pct":78.57},"functions":{"total":82,"covered":67,"skipped":0,"pct":81.7},"statements":{"total":204,"covered":160,"skipped":0,"pct":78.43},"branches":{"total":139,"covered":84,"skipped":0,"pct":60.43}}
,"C:\\Users\\esus_\\Documents\\AI\\ZTWQ\\c2pro\\apps\\web\\app\\(app)\\projects\\new\\page.tsx": {"lines":{"total":24,"covered":22,"skipped":0,"pct":91.66},"functions":{"total":7,"covered":7,"skipped":0,"pct":100},"statements":{"total":24,"covered":22,"skipped":0,"pct":91.66},"branches":{"total":31,"covered":30,"skipped":0,"pct":96.77}}
,"C:\\Users\\esus_\\Documents\\AI\\ZTWQ\\c2pro\\apps\\web\\app\\(app)\\raci\\page.tsx": {"lines":{"total":28,"covered":23,"skipped":0,"pct":82.14},"functions":{"total":14,"covered":11,"skipped":0,"pct":78.57},"statements":{"total":29,"covered":24,"skipped":0,"pct":82.75},"branches":{"total":18,"covered":12,"skipped":0,"pct":66.66}}
,"C:\\Users\\esus_\\Documents\\AI\\ZTWQ\\c2pro\\apps\\web\\app\\(app)\\settings\\page.tsx": {"lines":{"total":40,"covered":38,"skipped":0,"pct":95},"functions":{"total":9,"covered":8,"skipped":0,"pct":88.88},"statements":{"total":42,"covered":40,"skipped":0,"pct":95.23},"branches":{"total":44,"covered":28,"skipped":0,"pct":63.63}}
,"C:\\Users\\esus_\\Documents\\AI\\ZTWQ\\c2pro\\apps\\web\\app\\(app)\\stakeholders\\page.tsx": {"lines":{"total":8,"covered":8,"skipped":0,"pct":100},"functions":{"total":3,"covered":3,"skipped":0,"pct":100},"statements":{"total":8,"covered":8,"skipped":0,"pct":100},"branches":{"total":8,"covered":7,"skipped":0,"pct":87.5}}
,"C:\\Users\\esus_\\Documents\\AI\\ZTWQ\\c2pro\\apps\\web\\app\\api\\[...proxy]\\route-utils.ts": {"lines":{"total":13,"covered":12,"skipped":0,"pct":92.3},"functions":{"total":2,"covered":2,"skipped":0,"pct":100},"statements":{"total":13,"covered":12,"skipped":0,"pct":92.3},"branches":{"total":15,"covered":14,"skipped":0,"pct":93.33}}
,"C:\\Users\\esus_\\Documents\\AI\\ZTWQ\\c2pro\\apps\\web\\app\\api\\[...proxy]\\route.ts": {"lines":{"total":32,"covered":21,"skipped":0,"pct":65.62},"functions":{"total":8,"covered":4,"skipped":0,"pct":50},"statements":{"total":32,"covered":21,"skipped":0,"pct":65.62},"branches":{"total":12,"covered":6,"skipped":0,"pct":50}}
,"C:\\Users\\esus_\\Documents\\AI\\ZTWQ\\c2pro\\apps\\web\\app\\demo\\layout.tsx": {"lines":{"total":1,"covered":1,"skipped":0,"pct":100},"functions":{"total":1,"covered":1,"skipped":0,"pct":100},"statements":{"total":1,"covered":1,"skipped":0,"pct":100},"branches":{"total":0,"covered":0,"skipped":0,"pct":100}}
,"C:\\Users\\esus_\\Documents\\AI\\ZTWQ\\c2pro\\apps\\web\\app\\demo\\alerts\\page.tsx": {"lines":{"total":18,"covered":15,"skipped":0,"pct":83.33},"functions":{"total":7,"covered":7,"skipped":0,"pct":100},"statements":{"total":21,"covered":18,"skipped":0,"pct":85.71},"branches":{"total":12,"covered":9,"skipped":0,"pct":75}}
,"C:\\Users\\esus_\\Documents\\AI\\ZTWQ\\c2pro\\apps\\web\\app\\demo\\documents\\page.tsx": {"lines":{"total":24,"covered":24,"skipped":0,"pct":100},"functions":{"total":10,"covered":10,"skipped":0,"pct":100},"statements":{"total":28,"covered":27,"skipped":0,"pct":96.42},"branches":{"total":12,"covered":11,"skipped":0,"pct":91.66}}
,"C:\\Users\\esus_\\Documents\\AI\\ZTWQ\\c2pro\\apps\\web\\app\\demo\\evidence\\page.tsx": {"lines":{"total":4,"covered":2,"skipped":0,"pct":50},"functions":{"total":3,"covered":1,"skipped":0,"pct":33.33},"statements":{"total":4,"covered":2,"skipped":0,"pct":50},"branches":{"total":0,"covered":0,"skipped":0,"pct":100}}
,"C:\\Users\\esus_\\Documents\\AI\\ZTWQ\\c2pro\\apps\\web\\app\\demo\\projects\\[id]\\page.tsx": {"lines":{"total":24,"covered":17,"skipped":0,"pct":70.83},"functions":{"total":11,"covered":9,"skipped":0,"pct":81.81},"statements":{"total":30,"covered":21,"skipped":0,"pct":70},"branches":{"total":30,"covered":16,"skipped":0,"pct":53.33}}
,"C:\\Users\\esus_\\Documents\\AI\\ZTWQ\\c2pro\\apps\\web\\app\\demo\\raci\\page.tsx": {"lines":{"total":20,"covered":18,"skipped":0,"pct":90},"functions":{"total":7,"covered":7,"skipped":0,"pct":100},"statements":{"total":24,"covered":22,"skipped":0,"pct":91.66},"branches":{"total":17,"covered":15,"skipped":0,"pct":88.23}}
,"C:\\Users\\esus_\\Documents\\AI\\ZTWQ\\c2pro\\apps\\web\\app\\demo\\settings\\page.tsx": {"lines":{"total":1,"covered":1,"skipped":0,"pct":100},"functions":{"total":1,"covered":1,"skipped":0,"pct":100},"statements":{"total":1,"covered":1,"skipped":0,"pct":100},"branches":{"total":0,"covered":0,"skipped":0,"pct":100}}
,"C:\\Users\\esus_\\Documents\\AI\\ZTWQ\\c2pro\\apps\\web\\app\\demo\\stakeholders\\page.tsx": {"lines":{"total":26,"covered":22,"skipped":0,"pct":84.61},"functions":{"total":13,"covered":12,"skipped":0,"pct":92.3},"statements":{"total":26,"covered":22,"skipped":0,"pct":84.61},"branches":{"total":18,"covered":12,"skipped":0,"pct":66.66}}
,"C:\\Users\\esus_\\Documents\\AI\\ZTWQ\\c2pro\\apps\\web\\components\\alerts\\AlertDetailWithLinks.tsx": {"lines":{"total":4,"covered":4,"skipped":0,"pct":100},"functions":{"total":3,"covered":3,"skipped":0,"pct":100},"statements":{"total":4,"covered":4,"skipped":0,"pct":100},"branches":{"total":0,"covered":0,"skipped":0,"pct":100}}
,"C:\\Users\\esus_\\Documents\\AI\\ZTWQ\\c2pro\\apps\\web\\components\\auth\\ProtectedRoute.tsx": {"lines":{"total":10,"covered":10,"skipped":0,"pct":100},"functions":{"total":2,"covered":2,"skipped":0,"pct":100},"statements":{"total":10,"covered":10,"skipped":0,"pct":100},"branches":{"total":8,"covered":8,"skipped":0,"pct":100}}
,"C:\\Users\\esus_\\Documents\\AI\\ZTWQ\\c2pro\\apps\\web\\components\\coherence\\CoherenceGauge.tsx": {"lines":{"total":14,"covered":9,"skipped":0,"pct":64.28},"functions":{"total":4,"covered":4,"skipped":0,"pct":100},"statements":{"total":20,"covered":11,"skipped":0,"pct":55},"branches":{"total":14,"covered":4,"skipped":0,"pct":28.57}}
,"C:\\Users\\esus_\\Documents\\AI\\ZTWQ\\c2pro\\apps\\web\\components\\coherence\\DashboardClient.tsx": {"lines":{"total":58,"covered":55,"skipped":0,"pct":94.82},"functions":{"total":25,"covered":24,"skipped":0,"pct":96},"statements":{"total":62,"covered":59,"skipped":0,"pct":95.16},"branches":{"total":61,"covered":46,"skipped":0,"pct":75.4}}
,"C:\\Users\\esus_\\Documents\\AI\\ZTWQ\\c2pro\\apps\\web\\components\\coherence\\ScoreCard.tsx": {"lines":{"total":12,"covered":7,"skipped":0,"pct":58.33},"functions":{"total":3,"covered":2,"skipped":0,"pct":66.66},"statements":{"total":14,"covered":8,"skipped":0,"pct":57.14},"branches":{"total":20,"covered":8,"skipped":0,"pct":40}}
,"C:\\Users\\esus_\\Documents\\AI\\ZTWQ\\c2pro\\apps\\web\\components\\features\\alerts\\AlertReviewCenter.tsx": {"lines":{"total":112,"covered":75,"skipped":0,"pct":66.96},"functions":{"total":51,"covered":29,"skipped":0,"pct":56.86},"statements":{"total":130,"covered":80,"skipped":0,"pct":61.53},"branches":{"total":90,"covered":36,"skipped":0,"pct":40}}
,"C:\\Users\\esus_\\Documents\\AI\\ZTWQ\\c2pro\\apps\\web\\components\\features\\alerts\\AlertUndoToast.tsx": {"lines":{"total":4,"covered":4,"skipped":0,"pct":100},"functions":{"total":2,"covered":2,"skipped":0,"pct":100},"statements":{"total":4,"covered":4,"skipped":0,"pct":100},"branches":{"total":4,"covered":2,"skipped":0,"pct":50}}
,"C:\\Users\\esus_\\Documents\\AI\\ZTWQ\\c2pro\\apps\\web\\components\\features\\alerts\\alert-undo.ts": {"lines":{"total":15,"covered":15,"skipped":0,"pct":100},"functions":{"total":6,"covered":5,"skipped":0,"pct":83.33},"statements":{"total":19,"covered":16,"skipped":0,"pct":84.21},"branches":{"total":8,"covered":5,"skipped":0,"pct":62.5}}
,"C:\\Users\\esus_\\Documents\\AI\\ZTWQ\\c2pro\\apps\\web\\components\\features\\analysis\\AnalysisProgressTracker.tsx": {"lines":{"total":38,"covered":22,"skipped":0,"pct":57.89},"functions":{"total":10,"covered":5,"skipped":0,"pct":50},"statements":{"total":43,"covered":23,"skipped":0,"pct":53.48},"branches":{"total":50,"covered":24,"skipped":0,"pct":48}}
,"C:\\Users\\esus_\\Documents\\AI\\ZTWQ\\c2pro\\apps\\web\\components\\features\\coherence\\WeightAdjuster.tsx": {"lines":{"total":12,"covered":12,"skipped":0,"pct":100},"functions":{"total":7,"covered":7,"skipped":0,"pct":100},"statements":{"total":14,"covered":14,"skipped":0,"pct":100},"branches":{"total":0,"covered":0,"skipped":0,"pct":100}}
,"C:\\Users\\esus_\\Documents\\AI\\ZTWQ\\c2pro\\apps\\web\\components\\features\\compliance\\CookieConsentBanner.tsx": {"lines":{"total":20,"covered":19,"skipped":0,"pct":95},"functions":{"total":12,"covered":10,"skipped":0,"pct":83.33},"statements":{"total":23,"covered":21,"skipped":0,"pct":91.3},"branches":{"total":6,"covered":5,"skipped":0,"pct":83.33}}
,"C:\\Users\\esus_\\Documents\\AI\\ZTWQ\\c2pro\\apps\\web\\components\\features\\compliance\\LegalDisclaimerModal.tsx": {"lines":{"total":11,"covered":11,"skipped":0,"pct":100},"functions":{"total":5,"covered":5,"skipped":0,"pct":100},"statements":{"total":14,"covered":12,"skipped":0,"pct":85.71},"branches":{"total":10,"covered":7,"skipped":0,"pct":70}}
,"C:\\Users\\esus_\\Documents\\AI\\ZTWQ\\c2pro\\apps\\web\\components\\features\\compliance\\consent-gating.ts": {"lines":{"total":1,"covered":1,"skipped":0,"pct":100},"functions":{"total":1,"covered":1,"skipped":0,"pct":100},"statements":{"total":1,"covered":1,"skipped":0,"pct":100},"branches":{"total":0,"covered":0,"skipped":0,"pct":100}}
,"C:\\Users\\esus_\\Documents\\AI\\ZTWQ\\c2pro\\apps\\web\\components\\features\\documents\\DocumentUploadDropzone.tsx": {"lines":{"total":61,"covered":54,"skipped":0,"pct":88.52},"functions":{"total":12,"covered":11,"skipped":0,"pct":91.66},"statements":{"total":63,"covered":56,"skipped":0,"pct":88.88},"branches":{"total":28,"covered":18,"skipped":0,"pct":64.28}}
,"C:\\Users\\esus_\\Documents\\AI\\ZTWQ\\c2pro\\apps\\web\\components\\features\\documents\\UploadQueue.tsx": {"lines":{"total":6,"covered":6,"skipped":0,"pct":100},"functions":{"total":3,"covered":3,"skipped":0,"pct":100},"statements":{"total":9,"covered":9,"skipped":0,"pct":100},"branches":{"total":6,"covered":6,"skipped":0,"pct":100}}
,"C:\\Users\\esus_\\Documents\\AI\\ZTWQ\\c2pro\\apps\\web\\components\\features\\evidence\\EvidenceWatermarkOverlay.tsx": {"lines":{"total":5,"covered":5,"skipped":0,"pct":100},"functions":{"total":2,"covered":2,"skipped":0,"pct":100},"statements":{"total":5,"covered":5,"skipped":0,"pct":100},"branches":{"total":0,"covered":0,"skipped":0,"pct":100}}
,"C:\\Users\\esus_\\Documents\\AI\\ZTWQ\\c2pro\\apps\\web\\components\\features\\evidence\\MobileEvidenceViewer.tsx": {"lines":{"total":91,"covered":82,"skipped":0,"pct":90.1},"functions":{"total":28,"covered":25,"skipped":0,"pct":89.28},"statements":{"total":106,"covered":91,"skipped":0,"pct":85.84},"branches":{"total":73,"covered":57,"skipped":0,"pct":78.08}}
,"C:\\Users\\esus_\\Documents\\AI\\ZTWQ\\c2pro\\apps\\web\\components\\features\\evidence\\PdfEvidenceViewer.tsx": {"lines":{"total":65,"covered":53,"skipped":0,"pct":81.53},"functions":{"total":17,"covered":15,"skipped":0,"pct":88.23},"statements":{"total":70,"covered":57,"skipped":0,"pct":81.42},"branches":{"total":42,"covered":34,"skipped":0,"pct":80.95}}
,"C:\\Users\\esus_\\Documents\\AI\\ZTWQ\\c2pro\\apps\\web\\components\\features\\evidence\\highlight-mapper.ts": {"lines":{"total":5,"covered":4,"skipped":0,"pct":80},"functions":{"total":4,"covered":4,"skipped":0,"pct":100},"statements":{"total":6,"covered":5,"skipped":0,"pct":83.33},"branches":{"total":7,"covered":5,"skipped":0,"pct":71.42}}
,"C:\\Users\\esus_\\Documents\\AI\\ZTWQ\\c2pro\\apps\\web\\components\\features\\evidence\\highlight-navigation.ts": {"lines":{"total":11,"covered":10,"skipped":0,"pct":90.9},"functions":{"total":1,"covered":1,"skipped":0,"pct":100},"statements":{"total":12,"covered":10,"skipped":0,"pct":83.33},"branches":{"total":16,"covered":9,"skipped":0,"pct":56.25}}
,"C:\\Users\\esus_\\Documents\\AI\\ZTWQ\\c2pro\\apps\\web\\components\\features\\evidence\\highlight-style.ts": {"lines":{"total":6,"covered":6,"skipped":0,"pct":100},"functions":{"total":1,"covered":1,"skipped":0,"pct":100},"statements":{"total":6,"covered":6,"skipped":0,"pct":100},"branches":{"total":2,"covered":2,"skipped":0,"pct":100}}
,"C:\\Users\\esus_\\Documents\\AI\\ZTWQ\\c2pro\\apps\\web\\components\\features\\evidence\\watermark-sanitize.ts": {"lines":{"total":14,"covered":14,"skipped":0,"pct":100},"functions":{"total":3,"covered":3,"skipped":0,"pct":100},"statements":{"total":19,"covered":19,"skipped":0,"pct":100},"branches":{"total":12,"covered":9,"skipped":0,"pct":75}}
,"C:\\Users\\esus_\\Documents\\AI\\ZTWQ\\c2pro\\apps\\web\\components\\features\\evidence\\watermark-token.ts": {"lines":{"total":8,"covered":8,"skipped":0,"pct":100},"functions":{"total":2,"covered":2,"skipped":0,"pct":100},"statements":{"total":9,"covered":9,"skipped":0,"pct":100},"branches":{"total":0,"covered":0,"skipped":0,"pct":100}}
,"C:\\Users\\esus_\\Documents\\AI\\ZTWQ\\c2pro\\apps\\web\\components\\features\\filters\\FilterPanel.tsx": {"lines":{"total":7,"covered":7,"skipped":0,"pct":100},"functions":{"total":3,"covered":3,"skipped":0,"pct":100},"statements":{"total":8,"covered":8,"skipped":0,"pct":100},"branches":{"total":4,"covered":4,"skipped":0,"pct":100}}
,"C:\\Users\\esus_\\Documents\\AI\\ZTWQ\\c2pro\\apps\\web\\components\\features\\filters\\FilterPersistenceHarness.tsx": {"lines":{"total":16,"covered":16,"skipped":0,"pct":100},"functions":{"total":6,"covered":6,"skipped":0,"pct":100},"statements":{"total":16,"covered":16,"skipped":0,"pct":100},"branches":{"total":10,"covered":10,"skipped":0,"pct":100}}
,"C:\\Users\\esus_\\Documents\\AI\\ZTWQ\\c2pro\\apps\\web\\components\\features\\filters\\filter-session-persistence.ts": {"lines":{"total":20,"covered":19,"skipped":0,"pct":95},"functions":{"total":5,"covered":5,"skipped":0,"pct":100},"statements":{"total":21,"covered":19,"skipped":0,"pct":90.47},"branches":{"total":16,"covered":12,"skipped":0,"pct":75}}
,"C:\\Users\\esus_\\Documents\\AI\\ZTWQ\\c2pro\\apps\\web\\components\\features\\onboarding\\OnboardingEntry.tsx": {"lines":{"total":5,"covered":5,"skipped":0,"pct":100},"functions":{"total":2,"covered":2,"skipped":0,"pct":100},"statements":{"total":5,"covered":5,"skipped":0,"pct":100},"branches":{"total":11,"covered":8,"skipped":0,"pct":72.72}}
,"C:\\Users\\esus_\\Documents\\AI\\ZTWQ\\c2pro\\apps\\web\\components\\features\\onboarding\\onboarding-preferences.ts": {"lines":{"total":10,"covered":8,"skipped":0,"pct":80},"functions":{"total":2,"covered":2,"skipped":0,"pct":100},"statements":{"total":11,"covered":8,"skipped":0,"pct":72.72},"branches":{"total":6,"covered":3,"skipped":0,"pct":50}}
,"C:\\Users\\esus_\\Documents\\AI\\ZTWQ\\c2pro\\apps\\web\\components\\features\\onboarding\\sample-project-bootstrap.ts": {"lines":{"total":5,"covered":4,"skipped":0,"pct":80},"functions":{"total":1,"covered":1,"skipped":0,"pct":100},"statements":{"total":9,"covered":8,"skipped":0,"pct":88.88},"branches":{"total":16,"covered":15,"skipped":0,"pct":93.75}}
,"C:\\Users\\esus_\\Documents\\AI\\ZTWQ\\c2pro\\apps\\web\\components\\features\\processing\\ProcessingStepper.tsx": {"lines":{"total":58,"covered":55,"skipped":0,"pct":94.82},"functions":{"total":21,"covered":21,"skipped":0,"pct":100},"statements":{"total":64,"covered":59,"skipped":0,"pct":92.18},"branches":{"total":37,"covered":30,"skipped":0,"pct":81.08}}
,"C:\\Users\\esus_\\Documents\\AI\\ZTWQ\\c2pro\\apps\\web\\components\\features\\projects\\ProjectListTable.tsx": {"lines":{"total":4,"covered":4,"skipped":0,"pct":100},"functions":{"total":2,"covered":2,"skipped":0,"pct":100},"statements":{"total":4,"covered":4,"skipped":0,"pct":100},"branches":{"total":6,"covered":6,"skipped":0,"pct":100}}
,"C:\\Users\\esus_\\Documents\\AI\\ZTWQ\\c2pro\\apps\\web\\components\\features\\shortcuts\\ScopedKeyboardShortcuts.tsx": {"lines":{"total":25,"covered":24,"skipped":0,"pct":96},"functions":{"total":9,"covered":8,"skipped":0,"pct":88.88},"statements":{"total":32,"covered":30,"skipped":0,"pct":93.75},"branches":{"total":26,"covered":21,"skipped":0,"pct":80.76}}
,"C:\\Users\\esus_\\Documents\\AI\\ZTWQ\\c2pro\\apps\\web\\components\\features\\shortcuts\\ShortcutHelpDialog.tsx": {"lines":{"total":4,"covered":4,"skipped":0,"pct":100},"functions":{"total":3,"covered":3,"skipped":0,"pct":100},"statements":{"total":6,"covered":6,"skipped":0,"pct":100},"branches":{"total":4,"covered":3,"skipped":0,"pct":75}}
,"C:\\Users\\esus_\\Documents\\AI\\ZTWQ\\c2pro\\apps\\web\\components\\features\\shortcuts\\ShortcutScopeHarness.tsx": {"lines":{"total":38,"covered":33,"skipped":0,"pct":86.84},"functions":{"total":15,"covered":12,"skipped":0,"pct":80},"statements":{"total":51,"covered":41,"skipped":0,"pct":80.39},"branches":{"total":23,"covered":15,"skipped":0,"pct":65.21}}
,"C:\\Users\\esus_\\Documents\\AI\\ZTWQ\\c2pro\\apps\\web\\components\\features\\stakeholders\\RaciGrid.tsx": {"lines":{"total":5,"covered":5,"skipped":0,"pct":100},"functions":{"total":5,"covered":5,"skipped":0,"pct":100},"statements":{"total":5,"covered":5,"skipped":0,"pct":100},"branches":{"total":2,"covered":1,"skipped":0,"pct":50}}
,"C:\\Users\\esus_\\Documents\\AI\\ZTWQ\\c2pro\\apps\\web\\components\\features\\stakeholders\\SeverityBadge.tsx": {"lines":{"total":7,"covered":7,"skipped":0,"pct":100},"functions":{"total":2,"covered":2,"skipped":0,"pct":100},"statements":{"total":7,"covered":7,"skipped":0,"pct":100},"branches":{"total":6,"covered":6,"skipped":0,"pct":100}}
,"C:\\Users\\esus_\\Documents\\AI\\ZTWQ\\c2pro\\apps\\web\\components\\features\\stakeholders\\StakeholderRaciWorkbench.tsx": {"lines":{"total":31,"covered":28,"skipped":0,"pct":90.32},"functions":{"total":9,"covered":8,"skipped":0,"pct":88.88},"statements":{"total":33,"covered":29,"skipped":0,"pct":87.87},"branches":{"total":14,"covered":11,"skipped":0,"pct":78.57}}
,"C:\\Users\\esus_\\Documents\\AI\\ZTWQ\\c2pro\\apps\\web\\components\\features\\stakeholders\\raci-grid-rules.ts": {"lines":{"total":6,"covered":6,"skipped":0,"pct":100},"functions":{"total":2,"covered":2,"skipped":0,"pct":100},"statements":{"total":7,"covered":7,"skipped":0,"pct":100},"branches":{"total":2,"covered":1,"skipped":0,"pct":50}}
,"C:\\Users\\esus_\\Documents\\AI\\ZTWQ\\c2pro\\apps\\web\\components\\features\\stakeholders\\stakeholder-scatter-mapper.ts": {"lines":{"total":4,"covered":4,"skipped":0,"pct":100},"functions":{"total":3,"covered":3,"skipped":0,"pct":100},"statements":{"total":7,"covered":5,"skipped":0,"pct":71.42},"branches":{"total":4,"covered":2,"skipped":0,"pct":50}}
,"C:\\Users\\esus_\\Documents\\AI\\ZTWQ\\c2pro\\apps\\web\\components\\layout\\AppHeader.tsx": {"lines":{"total":14,"covered":13,"skipped":0,"pct":92.85},"functions":{"total":4,"covered":3,"skipped":0,"pct":75},"statements":{"total":14,"covered":13,"skipped":0,"pct":92.85},"branches":{"total":25,"covered":18,"skipped":0,"pct":72}}
,"C:\\Users\\esus_\\Documents\\AI\\ZTWQ\\c2pro\\apps\\web\\components\\layout\\AppSidebar.tsx": {"lines":{"total":19,"covered":19,"skipped":0,"pct":100},"functions":{"total":5,"covered":5,"skipped":0,"pct":100},"statements":{"total":19,"covered":19,"skipped":0,"pct":100},"branches":{"total":36,"covered":36,"skipped":0,"pct":100}}
,"C:\\Users\\esus_\\Documents\\AI\\ZTWQ\\c2pro\\apps\\web\\components\\layout\\DemoBanner.tsx": {"lines":{"total":1,"covered":1,"skipped":0,"pct":100},"functions":{"total":1,"covered":1,"skipped":0,"pct":100},"statements":{"total":1,"covered":1,"skipped":0,"pct":100},"branches":{"total":3,"covered":3,"skipped":0,"pct":100}}
,"C:\\Users\\esus_\\Documents\\AI\\ZTWQ\\c2pro\\apps\\web\\components\\layout\\ProjectTabs.tsx": {"lines":{"total":4,"covered":4,"skipped":0,"pct":100},"functions":{"total":2,"covered":2,"skipped":0,"pct":100},"statements":{"total":4,"covered":4,"skipped":0,"pct":100},"branches":{"total":0,"covered":0,"skipped":0,"pct":100}}
,"C:\\Users\\esus_\\Documents\\AI\\ZTWQ\\c2pro\\apps\\web\\components\\layout\\ThemeToggle.tsx": {"lines":{"total":4,"covered":4,"skipped":0,"pct":100},"functions":{"total":2,"covered":2,"skipped":0,"pct":100},"statements":{"total":4,"covered":4,"skipped":0,"pct":100},"branches":{"total":6,"covered":6,"skipped":0,"pct":100}}
,"C:\\Users\\esus_\\Documents\\AI\\ZTWQ\\c2pro\\apps\\web\\components\\navigation\\CrossModuleNavigator.tsx": {"lines":{"total":5,"covered":4,"skipped":0,"pct":80},"functions":{"total":2,"covered":2,"skipped":0,"pct":100},"statements":{"total":5,"covered":4,"skipped":0,"pct":80},"branches":{"total":2,"covered":1,"skipped":0,"pct":50}}
,"C:\\Users\\esus_\\Documents\\AI\\ZTWQ\\c2pro\\apps\\web\\components\\providers\\AuthSync.tsx": {"lines":{"total":29,"covered":29,"skipped":0,"pct":100},"functions":{"total":8,"covered":8,"skipped":0,"pct":100},"statements":{"total":34,"covered":33,"skipped":0,"pct":97.05},"branches":{"total":11,"covered":10,"skipped":0,"pct":90.9}}
,"C:\\Users\\esus_\\Documents\\AI\\ZTWQ\\c2pro\\apps\\web\\components\\providers\\SentryInit.tsx": {"lines":{"total":13,"covered":12,"skipped":0,"pct":92.3},"functions":{"total":3,"covered":3,"skipped":0,"pct":100},"statements":{"total":16,"covered":12,"skipped":0,"pct":75},"branches":{"total":16,"covered":11,"skipped":0,"pct":68.75}}
,"C:\\Users\\esus_\\Documents\\AI\\ZTWQ\\c2pro\\apps\\web\\components\\search\\GlobalSearch.tsx": {"lines":{"total":9,"covered":8,"skipped":0,"pct":88.88},"functions":{"total":5,"covered":4,"skipped":0,"pct":80},"statements":{"total":9,"covered":8,"skipped":0,"pct":88.88},"branches":{"total":1,"covered":1,"skipped":0,"pct":100}}
,"C:\\Users\\esus_\\Documents\\AI\\ZTWQ\\c2pro\\apps\\web\\components\\stakeholders\\StakeholderMatrix.tsx": {"lines":{"total":29,"covered":27,"skipped":0,"pct":93.1},"functions":{"total":11,"covered":10,"skipped":0,"pct":90.9},"statements":{"total":30,"covered":27,"skipped":0,"pct":90},"branches":{"total":27,"covered":17,"skipped":0,"pct":62.96}}
,"C:\\Users\\esus_\\Documents\\AI\\ZTWQ\\c2pro\\apps\\web\\components\\ui\\BottomSheet.tsx": {"lines":{"total":36,"covered":33,"skipped":0,"pct":91.66},"functions":{"total":8,"covered":8,"skipped":0,"pct":100},"statements":{"total":39,"covered":35,"skipped":0,"pct":89.74},"branches":{"total":20,"covered":15,"skipped":0,"pct":75}}
,"C:\\Users\\esus_\\Documents\\AI\\ZTWQ\\c2pro\\apps\\web\\components\\ui\\accordion.tsx": {"lines":{"total":10,"covered":10,"skipped":0,"pct":100},"functions":{"total":3,"covered":3,"skipped":0,"pct":100},"statements":{"total":10,"covered":10,"skipped":0,"pct":100},"branches":{"total":0,"covered":0,"skipped":0,"pct":100}}
,"C:\\Users\\esus_\\Documents\\AI\\ZTWQ\\c2pro\\apps\\web\\components\\ui\\alert-dialog.tsx": {"lines":{"total":27,"covered":26,"skipped":0,"pct":96.29},"functions":{"total":8,"covered":7,"skipped":0,"pct":87.5},"statements":{"total":27,"covered":26,"skipped":0,"pct":96.29},"branches":{"total":0,"covered":0,"skipped":0,"pct":100}}
,"C:\\Users\\esus_\\Documents\\AI\\ZTWQ\\c2pro\\apps\\web\\components\\ui\\alert.tsx": {"lines":{"total":10,"covered":10,"skipped":0,"pct":100},"functions":{"total":3,"covered":3,"skipped":0,"pct":100},"statements":{"total":10,"covered":10,"skipped":0,"pct":100},"branches":{"total":0,"covered":0,"skipped":0,"pct":100}}
,"C:\\Users\\esus_\\Documents\\AI\\ZTWQ\\c2pro\\apps\\web\\components\\ui\\avatar.tsx": {"lines":{"total":9,"covered":9,"skipped":0,"pct":100},"functions":{"total":3,"covered":3,"skipped":0,"pct":100},"statements":{"total":9,"covered":9,"skipped":0,"pct":100},"branches":{"total":0,"covered":0,"skipped":0,"pct":100}}
,"C:\\Users\\esus_\\Documents\\AI\\ZTWQ\\c2pro\\apps\\web\\components\\ui\\badge.tsx": {"lines":{"total":2,"covered":2,"skipped":0,"pct":100},"functions":{"total":1,"covered":1,"skipped":0,"pct":100},"statements":{"total":2,"covered":2,"skipped":0,"pct":100},"branches":{"total":0,"covered":0,"skipped":0,"pct":100}}
,"C:\\Users\\esus_\\Documents\\AI\\ZTWQ\\c2pro\\apps\\web\\components\\ui\\button.tsx": {"lines":{"total":5,"covered":5,"skipped":0,"pct":100},"functions":{"total":1,"covered":1,"skipped":0,"pct":100},"statements":{"total":5,"covered":5,"skipped":0,"pct":100},"branches":{"total":3,"covered":3,"skipped":0,"pct":100}}
,"C:\\Users\\esus_\\Documents\\AI\\ZTWQ\\c2pro\\apps\\web\\components\\ui\\card.tsx": {"lines":{"total":18,"covered":18,"skipped":0,"pct":100},"functions":{"total":6,"covered":6,"skipped":0,"pct":100},"statements":{"total":18,"covered":18,"skipped":0,"pct":100},"branches":{"total":0,"covered":0,"skipped":0,"pct":100}}
,"C:\\Users\\esus_\\Documents\\AI\\ZTWQ\\c2pro\\apps\\web\\components\\ui\\checkbox.tsx": {"lines":{"total":3,"covered":3,"skipped":0,"pct":100},"functions":{"total":1,"covered":1,"skipped":0,"pct":100},"statements":{"total":3,"covered":3,"skipped":0,"pct":100},"branches":{"total":0,"covered":0,"skipped":0,"pct":100}}
,"C:\\Users\\esus_\\Documents\\AI\\ZTWQ\\c2pro\\apps\\web\\components\\ui\\dialog.tsx": {"lines":{"total":22,"covered":22,"skipped":0,"pct":100},"functions":{"total":6,"covered":6,"skipped":0,"pct":100},"statements":{"total":22,"covered":22,"skipped":0,"pct":100},"branches":{"total":0,"covered":0,"skipped":0,"pct":100}}
,"C:\\Users\\esus_\\Documents\\AI\\ZTWQ\\c2pro\\apps\\web\\components\\ui\\dropdown-menu.tsx": {"lines":{"total":33,"covered":28,"skipped":0,"pct":84.84},"functions":{"total":9,"covered":4,"skipped":0,"pct":44.44},"statements":{"total":33,"covered":28,"skipped":0,"pct":84.84},"branches":{"total":7,"covered":3,"skipped":0,"pct":42.85}}
,"C:\\Users\\esus_\\Documents\\AI\\ZTWQ\\c2pro\\apps\\web\\components\\ui\\input.tsx": {"lines":{"total":3,"covered":3,"skipped":0,"pct":100},"functions":{"total":1,"covered":1,"skipped":0,"pct":100},"statements":{"total":3,"covered":3,"skipped":0,"pct":100},"branches":{"total":0,"covered":0,"skipped":0,"pct":100}}
,"C:\\Users\\esus_\\Documents\\AI\\ZTWQ\\c2pro\\apps\\web\\components\\ui\\label.tsx": {"lines":{"total":4,"covered":4,"skipped":0,"pct":100},"functions":{"total":1,"covered":1,"skipped":0,"pct":100},"statements":{"total":4,"covered":4,"skipped":0,"pct":100},"branches":{"total":0,"covered":0,"skipped":0,"pct":100}}
,"C:\\Users\\esus_\\Documents\\AI\\ZTWQ\\c2pro\\apps\\web\\components\\ui\\progress.tsx": {"lines":{"total":3,"covered":3,"skipped":0,"pct":100},"functions":{"total":1,"covered":1,"skipped":0,"pct":100},"statements":{"total":3,"covered":3,"skipped":0,"pct":100},"branches":{"total":2,"covered":2,"skipped":0,"pct":100}}
,"C:\\Users\\esus_\\Documents\\AI\\ZTWQ\\c2pro\\apps\\web\\components\\ui\\resizable.tsx": {"lines":{"total":5,"covered":5,"skipped":0,"pct":100},"functions":{"total":2,"covered":2,"skipped":0,"pct":100},"statements":{"total":5,"covered":5,"skipped":0,"pct":100},"branches":{"total":2,"covered":2,"skipped":0,"pct":100}}
,"C:\\Users\\esus_\\Documents\\AI\\ZTWQ\\c2pro\\apps\\web\\components\\ui\\scroll-area.tsx": {"lines":{"total":6,"covered":6,"skipped":0,"pct":100},"functions":{"total":2,"covered":2,"skipped":0,"pct":100},"statements":{"total":6,"covered":6,"skipped":0,"pct":100},"branches":{"total":5,"covered":4,"skipped":0,"pct":80}}
,"C:\\Users\\esus_\\Documents\\AI\\ZTWQ\\c2pro\\apps\\web\\components\\ui\\select.tsx": {"lines":{"total":24,"covered":22,"skipped":0,"pct":91.66},"functions":{"total":7,"covered":5,"skipped":0,"pct":71.42},"statements":{"total":24,"covered":22,"skipped":0,"pct":91.66},"branches":{"total":5,"covered":5,"skipped":0,"pct":100}}
,"C:\\Users\\esus_\\Documents\\AI\\ZTWQ\\c2pro\\apps\\web\\components\\ui\\separator.tsx": {"lines":{"total":3,"covered":3,"skipped":0,"pct":100},"functions":{"total":1,"covered":1,"skipped":0,"pct":100},"statements":{"total":3,"covered":3,"skipped":0,"pct":100},"branches":{"total":4,"covered":4,"skipped":0,"pct":100}}
,"C:\\Users\\esus_\\Documents\\AI\\ZTWQ\\c2pro\\apps\\web\\components\\ui\\sheet.tsx": {"lines":{"total":23,"covered":22,"skipped":0,"pct":95.65},"functions":{"total":6,"covered":5,"skipped":0,"pct":83.33},"statements":{"total":23,"covered":22,"skipped":0,"pct":95.65},"branches":{"total":1,"covered":1,"skipped":0,"pct":100}}
,"C:\\Users\\esus_\\Documents\\AI\\ZTWQ\\c2pro\\apps\\web\\components\\ui\\skeleton.tsx": {"lines":{"total":1,"covered":1,"skipped":0,"pct":100},"functions":{"total":1,"covered":1,"skipped":0,"pct":100},"statements":{"total":1,"covered":1,"skipped":0,"pct":100},"branches":{"total":0,"covered":0,"skipped":0,"pct":100}}
,"C:\\Users\\esus_\\Documents\\AI\\ZTWQ\\c2pro\\apps\\web\\components\\ui\\sonner.tsx": {"lines":{"total":3,"covered":3,"skipped":0,"pct":100},"functions":{"total":1,"covered":1,"skipped":0,"pct":100},"statements":{"total":3,"covered":3,"skipped":0,"pct":100},"branches":{"total":1,"covered":1,"skipped":0,"pct":100}}
,"C:\\Users\\esus_\\Documents\\AI\\ZTWQ\\c2pro\\apps\\web\\components\\ui\\switch.tsx": {"lines":{"total":3,"covered":3,"skipped":0,"pct":100},"functions":{"total":1,"covered":1,"skipped":0,"pct":100},"statements":{"total":3,"covered":3,"skipped":0,"pct":100},"branches":{"total":0,"covered":0,"skipped":0,"pct":100}}
,"C:\\Users\\esus_\\Documents\\AI\\ZTWQ\\c2pro\\apps\\web\\components\\ui\\table.tsx": {"lines":{"total":24,"covered":22,"skipped":0,"pct":91.66},"functions":{"total":8,"covered":6,"skipped":0,"pct":75},"statements":{"total":24,"covered":22,"skipped":0,"pct":91.66},"branches":{"total":0,"covered":0,"skipped":0,"pct":100}}
,"C:\\Users\\esus_\\Documents\\AI\\ZTWQ\\c2pro\\apps\\web\\components\\ui\\tabs.tsx": {"lines":{"total":10,"covered":10,"skipped":0,"pct":100},"functions":{"total":3,"covered":3,"skipped":0,"pct":100},"statements":{"total":10,"covered":10,"skipped":0,"pct":100},"branches":{"total":0,"covered":0,"skipped":0,"pct":100}}
,"C:\\Users\\esus_\\Documents\\AI\\ZTWQ\\c2pro\\apps\\web\\components\\ui\\textarea.tsx": {"lines":{"total":3,"covered":3,"skipped":0,"pct":100},"functions":{"total":1,"covered":1,"skipped":0,"pct":100},"statements":{"total":3,"covered":3,"skipped":0,"pct":100},"branches":{"total":0,"covered":0,"skipped":0,"pct":100}}
,"C:\\Users\\esus_\\Documents\\AI\\ZTWQ\\c2pro\\apps\\web\\components\\ui\\toast.tsx": {"lines":{"total":20,"covered":19,"skipped":0,"pct":95},"functions":{"total":6,"covered":5,"skipped":0,"pct":83.33},"statements":{"total":20,"covered":19,"skipped":0,"pct":95},"branches":{"total":0,"covered":0,"skipped":0,"pct":100}}
,"C:\\Users\\esus_\\Documents\\AI\\ZTWQ\\c2pro\\apps\\web\\components\\ui\\toaster.tsx": {"lines":{"total":3,"covered":3,"skipped":0,"pct":100},"functions":{"total":2,"covered":2,"skipped":0,"pct":100},"statements":{"total":3,"covered":3,"skipped":0,"pct":100},"branches":{"total":4,"covered":4,"skipped":0,"pct":100}}
,"C:\\Users\\esus_\\Documents\\AI\\ZTWQ\\c2pro\\apps\\web\\components\\ui\\tooltip.tsx": {"lines":{"total":6,"covered":6,"skipped":0,"pct":100},"functions":{"total":1,"covered":1,"skipped":0,"pct":100},"statements":{"total":6,"covered":6,"skipped":0,"pct":100},"branches":{"total":1,"covered":1,"skipped":0,"pct":100}}
,"C:\\Users\\esus_\\Documents\\AI\\ZTWQ\\c2pro\\apps\\web\\components\\wbs\\MobileGanttChart.tsx": {"lines":{"total":34,"covered":29,"skipped":0,"pct":85.29},"functions":{"total":15,"covered":11,"skipped":0,"pct":73.33},"statements":{"total":36,"covered":31,"skipped":0,"pct":86.11},"branches":{"total":10,"covered":8,"skipped":0,"pct":80}}
,"C:\\Users\\esus_\\Documents\\AI\\ZTWQ\\c2pro\\apps\\web\\components\\wbs\\WBSAlertBadge.tsx": {"lines":{"total":20,"covered":20,"skipped":0,"pct":100},"functions":{"total":4,"covered":4,"skipped":0,"pct":100},"statements":{"total":20,"covered":20,"skipped":0,"pct":100},"branches":{"total":16,"covered":16,"skipped":0,"pct":100}}
,"C:\\Users\\esus_\\Documents\\AI\\ZTWQ\\c2pro\\apps\\web\\components\\wbs\\WBSDetailWithLinks.tsx": {"lines":{"total":4,"covered":4,"skipped":0,"pct":100},"functions":{"total":3,"covered":3,"skipped":0,"pct":100},"statements":{"total":4,"covered":4,"skipped":0,"pct":100},"branches":{"total":2,"covered":1,"skipped":0,"pct":50}}
,"C:\\Users\\esus_\\Documents\\AI\\ZTWQ\\c2pro\\apps\\web\\components\\wbs\\WBSItemCard.tsx": {"lines":{"total":23,"covered":19,"skipped":0,"pct":82.6},"functions":{"total":6,"covered":6,"skipped":0,"pct":100},"statements":{"total":23,"covered":19,"skipped":0,"pct":82.6},"branches":{"total":50,"covered":41,"skipped":0,"pct":82}}
,"C:\\Users\\esus_\\Documents\\AI\\ZTWQ\\c2pro\\apps\\web\\components\\wbs\\WBSItemDetail.tsx": {"lines":{"total":48,"covered":43,"skipped":0,"pct":89.58},"functions":{"total":17,"covered":16,"skipped":0,"pct":94.11},"statements":{"total":49,"covered":44,"skipped":0,"pct":89.79},"branches":{"total":54,"covered":43,"skipped":0,"pct":79.62}}
,"C:\\Users\\esus_\\Documents\\AI\\ZTWQ\\c2pro\\apps\\web\\components\\wbs\\WBSMobile.tsx": {"lines":{"total":56,"covered":52,"skipped":0,"pct":92.85},"functions":{"total":23,"covered":21,"skipped":0,"pct":91.3},"statements":{"total":59,"covered":55,"skipped":0,"pct":93.22},"branches":{"total":73,"covered":61,"skipped":0,"pct":83.56}}
,"C:\\Users\\esus_\\Documents\\AI\\ZTWQ\\c2pro\\apps\\web\\components\\wbs\\WBSTree.tsx": {"lines":{"total":73,"covered":65,"skipped":0,"pct":89.04},"functions":{"total":19,"covered":16,"skipped":0,"pct":84.21},"statements":{"total":76,"covered":68,"skipped":0,"pct":89.47},"branches":{"total":54,"covered":49,"skipped":0,"pct":90.74}}
,"C:\\Users\\esus_\\Documents\\AI\\ZTWQ\\c2pro\\apps\\web\\config\\env.ts": {"lines":{"total":14,"covered":14,"skipped":0,"pct":100},"functions":{"total":4,"covered":4,"skipped":0,"pct":100},"statements":{"total":14,"covered":14,"skipped":0,"pct":100},"branches":{"total":10,"covered":9,"skipped":0,"pct":90}}
,"C:\\Users\\esus_\\Documents\\AI\\ZTWQ\\c2pro\\apps\\web\\contexts\\AuthContext.tsx": {"lines":{"total":24,"covered":23,"skipped":0,"pct":95.83},"functions":{"total":7,"covered":7,"skipped":0,"pct":100},"statements":{"total":25,"covered":24,"skipped":0,"pct":96},"branches":{"total":30,"covered":25,"skipped":0,"pct":83.33}}
,"C:\\Users\\esus_\\Documents\\AI\\ZTWQ\\c2pro\\apps\\web\\contexts\\WBSMobileContext.tsx": {"lines":{"total":67,"covered":61,"skipped":0,"pct":91.04},"functions":{"total":22,"covered":18,"skipped":0,"pct":81.81},"statements":{"total":77,"covered":67,"skipped":0,"pct":87.01},"branches":{"total":28,"covered":20,"skipped":0,"pct":71.42}}
,"C:\\Users\\esus_\\Documents\\AI\\ZTWQ\\c2pro\\apps\\web\\contexts\\demo-mode.tsx": {"lines":{"total":29,"covered":2,"skipped":0,"pct":6.89},"functions":{"total":8,"covered":0,"skipped":0,"pct":0},"statements":{"total":30,"covered":2,"skipped":0,"pct":6.66},"branches":{"total":12,"covered":0,"skipped":0,"pct":0}}
,"C:\\Users\\esus_\\Documents\\AI\\ZTWQ\\c2pro\\apps\\web\\hooks\\use-stakeholders.ts": {"lines":{"total":33,"covered":11,"skipped":0,"pct":33.33},"functions":{"total":11,"covered":3,"skipped":0,"pct":27.27},"statements":{"total":34,"covered":12,"skipped":0,"pct":35.29},"branches":{"total":13,"covered":2,"skipped":0,"pct":15.38}}
,"C:\\Users\\esus_\\Documents\\AI\\ZTWQ\\c2pro\\apps\\web\\hooks\\useAlerts.ts": {"lines":{"total":23,"covered":21,"skipped":0,"pct":91.3},"functions":{"total":7,"covered":7,"skipped":0,"pct":100},"statements":{"total":27,"covered":23,"skipped":0,"pct":85.18},"branches":{"total":14,"covered":6,"skipped":0,"pct":42.85}}
,"C:\\Users\\esus_\\Documents\\AI\\ZTWQ\\c2pro\\apps\\web\\hooks\\useCountUp.ts": {"lines":{"total":10,"covered":10,"skipped":0,"pct":100},"functions":{"total":4,"covered":4,"skipped":0,"pct":100},"statements":{"total":12,"covered":11,"skipped":0,"pct":91.66},"branches":{"total":3,"covered":2,"skipped":0,"pct":66.66}}
,"C:\\Users\\esus_\\Documents\\AI\\ZTWQ\\c2pro\\apps\\web\\hooks\\useDocumentEntities.ts": {"lines":{"total":23,"covered":17,"skipped":0,"pct":73.91},"functions":{"total":3,"covered":3,"skipped":0,"pct":100},"statements":{"total":23,"covered":17,"skipped":0,"pct":73.91},"branches":{"total":4,"covered":1,"skipped":0,"pct":25}}
,"C:\\Users\\esus_\\Documents\\AI\\ZTWQ\\c2pro\\apps\\web\\hooks\\useProject.ts": {"lines":{"total":5,"covered":5,"skipped":0,"pct":100},"functions":{"total":3,"covered":3,"skipped":0,"pct":100},"statements":{"total":6,"covered":6,"skipped":0,"pct":100},"branches":{"total":0,"covered":0,"skipped":0,"pct":100}}
,"C:\\Users\\esus_\\Documents\\AI\\ZTWQ\\c2pro\\apps\\web\\hooks\\useProjectAlerts.ts": {"lines":{"total":23,"covered":23,"skipped":0,"pct":100},"functions":{"total":4,"covered":4,"skipped":0,"pct":100},"statements":{"total":23,"covered":23,"skipped":0,"pct":100},"branches":{"total":10,"covered":9,"skipped":0,"pct":90}}
,"C:\\Users\\esus_\\Documents\\AI\\ZTWQ\\c2pro\\apps\\web\\hooks\\useProjectDocuments.ts": {"lines":{"total":26,"covered":26,"skipped":0,"pct":100},"functions":{"total":4,"covered":4,"skipped":0,"pct":100},"statements":{"total":26,"covered":26,"skipped":0,"pct":100},"branches":{"total":18,"covered":12,"skipped":0,"pct":66.66}}
,"C:\\Users\\esus_\\Documents\\AI\\ZTWQ\\c2pro\\apps\\web\\hooks\\useProjectOverview.ts": {"lines":{"total":23,"covered":23,"skipped":0,"pct":100},"functions":{"total":6,"covered":6,"skipped":0,"pct":100},"statements":{"total":27,"covered":26,"skipped":0,"pct":96.29},"branches":{"total":10,"covered":9,"skipped":0,"pct":90}}
,"C:\\Users\\esus_\\Documents\\AI\\ZTWQ\\c2pro\\apps\\web\\hooks\\useProjects.ts": {"lines":{"total":2,"covered":2,"skipped":0,"pct":100},"functions":{"total":2,"covered":2,"skipped":0,"pct":100},"statements":{"total":3,"covered":3,"skipped":0,"pct":100},"branches":{"total":1,"covered":1,"skipped":0,"pct":100}}
,"C:\\Users\\esus_\\Documents\\AI\\ZTWQ\\c2pro\\apps\\web\\hooks\\useWbsFilter.ts": {"lines":{"total":64,"covered":50,"skipped":0,"pct":78.12},"functions":{"total":16,"covered":14,"skipped":0,"pct":87.5},"statements":{"total":71,"covered":53,"skipped":0,"pct":74.64},"branches":{"total":28,"covered":19,"skipped":0,"pct":67.85}}
,"C:\\Users\\esus_\\Documents\\AI\\ZTWQ\\c2pro\\apps\\web\\lib\\clerk-tenant.ts": {"lines":{"total":95,"covered":6,"skipped":0,"pct":6.31},"functions":{"total":13,"covered":2,"skipped":0,"pct":15.38},"statements":{"total":95,"covered":6,"skipped":0,"pct":6.31},"branches":{"total":42,"covered":4,"skipped":0,"pct":9.52}}
,"C:\\Users\\esus_\\Documents\\AI\\ZTWQ\\c2pro\\apps\\web\\lib\\utils.ts": {"lines":{"total":1,"covered":1,"skipped":0,"pct":100},"functions":{"total":1,"covered":1,"skipped":0,"pct":100},"statements":{"total":1,"covered":1,"skipped":0,"pct":100},"branches":{"total":0,"covered":0,"skipped":0,"pct":100}}
,"C:\\Users\\esus_\\Documents\\AI\\ZTWQ\\c2pro\\apps\\web\\lib\\api\\auth.ts": {"lines":{"total":23,"covered":2,"skipped":0,"pct":8.69},"functions":{"total":7,"covered":1,"skipped":0,"pct":14.28},"statements":{"total":23,"covered":2,"skipped":0,"pct":8.69},"branches":{"total":3,"covered":1,"skipped":0,"pct":33.33}}
,"C:\\Users\\esus_\\Documents\\AI\\ZTWQ\\c2pro\\apps\\web\\lib\\api\\client.ts": {"lines":{"total":39,"covered":37,"skipped":0,"pct":94.87},"functions":{"total":7,"covered":6,"skipped":0,"pct":85.71},"statements":{"total":40,"covered":37,"skipped":0,"pct":92.5},"branches":{"total":26,"covered":19,"skipped":0,"pct":73.07}}
,"C:\\Users\\esus_\\Documents\\AI\\ZTWQ\\c2pro\\apps\\web\\lib\\api\\config.ts": {"lines":{"total":1,"covered":1,"skipped":0,"pct":100},"functions":{"total":0,"covered":0,"skipped":0,"pct":100},"statements":{"total":1,"covered":1,"skipped":0,"pct":100},"branches":{"total":0,"covered":0,"skipped":0,"pct":100}}
,"C:\\Users\\esus_\\Documents\\AI\\ZTWQ\\c2pro\\apps\\web\\lib\\api\\index.ts": {"lines":{"total":61,"covered":37,"skipped":0,"pct":60.65},"functions":{"total":20,"covered":7,"skipped":0,"pct":35},"statements":{"total":63,"covered":38,"skipped":0,"pct":60.31},"branches":{"total":34,"covered":20,"skipped":0,"pct":58.82}}
,"C:\\Users\\esus_\\Documents\\AI\\ZTWQ\\c2pro\\apps\\web\\lib\\api\\generated\\analysis\\analysis.ts": {"lines":{"total":29,"covered":11,"skipped":0,"pct":37.93},"functions":{"total":10,"covered":1,"skipped":0,"pct":10},"statements":{"total":29,"covered":11,"skipped":0,"pct":37.93},"branches":{"total":17,"covered":1,"skipped":0,"pct":5.88}}
,"C:\\Users\\esus_\\Documents\\AI\\ZTWQ\\c2pro\\apps\\web\\lib\\api\\generated\\approvals\\approvals.ts": {"lines":{"total":11,"covered":3,"skipped":0,"pct":27.27},"functions":{"total":4,"covered":0,"skipped":0,"pct":0},"statements":{"total":11,"covered":3,"skipped":0,"pct":27.27},"branches":{"total":9,"covered":0,"skipped":0,"pct":0}}
,"C:\\Users\\esus_\\Documents\\AI\\ZTWQ\\c2pro\\apps\\web\\lib\\api\\services\\dashboard.ts": {"lines":{"total":8,"covered":8,"skipped":0,"pct":100},"functions":{"total":4,"covered":4,"skipped":0,"pct":100},"statements":{"total":8,"covered":8,"skipped":0,"pct":100},"branches":{"total":27,"covered":21,"skipped":0,"pct":77.77}}
,"C:\\Users\\esus_\\Documents\\AI\\ZTWQ\\c2pro\\apps\\web\\lib\\ui\\toast.ts": {"lines":{"total":30,"covered":2,"skipped":0,"pct":6.66},"functions":{"total":4,"covered":0,"skipped":0,"pct":0},"statements":{"total":30,"covered":2,"skipped":0,"pct":6.66},"branches":{"total":4,"covered":0,"skipped":0,"pct":0}}
,"C:\\Users\\esus_\\Documents\\AI\\ZTWQ\\c2pro\\apps\\web\\mocks\\node.ts": {"lines":{"total":2,"covered":2,"skipped":0,"pct":100},"functions":{"total":0,"covered":0,"skipped":0,"pct":100},"statements":{"total":2,"covered":2,"skipped":0,"pct":100},"branches":{"total":0,"covered":0,"skipped":0,"pct":100}}
,"C:\\Users\\esus_\\Documents\\AI\\ZTWQ\\c2pro\\apps\\web\\mocks\\data\\db.ts": {"lines":{"total":1,"covered":1,"skipped":0,"pct":100},"functions":{"total":0,"covered":0,"skipped":0,"pct":100},"statements":{"total":1,"covered":1,"skipped":0,"pct":100},"branches":{"total":0,"covered":0,"skipped":0,"pct":100}}
,"C:\\Users\\esus_\\Documents\\AI\\ZTWQ\\c2pro\\apps\\web\\mocks\\data\\index.ts": {"lines":{"total":0,"covered":0,"skipped":0,"pct":100},"functions":{"total":0,"covered":0,"skipped":0,"pct":100},"statements":{"total":0,"covered":0,"skipped":0,"pct":100},"branches":{"total":0,"covered":0,"skipped":0,"pct":100}}
,"C:\\Users\\esus_\\Documents\\AI\\ZTWQ\\c2pro\\apps\\web\\mocks\\data\\seed.ts": {"lines":{"total":42,"covered":42,"skipped":0,"pct":100},"functions":{"total":1,"covered":1,"skipped":0,"pct":100},"statements":{"total":43,"covered":43,"skipped":0,"pct":100},"branches":{"total":2,"covered":2,"skipped":0,"pct":100}}
,"C:\\Users\\esus_\\Documents\\AI\\ZTWQ\\c2pro\\apps\\web\\mocks\\handlers\\index.ts": {"lines":{"total":2,"covered":2,"skipped":0,"pct":100},"functions":{"total":0,"covered":0,"skipped":0,"pct":100},"statements":{"total":2,"covered":2,"skipped":0,"pct":100},"branches":{"total":0,"covered":0,"skipped":0,"pct":100}}
,"C:\\Users\\esus_\\Documents\\AI\\ZTWQ\\c2pro\\apps\\web\\mocks\\handlers\\custom\\alert-review.ts": {"lines":{"total":39,"covered":37,"skipped":0,"pct":94.87},"functions":{"total":9,"covered":9,"skipped":0,"pct":100},"statements":{"total":40,"covered":38,"skipped":0,"pct":95},"branches":{"total":18,"covered":12,"skipped":0,"pct":66.66}}
,"C:\\Users\\esus_\\Documents\\AI\\ZTWQ\\c2pro\\apps\\web\\mocks\\handlers\\custom\\cookie-consent.ts": {"lines":{"total":25,"covered":25,"skipped":0,"pct":100},"functions":{"total":5,"covered":5,"skipped":0,"pct":100},"statements":{"total":27,"covered":27,"skipped":0,"pct":100},"branches":{"total":16,"covered":10,"skipped":0,"pct":62.5}}
,"C:\\Users\\esus_\\Documents\\AI\\ZTWQ\\c2pro\\apps\\web\\mocks\\handlers\\custom\\demo-data.ts": {"lines":{"total":63,"covered":20,"skipped":0,"pct":31.74},"functions":{"total":18,"covered":8,"skipped":0,"pct":44.44},"statements":{"total":65,"covered":21,"skipped":0,"pct":32.3},"branches":{"total":38,"covered":6,"skipped":0,"pct":15.78}}
,"C:\\Users\\esus_\\Documents\\AI\\ZTWQ\\c2pro\\apps\\web\\mocks\\handlers\\custom\\document-viewer.ts": {"lines":{"total":15,"covered":12,"skipped":0,"pct":80},"functions":{"total":3,"covered":3,"skipped":0,"pct":100},"statements":{"total":16,"covered":13,"skipped":0,"pct":81.25},"branches":{"total":6,"covered":3,"skipped":0,"pct":50}}
,"C:\\Users\\esus_\\Documents\\AI\\ZTWQ\\c2pro\\apps\\web\\mocks\\handlers\\custom\\health.ts": {"lines":{"total":2,"covered":2,"skipped":0,"pct":100},"functions":{"total":1,"covered":1,"skipped":0,"pct":100},"statements":{"total":2,"covered":2,"skipped":0,"pct":100},"branches":{"total":0,"covered":0,"skipped":0,"pct":100}}
,"C:\\Users\\esus_\\Documents\\AI\\ZTWQ\\c2pro\\apps\\web\\mocks\\handlers\\custom\\legal-disclaimer.ts": {"lines":{"total":17,"covered":17,"skipped":0,"pct":100},"functions":{"total":3,"covered":3,"skipped":0,"pct":100},"statements":{"total":17,"covered":17,"skipped":0,"pct":100},"branches":{"total":8,"covered":7,"skipped":0,"pct":87.5}}
,"C:\\Users\\esus_\\Documents\\AI\\ZTWQ\\c2pro\\apps\\web\\mocks\\handlers\\custom\\observability.ts": {"lines":{"total":14,"covered":1,"skipped":0,"pct":7.14},"functions":{"total":4,"covered":0,"skipped":0,"pct":0},"statements":{"total":14,"covered":1,"skipped":0,"pct":7.14},"branches":{"total":12,"covered":0,"skipped":0,"pct":0}}
,"C:\\Users\\esus_\\Documents\\AI\\ZTWQ\\c2pro\\apps\\web\\mocks\\handlers\\custom\\onboarding-sample-project.ts": {"lines":{"total":6,"covered":6,"skipped":0,"pct":100},"functions":{"total":4,"covered":4,"skipped":0,"pct":100},"statements":{"total":6,"covered":6,"skipped":0,"pct":100},"branches":{"total":2,"covered":1,"skipped":0,"pct":50}}
,"C:\\Users\\esus_\\Documents\\AI\\ZTWQ\\c2pro\\apps\\web\\mocks\\handlers\\custom\\processing-stream.ts": {"lines":{"total":25,"covered":25,"skipped":0,"pct":100},"functions":{"total":5,"covered":5,"skipped":0,"pct":100},"statements":{"total":27,"covered":27,"skipped":0,"pct":100},"branches":{"total":8,"covered":8,"skipped":0,"pct":100}}
,"C:\\Users\\esus_\\Documents\\AI\\ZTWQ\\c2pro\\apps\\web\\mocks\\handlers\\custom\\raci.ts": {"lines":{"total":4,"covered":2,"skipped":0,"pct":50},"functions":{"total":2,"covered":0,"skipped":0,"pct":0},"statements":{"total":4,"covered":2,"skipped":0,"pct":50},"branches":{"total":0,"covered":0,"skipped":0,"pct":100}}
,"C:\\Users\\esus_\\Documents\\AI\\ZTWQ\\c2pro\\apps\\web\\mocks\\handlers\\custom\\s3-12-a11y-responsive.ts": {"lines":{"total":6,"covered":6,"skipped":0,"pct":100},"functions":{"total":5,"covered":5,"skipped":0,"pct":100},"statements":{"total":6,"covered":6,"skipped":0,"pct":100},"branches":{"total":0,"covered":0,"skipped":0,"pct":100}}
,"C:\\Users\\esus_\\Documents\\AI\\ZTWQ\\c2pro\\apps\\web\\mocks\\handlers\\custom\\uploads.ts": {"lines":{"total":33,"covered":32,"skipped":0,"pct":96.96},"functions":{"total":6,"covered":6,"skipped":0,"pct":100},"statements":{"total":34,"covered":33,"skipped":0,"pct":97.05},"branches":{"total":32,"covered":24,"skipped":0,"pct":75}}
,"C:\\Users\\esus_\\Documents\\AI\\ZTWQ\\c2pro\\apps\\web\\src\\lib\\query\\double-invalidation.ts": {"lines":{"total":12,"covered":12,"skipped":0,"pct":100},"functions":{"total":4,"covered":4,"skipped":0,"pct":100},"statements":{"total":12,"covered":12,"skipped":0,"pct":100},"branches":{"total":2,"covered":2,"skipped":0,"pct":100}}
,"C:\\Users\\esus_\\Documents\\AI\\ZTWQ\\c2pro\\apps\\web\\src\\lib\\uploads\\chunking.ts": {"lines":{"total":12,"covered":11,"skipped":0,"pct":91.66},"functions":{"total":1,"covered":1,"skipped":0,"pct":100},"statements":{"total":13,"covered":12,"skipped":0,"pct":92.3},"branches":{"total":4,"covered":3,"skipped":0,"pct":75}}
,"C:\\Users\\esus_\\Documents\\AI\\ZTWQ\\c2pro\\apps\\web\\src\\tests\\setup.ts": {"lines":{"total":6,"covered":6,"skipped":0,"pct":100},"functions":{"total":3,"covered":3,"skipped":0,"pct":100},"statements":{"total":6,"covered":6,"skipped":0,"pct":100},"branches":{"total":0,"covered":0,"skipped":0,"pct":100}}
,"C:\\Users\\esus_\\Documents\\AI\\ZTWQ\\c2pro\\apps\\web\\src\\tests\\test-utils.tsx": {"lines":{"total":13,"covered":13,"skipped":0,"pct":100},"functions":{"total":8,"covered":8,"skipped":0,"pct":100},"statements":{"total":13,"covered":13,"skipped":0,"pct":100},"branches":{"total":8,"covered":7,"skipped":0,"pct":87.5}}
,"C:\\Users\\esus_\\Documents\\AI\\ZTWQ\\c2pro\\apps\\web\\src\\tests\\accessibility\\harness\\AccessibilityControlsHarness.tsx": {"lines":{"total":1,"covered":1,"skipped":0,"pct":100},"functions":{"total":1,"covered":1,"skipped":0,"pct":100},"statements":{"total":1,"covered":1,"skipped":0,"pct":100},"branches":{"total":0,"covered":0,"skipped":0,"pct":100}}
,"C:\\Users\\esus_\\Documents\\AI\\ZTWQ\\c2pro\\apps\\web\\src\\tests\\accessibility\\harness\\AccessibilityDialogHarness.tsx": {"lines":{"total":7,"covered":7,"skipped":0,"pct":100},"functions":{"total":3,"covered":3,"skipped":0,"pct":100},"statements":{"total":7,"covered":7,"skipped":0,"pct":100},"branches":{"total":4,"covered":3,"skipped":0,"pct":75}}
,"C:\\Users\\esus_\\Documents\\AI\\ZTWQ\\c2pro\\apps\\web\\src\\tests\\accessibility\\harness\\AccessibilityHeadingsHarness.tsx": {"lines":{"total":1,"covered":1,"skipped":0,"pct":100},"functions":{"total":1,"covered":1,"skipped":0,"pct":100},"statements":{"total":1,"covered":1,"skipped":0,"pct":100},"branches":{"total":0,"covered":0,"skipped":0,"pct":100}}
,"C:\\Users\\esus_\\Documents\\AI\\ZTWQ\\c2pro\\apps\\web\\src\\tests\\accessibility\\harness\\AccessibilityLandmarksHarness.tsx": {"lines":{"total":1,"covered":1,"skipped":0,"pct":100},"functions":{"total":1,"covered":1,"skipped":0,"pct":100},"statements":{"total":1,"covered":1,"skipped":0,"pct":100},"branches":{"total":0,"covered":0,"skipped":0,"pct":100}}
,"C:\\Users\\esus_\\Documents\\AI\\ZTWQ\\c2pro\\apps\\web\\src\\tests\\accessibility\\harness\\AccessibilityLiveRegionHarness.tsx": {"lines":{"total":5,"covered":5,"skipped":0,"pct":100},"functions":{"total":3,"covered":3,"skipped":0,"pct":100},"statements":{"total":6,"covered":6,"skipped":0,"pct":100},"branches":{"total":0,"covered":0,"skipped":0,"pct":100}}
,"C:\\Users\\esus_\\Documents\\AI\\ZTWQ\\c2pro\\apps\\web\\src\\tests\\accessibility\\harness\\contrast-utils.ts": {"lines":{"total":2,"covered":2,"skipped":0,"pct":100},"functions":{"total":1,"covered":1,"skipped":0,"pct":100},"statements":{"total":2,"covered":2,"skipped":0,"pct":100},"branches":{"total":2,"covered":1,"skipped":0,"pct":50}}
,"C:\\Users\\esus_\\Documents\\AI\\ZTWQ\\c2pro\\apps\\web\\stores\\app-mode.ts": {"lines":{"total":8,"covered":8,"skipped":0,"pct":100},"functions":{"total":5,"covered":5,"skipped":0,"pct":100},"statements":{"total":8,"covered":8,"skipped":0,"pct":100},"branches":{"total":6,"covered":6,"skipped":0,"pct":100}}
,"C:\\Users\\esus_\\Documents\\AI\\ZTWQ\\c2pro\\apps\\web\\stores\\auth.ts": {"lines":{"total":4,"covered":4,"skipped":0,"pct":100},"functions":{"total":3,"covered":3,"skipped":0,"pct":100},"statements":{"total":4,"covered":4,"skipped":0,"pct":100},"branches":{"total":0,"covered":0,"skipped":0,"pct":100}}
,"C:\\Users\\esus_\\Documents\\AI\\ZTWQ\\c2pro\\apps\\web\\stores\\filters.ts": {"lines":{"total":8,"covered":7,"skipped":0,"pct":87.5},"functions":{"total":9,"covered":8,"skipped":0,"pct":88.88},"statements":{"total":10,"covered":9,"skipped":0,"pct":90},"branches":{"total":4,"covered":3,"skipped":0,"pct":75}}
,"C:\\Users\\esus_\\Documents\\AI\\ZTWQ\\c2pro\\apps\\web\\stores\\processing.ts": {"lines":{"total":12,"covered":12,"skipped":0,"pct":100},"functions":{"total":5,"covered":5,"skipped":0,"pct":100},"statements":{"total":12,"covered":12,"skipped":0,"pct":100},"branches":{"total":8,"covered":8,"skipped":0,"pct":100}}
,"C:\\Users\\esus_\\Documents\\AI\\ZTWQ\\c2pro\\apps\\web\\stores\\sidebar.ts": {"lines":{"total":5,"covered":4,"skipped":0,"pct":80},"functions":{"total":5,"covered":4,"skipped":0,"pct":80},"statements":{"total":6,"covered":5,"skipped":0,"pct":83.33},"branches":{"total":0,"covered":0,"skipped":0,"pct":100}}
}
