<?xml version="1.0" encoding="utf-8"?><testsuites><testsuite name="pytest" errors="0" failures="0" skipped="0" tests="12" time="57.692" timestamp="2026-03-28T20:44:44.146210" hostname="LAPTOP-D7QA8EC8"><testcase classname="tests.e2e.security.test_multi_tenant_isolation" name="test_001_tenant_a_cannot_read_tenant_b_project" time="8.005" /><testcase classname="tests.e2e.security.test_multi_tenant_isolation" name="test_002_tenant_b_cannot_read_tenant_a_project" time="5.064" /><testcase classname="tests.e2e.security.test_multi_tenant_isolation" name="test_003_tenant_a_cannot_update_tenant_b_project" time="6.179" /><testcase classname="tests.e2e.security.test_multi_tenant_isolation" name="test_004_tenant_a_cannot_delete_tenant_b_project" time="5.133" /><testcase classname="tests.e2e.security.test_multi_tenant_isolation" name="test_005_list_projects_filtered_by_tenant" time="4.740" /><testcase classname="tests.e2e.security.test_multi_tenant_isolation" name="test_006_invalid_tenant_id_in_jwt_rejected" time="3.066" /><testcase classname="tests.e2e.security.test_multi_tenant_isolation" name="test_007_missing_tenant_id_in_jwt_rejected" time="4.280" /><testcase classname="tests.e2e.security.test_multi_tenant_isolation" name="test_008_concurrent_requests_tenant_isolation" time="6.142" /><testcase classname="tests.e2e.security.test_multi_tenant_isolation" name="test_009_inactive_tenant_access_denied" time="3.619" /><testcase classname="tests.e2e.security.test_multi_tenant_isolation" name="test_010_rls_context_set_and_reset" time="5.208" /><testcase classname="tests.e2e.security.test_multi_tenant_isolation" name="test_011_rls_guc_contract_is_available" time="3.045" /><testcase classname="tests.e2e.security.test_multi_tenant_isolation" name="test_edge_001_cross_tenant_user_id_blocked" time="3.094" /></testsuite></testsuites>