<?xml version="1.0" encoding="utf-8"?><testsuites><testsuite name="pytest" errors="69" failures="0" skipped="5" tests="123" time="2437.304" timestamp="2026-03-08T09:58:30.499975" hostname="LAPTOP-D7QA8EC8"><testcase classname="tests.test_db_connection" name="test_postgresql_connection_available" time="31.032"><error message="failed on setup with &quot;sqlalchemy.exc.CompileError: (in table 'coherence_results', column 'gaming_violations'): Compiler &lt;sqlalchemy.dialects.sqlite.base.SQLiteTypeCompiler object at 0x000001F526A52010&gt; can't render element of type ARRAY&quot;">self = ARRAY(String())
visitor = &lt;sqlalchemy.dialects.sqlite.base.SQLiteTypeCompiler object at 0x000001F526A52010&gt;
kw = {'type_expression': Column('gaming_violations', ARRAY(String()), table=&lt;coherence_results&gt;, nullable=False, default=ScalarElementColumnDefault([]))}

    def _compiler_dispatch(
        self: Visitable, visitor: Any, **kw: Any
    ) -&gt; str:
        """Look for an attribute named "visit_&lt;visit_name&gt;" on the
        visitor, and call it with the same kw params.
    
        """
        try:
&gt;           meth = getter(visitor)
E           AttributeError: 'SQLiteTypeCompiler' object has no attribute 'visit_ARRAY'

..\..\..\..\AppData\Local\Programs\Python\Python311\Lib\site-packages\sqlalchemy\sql\visitors.py:134: AttributeError

The above exception was the direct cause of the following exception:

self = &lt;sqlalchemy.dialects.sqlite.base.SQLiteDDLCompiler object at 0x000001F528056590&gt;
create = &lt;sqlalchemy.sql.ddl.CreateTable object at 0x000001F52804BC10&gt;, kw = {}
table = Table('coherence_results', MetaData(), Column('id', UUID(), table=&lt;coherence_results&gt;, primary_key=True, nullable=Fals...esults&gt;, nullable=False, default=CallableColumnDefault(&lt;function datetime.utcnow at 0x000001F525E79F80&gt;)), schema=None)
preparer = &lt;sqlalchemy.dialects.sqlite.base.SQLiteIdentifierPreparer object at 0x000001F526CBEFD0&gt;
text = '\nCREATE TABLE coherence_results (\n\tid UUID NOT NULL, \n\tproject_id UUID NOT NULL, \n\tglobal_score INTEGER NOT NU...s JSON NOT NULL, \n\tcategory_details JSON NOT NULL, \n\talerts JSON NOT NULL, \n\tis_gaming_detected BOOLEAN NOT NULL'
create_table_suffix = '', separator = ', \n', first_pk = True
create_column = &lt;sqlalchemy.sql.ddl.CreateColumn object at 0x000001F528030310&gt;

    def visit_create_table(self, create, **kw):
        table = create.element
        preparer = self.preparer
    
        text = "\nCREATE "
        if table._prefixes:
            text += " ".join(table._prefixes) + " "
    
        text += "TABLE "
        if create.if_not_exists:
            text += "IF NOT EXISTS "
    
        text += preparer.format_table(table) + " "
    
        create_table_suffix = self.create_table_suffix(table)
        if create_table_suffix:
            text += create_table_suffix + " "
    
        text += "("
    
        separator = "\n"
    
        # if only one primary key, specify it along with the column
        first_pk = False
        for create_column in create.columns:
            column = create_column.element
            try:
&gt;               processed = self.process(
                    create_column, first_pk=column.primary_key and not first_pk
                )

..\..\..\..\AppData\Local\Programs\Python\Python311\Lib\site-packages\sqlalchemy\sql\compiler.py:6792: 
_ _ _ _ _ _ _ _ _ _ _ _ _ _ _ _ _ _ _ _ _ _ _ _ _ _ _ _ _ _ _ _ _ _ _ _ _ _ _ _
..\..\..\..\AppData\Local\Programs\Python\Python311\Lib\site-packages\sqlalchemy\sql\compiler.py:934: in process
    return obj._compiler_dispatch(self, **kwargs)
..\..\..\..\AppData\Local\Programs\Python\Python311\Lib\site-packages\sqlalchemy\sql\visitors.py:138: in _compiler_dispatch
    return meth(self, **kw)  # type: ignore  # noqa: E501
..\..\..\..\AppData\Local\Programs\Python\Python311\Lib\site-packages\sqlalchemy\sql\compiler.py:6823: in visit_create_column
    text = self.get_column_specification(column, first_pk=first_pk)
..\..\..\..\AppData\Local\Programs\Python\Python311\Lib\site-packages\sqlalchemy\dialects\sqlite\base.py:1692: in get_column_specification
    coltype = self.dialect.type_compiler_instance.process(
..\..\..\..\AppData\Local\Programs\Python\Python311\Lib\site-packages\sqlalchemy\sql\compiler.py:979: in process
    return type_._compiler_dispatch(self, **kw)
..\..\..\..\AppData\Local\Programs\Python\Python311\Lib\site-packages\sqlalchemy\sql\visitors.py:136: in _compiler_dispatch
    return visitor.visit_unsupported_compilation(self, err, **kw)  # type: ignore  # noqa: E501
_ _ _ _ _ _ _ _ _ _ _ _ _ _ _ _ _ _ _ _ _ _ _ _ _ _ _ _ _ _ _ _ _ _ _ _ _ _ _ _

self = &lt;sqlalchemy.dialects.sqlite.base.SQLiteTypeCompiler object at 0x000001F526A52010&gt;
element = ARRAY(String())
err = AttributeError("'SQLiteTypeCompiler' object has no attribute 'visit_ARRAY'")
kw = {'type_expression': Column('gaming_violations', ARRAY(String()), table=&lt;coherence_results&gt;, nullable=False, default=ScalarElementColumnDefault([]))}

    def visit_unsupported_compilation(
        self, element: Any, err: Exception, **kw: Any
    ) -&gt; NoReturn:
&gt;       raise exc.UnsupportedCompilationError(self, element) from err
E       sqlalchemy.exc.UnsupportedCompilationError: Compiler &lt;sqlalchemy.dialects.sqlite.base.SQLiteTypeCompiler object at 0x000001F526A52010&gt; can't render element of type ARRAY (Background on this error at: https://sqlalche.me/e/20/l7de)

..\..\..\..\AppData\Local\Programs\Python\Python311\Lib\site-packages\sqlalchemy\sql\compiler.py:984: UnsupportedCompilationError

The above exception was the direct cause of the following exception:

request = &lt;SubRequest 'test_engine' for &lt;Coroutine test_postgresql_connection_available&gt;&gt;
kwargs = {}, func = &lt;function test_engine at 0x000001F524E3EA20&gt;
setup = &lt;function _wrap_asyncgen_fixture.&lt;locals&gt;._asyncgen_fixture_wrapper.&lt;locals&gt;.setup at 0x000001F526B2BEC0&gt;
finalizer = &lt;function _wrap_asyncgen_fixture.&lt;locals&gt;._asyncgen_fixture_wrapper.&lt;locals&gt;.finalizer at 0x000001F526B2BD80&gt;

    @functools.wraps(fixture)
    def _asyncgen_fixture_wrapper(request: SubRequest, **kwargs: Any):
        func = _perhaps_rebind_fixture_func(
            fixture, request.instance, fixturedef.unittest
        )
        event_loop = kwargs.pop(event_loop_fixture_id)
        gen_obj = func(
            **_add_kwargs(func, kwargs, event_loop_fixture_id, event_loop, request)
        )
    
        async def setup():
            res = await gen_obj.__anext__()
            return res
    
        def finalizer() -&gt; None:
            """Yield again, to finalize."""
    
            async def async_finalizer() -&gt; None:
                try:
                    await gen_obj.__anext__()
                except StopAsyncIteration:
                    pass
                else:
                    msg = "Async generator fixture didn't stop."
                    msg += "Yield only once."
                    raise ValueError(msg)
    
            event_loop.run_until_complete(async_finalizer())
    
&gt;       result = event_loop.run_until_complete(setup())

..\..\..\..\AppData\Local\Programs\Python\Python311\Lib\site-packages\pytest_asyncio\plugin.py:336: 
_ _ _ _ _ _ _ _ _ _ _ _ _ _ _ _ _ _ _ _ _ _ _ _ _ _ _ _ _ _ _ _ _ _ _ _ _ _ _ _
..\..\..\..\AppData\Local\Programs\Python\Python311\Lib\asyncio\base_events.py:654: in run_until_complete
    return future.result()
..\..\..\..\AppData\Local\Programs\Python\Python311\Lib\site-packages\pytest_asyncio\plugin.py:318: in setup
    res = await gen_obj.__anext__()
apps\api\tests\conftest.py:403: in test_engine
    await conn.run_sync(Base.metadata.create_all)
..\..\..\..\AppData\Local\Programs\Python\Python311\Lib\site-packages\sqlalchemy\ext\asyncio\engine.py:888: in run_sync
    return await greenlet_spawn(
..\..\..\..\AppData\Local\Programs\Python\Python311\Lib\site-packages\sqlalchemy\util\_concurrency_py3k.py:203: in greenlet_spawn
    result = context.switch(value)
..\..\..\..\AppData\Local\Programs\Python\Python311\Lib\site-packages\sqlalchemy\sql\schema.py:5928: in create_all
    bind._run_ddl_visitor(
..\..\..\..\AppData\Local\Programs\Python\Python311\Lib\site-packages\sqlalchemy\engine\base.py:2467: in _run_ddl_visitor
    ).traverse_single(element)
..\..\..\..\AppData\Local\Programs\Python\Python311\Lib\site-packages\sqlalchemy\sql\visitors.py:661: in traverse_single
    return meth(obj, **kw)
..\..\..\..\AppData\Local\Programs\Python\Python311\Lib\site-packages\sqlalchemy\sql\ddl.py:984: in visit_metadata
    self.traverse_single(
..\..\..\..\AppData\Local\Programs\Python\Python311\Lib\site-packages\sqlalchemy\sql\visitors.py:661: in traverse_single
    return meth(obj, **kw)
..\..\..\..\AppData\Local\Programs\Python\Python311\Lib\site-packages\sqlalchemy\sql\ddl.py:1022: in visit_table
    )._invoke_with(self.connection)
..\..\..\..\AppData\Local\Programs\Python\Python311\Lib\site-packages\sqlalchemy\sql\ddl.py:321: in _invoke_with
    return bind.execute(self)
..\..\..\..\AppData\Local\Programs\Python\Python311\Lib\site-packages\sqlalchemy\engine\base.py:1419: in execute
    return meth(
..\..\..\..\AppData\Local\Programs\Python\Python311\Lib\site-packages\sqlalchemy\sql\ddl.py:187: in _execute_on_connection
    return connection._execute_ddl(
..\..\..\..\AppData\Local\Programs\Python\Python311\Lib\site-packages\sqlalchemy\engine\base.py:1527: in _execute_ddl
    compiled = ddl.compile(
..\..\..\..\AppData\Local\Programs\Python\Python311\Lib\site-packages\sqlalchemy\sql\elements.py:312: in compile
    return self._compiler(dialect, **kw)
..\..\..\..\AppData\Local\Programs\Python\Python311\Lib\site-packages\sqlalchemy\sql\ddl.py:76: in _compiler
    return dialect.ddl_compiler(dialect, self, **kw)
..\..\..\..\AppData\Local\Programs\Python\Python311\Lib\site-packages\sqlalchemy\sql\compiler.py:888: in __init__
    self.string = self.process(self.statement, **compile_kwargs)
..\..\..\..\AppData\Local\Programs\Python\Python311\Lib\site-packages\sqlalchemy\sql\compiler.py:934: in process
    return obj._compiler_dispatch(self, **kwargs)
..\..\..\..\AppData\Local\Programs\Python\Python311\Lib\site-packages\sqlalchemy\sql\visitors.py:138: in _compiler_dispatch
    return meth(self, **kw)  # type: ignore  # noqa: E501
_ _ _ _ _ _ _ _ _ _ _ _ _ _ _ _ _ _ _ _ _ _ _ _ _ _ _ _ _ _ _ _ _ _ _ _ _ _ _ _

self = &lt;sqlalchemy.dialects.sqlite.base.SQLiteDDLCompiler object at 0x000001F528056590&gt;
create = &lt;sqlalchemy.sql.ddl.CreateTable object at 0x000001F52804BC10&gt;, kw = {}
table = Table('coherence_results', MetaData(), Column('id', UUID(), table=&lt;coherence_results&gt;, primary_key=True, nullable=Fals...esults&gt;, nullable=False, default=CallableColumnDefault(&lt;function datetime.utcnow at 0x000001F525E79F80&gt;)), schema=None)
preparer = &lt;sqlalchemy.dialects.sqlite.base.SQLiteIdentifierPreparer object at 0x000001F526CBEFD0&gt;
text = '\nCREATE TABLE coherence_results (\n\tid UUID NOT NULL, \n\tproject_id UUID NOT NULL, \n\tglobal_score INTEGER NOT NU...s JSON NOT NULL, \n\tcategory_details JSON NOT NULL, \n\talerts JSON NOT NULL, \n\tis_gaming_detected BOOLEAN NOT NULL'
create_table_suffix = '', separator = ', \n', first_pk = True
create_column = &lt;sqlalchemy.sql.ddl.CreateColumn object at 0x000001F528030310&gt;

    def visit_create_table(self, create, **kw):
        table = create.element
        preparer = self.preparer
    
        text = "\nCREATE "
        if table._prefixes:
            text += " ".join(table._prefixes) + " "
    
        text += "TABLE "
        if create.if_not_exists:
            text += "IF NOT EXISTS "
    
        text += preparer.format_table(table) + " "
    
        create_table_suffix = self.create_table_suffix(table)
        if create_table_suffix:
            text += create_table_suffix + " "
    
        text += "("
    
        separator = "\n"
    
        # if only one primary key, specify it along with the column
        first_pk = False
        for create_column in create.columns:
            column = create_column.element
            try:
                processed = self.process(
                    create_column, first_pk=column.primary_key and not first_pk
                )
                if processed is not None:
                    text += separator
                    separator = ", \n"
                    text += "\t" + processed
                if column.primary_key:
                    first_pk = True
            except exc.CompileError as ce:
&gt;               raise exc.CompileError(
                    "(in table '%s', column '%s'): %s"
                    % (table.description, column.name, ce.args[0])
                ) from ce
E               sqlalchemy.exc.CompileError: (in table 'coherence_results', column 'gaming_violations'): Compiler &lt;sqlalchemy.dialects.sqlite.base.SQLiteTypeCompiler object at 0x000001F526A52010&gt; can't render element of type ARRAY

..\..\..\..\AppData\Local\Programs\Python\Python311\Lib\site-packages\sqlalchemy\sql\compiler.py:6802: CompileError</error></testcase><testcase classname="tests.test_db_connection" name="test_postgresql_tables_exist" time="30.155"><error message="failed on setup with &quot;sqlalchemy.exc.CompileError: (in table 'coherence_results', column 'gaming_violations'): Compiler &lt;sqlalchemy.dialects.sqlite.base.SQLiteTypeCompiler object at 0x000001F5291E7710&gt; can't render element of type ARRAY&quot;">self = ARRAY(String())
visitor = &lt;sqlalchemy.dialects.sqlite.base.SQLiteTypeCompiler object at 0x000001F5291E7710&gt;
kw = {'type_expression': Column('gaming_violations', ARRAY(String()), table=&lt;coherence_results&gt;, nullable=False, default=ScalarElementColumnDefault([]))}

    def _compiler_dispatch(
        self: Visitable, visitor: Any, **kw: Any
    ) -&gt; str:
        """Look for an attribute named "visit_&lt;visit_name&gt;" on the
        visitor, and call it with the same kw params.
    
        """
        try:
&gt;           meth = getter(visitor)
E           AttributeError: 'SQLiteTypeCompiler' object has no attribute 'visit_ARRAY'

..\..\..\..\AppData\Local\Programs\Python\Python311\Lib\site-packages\sqlalchemy\sql\visitors.py:134: AttributeError

The above exception was the direct cause of the following exception:

self = &lt;sqlalchemy.dialects.sqlite.base.SQLiteDDLCompiler object at 0x000001F529719950&gt;
create = &lt;sqlalchemy.sql.ddl.CreateTable object at 0x000001F529719C50&gt;, kw = {}
table = Table('coherence_results', MetaData(), Column('id', UUID(), table=&lt;coherence_results&gt;, primary_key=True, nullable=Fals...esults&gt;, nullable=False, default=CallableColumnDefault(&lt;function datetime.utcnow at 0x000001F525E79F80&gt;)), schema=None)
preparer = &lt;sqlalchemy.dialects.sqlite.base.SQLiteIdentifierPreparer object at 0x000001F5291E7510&gt;
text = '\nCREATE TABLE coherence_results (\n\tid UUID NOT NULL, \n\tproject_id UUID NOT NULL, \n\tglobal_score INTEGER NOT NU...s JSON NOT NULL, \n\tcategory_details JSON NOT NULL, \n\talerts JSON NOT NULL, \n\tis_gaming_detected BOOLEAN NOT NULL'
create_table_suffix = '', separator = ', \n', first_pk = True
create_column = &lt;sqlalchemy.sql.ddl.CreateColumn object at 0x000001F529719350&gt;

    def visit_create_table(self, create, **kw):
        table = create.element
        preparer = self.preparer
    
        text = "\nCREATE "
        if table._prefixes:
            text += " ".join(table._prefixes) + " "
    
        text += "TABLE "
        if create.if_not_exists:
            text += "IF NOT EXISTS "
    
        text += preparer.format_table(table) + " "
    
        create_table_suffix = self.create_table_suffix(table)
        if create_table_suffix:
            text += create_table_suffix + " "
    
        text += "("
    
        separator = "\n"
    
        # if only one primary key, specify it along with the column
        first_pk = False
        for create_column in create.columns:
            column = create_column.element
            try:
&gt;               processed = self.process(
                    create_column, first_pk=column.primary_key and not first_pk
                )

..\..\..\..\AppData\Local\Programs\Python\Python311\Lib\site-packages\sqlalchemy\sql\compiler.py:6792: 
_ _ _ _ _ _ _ _ _ _ _ _ _ _ _ _ _ _ _ _ _ _ _ _ _ _ _ _ _ _ _ _ _ _ _ _ _ _ _ _
..\..\..\..\AppData\Local\Programs\Python\Python311\Lib\site-packages\sqlalchemy\sql\compiler.py:934: in process
    return obj._compiler_dispatch(self, **kwargs)
..\..\..\..\AppData\Local\Programs\Python\Python311\Lib\site-packages\sqlalchemy\sql\visitors.py:138: in _compiler_dispatch
    return meth(self, **kw)  # type: ignore  # noqa: E501
..\..\..\..\AppData\Local\Programs\Python\Python311\Lib\site-packages\sqlalchemy\sql\compiler.py:6823: in visit_create_column
    text = self.get_column_specification(column, first_pk=first_pk)
..\..\..\..\AppData\Local\Programs\Python\Python311\Lib\site-packages\sqlalchemy\dialects\sqlite\base.py:1692: in get_column_specification
    coltype = self.dialect.type_compiler_instance.process(
..\..\..\..\AppData\Local\Programs\Python\Python311\Lib\site-packages\sqlalchemy\sql\compiler.py:979: in process
    return type_._compiler_dispatch(self, **kw)
..\..\..\..\AppData\Local\Programs\Python\Python311\Lib\site-packages\sqlalchemy\sql\visitors.py:136: in _compiler_dispatch
    return visitor.visit_unsupported_compilation(self, err, **kw)  # type: ignore  # noqa: E501
_ _ _ _ _ _ _ _ _ _ _ _ _ _ _ _ _ _ _ _ _ _ _ _ _ _ _ _ _ _ _ _ _ _ _ _ _ _ _ _

self = &lt;sqlalchemy.dialects.sqlite.base.SQLiteTypeCompiler object at 0x000001F5291E7710&gt;
element = ARRAY(String())
err = AttributeError("'SQLiteTypeCompiler' object has no attribute 'visit_ARRAY'")
kw = {'type_expression': Column('gaming_violations', ARRAY(String()), table=&lt;coherence_results&gt;, nullable=False, default=ScalarElementColumnDefault([]))}

    def visit_unsupported_compilation(
        self, element: Any, err: Exception, **kw: Any
    ) -&gt; NoReturn:
&gt;       raise exc.UnsupportedCompilationError(self, element) from err
E       sqlalchemy.exc.UnsupportedCompilationError: Compiler &lt;sqlalchemy.dialects.sqlite.base.SQLiteTypeCompiler object at 0x000001F5291E7710&gt; can't render element of type ARRAY (Background on this error at: https://sqlalche.me/e/20/l7de)

..\..\..\..\AppData\Local\Programs\Python\Python311\Lib\site-packages\sqlalchemy\sql\compiler.py:984: UnsupportedCompilationError

The above exception was the direct cause of the following exception:

request = &lt;SubRequest 'test_engine' for &lt;Coroutine test_postgresql_tables_exist&gt;&gt;
kwargs = {}, func = &lt;function test_engine at 0x000001F524E3EA20&gt;
setup = &lt;function _wrap_asyncgen_fixture.&lt;locals&gt;._asyncgen_fixture_wrapper.&lt;locals&gt;.setup at 0x000001F5263EE340&gt;
finalizer = &lt;function _wrap_asyncgen_fixture.&lt;locals&gt;._asyncgen_fixture_wrapper.&lt;locals&gt;.finalizer at 0x000001F526B2B4C0&gt;

    @functools.wraps(fixture)
    def _asyncgen_fixture_wrapper(request: SubRequest, **kwargs: Any):
        func = _perhaps_rebind_fixture_func(
            fixture, request.instance, fixturedef.unittest
        )
        event_loop = kwargs.pop(event_loop_fixture_id)
        gen_obj = func(
            **_add_kwargs(func, kwargs, event_loop_fixture_id, event_loop, request)
        )
    
        async def setup():
            res = await gen_obj.__anext__()
            return res
    
        def finalizer() -&gt; None:
            """Yield again, to finalize."""
    
            async def async_finalizer() -&gt; None:
                try:
                    await gen_obj.__anext__()
                except StopAsyncIteration:
                    pass
                else:
                    msg = "Async generator fixture didn't stop."
                    msg += "Yield only once."
                    raise ValueError(msg)
    
            event_loop.run_until_complete(async_finalizer())
    
&gt;       result = event_loop.run_until_complete(setup())

..\..\..\..\AppData\Local\Programs\Python\Python311\Lib\site-packages\pytest_asyncio\plugin.py:336: 
_ _ _ _ _ _ _ _ _ _ _ _ _ _ _ _ _ _ _ _ _ _ _ _ _ _ _ _ _ _ _ _ _ _ _ _ _ _ _ _
..\..\..\..\AppData\Local\Programs\Python\Python311\Lib\asyncio\base_events.py:654: in run_until_complete
    return future.result()
..\..\..\..\AppData\Local\Programs\Python\Python311\Lib\site-packages\pytest_asyncio\plugin.py:318: in setup
    res = await gen_obj.__anext__()
apps\api\tests\conftest.py:403: in test_engine
    await conn.run_sync(Base.metadata.create_all)
..\..\..\..\AppData\Local\Programs\Python\Python311\Lib\site-packages\sqlalchemy\ext\asyncio\engine.py:888: in run_sync
    return await greenlet_spawn(
..\..\..\..\AppData\Local\Programs\Python\Python311\Lib\site-packages\sqlalchemy\util\_concurrency_py3k.py:203: in greenlet_spawn
    result = context.switch(value)
..\..\..\..\AppData\Local\Programs\Python\Python311\Lib\site-packages\sqlalchemy\sql\schema.py:5928: in create_all
    bind._run_ddl_visitor(
..\..\..\..\AppData\Local\Programs\Python\Python311\Lib\site-packages\sqlalchemy\engine\base.py:2467: in _run_ddl_visitor
    ).traverse_single(element)
..\..\..\..\AppData\Local\Programs\Python\Python311\Lib\site-packages\sqlalchemy\sql\visitors.py:661: in traverse_single
    return meth(obj, **kw)
..\..\..\..\AppData\Local\Programs\Python\Python311\Lib\site-packages\sqlalchemy\sql\ddl.py:984: in visit_metadata
    self.traverse_single(
..\..\..\..\AppData\Local\Programs\Python\Python311\Lib\site-packages\sqlalchemy\sql\visitors.py:661: in traverse_single
    return meth(obj, **kw)
..\..\..\..\AppData\Local\Programs\Python\Python311\Lib\site-packages\sqlalchemy\sql\ddl.py:1022: in visit_table
    )._invoke_with(self.connection)
..\..\..\..\AppData\Local\Programs\Python\Python311\Lib\site-packages\sqlalchemy\sql\ddl.py:321: in _invoke_with
    return bind.execute(self)
..\..\..\..\AppData\Local\Programs\Python\Python311\Lib\site-packages\sqlalchemy\engine\base.py:1419: in execute
    return meth(
..\..\..\..\AppData\Local\Programs\Python\Python311\Lib\site-packages\sqlalchemy\sql\ddl.py:187: in _execute_on_connection
    return connection._execute_ddl(
..\..\..\..\AppData\Local\Programs\Python\Python311\Lib\site-packages\sqlalchemy\engine\base.py:1527: in _execute_ddl
    compiled = ddl.compile(
..\..\..\..\AppData\Local\Programs\Python\Python311\Lib\site-packages\sqlalchemy\sql\elements.py:312: in compile
    return self._compiler(dialect, **kw)
..\..\..\..\AppData\Local\Programs\Python\Python311\Lib\site-packages\sqlalchemy\sql\ddl.py:76: in _compiler
    return dialect.ddl_compiler(dialect, self, **kw)
..\..\..\..\AppData\Local\Programs\Python\Python311\Lib\site-packages\sqlalchemy\sql\compiler.py:888: in __init__
    self.string = self.process(self.statement, **compile_kwargs)
..\..\..\..\AppData\Local\Programs\Python\Python311\Lib\site-packages\sqlalchemy\sql\compiler.py:934: in process
    return obj._compiler_dispatch(self, **kwargs)
..\..\..\..\AppData\Local\Programs\Python\Python311\Lib\site-packages\sqlalchemy\sql\visitors.py:138: in _compiler_dispatch
    return meth(self, **kw)  # type: ignore  # noqa: E501
_ _ _ _ _ _ _ _ _ _ _ _ _ _ _ _ _ _ _ _ _ _ _ _ _ _ _ _ _ _ _ _ _ _ _ _ _ _ _ _

self = &lt;sqlalchemy.dialects.sqlite.base.SQLiteDDLCompiler object at 0x000001F529719950&gt;
create = &lt;sqlalchemy.sql.ddl.CreateTable object at 0x000001F529719C50&gt;, kw = {}
table = Table('coherence_results', MetaData(), Column('id', UUID(), table=&lt;coherence_results&gt;, primary_key=True, nullable=Fals...esults&gt;, nullable=False, default=CallableColumnDefault(&lt;function datetime.utcnow at 0x000001F525E79F80&gt;)), schema=None)
preparer = &lt;sqlalchemy.dialects.sqlite.base.SQLiteIdentifierPreparer object at 0x000001F5291E7510&gt;
text = '\nCREATE TABLE coherence_results (\n\tid UUID NOT NULL, \n\tproject_id UUID NOT NULL, \n\tglobal_score INTEGER NOT NU...s JSON NOT NULL, \n\tcategory_details JSON NOT NULL, \n\talerts JSON NOT NULL, \n\tis_gaming_detected BOOLEAN NOT NULL'
create_table_suffix = '', separator = ', \n', first_pk = True
create_column = &lt;sqlalchemy.sql.ddl.CreateColumn object at 0x000001F529719350&gt;

    def visit_create_table(self, create, **kw):
        table = create.element
        preparer = self.preparer
    
        text = "\nCREATE "
        if table._prefixes:
            text += " ".join(table._prefixes) + " "
    
        text += "TABLE "
        if create.if_not_exists:
            text += "IF NOT EXISTS "
    
        text += preparer.format_table(table) + " "
    
        create_table_suffix = self.create_table_suffix(table)
        if create_table_suffix:
            text += create_table_suffix + " "
    
        text += "("
    
        separator = "\n"
    
        # if only one primary key, specify it along with the column
        first_pk = False
        for create_column in create.columns:
            column = create_column.element
            try:
                processed = self.process(
                    create_column, first_pk=column.primary_key and not first_pk
                )
                if processed is not None:
                    text += separator
                    separator = ", \n"
                    text += "\t" + processed
                if column.primary_key:
                    first_pk = True
            except exc.CompileError as ce:
&gt;               raise exc.CompileError(
                    "(in table '%s', column '%s'): %s"
                    % (table.description, column.name, ce.args[0])
                ) from ce
E               sqlalchemy.exc.CompileError: (in table 'coherence_results', column 'gaming_violations'): Compiler &lt;sqlalchemy.dialects.sqlite.base.SQLiteTypeCompiler object at 0x000001F5291E7710&gt; can't render element of type ARRAY

..\..\..\..\AppData\Local\Programs\Python\Python311\Lib\site-packages\sqlalchemy\sql\compiler.py:6802: CompileError</error></testcase><testcase classname="tests.test_db_connection" name="test_postgresql_rls_enabled" time="30.355"><error message="failed on setup with &quot;sqlalchemy.exc.CompileError: (in table 'coherence_results', column 'gaming_violations'): Compiler &lt;sqlalchemy.dialects.sqlite.base.SQLiteTypeCompiler object at 0x000001F529B8B850&gt; can't render element of type ARRAY&quot;">self = ARRAY(String())
visitor = &lt;sqlalchemy.dialects.sqlite.base.SQLiteTypeCompiler object at 0x000001F529B8B850&gt;
kw = {'type_expression': Column('gaming_violations', ARRAY(String()), table=&lt;coherence_results&gt;, nullable=False, default=ScalarElementColumnDefault([]))}

    def _compiler_dispatch(
        self: Visitable, visitor: Any, **kw: Any
    ) -&gt; str:
        """Look for an attribute named "visit_&lt;visit_name&gt;" on the
        visitor, and call it with the same kw params.
    
        """
        try:
&gt;           meth = getter(visitor)
E           AttributeError: 'SQLiteTypeCompiler' object has no attribute 'visit_ARRAY'

..\..\..\..\AppData\Local\Programs\Python\Python311\Lib\site-packages\sqlalchemy\sql\visitors.py:134: AttributeError

The above exception was the direct cause of the following exception:

self = &lt;sqlalchemy.dialects.sqlite.base.SQLiteDDLCompiler object at 0x000001F52A04D990&gt;
create = &lt;sqlalchemy.sql.ddl.CreateTable object at 0x000001F528AED550&gt;, kw = {}
table = Table('coherence_results', MetaData(), Column('id', UUID(), table=&lt;coherence_results&gt;, primary_key=True, nullable=Fals...esults&gt;, nullable=False, default=CallableColumnDefault(&lt;function datetime.utcnow at 0x000001F525E79F80&gt;)), schema=None)
preparer = &lt;sqlalchemy.dialects.sqlite.base.SQLiteIdentifierPreparer object at 0x000001F529B8BA50&gt;
text = '\nCREATE TABLE coherence_results (\n\tid UUID NOT NULL, \n\tproject_id UUID NOT NULL, \n\tglobal_score INTEGER NOT NU...s JSON NOT NULL, \n\tcategory_details JSON NOT NULL, \n\talerts JSON NOT NULL, \n\tis_gaming_detected BOOLEAN NOT NULL'
create_table_suffix = '', separator = ', \n', first_pk = True
create_column = &lt;sqlalchemy.sql.ddl.CreateColumn object at 0x000001F52A04D750&gt;

    def visit_create_table(self, create, **kw):
        table = create.element
        preparer = self.preparer
    
        text = "\nCREATE "
        if table._prefixes:
            text += " ".join(table._prefixes) + " "
    
        text += "TABLE "
        if create.if_not_exists:
            text += "IF NOT EXISTS "
    
        text += preparer.format_table(table) + " "
    
        create_table_suffix = self.create_table_suffix(table)
        if create_table_suffix:
            text += create_table_suffix + " "
    
        text += "("
    
        separator = "\n"
    
        # if only one primary key, specify it along with the column
        first_pk = False
        for create_column in create.columns:
            column = create_column.element
            try:
&gt;               processed = self.process(
                    create_column, first_pk=column.primary_key and not first_pk
                )

..\..\..\..\AppData\Local\Programs\Python\Python311\Lib\site-packages\sqlalchemy\sql\compiler.py:6792: 
_ _ _ _ _ _ _ _ _ _ _ _ _ _ _ _ _ _ _ _ _ _ _ _ _ _ _ _ _ _ _ _ _ _ _ _ _ _ _ _
..\..\..\..\AppData\Local\Programs\Python\Python311\Lib\site-packages\sqlalchemy\sql\compiler.py:934: in process
    return obj._compiler_dispatch(self, **kwargs)
..\..\..\..\AppData\Local\Programs\Python\Python311\Lib\site-packages\sqlalchemy\sql\visitors.py:138: in _compiler_dispatch
    return meth(self, **kw)  # type: ignore  # noqa: E501
..\..\..\..\AppData\Local\Programs\Python\Python311\Lib\site-packages\sqlalchemy\sql\compiler.py:6823: in visit_create_column
    text = self.get_column_specification(column, first_pk=first_pk)
..\..\..\..\AppData\Local\Programs\Python\Python311\Lib\site-packages\sqlalchemy\dialects\sqlite\base.py:1692: in get_column_specification
    coltype = self.dialect.type_compiler_instance.process(
..\..\..\..\AppData\Local\Programs\Python\Python311\Lib\site-packages\sqlalchemy\sql\compiler.py:979: in process
    return type_._compiler_dispatch(self, **kw)
..\..\..\..\AppData\Local\Programs\Python\Python311\Lib\site-packages\sqlalchemy\sql\visitors.py:136: in _compiler_dispatch
    return visitor.visit_unsupported_compilation(self, err, **kw)  # type: ignore  # noqa: E501
_ _ _ _ _ _ _ _ _ _ _ _ _ _ _ _ _ _ _ _ _ _ _ _ _ _ _ _ _ _ _ _ _ _ _ _ _ _ _ _

self = &lt;sqlalchemy.dialects.sqlite.base.SQLiteTypeCompiler object at 0x000001F529B8B850&gt;
element = ARRAY(String())
err = AttributeError("'SQLiteTypeCompiler' object has no attribute 'visit_ARRAY'")
kw = {'type_expression': Column('gaming_violations', ARRAY(String()), table=&lt;coherence_results&gt;, nullable=False, default=ScalarElementColumnDefault([]))}

    def visit_unsupported_compilation(
        self, element: Any, err: Exception, **kw: Any
    ) -&gt; NoReturn:
&gt;       raise exc.UnsupportedCompilationError(self, element) from err
E       sqlalchemy.exc.UnsupportedCompilationError: Compiler &lt;sqlalchemy.dialects.sqlite.base.SQLiteTypeCompiler object at 0x000001F529B8B850&gt; can't render element of type ARRAY (Background on this error at: https://sqlalche.me/e/20/l7de)

..\..\..\..\AppData\Local\Programs\Python\Python311\Lib\site-packages\sqlalchemy\sql\compiler.py:984: UnsupportedCompilationError

The above exception was the direct cause of the following exception:

request = &lt;SubRequest 'test_engine' for &lt;Coroutine test_postgresql_rls_enabled&gt;&gt;
kwargs = {}, func = &lt;function test_engine at 0x000001F524E3EA20&gt;
setup = &lt;function _wrap_asyncgen_fixture.&lt;locals&gt;._asyncgen_fixture_wrapper.&lt;locals&gt;.setup at 0x000001F52650E8E0&gt;
finalizer = &lt;function _wrap_asyncgen_fixture.&lt;locals&gt;._asyncgen_fixture_wrapper.&lt;locals&gt;.finalizer at 0x000001F5262B20C0&gt;

    @functools.wraps(fixture)
    def _asyncgen_fixture_wrapper(request: SubRequest, **kwargs: Any):
        func = _perhaps_rebind_fixture_func(
            fixture, request.instance, fixturedef.unittest
        )
        event_loop = kwargs.pop(event_loop_fixture_id)
        gen_obj = func(
            **_add_kwargs(func, kwargs, event_loop_fixture_id, event_loop, request)
        )
    
        async def setup():
            res = await gen_obj.__anext__()
            return res
    
        def finalizer() -&gt; None:
            """Yield again, to finalize."""
    
            async def async_finalizer() -&gt; None:
                try:
                    await gen_obj.__anext__()
                except StopAsyncIteration:
                    pass
                else:
                    msg = "Async generator fixture didn't stop."
                    msg += "Yield only once."
                    raise ValueError(msg)
    
            event_loop.run_until_complete(async_finalizer())
    
&gt;       result = event_loop.run_until_complete(setup())

..\..\..\..\AppData\Local\Programs\Python\Python311\Lib\site-packages\pytest_asyncio\plugin.py:336: 
_ _ _ _ _ _ _ _ _ _ _ _ _ _ _ _ _ _ _ _ _ _ _ _ _ _ _ _ _ _ _ _ _ _ _ _ _ _ _ _
..\..\..\..\AppData\Local\Programs\Python\Python311\Lib\asyncio\base_events.py:654: in run_until_complete
    return future.result()
..\..\..\..\AppData\Local\Programs\Python\Python311\Lib\site-packages\pytest_asyncio\plugin.py:318: in setup
    res = await gen_obj.__anext__()
apps\api\tests\conftest.py:403: in test_engine
    await conn.run_sync(Base.metadata.create_all)
..\..\..\..\AppData\Local\Programs\Python\Python311\Lib\site-packages\sqlalchemy\ext\asyncio\engine.py:888: in run_sync
    return await greenlet_spawn(
..\..\..\..\AppData\Local\Programs\Python\Python311\Lib\site-packages\sqlalchemy\util\_concurrency_py3k.py:203: in greenlet_spawn
    result = context.switch(value)
..\..\..\..\AppData\Local\Programs\Python\Python311\Lib\site-packages\sqlalchemy\sql\schema.py:5928: in create_all
    bind._run_ddl_visitor(
..\..\..\..\AppData\Local\Programs\Python\Python311\Lib\site-packages\sqlalchemy\engine\base.py:2467: in _run_ddl_visitor
    ).traverse_single(element)
..\..\..\..\AppData\Local\Programs\Python\Python311\Lib\site-packages\sqlalchemy\sql\visitors.py:661: in traverse_single
    return meth(obj, **kw)
..\..\..\..\AppData\Local\Programs\Python\Python311\Lib\site-packages\sqlalchemy\sql\ddl.py:984: in visit_metadata
    self.traverse_single(
..\..\..\..\AppData\Local\Programs\Python\Python311\Lib\site-packages\sqlalchemy\sql\visitors.py:661: in traverse_single
    return meth(obj, **kw)
..\..\..\..\AppData\Local\Programs\Python\Python311\Lib\site-packages\sqlalchemy\sql\ddl.py:1022: in visit_table
    )._invoke_with(self.connection)
..\..\..\..\AppData\Local\Programs\Python\Python311\Lib\site-packages\sqlalchemy\sql\ddl.py:321: in _invoke_with
    return bind.execute(self)
..\..\..\..\AppData\Local\Programs\Python\Python311\Lib\site-packages\sqlalchemy\engine\base.py:1419: in execute
    return meth(
..\..\..\..\AppData\Local\Programs\Python\Python311\Lib\site-packages\sqlalchemy\sql\ddl.py:187: in _execute_on_connection
    return connection._execute_ddl(
..\..\..\..\AppData\Local\Programs\Python\Python311\Lib\site-packages\sqlalchemy\engine\base.py:1527: in _execute_ddl
    compiled = ddl.compile(
..\..\..\..\AppData\Local\Programs\Python\Python311\Lib\site-packages\sqlalchemy\sql\elements.py:312: in compile
    return self._compiler(dialect, **kw)
..\..\..\..\AppData\Local\Programs\Python\Python311\Lib\site-packages\sqlalchemy\sql\ddl.py:76: in _compiler
    return dialect.ddl_compiler(dialect, self, **kw)
..\..\..\..\AppData\Local\Programs\Python\Python311\Lib\site-packages\sqlalchemy\sql\compiler.py:888: in __init__
    self.string = self.process(self.statement, **compile_kwargs)
..\..\..\..\AppData\Local\Programs\Python\Python311\Lib\site-packages\sqlalchemy\sql\compiler.py:934: in process
    return obj._compiler_dispatch(self, **kwargs)
..\..\..\..\AppData\Local\Programs\Python\Python311\Lib\site-packages\sqlalchemy\sql\visitors.py:138: in _compiler_dispatch
    return meth(self, **kw)  # type: ignore  # noqa: E501
_ _ _ _ _ _ _ _ _ _ _ _ _ _ _ _ _ _ _ _ _ _ _ _ _ _ _ _ _ _ _ _ _ _ _ _ _ _ _ _

self = &lt;sqlalchemy.dialects.sqlite.base.SQLiteDDLCompiler object at 0x000001F52A04D990&gt;
create = &lt;sqlalchemy.sql.ddl.CreateTable object at 0x000001F528AED550&gt;, kw = {}
table = Table('coherence_results', MetaData(), Column('id', UUID(), table=&lt;coherence_results&gt;, primary_key=True, nullable=Fals...esults&gt;, nullable=False, default=CallableColumnDefault(&lt;function datetime.utcnow at 0x000001F525E79F80&gt;)), schema=None)
preparer = &lt;sqlalchemy.dialects.sqlite.base.SQLiteIdentifierPreparer object at 0x000001F529B8BA50&gt;
text = '\nCREATE TABLE coherence_results (\n\tid UUID NOT NULL, \n\tproject_id UUID NOT NULL, \n\tglobal_score INTEGER NOT NU...s JSON NOT NULL, \n\tcategory_details JSON NOT NULL, \n\talerts JSON NOT NULL, \n\tis_gaming_detected BOOLEAN NOT NULL'
create_table_suffix = '', separator = ', \n', first_pk = True
create_column = &lt;sqlalchemy.sql.ddl.CreateColumn object at 0x000001F52A04D750&gt;

    def visit_create_table(self, create, **kw):
        table = create.element
        preparer = self.preparer
    
        text = "\nCREATE "
        if table._prefixes:
            text += " ".join(table._prefixes) + " "
    
        text += "TABLE "
        if create.if_not_exists:
            text += "IF NOT EXISTS "
    
        text += preparer.format_table(table) + " "
    
        create_table_suffix = self.create_table_suffix(table)
        if create_table_suffix:
            text += create_table_suffix + " "
    
        text += "("
    
        separator = "\n"
    
        # if only one primary key, specify it along with the column
        first_pk = False
        for create_column in create.columns:
            column = create_column.element
            try:
                processed = self.process(
                    create_column, first_pk=column.primary_key and not first_pk
                )
                if processed is not None:
                    text += separator
                    separator = ", \n"
                    text += "\t" + processed
                if column.primary_key:
                    first_pk = True
            except exc.CompileError as ce:
&gt;               raise exc.CompileError(
                    "(in table '%s', column '%s'): %s"
                    % (table.description, column.name, ce.args[0])
                ) from ce
E               sqlalchemy.exc.CompileError: (in table 'coherence_results', column 'gaming_violations'): Compiler &lt;sqlalchemy.dialects.sqlite.base.SQLiteTypeCompiler object at 0x000001F529B8B850&gt; can't render element of type ARRAY

..\..\..\..\AppData\Local\Programs\Python\Python311\Lib\site-packages\sqlalchemy\sql\compiler.py:6802: CompileError</error></testcase><testcase classname="tests.test_db_connection" name="test_postgresql_mcp_views_exist" time="30.163"><error message="failed on setup with &quot;sqlalchemy.exc.CompileError: (in table 'coherence_results', column 'gaming_violations'): Compiler &lt;sqlalchemy.dialects.sqlite.base.SQLiteTypeCompiler object at 0x000001F528DADB50&gt; can't render element of type ARRAY&quot;">self = ARRAY(String())
visitor = &lt;sqlalchemy.dialects.sqlite.base.SQLiteTypeCompiler object at 0x000001F528DADB50&gt;
kw = {'type_expression': Column('gaming_violations', ARRAY(String()), table=&lt;coherence_results&gt;, nullable=False, default=ScalarElementColumnDefault([]))}

    def _compiler_dispatch(
        self: Visitable, visitor: Any, **kw: Any
    ) -&gt; str:
        """Look for an attribute named "visit_&lt;visit_name&gt;" on the
        visitor, and call it with the same kw params.
    
        """
        try:
&gt;           meth = getter(visitor)
E           AttributeError: 'SQLiteTypeCompiler' object has no attribute 'visit_ARRAY'

..\..\..\..\AppData\Local\Programs\Python\Python311\Lib\site-packages\sqlalchemy\sql\visitors.py:134: AttributeError

The above exception was the direct cause of the following exception:

self = &lt;sqlalchemy.dialects.sqlite.base.SQLiteDDLCompiler object at 0x000001F5284007D0&gt;
create = &lt;sqlalchemy.sql.ddl.CreateTable object at 0x000001F5296FC910&gt;, kw = {}
table = Table('coherence_results', MetaData(), Column('id', UUID(), table=&lt;coherence_results&gt;, primary_key=True, nullable=Fals...esults&gt;, nullable=False, default=CallableColumnDefault(&lt;function datetime.utcnow at 0x000001F525E79F80&gt;)), schema=None)
preparer = &lt;sqlalchemy.dialects.sqlite.base.SQLiteIdentifierPreparer object at 0x000001F528DADC50&gt;
text = '\nCREATE TABLE coherence_results (\n\tid UUID NOT NULL, \n\tproject_id UUID NOT NULL, \n\tglobal_score INTEGER NOT NU...s JSON NOT NULL, \n\tcategory_details JSON NOT NULL, \n\talerts JSON NOT NULL, \n\tis_gaming_detected BOOLEAN NOT NULL'
create_table_suffix = '', separator = ', \n', first_pk = True
create_column = &lt;sqlalchemy.sql.ddl.CreateColumn object at 0x000001F528400F50&gt;

    def visit_create_table(self, create, **kw):
        table = create.element
        preparer = self.preparer
    
        text = "\nCREATE "
        if table._prefixes:
            text += " ".join(table._prefixes) + " "
    
        text += "TABLE "
        if create.if_not_exists:
            text += "IF NOT EXISTS "
    
        text += preparer.format_table(table) + " "
    
        create_table_suffix = self.create_table_suffix(table)
        if create_table_suffix:
            text += create_table_suffix + " "
    
        text += "("
    
        separator = "\n"
    
        # if only one primary key, specify it along with the column
        first_pk = False
        for create_column in create.columns:
            column = create_column.element
            try:
&gt;               processed = self.process(
                    create_column, first_pk=column.primary_key and not first_pk
                )

..\..\..\..\AppData\Local\Programs\Python\Python311\Lib\site-packages\sqlalchemy\sql\compiler.py:6792: 
_ _ _ _ _ _ _ _ _ _ _ _ _ _ _ _ _ _ _ _ _ _ _ _ _ _ _ _ _ _ _ _ _ _ _ _ _ _ _ _
..\..\..\..\AppData\Local\Programs\Python\Python311\Lib\site-packages\sqlalchemy\sql\compiler.py:934: in process
    return obj._compiler_dispatch(self, **kwargs)
..\..\..\..\AppData\Local\Programs\Python\Python311\Lib\site-packages\sqlalchemy\sql\visitors.py:138: in _compiler_dispatch
    return meth(self, **kw)  # type: ignore  # noqa: E501
..\..\..\..\AppData\Local\Programs\Python\Python311\Lib\site-packages\sqlalchemy\sql\compiler.py:6823: in visit_create_column
    text = self.get_column_specification(column, first_pk=first_pk)
..\..\..\..\AppData\Local\Programs\Python\Python311\Lib\site-packages\sqlalchemy\dialects\sqlite\base.py:1692: in get_column_specification
    coltype = self.dialect.type_compiler_instance.process(
..\..\..\..\AppData\Local\Programs\Python\Python311\Lib\site-packages\sqlalchemy\sql\compiler.py:979: in process
    return type_._compiler_dispatch(self, **kw)
..\..\..\..\AppData\Local\Programs\Python\Python311\Lib\site-packages\sqlalchemy\sql\visitors.py:136: in _compiler_dispatch
    return visitor.visit_unsupported_compilation(self, err, **kw)  # type: ignore  # noqa: E501
_ _ _ _ _ _ _ _ _ _ _ _ _ _ _ _ _ _ _ _ _ _ _ _ _ _ _ _ _ _ _ _ _ _ _ _ _ _ _ _

self = &lt;sqlalchemy.dialects.sqlite.base.SQLiteTypeCompiler object at 0x000001F528DADB50&gt;
element = ARRAY(String())
err = AttributeError("'SQLiteTypeCompiler' object has no attribute 'visit_ARRAY'")
kw = {'type_expression': Column('gaming_violations', ARRAY(String()), table=&lt;coherence_results&gt;, nullable=False, default=ScalarElementColumnDefault([]))}

    def visit_unsupported_compilation(
        self, element: Any, err: Exception, **kw: Any
    ) -&gt; NoReturn:
&gt;       raise exc.UnsupportedCompilationError(self, element) from err
E       sqlalchemy.exc.UnsupportedCompilationError: Compiler &lt;sqlalchemy.dialects.sqlite.base.SQLiteTypeCompiler object at 0x000001F528DADB50&gt; can't render element of type ARRAY (Background on this error at: https://sqlalche.me/e/20/l7de)

..\..\..\..\AppData\Local\Programs\Python\Python311\Lib\site-packages\sqlalchemy\sql\compiler.py:984: UnsupportedCompilationError

The above exception was the direct cause of the following exception:

request = &lt;SubRequest 'test_engine' for &lt;Coroutine test_postgresql_mcp_views_exist&gt;&gt;
kwargs = {}, func = &lt;function test_engine at 0x000001F524E3EA20&gt;
setup = &lt;function _wrap_asyncgen_fixture.&lt;locals&gt;._asyncgen_fixture_wrapper.&lt;locals&gt;.setup at 0x000001F52820BF60&gt;
finalizer = &lt;function _wrap_asyncgen_fixture.&lt;locals&gt;._asyncgen_fixture_wrapper.&lt;locals&gt;.finalizer at 0x000001F52820BBA0&gt;

    @functools.wraps(fixture)
    def _asyncgen_fixture_wrapper(request: SubRequest, **kwargs: Any):
        func = _perhaps_rebind_fixture_func(
            fixture, request.instance, fixturedef.unittest
        )
        event_loop = kwargs.pop(event_loop_fixture_id)
        gen_obj = func(
            **_add_kwargs(func, kwargs, event_loop_fixture_id, event_loop, request)
        )
    
        async def setup():
            res = await gen_obj.__anext__()
            return res
    
        def finalizer() -&gt; None:
            """Yield again, to finalize."""
    
            async def async_finalizer() -&gt; None:
                try:
                    await gen_obj.__anext__()
                except StopAsyncIteration:
                    pass
                else:
                    msg = "Async generator fixture didn't stop."
                    msg += "Yield only once."
                    raise ValueError(msg)
    
            event_loop.run_until_complete(async_finalizer())
    
&gt;       result = event_loop.run_until_complete(setup())

..\..\..\..\AppData\Local\Programs\Python\Python311\Lib\site-packages\pytest_asyncio\plugin.py:336: 
_ _ _ _ _ _ _ _ _ _ _ _ _ _ _ _ _ _ _ _ _ _ _ _ _ _ _ _ _ _ _ _ _ _ _ _ _ _ _ _
..\..\..\..\AppData\Local\Programs\Python\Python311\Lib\asyncio\base_events.py:654: in run_until_complete
    return future.result()
..\..\..\..\AppData\Local\Programs\Python\Python311\Lib\site-packages\pytest_asyncio\plugin.py:318: in setup
    res = await gen_obj.__anext__()
apps\api\tests\conftest.py:403: in test_engine
    await conn.run_sync(Base.metadata.create_all)
..\..\..\..\AppData\Local\Programs\Python\Python311\Lib\site-packages\sqlalchemy\ext\asyncio\engine.py:888: in run_sync
    return await greenlet_spawn(
..\..\..\..\AppData\Local\Programs\Python\Python311\Lib\site-packages\sqlalchemy\util\_concurrency_py3k.py:203: in greenlet_spawn
    result = context.switch(value)
..\..\..\..\AppData\Local\Programs\Python\Python311\Lib\site-packages\sqlalchemy\sql\schema.py:5928: in create_all
    bind._run_ddl_visitor(
..\..\..\..\AppData\Local\Programs\Python\Python311\Lib\site-packages\sqlalchemy\engine\base.py:2467: in _run_ddl_visitor
    ).traverse_single(element)
..\..\..\..\AppData\Local\Programs\Python\Python311\Lib\site-packages\sqlalchemy\sql\visitors.py:661: in traverse_single
    return meth(obj, **kw)
..\..\..\..\AppData\Local\Programs\Python\Python311\Lib\site-packages\sqlalchemy\sql\ddl.py:984: in visit_metadata
    self.traverse_single(
..\..\..\..\AppData\Local\Programs\Python\Python311\Lib\site-packages\sqlalchemy\sql\visitors.py:661: in traverse_single
    return meth(obj, **kw)
..\..\..\..\AppData\Local\Programs\Python\Python311\Lib\site-packages\sqlalchemy\sql\ddl.py:1022: in visit_table
    )._invoke_with(self.connection)
..\..\..\..\AppData\Local\Programs\Python\Python311\Lib\site-packages\sqlalchemy\sql\ddl.py:321: in _invoke_with
    return bind.execute(self)
..\..\..\..\AppData\Local\Programs\Python\Python311\Lib\site-packages\sqlalchemy\engine\base.py:1419: in execute
    return meth(
..\..\..\..\AppData\Local\Programs\Python\Python311\Lib\site-packages\sqlalchemy\sql\ddl.py:187: in _execute_on_connection
    return connection._execute_ddl(
..\..\..\..\AppData\Local\Programs\Python\Python311\Lib\site-packages\sqlalchemy\engine\base.py:1527: in _execute_ddl
    compiled = ddl.compile(
..\..\..\..\AppData\Local\Programs\Python\Python311\Lib\site-packages\sqlalchemy\sql\elements.py:312: in compile
    return self._compiler(dialect, **kw)
..\..\..\..\AppData\Local\Programs\Python\Python311\Lib\site-packages\sqlalchemy\sql\ddl.py:76: in _compiler
    return dialect.ddl_compiler(dialect, self, **kw)
..\..\..\..\AppData\Local\Programs\Python\Python311\Lib\site-packages\sqlalchemy\sql\compiler.py:888: in __init__
    self.string = self.process(self.statement, **compile_kwargs)
..\..\..\..\AppData\Local\Programs\Python\Python311\Lib\site-packages\sqlalchemy\sql\compiler.py:934: in process
    return obj._compiler_dispatch(self, **kwargs)
..\..\..\..\AppData\Local\Programs\Python\Python311\Lib\site-packages\sqlalchemy\sql\visitors.py:138: in _compiler_dispatch
    return meth(self, **kw)  # type: ignore  # noqa: E501
_ _ _ _ _ _ _ _ _ _ _ _ _ _ _ _ _ _ _ _ _ _ _ _ _ _ _ _ _ _ _ _ _ _ _ _ _ _ _ _

self = &lt;sqlalchemy.dialects.sqlite.base.SQLiteDDLCompiler object at 0x000001F5284007D0&gt;
create = &lt;sqlalchemy.sql.ddl.CreateTable object at 0x000001F5296FC910&gt;, kw = {}
table = Table('coherence_results', MetaData(), Column('id', UUID(), table=&lt;coherence_results&gt;, primary_key=True, nullable=Fals...esults&gt;, nullable=False, default=CallableColumnDefault(&lt;function datetime.utcnow at 0x000001F525E79F80&gt;)), schema=None)
preparer = &lt;sqlalchemy.dialects.sqlite.base.SQLiteIdentifierPreparer object at 0x000001F528DADC50&gt;
text = '\nCREATE TABLE coherence_results (\n\tid UUID NOT NULL, \n\tproject_id UUID NOT NULL, \n\tglobal_score INTEGER NOT NU...s JSON NOT NULL, \n\tcategory_details JSON NOT NULL, \n\talerts JSON NOT NULL, \n\tis_gaming_detected BOOLEAN NOT NULL'
create_table_suffix = '', separator = ', \n', first_pk = True
create_column = &lt;sqlalchemy.sql.ddl.CreateColumn object at 0x000001F528400F50&gt;

    def visit_create_table(self, create, **kw):
        table = create.element
        preparer = self.preparer
    
        text = "\nCREATE "
        if table._prefixes:
            text += " ".join(table._prefixes) + " "
    
        text += "TABLE "
        if create.if_not_exists:
            text += "IF NOT EXISTS "
    
        text += preparer.format_table(table) + " "
    
        create_table_suffix = self.create_table_suffix(table)
        if create_table_suffix:
            text += create_table_suffix + " "
    
        text += "("
    
        separator = "\n"
    
        # if only one primary key, specify it along with the column
        first_pk = False
        for create_column in create.columns:
            column = create_column.element
            try:
                processed = self.process(
                    create_column, first_pk=column.primary_key and not first_pk
                )
                if processed is not None:
                    text += separator
                    separator = ", \n"
                    text += "\t" + processed
                if column.primary_key:
                    first_pk = True
            except exc.CompileError as ce:
&gt;               raise exc.CompileError(
                    "(in table '%s', column '%s'): %s"
                    % (table.description, column.name, ce.args[0])
                ) from ce
E               sqlalchemy.exc.CompileError: (in table 'coherence_results', column 'gaming_violations'): Compiler &lt;sqlalchemy.dialects.sqlite.base.SQLiteTypeCompiler object at 0x000001F528DADB50&gt; can't render element of type ARRAY

..\..\..\..\AppData\Local\Programs\Python\Python311\Lib\site-packages\sqlalchemy\sql\compiler.py:6802: CompileError</error></testcase><testcase classname="tests.test_db_connection" name="test_postgresql_schema_migrations_table" time="30.507"><error message="failed on setup with &quot;sqlalchemy.exc.CompileError: (in table 'coherence_results', column 'gaming_violations'): Compiler &lt;sqlalchemy.dialects.sqlite.base.SQLiteTypeCompiler object at 0x000001F528C678D0&gt; can't render element of type ARRAY&quot;">self = ARRAY(String())
visitor = &lt;sqlalchemy.dialects.sqlite.base.SQLiteTypeCompiler object at 0x000001F528C678D0&gt;
kw = {'type_expression': Column('gaming_violations', ARRAY(String()), table=&lt;coherence_results&gt;, nullable=False, default=ScalarElementColumnDefault([]))}

    def _compiler_dispatch(
        self: Visitable, visitor: Any, **kw: Any
    ) -&gt; str:
        """Look for an attribute named "visit_&lt;visit_name&gt;" on the
        visitor, and call it with the same kw params.
    
        """
        try:
&gt;           meth = getter(visitor)
E           AttributeError: 'SQLiteTypeCompiler' object has no attribute 'visit_ARRAY'

..\..\..\..\AppData\Local\Programs\Python\Python311\Lib\site-packages\sqlalchemy\sql\visitors.py:134: AttributeError

The above exception was the direct cause of the following exception:

self = &lt;sqlalchemy.dialects.sqlite.base.SQLiteDDLCompiler object at 0x000001F5286D3710&gt;
create = &lt;sqlalchemy.sql.ddl.CreateTable object at 0x000001F528FFE090&gt;, kw = {}
table = Table('coherence_results', MetaData(), Column('id', UUID(), table=&lt;coherence_results&gt;, primary_key=True, nullable=Fals...esults&gt;, nullable=False, default=CallableColumnDefault(&lt;function datetime.utcnow at 0x000001F525E79F80&gt;)), schema=None)
preparer = &lt;sqlalchemy.dialects.sqlite.base.SQLiteIdentifierPreparer object at 0x000001F528C67850&gt;
text = '\nCREATE TABLE coherence_results (\n\tid UUID NOT NULL, \n\tproject_id UUID NOT NULL, \n\tglobal_score INTEGER NOT NU...s JSON NOT NULL, \n\tcategory_details JSON NOT NULL, \n\talerts JSON NOT NULL, \n\tis_gaming_detected BOOLEAN NOT NULL'
create_table_suffix = '', separator = ', \n', first_pk = True
create_column = &lt;sqlalchemy.sql.ddl.CreateColumn object at 0x000001F5286D2ED0&gt;

    def visit_create_table(self, create, **kw):
        table = create.element
        preparer = self.preparer
    
        text = "\nCREATE "
        if table._prefixes:
            text += " ".join(table._prefixes) + " "
    
        text += "TABLE "
        if create.if_not_exists:
            text += "IF NOT EXISTS "
    
        text += preparer.format_table(table) + " "
    
        create_table_suffix = self.create_table_suffix(table)
        if create_table_suffix:
            text += create_table_suffix + " "
    
        text += "("
    
        separator = "\n"
    
        # if only one primary key, specify it along with the column
        first_pk = False
        for create_column in create.columns:
            column = create_column.element
            try:
&gt;               processed = self.process(
                    create_column, first_pk=column.primary_key and not first_pk
                )

..\..\..\..\AppData\Local\Programs\Python\Python311\Lib\site-packages\sqlalchemy\sql\compiler.py:6792: 
_ _ _ _ _ _ _ _ _ _ _ _ _ _ _ _ _ _ _ _ _ _ _ _ _ _ _ _ _ _ _ _ _ _ _ _ _ _ _ _
..\..\..\..\AppData\Local\Programs\Python\Python311\Lib\site-packages\sqlalchemy\sql\compiler.py:934: in process
    return obj._compiler_dispatch(self, **kwargs)
..\..\..\..\AppData\Local\Programs\Python\Python311\Lib\site-packages\sqlalchemy\sql\visitors.py:138: in _compiler_dispatch
    return meth(self, **kw)  # type: ignore  # noqa: E501
..\..\..\..\AppData\Local\Programs\Python\Python311\Lib\site-packages\sqlalchemy\sql\compiler.py:6823: in visit_create_column
    text = self.get_column_specification(column, first_pk=first_pk)
..\..\..\..\AppData\Local\Programs\Python\Python311\Lib\site-packages\sqlalchemy\dialects\sqlite\base.py:1692: in get_column_specification
    coltype = self.dialect.type_compiler_instance.process(
..\..\..\..\AppData\Local\Programs\Python\Python311\Lib\site-packages\sqlalchemy\sql\compiler.py:979: in process
    return type_._compiler_dispatch(self, **kw)
..\..\..\..\AppData\Local\Programs\Python\Python311\Lib\site-packages\sqlalchemy\sql\visitors.py:136: in _compiler_dispatch
    return visitor.visit_unsupported_compilation(self, err, **kw)  # type: ignore  # noqa: E501
_ _ _ _ _ _ _ _ _ _ _ _ _ _ _ _ _ _ _ _ _ _ _ _ _ _ _ _ _ _ _ _ _ _ _ _ _ _ _ _

self = &lt;sqlalchemy.dialects.sqlite.base.SQLiteTypeCompiler object at 0x000001F528C678D0&gt;
element = ARRAY(String())
err = AttributeError("'SQLiteTypeCompiler' object has no attribute 'visit_ARRAY'")
kw = {'type_expression': Column('gaming_violations', ARRAY(String()), table=&lt;coherence_results&gt;, nullable=False, default=ScalarElementColumnDefault([]))}

    def visit_unsupported_compilation(
        self, element: Any, err: Exception, **kw: Any
    ) -&gt; NoReturn:
&gt;       raise exc.UnsupportedCompilationError(self, element) from err
E       sqlalchemy.exc.UnsupportedCompilationError: Compiler &lt;sqlalchemy.dialects.sqlite.base.SQLiteTypeCompiler object at 0x000001F528C678D0&gt; can't render element of type ARRAY (Background on this error at: https://sqlalche.me/e/20/l7de)

..\..\..\..\AppData\Local\Programs\Python\Python311\Lib\site-packages\sqlalchemy\sql\compiler.py:984: UnsupportedCompilationError

The above exception was the direct cause of the following exception:

request = &lt;SubRequest 'test_engine' for &lt;Coroutine test_postgresql_schema_migrations_table&gt;&gt;
kwargs = {}, func = &lt;function test_engine at 0x000001F524E3EA20&gt;
setup = &lt;function _wrap_asyncgen_fixture.&lt;locals&gt;._asyncgen_fixture_wrapper.&lt;locals&gt;.setup at 0x000001F526CC2FC0&gt;
finalizer = &lt;function _wrap_asyncgen_fixture.&lt;locals&gt;._asyncgen_fixture_wrapper.&lt;locals&gt;.finalizer at 0x000001F526CC1BC0&gt;

    @functools.wraps(fixture)
    def _asyncgen_fixture_wrapper(request: SubRequest, **kwargs: Any):
        func = _perhaps_rebind_fixture_func(
            fixture, request.instance, fixturedef.unittest
        )
        event_loop = kwargs.pop(event_loop_fixture_id)
        gen_obj = func(
            **_add_kwargs(func, kwargs, event_loop_fixture_id, event_loop, request)
        )
    
        async def setup():
            res = await gen_obj.__anext__()
            return res
    
        def finalizer() -&gt; None:
            """Yield again, to finalize."""
    
            async def async_finalizer() -&gt; None:
                try:
                    await gen_obj.__anext__()
                except StopAsyncIteration:
                    pass
                else:
                    msg = "Async generator fixture didn't stop."
                    msg += "Yield only once."
                    raise ValueError(msg)
    
            event_loop.run_until_complete(async_finalizer())
    
&gt;       result = event_loop.run_until_complete(setup())

..\..\..\..\AppData\Local\Programs\Python\Python311\Lib\site-packages\pytest_asyncio\plugin.py:336: 
_ _ _ _ _ _ _ _ _ _ _ _ _ _ _ _ _ _ _ _ _ _ _ _ _ _ _ _ _ _ _ _ _ _ _ _ _ _ _ _
..\..\..\..\AppData\Local\Programs\Python\Python311\Lib\asyncio\base_events.py:654: in run_until_complete
    return future.result()
..\..\..\..\AppData\Local\Programs\Python\Python311\Lib\site-packages\pytest_asyncio\plugin.py:318: in setup
    res = await gen_obj.__anext__()
apps\api\tests\conftest.py:403: in test_engine
    await conn.run_sync(Base.metadata.create_all)
..\..\..\..\AppData\Local\Programs\Python\Python311\Lib\site-packages\sqlalchemy\ext\asyncio\engine.py:888: in run_sync
    return await greenlet_spawn(
..\..\..\..\AppData\Local\Programs\Python\Python311\Lib\site-packages\sqlalchemy\util\_concurrency_py3k.py:203: in greenlet_spawn
    result = context.switch(value)
..\..\..\..\AppData\Local\Programs\Python\Python311\Lib\site-packages\sqlalchemy\sql\schema.py:5928: in create_all
    bind._run_ddl_visitor(
..\..\..\..\AppData\Local\Programs\Python\Python311\Lib\site-packages\sqlalchemy\engine\base.py:2467: in _run_ddl_visitor
    ).traverse_single(element)
..\..\..\..\AppData\Local\Programs\Python\Python311\Lib\site-packages\sqlalchemy\sql\visitors.py:661: in traverse_single
    return meth(obj, **kw)
..\..\..\..\AppData\Local\Programs\Python\Python311\Lib\site-packages\sqlalchemy\sql\ddl.py:984: in visit_metadata
    self.traverse_single(
..\..\..\..\AppData\Local\Programs\Python\Python311\Lib\site-packages\sqlalchemy\sql\visitors.py:661: in traverse_single
    return meth(obj, **kw)
..\..\..\..\AppData\Local\Programs\Python\Python311\Lib\site-packages\sqlalchemy\sql\ddl.py:1022: in visit_table
    )._invoke_with(self.connection)
..\..\..\..\AppData\Local\Programs\Python\Python311\Lib\site-packages\sqlalchemy\sql\ddl.py:321: in _invoke_with
    return bind.execute(self)
..\..\..\..\AppData\Local\Programs\Python\Python311\Lib\site-packages\sqlalchemy\engine\base.py:1419: in execute
    return meth(
..\..\..\..\AppData\Local\Programs\Python\Python311\Lib\site-packages\sqlalchemy\sql\ddl.py:187: in _execute_on_connection
    return connection._execute_ddl(
..\..\..\..\AppData\Local\Programs\Python\Python311\Lib\site-packages\sqlalchemy\engine\base.py:1527: in _execute_ddl
    compiled = ddl.compile(
..\..\..\..\AppData\Local\Programs\Python\Python311\Lib\site-packages\sqlalchemy\sql\elements.py:312: in compile
    return self._compiler(dialect, **kw)
..\..\..\..\AppData\Local\Programs\Python\Python311\Lib\site-packages\sqlalchemy\sql\ddl.py:76: in _compiler
    return dialect.ddl_compiler(dialect, self, **kw)
..\..\..\..\AppData\Local\Programs\Python\Python311\Lib\site-packages\sqlalchemy\sql\compiler.py:888: in __init__
    self.string = self.process(self.statement, **compile_kwargs)
..\..\..\..\AppData\Local\Programs\Python\Python311\Lib\site-packages\sqlalchemy\sql\compiler.py:934: in process
    return obj._compiler_dispatch(self, **kwargs)
..\..\..\..\AppData\Local\Programs\Python\Python311\Lib\site-packages\sqlalchemy\sql\visitors.py:138: in _compiler_dispatch
    return meth(self, **kw)  # type: ignore  # noqa: E501
_ _ _ _ _ _ _ _ _ _ _ _ _ _ _ _ _ _ _ _ _ _ _ _ _ _ _ _ _ _ _ _ _ _ _ _ _ _ _ _

self = &lt;sqlalchemy.dialects.sqlite.base.SQLiteDDLCompiler object at 0x000001F5286D3710&gt;
create = &lt;sqlalchemy.sql.ddl.CreateTable object at 0x000001F528FFE090&gt;, kw = {}
table = Table('coherence_results', MetaData(), Column('id', UUID(), table=&lt;coherence_results&gt;, primary_key=True, nullable=Fals...esults&gt;, nullable=False, default=CallableColumnDefault(&lt;function datetime.utcnow at 0x000001F525E79F80&gt;)), schema=None)
preparer = &lt;sqlalchemy.dialects.sqlite.base.SQLiteIdentifierPreparer object at 0x000001F528C67850&gt;
text = '\nCREATE TABLE coherence_results (\n\tid UUID NOT NULL, \n\tproject_id UUID NOT NULL, \n\tglobal_score INTEGER NOT NU...s JSON NOT NULL, \n\tcategory_details JSON NOT NULL, \n\talerts JSON NOT NULL, \n\tis_gaming_detected BOOLEAN NOT NULL'
create_table_suffix = '', separator = ', \n', first_pk = True
create_column = &lt;sqlalchemy.sql.ddl.CreateColumn object at 0x000001F5286D2ED0&gt;

    def visit_create_table(self, create, **kw):
        table = create.element
        preparer = self.preparer
    
        text = "\nCREATE "
        if table._prefixes:
            text += " ".join(table._prefixes) + " "
    
        text += "TABLE "
        if create.if_not_exists:
            text += "IF NOT EXISTS "
    
        text += preparer.format_table(table) + " "
    
        create_table_suffix = self.create_table_suffix(table)
        if create_table_suffix:
            text += create_table_suffix + " "
    
        text += "("
    
        separator = "\n"
    
        # if only one primary key, specify it along with the column
        first_pk = False
        for create_column in create.columns:
            column = create_column.element
            try:
                processed = self.process(
                    create_column, first_pk=column.primary_key and not first_pk
                )
                if processed is not None:
                    text += separator
                    separator = ", \n"
                    text += "\t" + processed
                if column.primary_key:
                    first_pk = True
            except exc.CompileError as ce:
&gt;               raise exc.CompileError(
                    "(in table '%s', column '%s'): %s"
                    % (table.description, column.name, ce.args[0])
                ) from ce
E               sqlalchemy.exc.CompileError: (in table 'coherence_results', column 'gaming_violations'): Compiler &lt;sqlalchemy.dialects.sqlite.base.SQLiteTypeCompiler object at 0x000001F528C678D0&gt; can't render element of type ARRAY

..\..\..\..\AppData\Local\Programs\Python\Python311\Lib\site-packages\sqlalchemy\sql\compiler.py:6802: CompileError</error></testcase><testcase classname="tests.adapters.http.test_router_delegation.TestRouterDelegation" name="test_create_router_delegates_to_use_case_with_dto" time="0.092" /><testcase classname="tests.adapters.http.test_router_delegation.TestRouterDelegation" name="test_get_router_returns_200" time="0.109" /><testcase classname="tests.adapters.http.test_router_delegation.TestRouterErrorHandling" name="test_resource_not_found_maps_to_404" time="0.062" /><testcase classname="tests.adapters.persistence.test_audit_repository" name="test_audit_repository_persists_and_filters_by_tenant" time="10.075"><skipped type="pytest.skip" message="Docker unavailable for testcontainers: Error while fetching server API version: 500 Server Error for http+docker://localnpipe/version: Internal Server Error">C:\Users\esus_\Documents\AI\ZTWQ\c2pro\apps\api\tests\adapters\persistence\test_audit_repository.py:83: Docker unavailable for testcontainers: Error while fetching server API version: 500 Server Error for http+docker://localnpipe/version: Internal Server Error</skipped></testcase><testcase classname="tests.adapters.persistence.test_base_repository.TestBaseRepositoryContract" name="test_base_repository_requires_crud_overrides" time="0.002" /><testcase classname="tests.adapters.persistence.test_bom_repository" name="test_bom_repository_filters_by_project_wbs_and_tenant" time="10.070"><skipped type="pytest.skip" message="Docker unavailable for testcontainers: Error while fetching server API version: 500 Server Error for http+docker://localnpipe/version: Internal Server Error">C:\Users\esus_\Documents\AI\ZTWQ\c2pro\apps\api\tests\adapters\persistence\test_bom_repository.py:86: Docker unavailable for testcontainers: Error while fetching server API version: 500 Server Error for http+docker://localnpipe/version: Internal Server Error</skipped></testcase><testcase classname="tests.adapters.persistence.test_document_repository" name="test_document_repository_crud_and_tenant_filtering" time="10.017"><skipped type="pytest.skip" message="Docker unavailable for testcontainers: Error while fetching server API version: 500 Server Error for http+docker://localnpipe/version: Internal Server Error">C:\Users\esus_\Documents\AI\ZTWQ\c2pro\apps\api\tests\adapters\persistence\test_document_repository.py:75: Docker unavailable for testcontainers: Error while fetching server API version: 500 Server Error for http+docker://localnpipe/version: Internal Server Error</skipped></testcase><testcase classname="tests.adapters.persistence.test_documents_repository" name="test_clause_repository_crud_and_tenant_filtering" time="10.013"><skipped type="pytest.skip" message="Docker unavailable for testcontainers: Error while fetching server API version: 500 Server Error for http+docker://localnpipe/version: Internal Server Error">C:\Users\esus_\Documents\AI\ZTWQ\c2pro\apps\api\tests\adapters\persistence\test_documents_repository.py:76: Docker unavailable for testcontainers: Error while fetching server API version: 500 Server Error for http+docker://localnpipe/version: Internal Server Error</skipped></testcase><testcase classname="tests.adapters.persistence.test_wbs_repository" name="test_wbs_tree_hierarchy_and_tenant_filtering" time="10.017"><skipped type="pytest.skip" message="Docker unavailable for testcontainers: Error while fetching server API version: 500 Server Error for http+docker://localnpipe/version: Internal Server Error">C:\Users\esus_\Documents\AI\ZTWQ\c2pro\apps\api\tests\adapters\persistence\test_wbs_repository.py:86: Docker unavailable for testcontainers: Error while fetching server API version: 500 Server Error for http+docker://localnpipe/version: Internal Server Error</skipped></testcase><testcase classname="tests.ai.test_extraction" name="test_extract_dates_supports_iso_and_ddmmyyyy_formats" time="0.003" /><testcase classname="tests.ai.test_extraction" name="test_extract_money_detects_eur_and_usd" time="0.004" /><testcase classname="tests.ai.test_extraction" name="test_extract_durations_normalizes_units" time="0.003" /><testcase classname="tests.ai.test_graph_flow" name="test_graph_flow_retries_on_negative_critique" time="0.406" /><testcase classname="tests.ai.test_model_router" name="test_flash_selected_for_classification" time="0.091" /><testcase classname="tests.ai.test_model_router" name="test_flash_selected_for_simple_extraction" time="0.128" /><testcase classname="tests.ai.test_model_router" name="test_flash_selected_for_validation" time="0.127" /><testcase classname="tests.ai.test_model_router" name="test_standard_selected_for_coherence_analysis" time="0.281" /><testcase classname="tests.ai.test_model_router" name="test_standard_selected_for_complex_extraction" time="0.200" /><testcase classname="tests.ai.test_model_router" name="test_downgrade_to_flash_when_budget_low" time="0.172" /><testcase classname="tests.ai.test_model_router" name="test_no_downgrade_when_budget_sufficient" time="0.162" /><testcase classname="tests.ai.test_model_router" name="test_fallback_to_flash_for_large_input" time="0.096" /><testcase classname="tests.ai.test_model_router" name="test_force_flash_on_standard_task" time="0.114" /><testcase classname="tests.ai.test_model_router" name="test_force_standard_on_flash_task" time="0.132" /><testcase classname="tests.ai.test_model_router" name="test_cost_estimation_flash" time="0.096" /><testcase classname="tests.ai.test_model_router" name="test_cost_estimation_standard" time="0.145" /><testcase classname="tests.ai.test_model_router" name="test_flash_is_cheaper_than_standard" time="0.106" /><testcase classname="tests.ai.test_model_router" name="test_invalid_task_type_raises_error" time="0.096" /><testcase classname="tests.ai.test_model_router" name="test_string_task_type_conversion" time="0.086" /><testcase classname="tests.ai.test_model_router" name="test_get_available_tasks" time="0.008" /><testcase classname="tests.ai.test_model_router" name="test_get_tasks_for_flash_tier" time="0.036" /><testcase classname="tests.ai.test_model_router" name="test_get_model_by_name" time="0.075" /><testcase classname="tests.ai.test_model_router" name="test_singleton_returns_same_instance" time="0.153" /><testcase classname="tests.ai.test_risk_extractor" name="test_risk_extractor_sets_immediate_alert" time="0.036" /><testcase classname="tests.ai.test_risk_extractor" name="test_map_risk_severity_prefers_impact" time="0.003" /><testcase classname="tests.auth.test_auth_router.TestRegisterEndpoint" name="test_register_success" time="30.502"><error message="failed on setup with &quot;sqlalchemy.exc.CompileError: (in table 'coherence_results', column 'gaming_violations'): Compiler &lt;sqlalchemy.dialects.sqlite.base.SQLiteTypeCompiler object at 0x000001F5285AC310&gt; can't render element of type ARRAY&quot;">self = ARRAY(String())
visitor = &lt;sqlalchemy.dialects.sqlite.base.SQLiteTypeCompiler object at 0x000001F5285AC310&gt;
kw = {'type_expression': Column('gaming_violations', ARRAY(String()), table=&lt;coherence_results&gt;, nullable=False, default=ScalarElementColumnDefault([]))}

    def _compiler_dispatch(
        self: Visitable, visitor: Any, **kw: Any
    ) -&gt; str:
        """Look for an attribute named "visit_&lt;visit_name&gt;" on the
        visitor, and call it with the same kw params.
    
        """
        try:
&gt;           meth = getter(visitor)
E           AttributeError: 'SQLiteTypeCompiler' object has no attribute 'visit_ARRAY'

..\..\..\..\AppData\Local\Programs\Python\Python311\Lib\site-packages\sqlalchemy\sql\visitors.py:134: AttributeError

The above exception was the direct cause of the following exception:

self = &lt;sqlalchemy.dialects.sqlite.base.SQLiteDDLCompiler object at 0x000001F526B7DA90&gt;
create = &lt;sqlalchemy.sql.ddl.CreateTable object at 0x000001F52908C550&gt;, kw = {}
table = Table('coherence_results', MetaData(), Column('id', UUID(), table=&lt;coherence_results&gt;, primary_key=True, nullable=Fals...esults&gt;, nullable=False, default=CallableColumnDefault(&lt;function datetime.utcnow at 0x000001F525E79F80&gt;)), schema=None)
preparer = &lt;sqlalchemy.dialects.sqlite.base.SQLiteIdentifierPreparer object at 0x000001F5285AD010&gt;
text = '\nCREATE TABLE coherence_results (\n\tid UUID NOT NULL, \n\tproject_id UUID NOT NULL, \n\tglobal_score INTEGER NOT NU...s JSON NOT NULL, \n\tcategory_details JSON NOT NULL, \n\talerts JSON NOT NULL, \n\tis_gaming_detected BOOLEAN NOT NULL'
create_table_suffix = '', separator = ', \n', first_pk = True
create_column = &lt;sqlalchemy.sql.ddl.CreateColumn object at 0x000001F526B7F450&gt;

    def visit_create_table(self, create, **kw):
        table = create.element
        preparer = self.preparer
    
        text = "\nCREATE "
        if table._prefixes:
            text += " ".join(table._prefixes) + " "
    
        text += "TABLE "
        if create.if_not_exists:
            text += "IF NOT EXISTS "
    
        text += preparer.format_table(table) + " "
    
        create_table_suffix = self.create_table_suffix(table)
        if create_table_suffix:
            text += create_table_suffix + " "
    
        text += "("
    
        separator = "\n"
    
        # if only one primary key, specify it along with the column
        first_pk = False
        for create_column in create.columns:
            column = create_column.element
            try:
&gt;               processed = self.process(
                    create_column, first_pk=column.primary_key and not first_pk
                )

..\..\..\..\AppData\Local\Programs\Python\Python311\Lib\site-packages\sqlalchemy\sql\compiler.py:6792: 
_ _ _ _ _ _ _ _ _ _ _ _ _ _ _ _ _ _ _ _ _ _ _ _ _ _ _ _ _ _ _ _ _ _ _ _ _ _ _ _
..\..\..\..\AppData\Local\Programs\Python\Python311\Lib\site-packages\sqlalchemy\sql\compiler.py:934: in process
    return obj._compiler_dispatch(self, **kwargs)
..\..\..\..\AppData\Local\Programs\Python\Python311\Lib\site-packages\sqlalchemy\sql\visitors.py:138: in _compiler_dispatch
    return meth(self, **kw)  # type: ignore  # noqa: E501
..\..\..\..\AppData\Local\Programs\Python\Python311\Lib\site-packages\sqlalchemy\sql\compiler.py:6823: in visit_create_column
    text = self.get_column_specification(column, first_pk=first_pk)
..\..\..\..\AppData\Local\Programs\Python\Python311\Lib\site-packages\sqlalchemy\dialects\sqlite\base.py:1692: in get_column_specification
    coltype = self.dialect.type_compiler_instance.process(
..\..\..\..\AppData\Local\Programs\Python\Python311\Lib\site-packages\sqlalchemy\sql\compiler.py:979: in process
    return type_._compiler_dispatch(self, **kw)
..\..\..\..\AppData\Local\Programs\Python\Python311\Lib\site-packages\sqlalchemy\sql\visitors.py:136: in _compiler_dispatch
    return visitor.visit_unsupported_compilation(self, err, **kw)  # type: ignore  # noqa: E501
_ _ _ _ _ _ _ _ _ _ _ _ _ _ _ _ _ _ _ _ _ _ _ _ _ _ _ _ _ _ _ _ _ _ _ _ _ _ _ _

self = &lt;sqlalchemy.dialects.sqlite.base.SQLiteTypeCompiler object at 0x000001F5285AC310&gt;
element = ARRAY(String())
err = AttributeError("'SQLiteTypeCompiler' object has no attribute 'visit_ARRAY'")
kw = {'type_expression': Column('gaming_violations', ARRAY(String()), table=&lt;coherence_results&gt;, nullable=False, default=ScalarElementColumnDefault([]))}

    def visit_unsupported_compilation(
        self, element: Any, err: Exception, **kw: Any
    ) -&gt; NoReturn:
&gt;       raise exc.UnsupportedCompilationError(self, element) from err
E       sqlalchemy.exc.UnsupportedCompilationError: Compiler &lt;sqlalchemy.dialects.sqlite.base.SQLiteTypeCompiler object at 0x000001F5285AC310&gt; can't render element of type ARRAY (Background on this error at: https://sqlalche.me/e/20/l7de)

..\..\..\..\AppData\Local\Programs\Python\Python311\Lib\site-packages\sqlalchemy\sql\compiler.py:984: UnsupportedCompilationError

The above exception was the direct cause of the following exception:

request = &lt;SubRequest 'test_engine' for &lt;Coroutine test_register_success&gt;&gt;
kwargs = {}, func = &lt;function test_engine at 0x000001F524E3EA20&gt;
setup = &lt;function _wrap_asyncgen_fixture.&lt;locals&gt;._asyncgen_fixture_wrapper.&lt;locals&gt;.setup at 0x000001F5288C1940&gt;
finalizer = &lt;function _wrap_asyncgen_fixture.&lt;locals&gt;._asyncgen_fixture_wrapper.&lt;locals&gt;.finalizer at 0x000001F5288C1620&gt;

    @functools.wraps(fixture)
    def _asyncgen_fixture_wrapper(request: SubRequest, **kwargs: Any):
        func = _perhaps_rebind_fixture_func(
            fixture, request.instance, fixturedef.unittest
        )
        event_loop = kwargs.pop(event_loop_fixture_id)
        gen_obj = func(
            **_add_kwargs(func, kwargs, event_loop_fixture_id, event_loop, request)
        )
    
        async def setup():
            res = await gen_obj.__anext__()
            return res
    
        def finalizer() -&gt; None:
            """Yield again, to finalize."""
    
            async def async_finalizer() -&gt; None:
                try:
                    await gen_obj.__anext__()
                except StopAsyncIteration:
                    pass
                else:
                    msg = "Async generator fixture didn't stop."
                    msg += "Yield only once."
                    raise ValueError(msg)
    
            event_loop.run_until_complete(async_finalizer())
    
&gt;       result = event_loop.run_until_complete(setup())

..\..\..\..\AppData\Local\Programs\Python\Python311\Lib\site-packages\pytest_asyncio\plugin.py:336: 
_ _ _ _ _ _ _ _ _ _ _ _ _ _ _ _ _ _ _ _ _ _ _ _ _ _ _ _ _ _ _ _ _ _ _ _ _ _ _ _
..\..\..\..\AppData\Local\Programs\Python\Python311\Lib\asyncio\base_events.py:654: in run_until_complete
    return future.result()
..\..\..\..\AppData\Local\Programs\Python\Python311\Lib\site-packages\pytest_asyncio\plugin.py:318: in setup
    res = await gen_obj.__anext__()
apps\api\tests\conftest.py:403: in test_engine
    await conn.run_sync(Base.metadata.create_all)
..\..\..\..\AppData\Local\Programs\Python\Python311\Lib\site-packages\sqlalchemy\ext\asyncio\engine.py:888: in run_sync
    return await greenlet_spawn(
..\..\..\..\AppData\Local\Programs\Python\Python311\Lib\site-packages\sqlalchemy\util\_concurrency_py3k.py:203: in greenlet_spawn
    result = context.switch(value)
..\..\..\..\AppData\Local\Programs\Python\Python311\Lib\site-packages\sqlalchemy\sql\schema.py:5928: in create_all
    bind._run_ddl_visitor(
..\..\..\..\AppData\Local\Programs\Python\Python311\Lib\site-packages\sqlalchemy\engine\base.py:2467: in _run_ddl_visitor
    ).traverse_single(element)
..\..\..\..\AppData\Local\Programs\Python\Python311\Lib\site-packages\sqlalchemy\sql\visitors.py:661: in traverse_single
    return meth(obj, **kw)
..\..\..\..\AppData\Local\Programs\Python\Python311\Lib\site-packages\sqlalchemy\sql\ddl.py:984: in visit_metadata
    self.traverse_single(
..\..\..\..\AppData\Local\Programs\Python\Python311\Lib\site-packages\sqlalchemy\sql\visitors.py:661: in traverse_single
    return meth(obj, **kw)
[...]
E           AttributeError: 'SQLiteTypeCompiler' object has no attribute 'visit_ARRAY'

..\..\..\..\AppData\Local\Programs\Python\Python311\Lib\site-packages\sqlalchemy\sql\visitors.py:134: AttributeError

The above exception was the direct cause of the following exception:

self = &lt;sqlalchemy.dialects.sqlite.base.SQLiteDDLCompiler object at 0x000001F528EF4F90&gt;
create = &lt;sqlalchemy.sql.ddl.CreateTable object at 0x000001F52A09D050&gt;, kw = {}
table = Table('coherence_results', MetaData(), Column('id', UUID(), table=&lt;coherence_results&gt;, primary_key=True, nullable=Fals...esults&gt;, nullable=False, default=CallableColumnDefault(&lt;function datetime.utcnow at 0x000001F525E79F80&gt;)), schema=None)
preparer = &lt;sqlalchemy.dialects.sqlite.base.SQLiteIdentifierPreparer object at 0x000001F52A09D550&gt;
text = '\nCREATE TABLE coherence_results (\n\tid UUID NOT NULL, \n\tproject_id UUID NOT NULL, \n\tglobal_score INTEGER NOT NU...s JSON NOT NULL, \n\tcategory_details JSON NOT NULL, \n\talerts JSON NOT NULL, \n\tis_gaming_detected BOOLEAN NOT NULL'
create_table_suffix = '', separator = ', \n', first_pk = True
create_column = &lt;sqlalchemy.sql.ddl.CreateColumn object at 0x000001F529842AD0&gt;

    def visit_create_table(self, create, **kw):
        table = create.element
        preparer = self.preparer
    
        text = "\nCREATE "
        if table._prefixes:
            text += " ".join(table._prefixes) + " "
    
        text += "TABLE "
        if create.if_not_exists:
            text += "IF NOT EXISTS "
    
        text += preparer.format_table(table) + " "
    
        create_table_suffix = self.create_table_suffix(table)
        if create_table_suffix:
            text += create_table_suffix + " "
    
        text += "("
    
        separator = "\n"
    
        # if only one primary key, specify it along with the column
        first_pk = False
        for create_column in create.columns:
            column = create_column.element
            try:
&gt;               processed = self.process(
                    create_column, first_pk=column.primary_key and not first_pk
                )

..\..\..\..\AppData\Local\Programs\Python\Python311\Lib\site-packages\sqlalchemy\sql\compiler.py:6792: 
_ _ _ _ _ _ _ _ _ _ _ _ _ _ _ _ _ _ _ _ _ _ _ _ _ _ _ _ _ _ _ _ _ _ _ _ _ _ _ _
..\..\..\..\AppData\Local\Programs\Python\Python311\Lib\site-packages\sqlalchemy\sql\compiler.py:934: in process
    return obj._compiler_dispatch(self, **kwargs)
..\..\..\..\AppData\Local\Programs\Python\Python311\Lib\site-packages\sqlalchemy\sql\visitors.py:138: in _compiler_dispatch
    return meth(self, **kw)  # type: ignore  # noqa: E501
..\..\..\..\AppData\Local\Programs\Python\Python311\Lib\site-packages\sqlalchemy\sql\compiler.py:6823: in visit_create_column
    text = self.get_column_specification(column, first_pk=first_pk)
..\..\..\..\AppData\Local\Programs\Python\Python311\Lib\site-packages\sqlalchemy\dialects\sqlite\base.py:1692: in get_column_specification
    coltype = self.dialect.type_compiler_instance.process(
..\..\..\..\AppData\Local\Programs\Python\Python311\Lib\site-packages\sqlalchemy\sql\compiler.py:979: in process
    return type_._compiler_dispatch(self, **kw)
..\..\..\..\AppData\Local\Programs\Python\Python311\Lib\site-packages\sqlalchemy\sql\visitors.py:136: in _compiler_dispatch
    return visitor.visit_unsupported_compilation(self, err, **kw)  # type: ignore  # noqa: E501
_ _ _ _ _ _ _ _ _ _ _ _ _ _ _ _ _ _ _ _ _ _ _ _ _ _ _ _ _ _ _ _ _ _ _ _ _ _ _ _

self = &lt;sqlalchemy.dialects.sqlite.base.SQLiteTypeCompiler object at 0x000001F52A09F9D0&gt;
element = ARRAY(String())
err = AttributeError("'SQLiteTypeCompiler' object has no attribute 'visit_ARRAY'")
kw = {'type_expression': Column('gaming_violations', ARRAY(String()), table=&lt;coherence_results&gt;, nullable=False, default=ScalarElementColumnDefault([]))}

    def visit_unsupported_compilation(
        self, element: Any, err: Exception, **kw: Any
    ) -&gt; NoReturn:
&gt;       raise exc.UnsupportedCompilationError(self, element) from err
E       sqlalchemy.exc.UnsupportedCompilationError: Compiler &lt;sqlalchemy.dialects.sqlite.base.SQLiteTypeCompiler object at 0x000001F52A09F9D0&gt; can't render element of type ARRAY (Background on this error at: https://sqlalche.me/e/20/l7de)

..\..\..\..\AppData\Local\Programs\Python\Python311\Lib\site-packages\sqlalchemy\sql\compiler.py:984: UnsupportedCompilationError

The above exception was the direct cause of the following exception:

request = &lt;SubRequest 'test_engine' for &lt;Coroutine test_update_me_success&gt;&gt;
kwargs = {}, func = &lt;function test_engine at 0x000001F524E3EA20&gt;
setup = &lt;function _wrap_asyncgen_fixture.&lt;locals&gt;._asyncgen_fixture_wrapper.&lt;locals&gt;.setup at 0x000001F528F536A0&gt;
finalizer = &lt;function _wrap_asyncgen_fixture.&lt;locals&gt;._asyncgen_fixture_wrapper.&lt;locals&gt;.finalizer at 0x000001F528F525C0&gt;

    @functools.wraps(fixture)
    def _asyncgen_fixture_wrapper(request: SubRequest, **kwargs: Any):
        func = _perhaps_rebind_fixture_func(
            fixture, request.instance, fixturedef.unittest
        )
        event_loop = kwargs.pop(event_loop_fixture_id)
        gen_obj = func(
            **_add_kwargs(func, kwargs, event_loop_fixture_id, event_loop, request)
        )
    
        async def setup():
            res = await gen_obj.__anext__()
            return res
    
        def finalizer() -&gt; None:
            """Yield again, to finalize."""
    
            async def async_finalizer() -&gt; None:
                try:
                    await gen_obj.__anext__()
                except StopAsyncIteration:
                    pass
                else:
                    msg = "Async generator fixture didn't stop."
                    msg += "Yield only once."
                    raise ValueError(msg)
    
            event_loop.run_until_complete(async_finalizer())
    
&gt;       result = event_loop.run_until_complete(setup())

..\..\..\..\AppData\Local\Programs\Python\Python311\Lib\site-packages\pytest_asyncio\plugin.py:336: 
_ _ _ _ _ _ _ _ _ _ _ _ _ _ _ _ _ _ _ _ _ _ _ _ _ _ _ _ _ _ _ _ _ _ _ _ _ _ _ _
..\..\..\..\AppData\Local\Programs\Python\Python311\Lib\asyncio\base_events.py:654: in run_until_complete
    return future.result()
..\..\..\..\AppData\Local\Programs\Python\Python311\Lib\site-packages\pytest_asyncio\plugin.py:318: in setup
    res = await gen_obj.__anext__()
apps\api\tests\conftest.py:403: in test_engine
    await conn.run_sync(Base.metadata.create_all)
..\..\..\..\AppData\Local\Programs\Python\Python311\Lib\site-packages\sqlalchemy\ext\asyncio\engine.py:888: in run_sync
    return await greenlet_spawn(
..\..\..\..\AppData\Local\Programs\Python\Python311\Lib\site-packages\sqlalchemy\util\_concurrency_py3k.py:203: in greenlet_spawn
    result = context.switch(value)
..\..\..\..\AppData\Local\Programs\Python\Python311\Lib\site-packages\sqlalchemy\sql\schema.py:5928: in create_all
    bind._run_ddl_visitor(
..\..\..\..\AppData\Local\Programs\Python\Python311\Lib\site-packages\sqlalchemy\engine\base.py:2467: in _run_ddl_visitor
    ).traverse_single(element)
..\..\..\..\AppData\Local\Programs\Python\Python311\Lib\site-packages\sqlalchemy\sql\visitors.py:661: in traverse_single
    return meth(obj, **kw)
..\..\..\..\AppData\Local\Programs\Python\Python311\Lib\site-packages\sqlalchemy\sql\ddl.py:984: in visit_metadata
    self.traverse_single(
..\..\..\..\AppData\Local\Programs\Python\Python311\Lib\site-packages\sqlalchemy\sql\visitors.py:661: in traverse_single
    return meth(obj, **kw)
..\..\..\..\AppData\Local\Programs\Python\Python311\Lib\site-packages\sqlalchemy\sql\ddl.py:1022: in visit_table
    )._invoke_with(self.connection)
..\..\..\..\AppData\Local\Programs\Python\Python311\Lib\site-packages\sqlalchemy\sql\ddl.py:321: in _invoke_with
    return bind.execute(self)
..\..\..\..\AppData\Local\Programs\Python\Python311\Lib\site-packages\sqlalchemy\engine\base.py:1419: in execute
    return meth(
..\..\..\..\AppData\Local\Programs\Python\Python311\Lib\site-packages\sqlalchemy\sql\ddl.py:187: in _execute_on_connection
    return connection._execute_ddl(
..\..\..\..\AppData\Local\Programs\Python\Python311\Lib\site-packages\sqlalchemy\engine\base.py:1527: in _execute_ddl
    compiled = ddl.compile(
..\..\..\..\AppData\Local\Programs\Python\Python311\Lib\site-packages\sqlalchemy\sql\elements.py:312: in compile
    return self._compiler(dialect, **kw)
..\..\..\..\AppData\Local\Programs\Python\Python311\Lib\site-packages\sqlalchemy\sql\ddl.py:76: in _compiler
    return dialect.ddl_compiler(dialect, self, **kw)
..\..\..\..\AppData\Local\Programs\Python\Python311\Lib\site-packages\sqlalchemy\sql\compiler.py:888: in __init__
    self.string = self.process(self.statement, **compile_kwargs)
..\..\..\..\AppData\Local\Programs\Python\Python311\Lib\site-packages\sqlalchemy\sql\compiler.py:934: in process
    return obj._compiler_dispatch(self, **kwargs)
..\..\..\..\AppData\Local\Programs\Python\Python311\Lib\site-packages\sqlalchemy\sql\visitors.py:138: in _compiler_dispatch
    return meth(self, **kw)  # type: ignore  # noqa: E501
_ _ _ _ _ _ _ _ _ _ _ _ _ _ _ _ _ _ _ _ _ _ _ _ _ _ _ _ _ _ _ _ _ _ _ _ _ _ _ _

self = &lt;sqlalchemy.dialects.sqlite.base.SQLiteDDLCompiler object at 0x000001F528EF4F90&gt;
create = &lt;sqlalchemy.sql.ddl.CreateTable object at 0x000001F52A09D050&gt;, kw = {}
table = Table('coherence_results', MetaData(), Column('id', UUID(), table=&lt;coherence_results&gt;, primary_key=True, nullable=Fals...esults&gt;, nullable=False, default=CallableColumnDefault(&lt;function datetime.utcnow at 0x000001F525E79F80&gt;)), schema=None)
preparer = &lt;sqlalchemy.dialects.sqlite.base.SQLiteIdentifierPreparer object at 0x000001F52A09D550&gt;
text = '\nCREATE TABLE coherence_results (\n\tid UUID NOT NULL, \n\tproject_id UUID NOT NULL, \n\tglobal_score INTEGER NOT NU...s JSON NOT NULL, \n\tcategory_details JSON NOT NULL, \n\talerts JSON NOT NULL, \n\tis_gaming_detected BOOLEAN NOT NULL'
create_table_suffix = '', separator = ', \n', first_pk = True
create_column = &lt;sqlalchemy.sql.ddl.CreateColumn object at 0x000001F529842AD0&gt;

    def visit_create_table(self, create, **kw):
        table = create.element
        preparer = self.preparer
    
        text = "\nCREATE "
        if table._prefixes:
            text += " ".join(table._prefixes) + " "
    
        text += "TABLE "
        if create.if_not_exists:
            text += "IF NOT EXISTS "
    
        text += preparer.format_table(table) + " "
    
        create_table_suffix = self.create_table_suffix(table)
        if create_table_suffix:
            text += create_table_suffix + " "
    
        text += "("
    
        separator = "\n"
    
        # if only one primary key, specify it along with the column
        first_pk = False
        for create_column in create.columns:
            column = create_column.element
            try:
                processed = self.process(
                    create_column, first_pk=column.primary_key and not first_pk
                )
                if processed is not None:
                    text += separator
                    separator = ", \n"
                    text += "\t" + processed
                if column.primary_key:
                    first_pk = True
            except exc.CompileError as ce:
&gt;               raise exc.CompileError(
                    "(in table '%s', column '%s'): %s"
                    % (table.description, column.name, ce.args[0])
                ) from ce
E               sqlalchemy.exc.CompileError: (in table 'coherence_results', column 'gaming_violations'): Compiler &lt;sqlalchemy.dialects.sqlite.base.SQLiteTypeCompiler object at 0x000001F52A09F9D0&gt; can't render element of type ARRAY

..\..\..\..\AppData\Local\Programs\Python\Python311\Lib\site-packages\sqlalchemy\sql\compiler.py:6802: CompileError</error></testcase><testcase classname="pytest" name="internal" time="0.000"><error message="internal error">Traceback (most recent call last):
  File "C:\Users\esus_\AppData\Local\Programs\Python\Python311\Lib\site-packages\_pytest\main.py", line 270, in wrap_session
    session.exitstatus = doit(config, session) or 0
                         ^^^^^^^^^^^^^^^^^^^^^
  File "C:\Users\esus_\AppData\Local\Programs\Python\Python311\Lib\site-packages\_pytest\main.py", line 324, in _main
    config.hook.pytest_runtestloop(session=session)
  File "C:\Users\esus_\AppData\Local\Programs\Python\Python311\Lib\site-packages\pluggy\_hooks.py", line 512, in __call__
    return self._hookexec(self.name, self._hookimpls.copy(), kwargs, firstresult)
           ^^^^^^^^^^^^^^^^^^^^^^^^^^^^^^^^^^^^^^^^^^^^^^^^^^^^^^^^^^^^^^^^^^^^^^
  File "C:\Users\esus_\AppData\Local\Programs\Python\Python311\Lib\site-packages\pluggy\_manager.py", line 120, in _hookexec
    return self._inner_hookexec(hook_name, methods, kwargs, firstresult)
           ^^^^^^^^^^^^^^^^^^^^^^^^^^^^^^^^^^^^^^^^^^^^^^^^^^^^^^^^^^^^^
  File "C:\Users\esus_\AppData\Local\Programs\Python\Python311\Lib\site-packages\pluggy\_callers.py", line 167, in _multicall
    raise exception
  File "C:\Users\esus_\AppData\Local\Programs\Python\Python311\Lib\site-packages\pluggy\_callers.py", line 139, in _multicall
    teardown.throw(exception)
  File "C:\Users\esus_\AppData\Local\Programs\Python\Python311\Lib\site-packages\pluggy\_callers.py", line 53, in run_old_style_hookwrapper
    return result.get_result()
           ^^^^^^^^^^^^^^^^^^^
  File "C:\Users\esus_\AppData\Local\Programs\Python\Python311\Lib\site-packages\pluggy\_result.py", line 103, in get_result
    raise exc.with_traceback(tb)
  File "C:\Users\esus_\AppData\Local\Programs\Python\Python311\Lib\site-packages\pluggy\_callers.py", line 38, in run_old_style_hookwrapper
    res = yield
          ^^^^^
  File "C:\Users\esus_\AppData\Local\Programs\Python\Python311\Lib\site-packages\pluggy\_callers.py", line 121, in _multicall
    res = hook_impl.function(*args)
          ^^^^^^^^^^^^^^^^^^^^^^^^^
  File "C:\Users\esus_\AppData\Local\Programs\Python\Python311\Lib\site-packages\_pytest\main.py", line 349, in pytest_runtestloop
    item.config.hook.pytest_runtest_protocol(item=item, nextitem=nextitem)
  File "C:\Users\esus_\AppData\Local\Programs\Python\Python311\Lib\site-packages\pluggy\_hooks.py", line 512, in __call__
    return self._hookexec(self.name, self._hookimpls.copy(), kwargs, firstresult)
           ^^^^^^^^^^^^^^^^^^^^^^^^^^^^^^^^^^^^^^^^^^^^^^^^^^^^^^^^^^^^^^^^^^^^^^
  File "C:\Users\esus_\AppData\Local\Programs\Python\Python311\Lib\site-packages\pluggy\_manager.py", line 120, in _hookexec
    return self._inner_hookexec(hook_name, methods, kwargs, firstresult)
           ^^^^^^^^^^^^^^^^^^^^^^^^^^^^^^^^^^^^^^^^^^^^^^^^^^^^^^^^^^^^^
  File "C:\Users\esus_\AppData\Local\Programs\Python\Python311\Lib\site-packages\pluggy\_callers.py", line 167, in _multicall
    raise exception
  File "C:\Users\esus_\AppData\Local\Programs\Python\Python311\Lib\site-packages\pluggy\_callers.py", line 139, in _multicall
    teardown.throw(exception)
  File "C:\Users\esus_\AppData\Local\Programs\Python\Python311\Lib\site-packages\pluggy\_callers.py", line 53, in run_old_style_hookwrapper
    return result.get_result()
           ^^^^^^^^^^^^^^^^^^^
  File "C:\Users\esus_\AppData\Local\Programs\Python\Python311\Lib\site-packages\pluggy\_result.py", line 103, in get_result
    raise exc.with_traceback(tb)
  File "C:\Users\esus_\AppData\Local\Programs\Python\Python311\Lib\site-packages\pluggy\_callers.py", line 38, in run_old_style_hookwrapper
    res = yield
          ^^^^^
  File "C:\Users\esus_\AppData\Local\Programs\Python\Python311\Lib\site-packages\pluggy\_callers.py", line 139, in _multicall
    teardown.throw(exception)
  File "C:\Users\esus_\AppData\Local\Programs\Python\Python311\Lib\site-packages\pluggy\_callers.py", line 53, in run_old_style_hookwrapper
    return result.get_result()
           ^^^^^^^^^^^^^^^^^^^
  File "C:\Users\esus_\AppData\Local\Programs\Python\Python311\Lib\site-packages\pluggy\_result.py", line 103, in get_result
    raise exc.with_traceback(tb)
  File "C:\Users\esus_\AppData\Local\Programs\Python\Python311\Lib\site-packages\pluggy\_callers.py", line 38, in run_old_style_hookwrapper
    res = yield
          ^^^^^
  File "C:\Users\esus_\AppData\Local\Programs\Python\Python311\Lib\site-packages\pluggy\_callers.py", line 139, in _multicall
    teardown.throw(exception)
  File "C:\Users\esus_\AppData\Local\Programs\Python\Python311\Lib\site-packages\pluggy\_callers.py", line 53, in run_old_style_hookwrapper
    return result.get_result()
           ^^^^^^^^^^^^^^^^^^^
  File "C:\Users\esus_\AppData\Local\Programs\Python\Python311\Lib\site-packages\pluggy\_result.py", line 103, in get_result
    raise exc.with_traceback(tb)
  File "C:\Users\esus_\AppData\Local\Programs\Python\Python311\Lib\site-packages\pluggy\_callers.py", line 38, in run_old_style_hookwrapper
    res = yield
          ^^^^^
  File "C:\Users\esus_\AppData\Local\Programs\Python\Python311\Lib\site-packages\pluggy\_callers.py", line 139, in _multicall
    teardown.throw(exception)
  File "C:\Users\esus_\AppData\Local\Programs\Python\Python311\Lib\site-packages\pluggy\_callers.py", line 53, in run_old_style_hookwrapper
    return result.get_result()
           ^^^^^^^^^^^^^^^^^^^
  File "C:\Users\esus_\AppData\Local\Programs\Python\Python311\Lib\site-packages\pluggy\_result.py", line 103, in get_result
    raise exc.with_traceback(tb)
  File "C:\Users\esus_\AppData\Local\Programs\Python\Python311\Lib\site-packages\pluggy\_callers.py", line 38, in run_old_style_hookwrapper
    res = yield
          ^^^^^
  File "C:\Users\esus_\AppData\Local\Programs\Python\Python311\Lib\site-packages\pluggy\_callers.py", line 121, in _multicall
    res = hook_impl.function(*args)
          ^^^^^^^^^^^^^^^^^^^^^^^^^
  File "C:\Users\esus_\AppData\Local\Programs\Python\Python311\Lib\site-packages\_pytest\runner.py", line 114, in pytest_runtest_protocol
    runtestprotocol(item, nextitem=nextitem)
  File "C:\Users\esus_\AppData\Local\Programs\Python\Python311\Lib\site-packages\_pytest\runner.py", line 127, in runtestprotocol
    rep = call_and_report(item, "setup", log)
          ^^^^^^^^^^^^^^^^^^^^^^^^^^^^^^^^^^^
  File "C:\Users\esus_\AppData\Local\Programs\Python\Python311\Lib\site-packages\_pytest\runner.py", line 226, in call_and_report
    hook.pytest_runtest_logreport(report=report)
  File "C:\Users\esus_\AppData\Local\Programs\Python\Python311\Lib\site-packages\pluggy\_hooks.py", line 512, in __call__
    return self._hookexec(self.name, self._hookimpls.copy(), kwargs, firstresult)
           ^^^^^^^^^^^^^^^^^^^^^^^^^^^^^^^^^^^^^^^^^^^^^^^^^^^^^^^^^^^^^^^^^^^^^^
  File "C:\Users\esus_\AppData\Local\Programs\Python\Python311\Lib\site-packages\pluggy\_manager.py", line 120, in _hookexec
    return self._inner_hookexec(hook_name, methods, kwargs, firstresult)
           ^^^^^^^^^^^^^^^^^^^^^^^^^^^^^^^^^^^^^^^^^^^^^^^^^^^^^^^^^^^^^
  File "C:\Users\esus_\AppData\Local\Programs\Python\Python311\Lib\site-packages\pluggy\_callers.py", line 167, in _multicall
    raise exception
  File "C:\Users\esus_\AppData\Local\Programs\Python\Python311\Lib\site-packages\pluggy\_callers.py", line 121, in _multicall
    res = hook_impl.function(*args)
          ^^^^^^^^^^^^^^^^^^^^^^^^^
  File "C:\Users\esus_\AppData\Local\Programs\Python\Python311\Lib\site-packages\_pytest\terminal.py", line 635, in pytest_runtest_logreport
    self.flush()
  File "C:\Users\esus_\AppData\Local\Programs\Python\Python311\Lib\site-packages\_pytest\terminal.py", line 477, in flush
    self._tw.flush()
  File "C:\Users\esus_\AppData\Local\Programs\Python\Python311\Lib\site-packages\_pytest\_io\terminalwriter.py", line 174, in flush
    self._file.flush()
OSError: [Errno 22] Invalid argument</error></testcase></testsuite></testsuites>