{"meta": {"format": 3, "version": "7.13.3", "timestamp": "2026-04-02T07:26:23.855364", "branch_coverage": true, "show_contexts": false}, "files": {"src\\coherence\\graph\\__init__.py": {"executed_lines": [11, 22, 29, 40, 49], "summary": {"covered_lines": 5, "num_statements": 5, "percent_covered": 100.0, "percent_covered_display": "100", "missing_lines": 0, "excluded_lines": 0, "percent_statements_covered": 100.0, "percent_statements_covered_display": "100", "num_branches": 0, "num_partial_branches": 0, "covered_branches": 0, "missing_branches": 0, "percent_branches_covered": 100.0, "percent_branches_covered_display": "100"}, "missing_lines": [], "excluded_lines": [], "executed_branches": [], "missing_branches": [], "functions": {"": {"executed_lines": [11, 22, 29, 40, 49], "summary": {"covered_lines": 5, "num_statements": 5, "percent_covered": 100.0, "percent_covered_display": "100", "missing_lines": 0, "excluded_lines": 0, "percent_statements_covered": 100.0, "percent_statements_covered_display": "100", "num_branches": 0, "num_partial_branches": 0, "covered_branches": 0, "missing_branches": 0, "percent_branches_covered": 100.0, "percent_branches_covered_display": "100"}, "missing_lines": [], "excluded_lines": [], "start_line": 1, "executed_branches": [], "missing_branches": []}}, "classes": {"": {"executed_lines": [11, 22, 29, 40, 49], "summary": {"covered_lines": 5, "num_statements": 5, "percent_covered": 100.0, "percent_covered_display": "100", "missing_lines": 0, "excluded_lines": 0, "percent_statements_covered": 100.0, "percent_statements_covered_display": "100", "num_branches": 0, "num_partial_branches": 0, "covered_branches": 0, "missing_branches": 0, "percent_branches_covered": 100.0, "percent_branches_covered_display": "100"}, "missing_lines": [], "excluded_lines": [], "start_line": 1, "executed_branches": [], "missing_branches": []}}}, "src\\coherence\\graph\\graph.py": {"executed_lines": [16, 18, 19, 21, 23, 24, 25, 36, 44, 61, 64, 65, 66, 67, 68, 69, 70, 74, 77, 80, 83, 86, 89, 92, 95, 97, 99, 102, 152, 174, 177, 185, 186, 187, 188, 189, 193, 201, 232, 239, 242, 245, 246, 256, 259, 305, 341], "summary": {"covered_lines": 47, "num_statements": 86, "percent_covered": 52.083333333333336, "percent_covered_display": "52", "missing_lines": 39, "excluded_lines": 0, "percent_statements_covered": 54.651162790697676, "percent_statements_covered_display": "55", "num_branches": 10, "num_partial_branches": 1, "covered_branches": 3, "missing_branches": 7, "percent_branches_covered": 30.0, "percent_branches_covered_display": "30"}, "missing_lines": [116, 119, 120, 121, 122, 123, 124, 125, 126, 129, 132, 133, 134, 137, 138, 139, 142, 143, 144, 145, 147, 149, 160, 165, 248, 249, 279, 286, 289, 292, 293, 294, 295, 302, 324, 330, 332, 333, 334], "excluded_lines": [], "executed_branches": [[185, 186], [185, 189], [246, 256]], "missing_branches": [[246, 248], [293, 294], [293, 302], [332, -305], [332, 333], [333, 332], [333, 334]], "functions": {"build_coherence_subgraph": {"executed_lines": [61, 64, 65, 66, 67, 68, 69, 70, 74, 77, 80, 83, 86, 89, 92, 95, 97, 99], "summary": {"covered_lines": 18, "num_statements": 18, "percent_covered": 100.0, "percent_covered_display": "100", "missing_lines": 0, "excluded_lines": 0, "percent_statements_covered": 100.0, "percent_statements_covered_display": "100", "num_branches": 0, "num_partial_branches": 0, "covered_branches": 0, "missing_branches": 0, "percent_branches_covered": 100.0, "percent_branches_covered_display": "100"}, "missing_lines": [], "excluded_lines": [], "start_line": 44, "executed_branches": [], "missing_branches": []}, "build_parallel_coherence_subgraph": {"executed_lines": [], "summary": {"covered_lines": 0, "num_statements": 22, "percent_covered": 0.0, "percent_covered_display": "0", "missing_lines": 22, "excluded_lines": 0, "percent_statements_covered": 0.0, "percent_statements_covered_display": "0", "num_branches": 0, "num_partial_branches": 0, "covered_branches": 0, "missing_branches": 0, "percent_branches_covered": 100.0, "percent_branches_covered_display": "100"}, "missing_lines": [116, 119, 120, 121, 122, 123, 124, 125, 126, 129, 132, 133, 134, 137, 138, 139, 142, 143, 144, 145, 147, 149], "excluded_lines": [], "start_line": 102, "executed_branches": [], "missing_branches": []}, "_fan_in_node": {"executed_lines": [], "summary": {"covered_lines": 0, "num_statements": 2, "percent_covered": 0.0, "percent_covered_display": "0", "missing_lines": 2, "excluded_lines": 0, "percent_statements_covered": 0.0, "percent_statements_covered_display": "0", "num_branches": 0, "num_partial_branches": 0, "covered_branches": 0, "missing_branches": 0, "percent_branches_covered": 100.0, "percent_branches_covered_display": "100"}, "missing_lines": [160, 165], "excluded_lines": [], "start_line": 152, "executed_branches": [], "missing_branches": []}, "get_coherence_subgraph": {"executed_lines": [185, 186, 187, 188, 189], "summary": {"covered_lines": 5, "num_statements": 5, "percent_covered": 100.0, "percent_covered_display": "100", "missing_lines": 0, "excluded_lines": 0, "percent_statements_covered": 100.0, "percent_statements_covered_display": "100", "num_branches": 2, "num_partial_branches": 0, "covered_branches": 2, "missing_branches": 0, "percent_branches_covered": 100.0, "percent_branches_covered_display": "100"}, "missing_lines": [], "excluded_lines": [], "start_line": 177, "executed_branches": [[185, 186], [185, 189]], "missing_branches": []}, "evaluate_coherence": {"executed_lines": [232, 239, 242, 245, 246, 256], "summary": {"covered_lines": 6, "num_statements": 8, "percent_covered": 70.0, "percent_covered_display": "70", "missing_lines": 2, "excluded_lines": 0, "percent_statements_covered": 75.0, "percent_statements_covered_display": "75", "num_branches": 2, "num_partial_branches": 1, "covered_branches": 1, "missing_branches": 1, "percent_branches_covered": 50.0, "percent_branches_covered_display": "50"}, "missing_lines": [248, 249], "excluded_lines": [], "start_line": 201, "executed_branches": [[246, 256]], "missing_branches": [[246, 248]]}, "evaluate_coherence_async": {"executed_lines": [], "summary": {"covered_lines": 0, "num_statements": 8, "percent_covered": 0.0, "percent_covered_display": "0", "missing_lines": 8, "excluded_lines": 0, "percent_statements_covered": 0.0, "percent_statements_covered_display": "0", "num_branches": 2, "num_partial_branches": 0, "covered_branches": 0, "missing_branches": 2, "percent_branches_covered": 0.0, "percent_branches_covered_display": "0"}, "missing_lines": [279, 286, 289, 292, 293, 294, 295, 302], "excluded_lines": [], "start_line": 259, "executed_branches": [], "missing_branches": [[293, 294], [293, 302]]}, "evaluate_coherence_with_streaming": {"executed_lines": [], "summary": {"covered_lines": 0, "num_statements": 5, "percent_covered": 0.0, "percent_covered_display": "0", "missing_lines": 5, "excluded_lines": 0, "percent_statements_covered": 0.0, "percent_statements_covered_display": "0", "num_branches": 4, "num_partial_branches": 0, "covered_branches": 0, "missing_branches": 4, "percent_branches_covered": 0.0, "percent_branches_covered_display": "0"}, "missing_lines": [324, 330, 332, 333, 334], "excluded_lines": [], "start_line": 305, "executed_branches": [], "missing_branches": [[332, -305], [332, 333], [333, 332], [333, 334]]}, "": {"executed_lines": [16, 18, 19, 21, 23, 24, 25, 36, 44, 102, 152, 174, 177, 193, 201, 259, 305, 341], "summary": {"covered_lines": 18, "num_statements": 18, "percent_covered": 100.0, "percent_covered_display": "100", "missing_lines": 0, "excluded_lines": 0, "percent_statements_covered": 100.0, "percent_statements_covered_display": "100", "num_branches": 0, "num_partial_branches": 0, "covered_branches": 0, "missing_branches": 0, "percent_branches_covered": 100.0, "percent_branches_covered_display": "100"}, "missing_lines": [], "excluded_lines": [], "start_line": 1, "executed_branches": [], "missing_branches": []}}, "classes": {"": {"executed_lines": [16, 18, 19, 21, 23, 24, 25, 36, 44, 61, 64, 65, 66, 67, 68, 69, 70, 74, 77, 80, 83, 86, 89, 92, 95, 97, 99, 102, 152, 174, 177, 185, 186, 187, 188, 189, 193, 201, 232, 239, 242, 245, 246, 256, 259, 305, 341], "summary": {"covered_lines": 47, "num_statements": 86, "percent_covered": 52.083333333333336, "percent_covered_display": "52", "missing_lines": 39, "excluded_lines": 0, "percent_statements_covered": 54.651162790697676, "percent_statements_covered_display": "55", "num_branches": 10, "num_partial_branches": 1, "covered_branches": 3, "missing_branches": 7, "percent_branches_covered": 30.0, "percent_branches_covered_display": "30"}, "missing_lines": [116, 119, 120, 121, 122, 123, 124, 125, 126, 129, 132, 133, 134, 137, 138, 139, 142, 143, 144, 145, 147, 149, 160, 165, 248, 249, 279, 286, 289, 292, 293, 294, 295, 302, 324, 330, 332, 333, 334], "excluded_lines": [], "start_line": 1, "executed_branches": [[185, 186], [185, 189], [246, 256]], "missing_branches": [[246, 248], [293, 294], [293, 302], [332, -305], [332, 333], [333, 332], [333, 334]]}}}, "src\\coherence\\graph\\nodes.py": {"executed_lines": [18, 20, 21, 22, 23, 25, 36, 37, 38, 39, 41, 47, 53, 61, 92, 99, 100, 101, 103, 105, 106, 107, 108, 111, 112, 113, 115, 116, 117, 122, 124, 125, 128, 130, 131, 132, 136, 137, 138, 140, 142, 143, 145, 153, 172, 173, 176, 177, 178, 179, 180, 194, 195, 196, 198, 199, 200, 203, 204, 214, 220, 223, 225, 227, 228, 229, 233, 240, 241, 242, 244, 245, 246, 247, 256, 258, 260, 263, 268, 275, 281, 282, 283, 291, 301, 314, 315, 316, 319, 321, 322, 323, 324, 325, 326, 332, 337, 348, 364, 365, 366, 414, 420, 421, 422, 432, 442, 462, 463, 464, 467, 471, 472, 474, 476, 543, 544, 545, 547, 551, 557, 563, 564, 565, 575, 585, 603, 604, 605, 629, 714, 732, 739, 740, 746, 752, 775, 789, 792, 795, 811, 815, 821, 824, 833, 835, 848, 854, 855, 856, 857, 859, 860, 862, 864, 865, 866, 867, 870, 871, 873, 874, 879, 889, 900, 902, 909], "summary": {"covered_lines": 167, "num_statements": 282, "percent_covered": 59.02061855670103, "percent_covered_display": "59", "missing_lines": 115, "excluded_lines": 0, "percent_statements_covered": 59.219858156028366, "percent_statements_covered_display": "59", "num_branches": 106, "num_partial_branches": 18, "covered_branches": 62, "missing_branches": 44, "percent_branches_covered": 58.490566037735846, "percent_branches_covered_display": "58"}, "missing_lines": [119, 129, 133, 139, 141, 187, 189, 190, 205, 210, 211, 212, 257, 259, 261, 285, 287, 288, 289, 292, 293, 327, 328, 329, 330, 372, 373, 374, 375, 377, 379, 381, 383, 384, 385, 386, 387, 388, 389, 390, 391, 394, 395, 397, 398, 399, 401, 406, 424, 425, 426, 430, 433, 434, 468, 469, 479, 484, 486, 488, 490, 491, 492, 497, 504, 538, 539, 540, 541, 567, 569, 570, 573, 576, 577, 607, 608, 610, 611, 613, 614, 615, 616, 617, 618, 619, 621, 623, 638, 639, 642, 643, 644, 646, 647, 648, 649, 650, 651, 652, 653, 654, 673, 674, 677, 678, 679, 681, 683, 684, 685, 703, 704, 706, 876], "excluded_lines": [], "executed_branches": [[105, 106], [105, 111], [106, 105], [106, 107], [107, 106], [107, 108], [112, 113], [112, 115], [115, 116], [116, 115], [116, 117], [128, 130], [130, 131], [130, 132], [132, 136], [136, 137], [136, 138], [138, 140], [140, 142], [142, 143], [142, 145], [177, 178], [177, 198], [198, 199], [198, 223], [204, 214], [225, 227], [225, 263], [228, 229], [228, 233], [240, 241], [240, 263], [244, 245], [244, 260], [245, 246], [245, 258], [246, 247], [256, 245], [258, 244], [260, 240], [283, 291], [321, 322], [321, 332], [322, 321], [322, 323], [325, 322], [325, 326], [364, 365], [422, 432], [462, 463], [462, 467], [467, 471], [565, 575], [603, 604], [855, 856], [855, 859], [862, 864], [862, 900], [865, 866], [865, 870], [866, 867], [873, 874]], "missing_branches": [[115, 119], [128, 129], [132, 133], [138, 139], [140, 141], [189, 190], [189, 198], [204, 205], [246, 245], [256, 257], [258, 259], [260, 261], [283, 285], [364, 372], [383, 384], [383, 394], [386, 383], [386, 387], [422, 424], [467, 468], [490, 491], [490, 497], [565, 567], [603, 607], [610, 611], [610, 621], [614, 610], [614, 615], [642, 643], [642, 677], [646, 647], [646, 677], [650, 651], [650, 677], [652, 653], [652, 677], [677, 678], [677, 706], [681, 683], [681, 706], [684, 685], [684, 706], [866, 865], [873, 876]], "functions": {"infer_category": {"executed_lines": [99, 100, 101, 103, 105, 106, 107, 108, 111, 112, 113, 115, 116, 117], "summary": {"covered_lines": 14, "num_statements": 15, "percent_covered": 92.5925925925926, "percent_covered_display": "93", "missing_lines": 1, "excluded_lines": 0, "percent_statements_covered": 93.33333333333333, "percent_statements_covered_display": "93", "num_branches": 12, "num_partial_branches": 1, "covered_branches": 11, "missing_branches": 1, "percent_branches_covered": 91.66666666666667, "percent_branches_covered_display": "92"}, "missing_lines": [119], "excluded_lines": [], "start_line": 92, "executed_branches": [[105, 106], [105, 111], [106, 105], [106, 107], [107, 106], [107, 108], [112, 113], [112, 115], [115, 116], [116, 115], [116, 117]], "missing_branches": [[115, 119]]}, "infer_document_type": {"executed_lines": [124, 125, 128, 130, 131, 132, 136, 137, 138, 140, 142, 143, 145], "summary": {"covered_lines": 13, "num_statements": 17, "percent_covered": 74.19354838709677, "percent_covered_display": "74", "missing_lines": 4, "excluded_lines": 0, "percent_statements_covered": 76.47058823529412, "percent_statements_covered_display": "76", "num_branches": 14, "num_partial_branches": 4, "covered_branches": 10, "missing_branches": 4, "percent_branches_covered": 71.42857142857143, "percent_branches_covered_display": "71"}, "missing_lines": [129, 133, 139, 141], "excluded_lines": [], "start_line": 122, "executed_branches": [[128, 130], [130, 131], [130, 132], [132, 136], [136, 137], [136, 138], [138, 140], [140, 142], [142, 143], [142, 145]], "missing_branches": [[128, 129], [132, 133], [138, 139], [140, 141]]}, "prepare_context_async": {"executed_lines": [172, 173, 176, 177, 178, 179, 180, 194, 195, 196, 198, 199, 200, 203, 204, 214, 220, 223, 225, 227, 228, 229, 233, 240, 241, 242, 244, 245, 246, 247, 256, 258, 260, 263, 268], "summary": {"covered_lines": 35, "num_statements": 45, "percent_covered": 76.05633802816901, "percent_covered_display": "76", "missing_lines": 10, "excluded_lines": 0, "percent_statements_covered": 77.77777777777777, "percent_statements_covered_display": "78", "num_branches": 26, "num_partial_branches": 5, "covered_branches": 19, "missing_branches": 7, "percent_branches_covered": 73.07692307692308, "percent_branches_covered_display": "73"}, "missing_lines": [187, 189, 190, 205, 210, 211, 212, 257, 259, 261], "excluded_lines": [], "start_line": 153, "executed_branches": [[177, 178], [177, 198], [198, 199], [198, 223], [204, 214], [225, 227], [225, 263], [228, 229], [228, 233], [240, 241], [240, 263], [244, 245], [244, 260], [245, 246], [245, 258], [246, 247], [256, 245], [258, 244], [260, 240]], "missing_branches": [[189, 190], [189, 198], [204, 205], [246, 245], [256, 257], [258, 259], [260, 261]]}, "prepare_context": {"executed_lines": [281, 282, 283, 291], "summary": {"covered_lines": 4, "num_statements": 10, "percent_covered": 41.666666666666664, "percent_covered_display": "42", "missing_lines": 6, "excluded_lines": 0, "percent_statements_covered": 40.0, "percent_statements_covered_display": "40", "num_branches": 2, "num_partial_branches": 1, "covered_branches": 1, "missing_branches": 1, "percent_branches_covered": 50.0, "percent_branches_covered_display": "50"}, "missing_lines": [285, 287, 288, 289, 292, 293], "excluded_lines": [], "start_line": 275, "executed_branches": [[283, 291]], "missing_branches": [[283, 285]]}, "deterministic_evaluate": {"executed_lines": [314, 315, 316, 319, 321, 322, 323, 324, 325, 326, 332, 337], "summary": {"covered_lines": 12, "num_statements": 16, "percent_covered": 81.81818181818181, "percent_covered_display": "82", "missing_lines": 4, "excluded_lines": 0, "percent_statements_covered": 75.0, "percent_statements_covered_display": "75", "num_branches": 6, "num_partial_branches": 0, "covered_branches": 6, "missing_branches": 0, "percent_branches_covered": 100.0, "percent_branches_covered_display": "100"}, "missing_lines": [327, 328, 329, 330], "excluded_lines": [], "start_line": 301, "executed_branches": [[321, 322], [321, 332], [322, 321], [322, 323], [325, 322], [325, 326]], "missing_branches": []}, "llm_semantic_evaluate_async": {"executed_lines": [364, 365, 366], "summary": {"covered_lines": 3, "num_statements": 26, "percent_covered": 12.5, "percent_covered_display": "12", "missing_lines": 23, "excluded_lines": 0, "percent_statements_covered": 11.538461538461538, "percent_statements_covered_display": "12", "num_branches": 6, "num_partial_branches": 1, "covered_branches": 1, "missing_branches": 5, "percent_branches_covered": 16.666666666666668, "percent_branches_covered_display": "17"}, "missing_lines": [372, 373, 374, 375, 377, 379, 381, 383, 384, 385, 386, 387, 388, 389, 390, 391, 394, 395, 397, 398, 399, 401, 406], "excluded_lines": [], "start_line": 348, "executed_branches": [[364, 365]], "missing_branches": [[364, 372], [383, 384], [383, 394], [386, 383], [386, 387]]}, "llm_semantic_evaluate": {"executed_lines": [420, 421, 422, 432], "summary": {"covered_lines": 4, "num_statements": 10, "percent_covered": 41.666666666666664, "percent_covered_display": "42", "missing_lines": 6, "excluded_lines": 0, "percent_statements_covered": 40.0, "percent_statements_covered_display": "40", "num_branches": 2, "num_partial_branches": 1, "covered_branches": 1, "missing_branches": 1, "percent_branches_covered": 50.0, "percent_branches_covered_display": "50"}, "missing_lines": [424, 425, 426, 430, 433, 434], "excluded_lines": [], "start_line": 414, "executed_branches": [[422, 432]], "missing_branches": [[422, 424]]}, "rag_similarity_check_async": {"executed_lines": [462, 463, 464, 467, 471, 472, 474, 476, 543, 544, 545, 547, 551], "summary": {"covered_lines": 13, "num_statements": 28, "percent_covered": 47.05882352941177, "percent_covered_display": "47", "missing_lines": 15, "excluded_lines": 0, "percent_statements_covered": 46.42857142857143, "percent_statements_covered_display": "46", "num_branches": 6, "num_partial_branches": 1, "covered_branches": 3, "missing_branches": 3, "percent_branches_covered": 50.0, "percent_branches_covered_display": "50"}, "missing_lines": [468, 469, 479, 484, 486, 488, 490, 491, 492, 497, 504, 538, 539, 540, 541], "excluded_lines": [], "start_line": 442, "executed_branches": [[462, 463], [462, 467], [467, 471]], "missing_branches": [[467, 468], [490, 491], [490, 497]]}, "rag_similarity_check": {"executed_lines": [563, 564, 565, 575], "summary": {"covered_lines": 4, "num_statements": 10, "percent_covered": 41.666666666666664, "percent_covered_display": "42", "missing_lines": 6, "excluded_lines": 0, "percent_statements_covered": 40.0, "percent_statements_covered_display": "40", "num_branches": 2, "num_partial_branches": 1, "covered_branches": 1, "missing_branches": 1, "percent_branches_covered": 50.0, "percent_branches_covered_display": "50"}, "missing_lines": [567, 569, 570, 573, 576, 577], "excluded_lines": [], "start_line": 557, "executed_branches": [[565, 575]], "missing_branches": [[565, 567]]}, "cross_clause_eval": {"executed_lines": [603, 604, 605], "summary": {"covered_lines": 3, "num_statements": 16, "percent_covered": 18.181818181818183, "percent_covered_display": "18", "missing_lines": 13, "excluded_lines": 0, "percent_statements_covered": 18.75, "percent_statements_covered_display": "19", "num_branches": 6, "num_partial_branches": 1, "covered_branches": 1, "missing_branches": 5, "percent_branches_covered": 16.666666666666668, "percent_branches_covered_display": "17"}, "missing_lines": [607, 608, 610, 611, 613, 614, 615, 616, 617, 618, 619, 621, 623], "excluded_lines": [], "start_line": 585, "executed_branches": [[603, 604]], "missing_branches": [[603, 607], [610, 611], [610, 621], [614, 610], [614, 615]]}, "_check_cross_clause_heuristic": {"executed_lines": [], "summary": {"covered_lines": 0, "num_statements": 26, "percent_covered": 0.0, "percent_covered_display": "0", "missing_lines": 26, "excluded_lines": 0, "percent_statements_covered": 0.0, "percent_statements_covered_display": "0", "num_branches": 14, "num_partial_branches": 0, "covered_branches": 0, "missing_branches": 14, "percent_branches_covered": 0.0, "percent_branches_covered_display": "0"}, "missing_lines": [638, 639, 642, 643, 644, 646, 647, 648, 649, 650, 651, 652, 653, 654, 673, 674, 677, 678, 679, 681, 683, 684, 685, 703, 704, 706], "excluded_lines": [], "start_line": 629, "executed_branches": [], "missing_branches": [[642, 643], [642, 677], [646, 647], [646, 677], [650, 651], [650, 677], [652, 653], [652, 677], [677, 678], [677, 706], [681, 683], [681, 706], [684, 685], [684, 706]]}, "scoring_arbiter": {"executed_lines": [732, 739, 740, 746, 752], "summary": {"covered_lines": 5, "num_statements": 5, "percent_covered": 100.0, "percent_covered_display": "100", "missing_lines": 0, "excluded_lines": 0, "percent_statements_covered": 100.0, "percent_statements_covered_display": "100", "num_branches": 0, "num_partial_branches": 0, "covered_branches": 0, "missing_branches": 0, "percent_branches_covered": 100.0, "percent_branches_covered_display": "100"}, "missing_lines": [], "excluded_lines": [], "start_line": 714, "executed_branches": [], "missing_branches": []}, "format_output": {"executed_lines": [789, 792, 795, 811, 815], "summary": {"covered_lines": 5, "num_statements": 5, "percent_covered": 100.0, "percent_covered_display": "100", "missing_lines": 0, "excluded_lines": 0, "percent_statements_covered": 100.0, "percent_statements_covered_display": "100", "num_branches": 0, "num_partial_branches": 0, "covered_branches": 0, "missing_branches": 0, "percent_branches_covered": 100.0, "percent_branches_covered_display": "100"}, "missing_lines": [], "excluded_lines": [], "start_line": 775, "executed_branches": [], "missing_branches": []}, "_signal_to_alert": {"executed_lines": [824, 833, 835], "summary": {"covered_lines": 3, "num_statements": 3, "percent_covered": 100.0, "percent_covered_display": "100", "missing_lines": 0, "excluded_lines": 0, "percent_statements_covered": 100.0, "percent_statements_covered_display": "100", "num_branches": 0, "num_partial_branches": 0, "covered_branches": 0, "missing_branches": 0, "percent_branches_covered": 100.0, "percent_branches_covered_display": "100"}, "missing_lines": [], "excluded_lines": [], "start_line": 821, "executed_branches": [], "missing_branches": []}, "_build_category_breakdown": {"executed_lines": [854, 855, 856, 857, 859, 860, 862, 864, 865, 866, 867, 870, 871, 873, 874, 879, 889, 900, 902], "summary": {"covered_lines": 19, "num_statements": 20, "percent_covered": 90.0, "percent_covered_display": "90", "missing_lines": 1, "excluded_lines": 0, "percent_statements_covered": 95.0, "percent_statements_covered_display": "95", "num_branches": 10, "num_partial_branches": 2, "covered_branches": 8, "missing_branches": 2, "percent_branches_covered": 80.0, "percent_branches_covered_display": "80"}, "missing_lines": [876], "excluded_lines": [], "start_line": 848, "executed_branches": [[855, 856], [855, 859], [862, 864], [862, 900], [865, 866], [865, 870], [866, 867], [873, 874]], "missing_branches": [[866, 865], [873, 876]]}, "": {"executed_lines": [18, 20, 21, 22, 23, 25, 36, 37, 38, 39, 41, 47, 53, 61, 92, 122, 153, 275, 301, 348, 414, 442, 557, 585, 629, 714, 775, 821, 848, 909], "summary": {"covered_lines": 30, "num_statements": 30, "percent_covered": 100.0, "percent_covered_display": "100", "missing_lines": 0, "excluded_lines": 0, "percent_statements_covered": 100.0, "percent_statements_covered_display": "100", "num_branches": 0, "num_partial_branches": 0, "covered_branches": 0, "missing_branches": 0, "percent_branches_covered": 100.0, "percent_branches_covered_display": "100"}, "missing_lines": [], "excluded_lines": [], "start_line": 1, "executed_branches": [], "missing_branches": []}}, "classes": {"": {"executed_lines": [18, 20, 21, 22, 23, 25, 36, 37, 38, 39, 41, 47, 53, 61, 92, 99, 100, 101, 103, 105, 106, 107, 108, 111, 112, 113, 115, 116, 117, 122, 124, 125, 128, 130, 131, 132, 136, 137, 138, 140, 142, 143, 145, 153, 172, 173, 176, 177, 178, 179, 180, 194, 195, 196, 198, 199, 200, 203, 204, 214, 220, 223, 225, 227, 228, 229, 233, 240, 241, 242, 244, 245, 246, 247, 256, 258, 260, 263, 268, 275, 281, 282, 283, 291, 301, 314, 315, 316, 319, 321, 322, 323, 324, 325, 326, 332, 337, 348, 364, 365, 366, 414, 420, 421, 422, 432, 442, 462, 463, 464, 467, 471, 472, 474, 476, 543, 544, 545, 547, 551, 557, 563, 564, 565, 575, 585, 603, 604, 605, 629, 714, 732, 739, 740, 746, 752, 775, 789, 792, 795, 811, 815, 821, 824, 833, 835, 848, 854, 855, 856, 857, 859, 860, 862, 864, 865, 866, 867, 870, 871, 873, 874, 879, 889, 900, 902, 909], "summary": {"covered_lines": 167, "num_statements": 282, "percent_covered": 59.02061855670103, "percent_covered_display": "59", "missing_lines": 115, "excluded_lines": 0, "percent_statements_covered": 59.219858156028366, "percent_statements_covered_display": "59", "num_branches": 106, "num_partial_branches": 18, "covered_branches": 62, "missing_branches": 44, "percent_branches_covered": 58.490566037735846, "percent_branches_covered_display": "58"}, "missing_lines": [119, 129, 133, 139, 141, 187, 189, 190, 205, 210, 211, 212, 257, 259, 261, 285, 287, 288, 289, 292, 293, 327, 328, 329, 330, 372, 373, 374, 375, 377, 379, 381, 383, 384, 385, 386, 387, 388, 389, 390, 391, 394, 395, 397, 398, 399, 401, 406, 424, 425, 426, 430, 433, 434, 468, 469, 479, 484, 486, 488, 490, 491, 492, 497, 504, 538, 539, 540, 541, 567, 569, 570, 573, 576, 577, 607, 608, 610, 611, 613, 614, 615, 616, 617, 618, 619, 621, 623, 638, 639, 642, 643, 644, 646, 647, 648, 649, 650, 651, 652, 653, 654, 673, 674, 677, 678, 679, 681, 683, 684, 685, 703, 704, 706, 876], "excluded_lines": [], "start_line": 1, "executed_branches": [[105, 106], [105, 111], [106, 105], [106, 107], [107, 106], [107, 108], [112, 113], [112, 115], [115, 116], [116, 115], [116, 117], [128, 130], [130, 131], [130, 132], [132, 136], [136, 137], [136, 138], [138, 140], [140, 142], [142, 143], [142, 145], [177, 178], [177, 198], [198, 199], [198, 223], [204, 214], [225, 227], [225, 263], [228, 229], [228, 233], [240, 241], [240, 263], [244, 245], [244, 260], [245, 246], [245, 258], [246, 247], [256, 245], [258, 244], [260, 240], [283, 291], [321, 322], [321, 332], [322, 321], [322, 323], [325, 322], [325, 326], [364, 365], [422, 432], [462, 463], [462, 467], [467, 471], [565, 575], [603, 604], [855, 856], [855, 859], [862, 864], [862, 900], [865, 866], [865, 870], [866, 867], [873, 874]], "missing_branches": [[115, 119], [128, 129], [132, 133], [138, 139], [140, 141], [189, 190], [189, 198], [204, 205], [246, 245], [256, 257], [258, 259], [260, 261], [283, 285], [364, 372], [383, 384], [383, 394], [386, 383], [386, 387], [422, 424], [467, 468], [490, 491], [490, 497], [565, 567], [603, 607], [610, 611], [610, 621], [614, 610], [614, 615], [642, 643], [642, 677], [646, 647], [646, 677], [650, 651], [650, 677], [652, 653], [652, 677], [677, 678], [677, 706], [681, 683], [681, 706], [684, 685], [684, 706], [866, 865], [873, 876]]}}}, "src\\coherence\\graph\\prompts.py": {"executed_lines": [14, 20, 46, 89, 132, 187, 270, 313, 349, 384, 397], "summary": {"covered_lines": 11, "num_statements": 29, "percent_covered": 31.428571428571427, "percent_covered_display": "31", "missing_lines": 18, "excluded_lines": 0, "percent_statements_covered": 37.93103448275862, "percent_statements_covered_display": "38", "num_branches": 6, "num_partial_branches": 0, "covered_branches": 0, "missing_branches": 6, "percent_branches_covered": 0.0, "percent_branches_covered_display": "0"}, "missing_lines": [296, 297, 298, 299, 301, 331, 332, 333, 334, 336, 341, 373, 394, 407, 409, 410, 411, 413], "excluded_lines": [], "executed_branches": [], "missing_branches": [[297, 298], [297, 301], [332, 333], [332, 336], [410, 411], [410, 413]], "functions": {"build_evaluation_prompt": {"executed_lines": [], "summary": {"covered_lines": 0, "num_statements": 5, "percent_covered": 0.0, "percent_covered_display": "0", "missing_lines": 5, "excluded_lines": 0, "percent_statements_covered": 0.0, "percent_statements_covered_display": "0", "num_branches": 2, "num_partial_branches": 0, "covered_branches": 0, "missing_branches": 2, "percent_branches_covered": 0.0, "percent_branches_covered_display": "0"}, "missing_lines": [296, 297, 298, 299, 301], "excluded_lines": [], "start_line": 270, "executed_branches": [], "missing_branches": [[297, 298], [297, 301]]}, "build_batch_prompt": {"executed_lines": [], "summary": {"covered_lines": 0, "num_statements": 6, "percent_covered": 0.0, "percent_covered_display": "0", "missing_lines": 6, "excluded_lines": 0, "percent_statements_covered": 0.0, "percent_statements_covered_display": "0", "num_branches": 2, "num_partial_branches": 0, "covered_branches": 0, "missing_branches": 2, "percent_branches_covered": 0.0, "percent_branches_covered_display": "0"}, "missing_lines": [331, 332, 333, 334, 336, 341], "excluded_lines": [], "start_line": 313, "executed_branches": [], "missing_branches": [[332, 333], [332, 336]]}, "build_cross_clause_prompt": {"executed_lines": [], "summary": {"covered_lines": 0, "num_statements": 1, "percent_covered": 0.0, "percent_covered_display": "0", "missing_lines": 1, "excluded_lines": 0, "percent_statements_covered": 0.0, "percent_statements_covered_display": "0", "num_branches": 0, "num_partial_branches": 0, "covered_branches": 0, "missing_branches": 0, "percent_branches_covered": 100.0, "percent_branches_covered_display": "100"}, "missing_lines": [373], "excluded_lines": [], "start_line": 349, "executed_branches": [], "missing_branches": []}, "get_few_shot_example": {"executed_lines": [], "summary": {"covered_lines": 0, "num_statements": 1, "percent_covered": 0.0, "percent_covered_display": "0", "missing_lines": 1, "excluded_lines": 0, "percent_statements_covered": 0.0, "percent_statements_covered_display": "0", "num_branches": 0, "num_partial_branches": 0, "covered_branches": 0, "missing_branches": 0, "percent_branches_covered": 100.0, "percent_branches_covered_display": "100"}, "missing_lines": [394], "excluded_lines": [], "start_line": 384, "executed_branches": [], "missing_branches": []}, "format_few_shot_for_prompt": {"executed_lines": [], "summary": {"covered_lines": 0, "num_statements": 5, "percent_covered": 0.0, "percent_covered_display": "0", "missing_lines": 5, "excluded_lines": 0, "percent_statements_covered": 0.0, "percent_statements_covered_display": "0", "num_branches": 2, "num_partial_branches": 0, "covered_branches": 0, "missing_branches": 2, "percent_branches_covered": 0.0, "percent_branches_covered_display": "0"}, "missing_lines": [407, 409, 410, 411, 413], "excluded_lines": [], "start_line": 397, "executed_branches": [], "missing_branches": [[410, 411], [410, 413]]}, "": {"executed_lines": [14, 20, 46, 89, 132, 187, 270, 313, 349, 384, 397], "summary": {"covered_lines": 11, "num_statements": 11, "percent_covered": 100.0, "percent_covered_display": "100", "missing_lines": 0, "excluded_lines": 0, "percent_statements_covered": 100.0, "percent_statements_covered_display": "100", "num_branches": 0, "num_partial_branches": 0, "covered_branches": 0, "missing_branches": 0, "percent_branches_covered": 100.0, "percent_branches_covered_display": "100"}, "missing_lines": [], "excluded_lines": [], "start_line": 1, "executed_branches": [], "missing_branches": []}}, "classes": {"": {"executed_lines": [14, 20, 46, 89, 132, 187, 270, 313, 349, 384, 397], "summary": {"covered_lines": 11, "num_statements": 29, "percent_covered": 31.428571428571427, "percent_covered_display": "31", "missing_lines": 18, "excluded_lines": 0, "percent_statements_covered": 37.93103448275862, "percent_statements_covered_display": "38", "num_branches": 6, "num_partial_branches": 0, "covered_branches": 0, "missing_branches": 6, "percent_branches_covered": 0.0, "percent_branches_covered_display": "0"}, "missing_lines": [296, 297, 298, 299, 301, 331, 332, 333, 334, 336, 341, 373, 394, 407, 409, 410, 411, 413], "excluded_lines": [], "start_line": 1, "executed_branches": [], "missing_branches": [[297, 298], [297, 301], [332, 333], [332, 336], [410, 411], [410, 413]]}}}, "src\\coherence\\graph\\state.py": {"executed_lines": [14, 16, 17, 18, 20, 34, 35, 49, 50, 51, 52, 54, 55, 57, 59, 60, 64, 65, 69, 79, 80, 94, 95, 96, 97, 105, 106, 116, 117, 118, 119, 120, 121, 122, 123, 124, 132, 133, 171, 172, 173, 176, 177, 180, 183, 186, 191, 192, 193, 196, 197, 200, 201, 202, 204, 205, 209, 210, 218, 229, 230, 237], "summary": {"covered_lines": 62, "num_statements": 68, "percent_covered": 91.17647058823529, "percent_covered_display": "91", "missing_lines": 6, "excluded_lines": 0, "percent_statements_covered": 91.17647058823529, "percent_statements_covered_display": "91", "num_branches": 0, "num_partial_branches": 0, "covered_branches": 0, "missing_branches": 0, "percent_branches_covered": 100.0, "percent_branches_covered_display": "100"}, "missing_lines": [62, 67, 71, 207, 212, 220], "excluded_lines": [], "executed_branches": [], "missing_branches": [], "functions": {"ClauseWithEmbedding.clause_id": {"executed_lines": [57], "summary": {"covered_lines": 1, "num_statements": 1, "percent_covered": 100.0, "percent_covered_display": "100", "missing_lines": 0, "excluded_lines": 0, "percent_statements_covered": 100.0, "percent_statements_covered_display": "100", "num_branches": 0, "num_partial_branches": 0, "covered_branches": 0, "missing_branches": 0, "percent_branches_covered": 100.0, "percent_branches_covered_display": "100"}, "missing_lines": [], "excluded_lines": [], "start_line": 55, "executed_branches": [], "missing_branches": []}, "ClauseWithEmbedding.text": {"executed_lines": [], "summary": {"covered_lines": 0, "num_statements": 1, "percent_covered": 0.0, "percent_covered_display": "0", "missing_lines": 1, "excluded_lines": 0, "percent_statements_covered": 0.0, "percent_statements_covered_display": "0", "num_branches": 0, "num_partial_branches": 0, "covered_branches": 0, "missing_branches": 0, "percent_branches_covered": 100.0, "percent_branches_covered_display": "100"}, "missing_lines": [62], "excluded_lines": [], "start_line": 60, "executed_branches": [], "missing_branches": []}, "ClauseWithEmbedding.data": {"executed_lines": [], "summary": {"covered_lines": 0, "num_statements": 1, "percent_covered": 0.0, "percent_covered_display": "0", "missing_lines": 1, "excluded_lines": 0, "percent_statements_covered": 0.0, "percent_statements_covered_display": "0", "num_branches": 0, "num_partial_branches": 0, "covered_branches": 0, "missing_branches": 0, "percent_branches_covered": 100.0, "percent_branches_covered_display": "100"}, "missing_lines": [67], "excluded_lines": [], "start_line": 65, "executed_branches": [], "missing_branches": []}, "ClauseWithEmbedding.has_embedding": {"executed_lines": [], "summary": {"covered_lines": 0, "num_statements": 1, "percent_covered": 0.0, "percent_covered_display": "0", "missing_lines": 1, "excluded_lines": 0, "percent_statements_covered": 0.0, "percent_statements_covered_display": "0", "num_branches": 0, "num_partial_branches": 0, "covered_branches": 0, "missing_branches": 0, "percent_branches_covered": 100.0, "percent_branches_covered_display": "100"}, "missing_lines": [71], "excluded_lines": [], "start_line": 69, "executed_branches": [], "missing_branches": []}, "CoherenceGraphState.num_clauses": {"executed_lines": [], "summary": {"covered_lines": 0, "num_statements": 1, "percent_covered": 0.0, "percent_covered_display": "0", "missing_lines": 1, "excluded_lines": 0, "percent_statements_covered": 0.0, "percent_statements_covered_display": "0", "num_branches": 0, "num_partial_branches": 0, "covered_branches": 0, "missing_branches": 0, "percent_branches_covered": 100.0, "percent_branches_covered_display": "100"}, "missing_lines": [207], "excluded_lines": [], "start_line": 205, "executed_branches": [], "missing_branches": []}, "CoherenceGraphState.total_findings": {"executed_lines": [], "summary": {"covered_lines": 0, "num_statements": 1, "percent_covered": 0.0, "percent_covered_display": "0", "missing_lines": 1, "excluded_lines": 0, "percent_statements_covered": 0.0, "percent_statements_covered_display": "0", "num_branches": 0, "num_partial_branches": 0, "covered_branches": 0, "missing_branches": 0, "percent_branches_covered": 100.0, "percent_branches_covered_display": "100"}, "missing_lines": [212], "excluded_lines": [], "start_line": 210, "executed_branches": [], "missing_branches": []}, "CoherenceGraphState.has_errors": {"executed_lines": [], "summary": {"covered_lines": 0, "num_statements": 1, "percent_covered": 0.0, "percent_covered_display": "0", "missing_lines": 1, "excluded_lines": 0, "percent_statements_covered": 0.0, "percent_statements_covered_display": "0", "num_branches": 0, "num_partial_branches": 0, "covered_branches": 0, "missing_branches": 0, "percent_branches_covered": 100.0, "percent_branches_covered_display": "100"}, "missing_lines": [220], "excluded_lines": [], "start_line": 218, "executed_branches": [], "missing_branches": []}, "": {"executed_lines": [14, 16, 17, 18, 20, 34, 35, 49, 50, 51, 52, 54, 55, 59, 60, 64, 65, 69, 79, 80, 94, 95, 96, 97, 105, 106, 116, 117, 118, 119, 120, 121, 122, 123, 124, 132, 133, 171, 172, 173, 176, 177, 180, 183, 186, 191, 192, 193, 196, 197, 200, 201, 202, 204, 205, 209, 210, 218, 229, 230, 237], "summary": {"covered_lines": 61, "num_statements": 61, "percent_covered": 100.0, "percent_covered_display": "100", "missing_lines": 0, "excluded_lines": 0, "percent_statements_covered": 100.0, "percent_statements_covered_display": "100", "num_branches": 0, "num_partial_branches": 0, "covered_branches": 0, "missing_branches": 0, "percent_branches_covered": 100.0, "percent_branches_covered_display": "100"}, "missing_lines": [], "excluded_lines": [], "start_line": 1, "executed_branches": [], "missing_branches": []}}, "classes": {"ClauseWithEmbedding": {"executed_lines": [57], "summary": {"covered_lines": 1, "num_statements": 4, "percent_covered": 25.0, "percent_covered_display": "25", "missing_lines": 3, "excluded_lines": 0, "percent_statements_covered": 25.0, "percent_statements_covered_display": "25", "num_branches": 0, "num_partial_branches": 0, "covered_branches": 0, "missing_branches": 0, "percent_branches_covered": 100.0, "percent_branches_covered_display": "100"}, "missing_lines": [62, 67, 71], "excluded_lines": [], "start_line": 35, "executed_branches": [], "missing_branches": []}, "CrossClausePair": {"executed_lines": [], "summary": {"covered_lines": 0, "num_statements": 0, "percent_covered": 100.0, "percent_covered_display": "100", "missing_lines": 0, "excluded_lines": 0, "percent_statements_covered": 100.0, "percent_statements_covered_display": "100", "num_branches": 0, "num_partial_branches": 0, "covered_branches": 0, "missing_branches": 0, "percent_branches_covered": 100.0, "percent_branches_covered_display": "100"}, "missing_lines": [], "excluded_lines": [], "start_line": 80, "executed_branches": [], "missing_branches": []}, "EvaluationConfig": {"executed_lines": [], "summary": {"covered_lines": 0, "num_statements": 0, "percent_covered": 100.0, "percent_covered_display": "100", "missing_lines": 0, "excluded_lines": 0, "percent_statements_covered": 100.0, "percent_statements_covered_display": "100", "num_branches": 0, "num_partial_branches": 0, "covered_branches": 0, "missing_branches": 0, "percent_branches_covered": 100.0, "percent_branches_covered_display": "100"}, "missing_lines": [], "excluded_lines": [], "start_line": 106, "executed_branches": [], "missing_branches": []}, "CoherenceGraphState": {"executed_lines": [], "summary": {"covered_lines": 0, "num_statements": 3, "percent_covered": 0.0, "percent_covered_display": "0", "missing_lines": 3, "excluded_lines": 0, "percent_statements_covered": 0.0, "percent_statements_covered_display": "0", "num_branches": 0, "num_partial_branches": 0, "covered_branches": 0, "missing_branches": 0, "percent_branches_covered": 100.0, "percent_branches_covered_display": "100"}, "missing_lines": [207, 212, 220], "excluded_lines": [], "start_line": 133, "executed_branches": [], "missing_branches": []}, "": {"executed_lines": [14, 16, 17, 18, 20, 34, 35, 49, 50, 51, 52, 54, 55, 59, 60, 64, 65, 69, 79, 80, 94, 95, 96, 97, 105, 106, 116, 117, 118, 119, 120, 121, 122, 123, 124, 132, 133, 171, 172, 173, 176, 177, 180, 183, 186, 191, 192, 193, 196, 197, 200, 201, 202, 204, 205, 209, 210, 218, 229, 230, 237], "summary": {"covered_lines": 61, "num_statements": 61, "percent_covered": 100.0, "percent_covered_display": "100", "missing_lines": 0, "excluded_lines": 0, "percent_statements_covered": 100.0, "percent_statements_covered_display": "100", "num_branches": 0, "num_partial_branches": 0, "covered_branches": 0, "missing_branches": 0, "percent_branches_covered": 100.0, "percent_branches_covered_display": "100"}, "missing_lines": [], "excluded_lines": [], "start_line": 1, "executed_branches": [], "missing_branches": []}}}}, "totals": {"covered_lines": 292, "num_statements": 470, "percent_covered": 60.304054054054056, "percent_covered_display": "60", "missing_lines": 178, "excluded_lines": 0, "percent_statements_covered": 62.12765957446808, "percent_statements_covered_display": "62", "num_branches": 122, "num_partial_branches": 19, "covered_branches": 65, "missing_branches": 57, "percent_branches_covered": 53.278688524590166, "percent_branches_covered_display": "53"}}