<?xml version="1.0" encoding="utf-8"?><testsuites><testsuite name="pytest" errors="0" failures="0" skipped="0" tests="12" time="75.099" timestamp="2026-03-28T23:07:40.093651" hostname="LAPTOP-D7QA8EC8"><testcase classname="tests.e2e.security.test_multi_tenant_isolation" name="test_001_tenant_a_cannot_read_tenant_b_project" time="6.061" /><testcase classname="tests.e2e.security.test_multi_tenant_isolation" name="test_002_tenant_b_cannot_read_tenant_a_project" time="5.404" /><testcase classname="tests.e2e.security.test_multi_tenant_isolation" name="test_003_tenant_a_cannot_update_tenant_b_project" time="4.021" /><testcase classname="tests.e2e.security.test_multi_tenant_isolation" name="test_004_tenant_a_cannot_delete_tenant_b_project" time="4.509" /><testcase classname="tests.e2e.security.test_multi_tenant_isolation" name="test_005_list_projects_filtered_by_tenant" time="6.843" /><testcase classname="tests.e2e.security.test_multi_tenant_isolation" name="test_006_invalid_tenant_id_in_jwt_rejected" time="5.738" /><testcase classname="tests.e2e.security.test_multi_tenant_isolation" name="test_007_missing_tenant_id_in_jwt_rejected" time="4.629" /><testcase classname="tests.e2e.security.test_multi_tenant_isolation" name="test_008_concurrent_requests_tenant_isolation" time="9.494" /><testcase classname="tests.e2e.security.test_multi_tenant_isolation" name="test_009_inactive_tenant_access_denied" time="5.871" /><testcase classname="tests.e2e.security.test_multi_tenant_isolation" name="test_010_rls_context_set_and_reset" time="6.872" /><testcase classname="tests.e2e.security.test_multi_tenant_isolation" name="test_011_rls_guc_contract_is_available" time="5.511" /><testcase classname="tests.e2e.security.test_multi_tenant_isolation" name="test_edge_001_cross_tenant_user_id_blocked" time="5.866" /></testsuite></testsuites>