<?xml version="1.0" encoding="utf-8"?><testsuites><testsuite name="pytest" errors="0" failures="0" skipped="0" tests="149" time="115.554" timestamp="2026-03-28T23:40:21.342782" hostname="LAPTOP-D7QA8EC8"><testcase classname="tests.e2e.security.test_multi_tenant_isolation" name="test_001_tenant_a_cannot_read_tenant_b_project" time="5.139" /><testcase classname="tests.e2e.security.test_multi_tenant_isolation" name="test_002_tenant_b_cannot_read_tenant_a_project" time="2.885" /><testcase classname="tests.e2e.security.test_multi_tenant_isolation" name="test_003_tenant_a_cannot_update_tenant_b_project" time="3.767" /><testcase classname="tests.e2e.security.test_multi_tenant_isolation" name="test_004_tenant_a_cannot_delete_tenant_b_project" time="4.586" /><testcase classname="tests.e2e.security.test_multi_tenant_isolation" name="test_005_list_projects_filtered_by_tenant" time="3.852" /><testcase classname="tests.e2e.security.test_multi_tenant_isolation" name="test_006_invalid_tenant_id_in_jwt_rejected" time="3.139" /><testcase classname="tests.e2e.security.test_multi_tenant_isolation" name="test_007_missing_tenant_id_in_jwt_rejected" time="2.357" /><testcase classname="tests.e2e.security.test_multi_tenant_isolation" name="test_008_concurrent_requests_tenant_isolation" time="5.407" /><testcase classname="tests.e2e.security.test_multi_tenant_isolation" name="test_009_inactive_tenant_access_denied" time="3.133" /><testcase classname="tests.e2e.security.test_multi_tenant_isolation" name="test_010_rls_context_set_and_reset" time="2.842" /><testcase classname="tests.e2e.security.test_multi_tenant_isolation" name="test_011_rls_guc_contract_is_available" time="3.040" /><testcase classname="tests.e2e.security.test_multi_tenant_isolation" name="test_edge_001_cross_tenant_user_id_blocked" time="5.018" /><testcase classname="tests.auth.test_auth_service.TestPasswordHashing" name="test_hash_password_does_not_emit_bcrypt_backend_warning" time="1.258" /><testcase classname="tests.auth.test_auth_service.TestPasswordHashing" name="test_hash_password_returns_different_hash_each_time" time="1.620" /><testcase classname="tests.auth.test_auth_service.TestPasswordHashing" name="test_hash_password_creates_bcrypt_hash" time="0.380" /><testcase classname="tests.auth.test_auth_service.TestPasswordHashing" name="test_verify_password_with_correct_password" time="0.921" /><testcase classname="tests.auth.test_auth_service.TestPasswordHashing" name="test_verify_password_with_incorrect_password" time="0.873" /><testcase classname="tests.auth.test_auth_service.TestPasswordHashing" name="test_verify_password_case_sensitive" time="1.643" /><testcase classname="tests.auth.test_auth_service.TestPasswordHashing" name="test_hash_empty_password" time="1.165" /><testcase classname="tests.auth.test_auth_service.TestJWTTokens" name="test_create_access_token_contains_required_claims" time="0.003" /><testcase classname="tests.auth.test_auth_service.TestJWTTokens" name="test_create_access_token_with_custom_expiry" time="0.002" /><testcase classname="tests.auth.test_auth_service.TestJWTTokens" name="test_create_refresh_token_structure" time="0.002" /><testcase classname="tests.auth.test_auth_service.TestJWTTokens" name="test_decode_token_with_valid_token" time="0.002" /><testcase classname="tests.auth.test_auth_service.TestJWTTokens" name="test_decode_token_with_invalid_signature" time="0.003" /><testcase classname="tests.auth.test_auth_service.TestJWTTokens" name="test_decode_token_with_expired_token" time="0.002" /><testcase classname="tests.auth.test_auth_service.TestJWTTokens" name="test_decode_token_with_malformed_token" time="0.001" /><testcase classname="tests.auth.test_auth_service.TestJWTTokens" name="test_decode_token_with_missing_claims" time="0.001" /><testcase classname="tests.auth.test_auth_service.TestHelperFunctions" name="test_generate_tenant_slug_basic" time="0.001" /><testcase classname="tests.auth.test_auth_service.TestHelperFunctions" name="test_generate_tenant_slug_removes_special_characters" time="0.002" /><testcase classname="tests.auth.test_auth_service.TestHelperFunctions" name="test_generate_tenant_slug_handles_multiple_spaces" time="0.002" /><testcase classname="tests.auth.test_auth_service.TestHelperFunctions" name="test_generate_tenant_slug_uniqueness" time="0.002" /><testcase classname="tests.auth.test_auth_service.TestHelperFunctions" name="test_generate_tenant_slug_with_unicode" time="0.002" /><testcase classname="tests.auth.test_auth_service.TestHelperFunctions" name="test_get_user_by_email_existing_user" time="1.468" /><testcase classname="tests.auth.test_auth_service.TestHelperFunctions" name="test_get_user_by_email_non_existing" time="1.187" /><testcase classname="tests.auth.test_auth_service.TestHelperFunctions" name="test_get_user_by_email_case_sensitivity" time="1.899" /><testcase classname="tests.auth.test_auth_service.TestHelperFunctions" name="test_get_user_by_email_uses_bootstrap_lookup_to_seed_tenant_context" time="0.008" /><testcase classname="tests.auth.test_auth_service.TestHelperFunctions" name="test_get_user_by_email_returns_none_when_bootstrap_lookup_misses" time="0.007" /><testcase classname="tests.auth.test_auth_service.TestHelperFunctions" name="test_get_user_by_id_existing_user" time="2.296" /><testcase classname="tests.auth.test_auth_service.TestHelperFunctions" name="test_get_user_by_id_non_existing" time="1.392" /><testcase classname="tests.auth.test_auth_service.TestAuthServiceRegistration" name="test_register_creates_user_and_tenant" time="2.351" /><testcase classname="tests.auth.test_auth_service.TestAuthServiceRegistration" name="test_register_hashes_password" time="1.932" /><testcase classname="tests.auth.test_auth_service.TestAuthServiceRegistration" name="test_register_with_duplicate_email" time="1.635" /><testcase classname="tests.auth.test_auth_service.TestAuthServiceRegistration" name="test_register_sets_correct_defaults" time="1.866" /><testcase classname="tests.auth.test_auth_service.TestAuthServiceRegistration" name="test_register_generates_valid_tokens" time="2.290" /><testcase classname="tests.auth.test_auth_service.TestAuthServiceRegistration" name="test_register_updates_last_login" time="3.005" /><testcase classname="tests.auth.test_auth_service.TestAuthServiceLogin" name="test_login_with_valid_credentials" time="2.354" /><testcase classname="tests.auth.test_auth_service.TestAuthServiceLogin" name="test_login_with_invalid_email" time="1.198" /><testcase classname="tests.auth.test_auth_service.TestAuthServiceLogin" name="test_login_with_wrong_password" time="2.555" /><testcase classname="tests.auth.test_auth_service.TestAuthServiceLogin" name="test_login_with_inactive_user" time="2.265" /><testcase classname="tests.auth.test_auth_service.TestAuthServiceLogin" name="test_login_with_inactive_tenant" time="1.837" /><testcase classname="tests.auth.test_auth_service.TestAuthServiceLogin" name="test_login_updates_last_login" time="1.947" /><testcase classname="tests.auth.test_auth_service.TestAuthServiceLogin" name="test_login_generates_valid_tokens" time="2.428" /><testcase classname="tests.auth.test_auth_service.TestAuthServiceOtherMethods" name="test_get_current_user_valid" time="2.124" /><testcase classname="tests.auth.test_auth_service.TestAuthServiceOtherMethods" name="test_get_current_user_non_existent" time="1.773" /><testcase classname="tests.auth.test_auth_service.TestAuthServiceOtherMethods" name="test_get_current_user_inactive" time="1.707" /><testcase classname="tests.auth.test_auth_service.TestAuthServiceOtherMethods" name="test_get_current_user_updates_last_activity" time="1.596" /><testcase classname="tests.auth.test_auth_service.TestAuthServiceOtherMethods" name="test_refresh_access_token_valid" time="1.578" /><testcase classname="tests.auth.test_auth_service.TestAuthServiceOtherMethods" name="test_refresh_access_token_with_access_token" time="2.492" /><testcase classname="tests.auth.test_auth_service.TestAuthServiceOtherMethods" name="test_refresh_access_token_invalid_token" time="1.227" /><testcase classname="tests.auth.test_auth_service.TestAuthServiceOtherMethods" name="test_refresh_access_token_expired" time="2.942" /><testcase classname="tests.auth.test_auth_service.TestAuthServiceOtherMethods" name="test_refresh_access_token_inactive_user" time="2.349" /><testcase classname="tests.core.auth.test_jwt_validator.TestJwtValidation" name="test_expired_token_raises_401" time="0.005" /><testcase classname="tests.core.auth.test_jwt_validator.TestTenantMiddlewareHeaderExtraction" name="test_jwt_tenant_id_is_injected_into_request_context" time="0.020" /><testcase classname="tests.auth.test_auth_dependencies" name="test_provision_clerk_user_uses_bootstrap_org_lookup" time="1.269" /><testcase classname="tests.auth.test_auth_dependencies" name="test_provision_clerk_user_uses_bootstrap_personal_tenant_lookup" time="1.979" /><testcase classname="tests.auth.test_auth_dependencies" name="test_provision_clerk_user_uses_bootstrap_user_lookup_before_reassignment" time="1.332" /><testcase classname="tests.auth.test_auth_dependencies" name="test_try_clerk_jwt_returns_claims_when_verification_succeeds" time="0.006" /><testcase classname="tests.auth.test_auth_dependencies" name="test_try_clerk_jwt_returns_none_when_verification_fails" time="0.006" /><testcase classname="tests.auth.test_auth_dependencies" name="test_try_local_jwt_returns_payload_for_valid_token" time="0.007" /><testcase classname="tests.auth.test_auth_dependencies" name="test_try_local_jwt_returns_none_for_invalid_token" time="0.006" /><testcase classname="tests.auth.test_auth_dependencies" name="test_try_local_jwt_raises_http_401_for_expired_token" time="0.007" /><testcase classname="tests.auth.test_auth_dependencies" name="test_get_current_user_returns_user_from_valid_local_jwt" time="0.011" /><testcase classname="tests.auth.test_auth_dependencies" name="test_get_current_user_rejects_local_jwt_missing_claims" time="0.011" /><testcase classname="tests.auth.test_auth_dependencies" name="test_get_current_user_rejects_unknown_tenant_from_local_jwt" time="0.011" /><testcase classname="tests.auth.test_auth_dependencies" name="test_get_current_user_rejects_inactive_tenant_from_local_jwt" time="0.013" /><testcase classname="tests.auth.test_auth_dependencies" name="test_get_current_user_rejects_inactive_user_from_local_jwt" time="0.013" /><testcase classname="tests.auth.test_auth_dependencies" name="test_get_current_user_rejects_clerk_claims_without_subject" time="0.011" /><testcase classname="tests.auth.test_auth_dependencies" name="test_get_current_user_maps_bootstrap_policy_block_to_http_401" time="0.012" /><testcase classname="tests.auth.test_auth_dependencies" name="test_bootstrap_fallback_mode_blocks_production" time="0.002" /><testcase classname="tests.auth.test_auth_dependencies" name="test_bootstrap_fallback_mode_allows_test_environment" time="0.002" /><testcase classname="tests.auth.test_auth_dependencies" name="test_bootstrap_ci_guard_blocks_orm_fallback_in_production" time="0.006" /><testcase classname="tests.auth.test_auth_dependencies" name="test_bootstrap_sql_path_emits_resolution_telemetry" time="0.015" /><testcase classname="tests.auth.test_auth_dependencies" name="test_orm_fallback_path_emits_resolution_telemetry_when_allowed" time="0.016" /><testcase classname="tests.core.test_middleware.TestTenantIsolationMiddleware" name="test_public_path_bypass_health" time="0.015" /><testcase classname="tests.core.test_middleware.TestTenantIsolationMiddleware" name="test_public_path_bypass_docs" time="0.013" /><testcase classname="tests.core.test_middleware.TestTenantIsolationMiddleware" name="test_protected_path_without_token" time="0.013" /><testcase classname="tests.core.test_middleware.TestTenantIsolationMiddleware" name="test_protected_path_with_malformed_auth_header" time="0.013" /><testcase classname="tests.core.test_middleware.TestTenantIsolationMiddleware" name="test_protected_path_with_invalid_token" time="0.014" /><testcase classname="tests.core.test_middleware.TestTenantIsolationMiddleware" name="test_protected_path_with_valid_token" time="0.015" /><testcase classname="tests.core.test_middleware.TestTenantIsolationMiddleware" name="test_extract_tenant_id_from_jwt" time="0.006" /><testcase classname="tests.core.test_middleware.TestTenantIsolationMiddleware" name="test_extract_tenant_id_missing_claim" time="0.005" /><testcase classname="tests.core.test_middleware.TestTenantIsolationMiddleware" name="test_extract_tenant_id_invalid_token_type" time="0.006" /><testcase classname="tests.core.test_middleware.TestTenantIsolationMiddleware" name="test_extract_user_id_from_jwt" time="0.006" /><testcase classname="tests.core.test_middleware.TestTenantIsolationMiddleware" name="test_is_public_path_detection" time="0.004" /><testcase classname="tests.core.test_middleware.TestTenantIsolationMiddleware" name="test_middleware_binds_to_logging_context" time="0.022" /><testcase classname="tests.core.test_middleware.TestTenantIsolationMiddleware" name="test_inactive_tenant_is_blocked" time="0.025" /><testcase classname="tests.core.test_middleware.TestTenantIsolationMiddleware" name="test_auth_bootstrap_policy_block_returns_reason_code" time="0.018" /><testcase classname="tests.core.test_middleware.TestTenantIsolationMiddleware" name="test_get_tenant_for_clerk_user_uses_bootstrap_lookup" time="0.012" /><testcase classname="tests.core.test_middleware.TestRequestLoggingMiddleware" name="test_generates_request_id" time="0.013" /><testcase classname="tests.core.test_middleware.TestRequestLoggingMiddleware" name="test_uses_provided_request_id_header" time="0.016" /><testcase classname="tests.core.test_middleware.TestRequestLoggingMiddleware" name="test_adds_request_id_to_response_headers" time="0.014" /><testcase classname="tests.core.test_middleware.TestRequestLoggingMiddleware" name="test_logs_request_start" time="0.015" /><testcase classname="tests.core.test_middleware.TestRequestLoggingMiddleware" name="test_logs_request_completion_success" time="0.016" /><testcase classname="tests.core.test_middleware.TestRequestLoggingMiddleware" name="test_logs_request_completion_error_status" time="0.017" /><testcase classname="tests.core.test_middleware.TestRequestLoggingMiddleware" name="test_get_client_ip_from_x_forwarded_for" time="0.005" /><testcase classname="tests.core.test_middleware.TestRequestLoggingMiddleware" name="test_get_client_ip_from_x_real_ip" time="0.006" /><testcase classname="tests.core.test_middleware.TestRequestLoggingMiddleware" name="test_get_client_ip_from_direct_connection" time="0.007" /><testcase classname="tests.core.test_middleware.TestRequestLoggingMiddleware" name="test_get_client_ip_unknown" time="0.007" /><testcase classname="tests.core.test_middleware.TestRateLimitMiddleware" name="test_allows_request_within_limit" time="0.082" /><testcase classname="tests.core.test_middleware.TestRateLimitMiddleware" name="test_blocks_request_exceeding_limit" time="0.070" /><testcase classname="tests.core.test_middleware.TestRateLimitMiddleware" name="test_bypasses_health_check_endpoint" time="0.942" /><testcase classname="tests.core.test_middleware.TestRateLimitMiddleware" name="test_get_client_identifier_uses_tenant_id" time="0.005" /><testcase classname="tests.core.test_middleware.TestRateLimitMiddleware" name="test_get_client_identifier_falls_back_to_ip" time="0.005" /><testcase classname="tests.core.test_middleware.TestRateLimitMiddleware" name="test_rate_limit_cleanup_old_entries" time="0.003" /><testcase classname="tests.core.test_middleware.TestRateLimitMiddleware" name="test_different_rate_limits_for_ai_endpoints" time="0.004" /><testcase classname="tests.core.test_middleware.TestSecurityDependencies" name="test_get_current_tenant_id_success" time="0.008" /><testcase classname="tests.core.test_middleware.TestSecurityDependencies" name="test_get_current_tenant_id_missing" time="0.007" /><testcase classname="tests.core.test_middleware.TestSecurityDependencies" name="test_get_current_user_id_success" time="0.008" /><testcase classname="tests.core.test_middleware.TestSecurityDependencies" name="test_get_current_user_id_missing" time="0.010" /><testcase classname="tests.core.test_middleware.TestSecurityDependencies" name="test_get_optional_user_id_present" time="0.010" /><testcase classname="tests.core.test_middleware.TestSecurityDependencies" name="test_get_optional_user_id_missing" time="0.010" /><testcase classname="tests.core.test_middleware.TestPermissions" name="test_verify_project_access_same_tenant" time="0.006" /><testcase classname="tests.core.test_middleware.TestPermissions" name="test_verify_project_access_different_tenant" time="0.009" /><testcase classname="tests.core.test_middleware.TestPermissions" name="test_verify_document_access_same_tenant" time="0.006" /><testcase classname="tests.core.test_middleware.TestPermissions" name="test_verify_document_access_different_tenant" time="0.007" /><testcase classname="tests.core.test_middleware.TestPermissions" name="test_verify_project_access_logs_unauthorized_attempt" time="0.012" /><testcase classname="tests.core.test_tenants" name="test_core_tenants_getattr_imports_service_module" time="0.003" /><testcase classname="tests.core.test_tenants" name="test_core_tenants_getattr_rejects_unknown_attribute" time="0.003" /><testcase classname="tests.core.test_tenants" name="test_core_tenants_router_exports_apirouter" time="0.003" /><testcase classname="tests.core.test_tenants" name="test_core_tenants_schema_accepts_empty_payload" time="0.004" /><testcase classname="tests.core.test_tenants" name="test_core_tenant_service_placeholder_is_instantiable" time="0.002" /><testcase classname="tests.core.test_tenants" name="test_core_tenants_get_tenant_by_id_returns_scalar_result" time="0.009" /><testcase classname="tests.core.test_clerk_auth_and_rate_limiter" name="test_clerk_user_properties_and_roles" time="0.002" /><testcase classname="tests.core.test_clerk_auth_and_rate_limiter" name="test_extract_clerk_claims_rejects_missing_authorization_header" time="0.009" /><testcase classname="tests.core.test_clerk_auth_and_rate_limiter" name="test_get_clerk_user_requires_authenticated_subject" time="0.008" /><testcase classname="tests.core.test_clerk_auth_and_rate_limiter" name="test_require_organization_rejects_users_without_org" time="0.007" /><testcase classname="tests.core.test_clerk_auth_and_rate_limiter" name="test_require_tenant_rejects_missing_tenant_mapping" time="0.007" /><testcase classname="tests.core.test_clerk_auth_and_rate_limiter" name="test_require_admin_rejects_non_admin_users" time="0.006" /><testcase classname="tests.core.test_clerk_auth_and_rate_limiter" name="test_get_current_tenant_id_rejects_invalid_uuid" time="0.009" /><testcase classname="tests.core.test_clerk_auth_and_rate_limiter" name="test_get_clerk_jwks_returns_none_when_not_configured" time="0.003" /><testcase classname="tests.core.test_clerk_auth_and_rate_limiter" name="test_get_clerk_jwks_returns_none_when_circuit_open" time="0.004" /><testcase classname="tests.core.test_clerk_auth_and_rate_limiter" name="test_get_clerk_jwks_records_success_on_fetch" time="0.003" /><testcase classname="tests.core.test_clerk_auth_and_rate_limiter" name="test_verify_clerk_token_rejects_empty_token" time="0.006" /><testcase classname="tests.core.test_clerk_auth_and_rate_limiter" name="test_verify_clerk_token_rejects_missing_kid" time="0.008" /><testcase classname="tests.core.test_clerk_auth_and_rate_limiter" name="test_verify_clerk_token_maps_invalid_jwt_errors" time="0.009" /><testcase classname="tests.core.test_clerk_auth_and_rate_limiter" name="test_rate_limiter_build_redis_returns_none_when_url_missing" time="0.003" /><testcase classname="tests.core.test_clerk_auth_and_rate_limiter" name="test_rate_limiter_extract_ids_decodes_bearer_token" time="0.003" /><testcase classname="tests.core.test_clerk_auth_and_rate_limiter" name="test_rate_limiter_extract_ids_ignores_invalid_uuid_claims" time="0.002" /><testcase classname="tests.core.test_clerk_auth_and_rate_limiter" name="test_rate_limiter_increment_counters_returns_none_on_redis_error" time="0.019" /></testsuite></testsuites>